The target system is: Linux - 1 - 
The host system is: Linux - 4.18.0-zen1-1-zen - x86_64
Compiling the C compiler identification source file "CMakeCCompilerId.c" succeeded.
Compiler: /home/user/-f2fs/oe/build.OE-Generic.x86_64-9.0-devel/toolchain/bin/host-gcc 
Build flags: -O2;-I/home/user/-f2fs/oe/build.OE-Generic.x86_64-9.0-devel/toolchain/include;-fdiagnostics-color=always;-Wno-format-security;-fPIC;-DPIC
Id flags:  

The output was:
0


Compilation of the C compiler identification source "CMakeCCompilerId.c" produced "a.out"

The C compiler identification is GNU, found in "/home/user/-f2fs/oe/build.OE-Generic.x86_64-9.0-devel/zstd-1.3.5/.x86_64-pc-linux-gnu/CMakeFiles/3.12.1/CompilerIdC/a.out"

Compiling the CXX compiler identification source file "CMakeCXXCompilerId.cpp" succeeded.
Compiler: /home/user/-f2fs/oe/build.OE-Generic.x86_64-9.0-devel/toolchain/bin/host-g++ 
Build flags: -O2;-I/home/user/-f2fs/oe/build.OE-Generic.x86_64-9.0-devel/toolchain/include;-fdiagnostics-color=always;-Wno-format-security;-fPIC;-DPIC
Id flags:  

The output was:
0


Compilation of the CXX compiler identification source "CMakeCXXCompilerId.cpp" produced "a.out"

The CXX compiler identification is GNU, found in "/home/user/-f2fs/oe/build.OE-Generic.x86_64-9.0-devel/zstd-1.3.5/.x86_64-pc-linux-gnu/CMakeFiles/3.12.1/CompilerIdCXX/a.out"

Determining if the C compiler works passed with the following output:
Change Dir: /home/user/-f2fs/oe/build.OE-Generic.x86_64-9.0-devel/zstd-1.3.5/.x86_64-pc-linux-gnu/CMakeFiles/CMakeTmp

Run Build Command:"/home/user/-f2fs/oe/build.OE-Generic.x86_64-9.0-devel/toolchain/bin/gmake" "cmTC_ff673/fast"
/home/user/-f2fs/oe/build.OE-Generic.x86_64-9.0-devel/toolchain/bin/gmake -f CMakeFiles/cmTC_ff673.dir/build.make CMakeFiles/cmTC_ff673.dir/build
gmake[1]: Entering directory '/home/user/-f2fs/oe/build.OE-Generic.x86_64-9.0-devel/zstd-1.3.5/.x86_64-pc-linux-gnu/CMakeFiles/CMakeTmp'
Building C object CMakeFiles/cmTC_ff673.dir/testCCompiler.c.o
/home/user/-f2fs/oe/build.OE-Generic.x86_64-9.0-devel/toolchain/bin/host-gcc   -O2 -I/home/user/-f2fs/oe/build.OE-Generic.x86_64-9.0-devel/toolchain/include -fdiagnostics-color=always -Wno-format-security -fPIC -DPIC    -o CMakeFiles/cmTC_ff673.dir/testCCompiler.c.o   -c /home/user/-f2fs/oe/build.OE-Generic.x86_64-9.0-devel/zstd-1.3.5/.x86_64-pc-linux-gnu/CMakeFiles/CMakeTmp/testCCompiler.c
Linking C executable cmTC_ff673
/home/user/-f2fs/oe/build.OE-Generic.x86_64-9.0-devel/toolchain/bin/cmake -E cmake_link_script CMakeFiles/cmTC_ff673.dir/link.txt --verbose=1
/home/user/-f2fs/oe/build.OE-Generic.x86_64-9.0-devel/toolchain/bin/host-gcc -O2 -I/home/user/-f2fs/oe/build.OE-Generic.x86_64-9.0-devel/toolchain/include -fdiagnostics-color=always -Wno-format-security -fPIC -DPIC   -Wl,-rpath,/home/user/-f2fs/oe/build.OE-Generic.x86_64-9.0-devel/toolchain/lib -L/home/user/-f2fs/oe/build.OE-Generic.x86_64-9.0-devel/toolchain/lib -fPIC  -rdynamic CMakeFiles/cmTC_ff673.dir/testCCompiler.c.o  -o cmTC_ff673 
gmake[1]: Leaving directory '/home/user/-f2fs/oe/build.OE-Generic.x86_64-9.0-devel/zstd-1.3.5/.x86_64-pc-linux-gnu/CMakeFiles/CMakeTmp'


Detecting C compiler ABI info compiled with the following output:
Change Dir: /home/user/-f2fs/oe/build.OE-Generic.x86_64-9.0-devel/zstd-1.3.5/.x86_64-pc-linux-gnu/CMakeFiles/CMakeTmp

Run Build Command:"/home/user/-f2fs/oe/build.OE-Generic.x86_64-9.0-devel/toolchain/bin/gmake" "cmTC_58e3c/fast"
/home/user/-f2fs/oe/build.OE-Generic.x86_64-9.0-devel/toolchain/bin/gmake -f CMakeFiles/cmTC_58e3c.dir/build.make CMakeFiles/cmTC_58e3c.dir/build
gmake[1]: Entering directory '/home/user/-f2fs/oe/build.OE-Generic.x86_64-9.0-devel/zstd-1.3.5/.x86_64-pc-linux-gnu/CMakeFiles/CMakeTmp'
Building C object CMakeFiles/cmTC_58e3c.dir/CMakeCCompilerABI.c.o
/home/user/-f2fs/oe/build.OE-Generic.x86_64-9.0-devel/toolchain/bin/host-gcc   -O2 -I/home/user/-f2fs/oe/build.OE-Generic.x86_64-9.0-devel/toolchain/include -fdiagnostics-color=always -Wno-format-security -fPIC -DPIC    -o CMakeFiles/cmTC_58e3c.dir/CMakeCCompilerABI.c.o   -c /home/user/-f2fs/oe/build.OE-Generic.x86_64-9.0-devel/toolchain/share/cmake-3.12/Modules/CMakeCCompilerABI.c
Linking C executable cmTC_58e3c
/home/user/-f2fs/oe/build.OE-Generic.x86_64-9.0-devel/toolchain/bin/cmake -E cmake_link_script CMakeFiles/cmTC_58e3c.dir/link.txt --verbose=1
/home/user/-f2fs/oe/build.OE-Generic.x86_64-9.0-devel/toolchain/bin/host-gcc -O2 -I/home/user/-f2fs/oe/build.OE-Generic.x86_64-9.0-devel/toolchain/include -fdiagnostics-color=always -Wno-format-security -fPIC -DPIC   -Wl,-rpath,/home/user/-f2fs/oe/build.OE-Generic.x86_64-9.0-devel/toolchain/lib -L/home/user/-f2fs/oe/build.OE-Generic.x86_64-9.0-devel/toolchain/lib -fPIC -v -rdynamic CMakeFiles/cmTC_58e3c.dir/CMakeCCompilerABI.c.o  -o cmTC_58e3c 
Using built-in specs.
COLLECT_GCC=/bin/gcc
COLLECT_LTO_WRAPPER=/usr/lib/gcc/x86_64-pc-linux-gnu/8.2.0/lto-wrapper
Target: x86_64-pc-linux-gnu
Configured with: /build/gcc/src/gcc/configure --prefix=/usr --libdir=/usr/lib --libexecdir=/usr/lib --mandir=/usr/share/man --infodir=/usr/share/info --with-bugurl=https://bugs.archlinux.org/ --enable-languages=c,c++,ada,fortran,go,lto,objc,obj-c++ --enable-shared --enable-threads=posix --enable-libmpx --with-system-zlib --with-isl --enable-__cxa_atexit --disable-libunwind-exceptions --enable-clocale=gnu --disable-libstdcxx-pch --disable-libssp --enable-gnu-unique-object --enable-linker-build-id --enable-lto --enable-plugin --enable-install-libiberty --with-linker-hash-style=gnu --enable-gnu-indirect-function --enable-multilib --disable-werror --enable-checking=release --enable-default-pie --enable-default-ssp --enable-cet=auto
Thread model: posix
gcc version 8.2.0 (GCC) 
COMPILER_PATH=/usr/lib/gcc/x86_64-pc-linux-gnu/8.2.0/:/usr/lib/gcc/x86_64-pc-linux-gnu/8.2.0/:/usr/lib/gcc/x86_64-pc-linux-gnu/:/usr/lib/gcc/x86_64-pc-linux-gnu/8.2.0/:/usr/lib/gcc/x86_64-pc-linux-gnu/
LIBRARY_PATH=/usr/lib/gcc/x86_64-pc-linux-gnu/8.2.0/:/usr/lib/gcc/x86_64-pc-linux-gnu/8.2.0/../../../../lib/:/lib/../lib/:/usr/lib/../lib/:/usr/lib/gcc/x86_64-pc-linux-gnu/8.2.0/../../../:/lib/:/usr/lib/
COLLECT_GCC_OPTIONS='-fdiagnostics-color=always' '-O2' '-I' '/home/user/-f2fs/oe/build.OE-Generic.x86_64-9.0-devel/toolchain/include' '-Wno-format-security' '-D' 'PIC' '-L/home/user/-f2fs/oe/build.OE-Generic.x86_64-9.0-devel/toolchain/lib' '-fPIC' '-v' '-rdynamic' '-o' 'cmTC_58e3c' '-mtune=generic' '-march=x86-64'
 /usr/lib/gcc/x86_64-pc-linux-gnu/8.2.0/collect2 -plugin /usr/lib/gcc/x86_64-pc-linux-gnu/8.2.0/liblto_plugin.so -plugin-opt=/usr/lib/gcc/x86_64-pc-linux-gnu/8.2.0/lto-wrapper -plugin-opt=-fresolution=/tmp/ccW3ZXtd.res -plugin-opt=-pass-through=-lgcc -plugin-opt=-pass-through=-lgcc_s -plugin-opt=-pass-through=-lc -plugin-opt=-pass-through=-lgcc -plugin-opt=-pass-through=-lgcc_s --build-id --eh-frame-hdr --hash-style=gnu -m elf_x86_64 -export-dynamic -dynamic-linker /lib64/ld-linux-x86-64.so.2 -pie -o cmTC_58e3c /usr/lib/gcc/x86_64-pc-linux-gnu/8.2.0/../../../../lib/Scrt1.o /usr/lib/gcc/x86_64-pc-linux-gnu/8.2.0/../../../../lib/crti.o /usr/lib/gcc/x86_64-pc-linux-gnu/8.2.0/crtbeginS.o -L/home/user/-f2fs/oe/build.OE-Generic.x86_64-9.0-devel/toolchain/lib -L/usr/lib/gcc/x86_64-pc-linux-gnu/8.2.0 -L/usr/lib/gcc/x86_64-pc-linux-gnu/8.2.0/../../../../lib -L/lib/../lib -L/usr/lib/../lib -L/usr/lib/gcc/x86_64-pc-linux-gnu/8.2.0/../../.. -rpath /home/user/-f2fs/oe/build.OE-Generic.x86_64-9.0-devel/toolchain/lib CMakeFiles/cmTC_58e3c.dir/CMakeCCompilerABI.c.o -lgcc --as-needed -lgcc_s --no-as-needed -lc -lgcc --as-needed -lgcc_s --no-as-needed /usr/lib/gcc/x86_64-pc-linux-gnu/8.2.0/crtendS.o /usr/lib/gcc/x86_64-pc-linux-gnu/8.2.0/../../../../lib/crtn.o
COLLECT_GCC_OPTIONS='-fdiagnostics-color=always' '-O2' '-I' '/home/user/-f2fs/oe/build.OE-Generic.x86_64-9.0-devel/toolchain/include' '-Wno-format-security' '-D' 'PIC' '-L/home/user/-f2fs/oe/build.OE-Generic.x86_64-9.0-devel/toolchain/lib' '-fPIC' '-v' '-rdynamic' '-o' 'cmTC_58e3c' '-mtune=generic' '-march=x86-64'
gmake[1]: Leaving directory '/home/user/-f2fs/oe/build.OE-Generic.x86_64-9.0-devel/zstd-1.3.5/.x86_64-pc-linux-gnu/CMakeFiles/CMakeTmp'


Parsed C implicit link information from above output:
  link line regex: [^( *|.*[/\])(CMAKE_LINKER-NOTFOUND|CMAKE_LINK_STARTFILE-NOTFOUND|([^/\]+-)?ld|collect2)[^/\]*( |$)]
  ignore line: [Change Dir: /home/user/-f2fs/oe/build.OE-Generic.x86_64-9.0-devel/zstd-1.3.5/.x86_64-pc-linux-gnu/CMakeFiles/CMakeTmp]
  ignore line: []
  ignore line: [Run Build Command:"/home/user/-f2fs/oe/build.OE-Generic.x86_64-9.0-devel/toolchain/bin/gmake" "cmTC_58e3c/fast"]
  ignore line: [/home/user/-f2fs/oe/build.OE-Generic.x86_64-9.0-devel/toolchain/bin/gmake -f CMakeFiles/cmTC_58e3c.dir/build.make CMakeFiles/cmTC_58e3c.dir/build]
  ignore line: [gmake[1]: Entering directory '/home/user/-f2fs/oe/build.OE-Generic.x86_64-9.0-devel/zstd-1.3.5/.x86_64-pc-linux-gnu/CMakeFiles/CMakeTmp']
  ignore line: [Building C object CMakeFiles/cmTC_58e3c.dir/CMakeCCompilerABI.c.o]
  ignore line: [/home/user/-f2fs/oe/build.OE-Generic.x86_64-9.0-devel/toolchain/bin/host-gcc   -O2 -I/home/user/-f2fs/oe/build.OE-Generic.x86_64-9.0-devel/toolchain/include -fdiagnostics-color=always -Wno-format-security -fPIC -DPIC    -o CMakeFiles/cmTC_58e3c.dir/CMakeCCompilerABI.c.o   -c /home/user/-f2fs/oe/build.OE-Generic.x86_64-9.0-devel/toolchain/share/cmake-3.12/Modules/CMakeCCompilerABI.c]
  ignore line: [Linking C executable cmTC_58e3c]
  ignore line: [/home/user/-f2fs/oe/build.OE-Generic.x86_64-9.0-devel/toolchain/bin/cmake -E cmake_link_script CMakeFiles/cmTC_58e3c.dir/link.txt --verbose=1]
  ignore line: [/home/user/-f2fs/oe/build.OE-Generic.x86_64-9.0-devel/toolchain/bin/host-gcc -O2 -I/home/user/-f2fs/oe/build.OE-Generic.x86_64-9.0-devel/toolchain/include -fdiagnostics-color=always -Wno-format-security -fPIC -DPIC   -Wl,-rpath,/home/user/-f2fs/oe/build.OE-Generic.x86_64-9.0-devel/toolchain/lib -L/home/user/-f2fs/oe/build.OE-Generic.x86_64-9.0-devel/toolchain/lib -fPIC -v -rdynamic CMakeFiles/cmTC_58e3c.dir/CMakeCCompilerABI.c.o  -o cmTC_58e3c ]
  ignore line: [Using built-in specs.]
  ignore line: [COLLECT_GCC=/bin/gcc]
  ignore line: [COLLECT_LTO_WRAPPER=/usr/lib/gcc/x86_64-pc-linux-gnu/8.2.0/lto-wrapper]
  ignore line: [Target: x86_64-pc-linux-gnu]
  ignore line: [Configured with: /build/gcc/src/gcc/configure --prefix=/usr --libdir=/usr/lib --libexecdir=/usr/lib --mandir=/usr/share/man --infodir=/usr/share/info --with-bugurl=https://bugs.archlinux.org/ --enable-languages=c,c++,ada,fortran,go,lto,objc,obj-c++ --enable-shared --enable-threads=posix --enable-libmpx --with-system-zlib --with-isl --enable-__cxa_atexit --disable-libunwind-exceptions --enable-clocale=gnu --disable-libstdcxx-pch --disable-libssp --enable-gnu-unique-object --enable-linker-build-id --enable-lto --enable-plugin --enable-install-libiberty --with-linker-hash-style=gnu --enable-gnu-indirect-function --enable-multilib --disable-werror --enable-checking=release --enable-default-pie --enable-default-ssp --enable-cet=auto]
  ignore line: [Thread model: posix]
  ignore line: [gcc version 8.2.0 (GCC) ]
  ignore line: [COMPILER_PATH=/usr/lib/gcc/x86_64-pc-linux-gnu/8.2.0/:/usr/lib/gcc/x86_64-pc-linux-gnu/8.2.0/:/usr/lib/gcc/x86_64-pc-linux-gnu/:/usr/lib/gcc/x86_64-pc-linux-gnu/8.2.0/:/usr/lib/gcc/x86_64-pc-linux-gnu/]
  ignore line: [LIBRARY_PATH=/usr/lib/gcc/x86_64-pc-linux-gnu/8.2.0/:/usr/lib/gcc/x86_64-pc-linux-gnu/8.2.0/../../../../lib/:/lib/../lib/:/usr/lib/../lib/:/usr/lib/gcc/x86_64-pc-linux-gnu/8.2.0/../../../:/lib/:/usr/lib/]
  ignore line: [COLLECT_GCC_OPTIONS='-fdiagnostics-color=always' '-O2' '-I' '/home/user/-f2fs/oe/build.OE-Generic.x86_64-9.0-devel/toolchain/include' '-Wno-format-security' '-D' 'PIC' '-L/home/user/-f2fs/oe/build.OE-Generic.x86_64-9.0-devel/toolchain/lib' '-fPIC' '-v' '-rdynamic' '-o' 'cmTC_58e3c' '-mtune=generic' '-march=x86-64']
  link line: [ /usr/lib/gcc/x86_64-pc-linux-gnu/8.2.0/collect2 -plugin /usr/lib/gcc/x86_64-pc-linux-gnu/8.2.0/liblto_plugin.so -plugin-opt=/usr/lib/gcc/x86_64-pc-linux-gnu/8.2.0/lto-wrapper -plugin-opt=-fresolution=/tmp/ccW3ZXtd.res -plugin-opt=-pass-through=-lgcc -plugin-opt=-pass-through=-lgcc_s -plugin-opt=-pass-through=-lc -plugin-opt=-pass-through=-lgcc -plugin-opt=-pass-through=-lgcc_s --build-id --eh-frame-hdr --hash-style=gnu -m elf_x86_64 -export-dynamic -dynamic-linker /lib64/ld-linux-x86-64.so.2 -pie -o cmTC_58e3c /usr/lib/gcc/x86_64-pc-linux-gnu/8.2.0/../../../../lib/Scrt1.o /usr/lib/gcc/x86_64-pc-linux-gnu/8.2.0/../../../../lib/crti.o /usr/lib/gcc/x86_64-pc-linux-gnu/8.2.0/crtbeginS.o -L/home/user/-f2fs/oe/build.OE-Generic.x86_64-9.0-devel/toolchain/lib -L/usr/lib/gcc/x86_64-pc-linux-gnu/8.2.0 -L/usr/lib/gcc/x86_64-pc-linux-gnu/8.2.0/../../../../lib -L/lib/../lib -L/usr/lib/../lib -L/usr/lib/gcc/x86_64-pc-linux-gnu/8.2.0/../../.. -rpath /home/user/-f2fs/oe/build.OE-Generic.x86_64-9.0-devel/toolchain/lib CMakeFiles/cmTC_58e3c.dir/CMakeCCompilerABI.c.o -lgcc --as-needed -lgcc_s --no-as-needed -lc -lgcc --as-needed -lgcc_s --no-as-needed /usr/lib/gcc/x86_64-pc-linux-gnu/8.2.0/crtendS.o /usr/lib/gcc/x86_64-pc-linux-gnu/8.2.0/../../../../lib/crtn.o]
    arg [/usr/lib/gcc/x86_64-pc-linux-gnu/8.2.0/collect2] ==> ignore
    arg [-plugin] ==> ignore
    arg [/usr/lib/gcc/x86_64-pc-linux-gnu/8.2.0/liblto_plugin.so] ==> ignore
    arg [-plugin-opt=/usr/lib/gcc/x86_64-pc-linux-gnu/8.2.0/lto-wrapper] ==> ignore
    arg [-plugin-opt=-fresolution=/tmp/ccW3ZXtd.res] ==> ignore
    arg [-plugin-opt=-pass-through=-lgcc] ==> ignore
    arg [-plugin-opt=-pass-through=-lgcc_s] ==> ignore
    arg [-plugin-opt=-pass-through=-lc] ==> ignore
    arg [-plugin-opt=-pass-through=-lgcc] ==> ignore
    arg [-plugin-opt=-pass-through=-lgcc_s] ==> ignore
    arg [--build-id] ==> ignore
    arg [--eh-frame-hdr] ==> ignore
    arg [--hash-style=gnu] ==> ignore
    arg [-m] ==> ignore
    arg [elf_x86_64] ==> ignore
    arg [-export-dynamic] ==> ignore
    arg [-dynamic-linker] ==> ignore
    arg [/lib64/ld-linux-x86-64.so.2] ==> ignore
    arg [-pie] ==> ignore
    arg [-o] ==> ignore
    arg [cmTC_58e3c] ==> ignore
    arg [/usr/lib/gcc/x86_64-pc-linux-gnu/8.2.0/../../../../lib/Scrt1.o] ==> ignore
    arg [/usr/lib/gcc/x86_64-pc-linux-gnu/8.2.0/../../../../lib/crti.o] ==> ignore
    arg [/usr/lib/gcc/x86_64-pc-linux-gnu/8.2.0/crtbeginS.o] ==> ignore
    arg [-L/home/user/-f2fs/oe/build.OE-Generic.x86_64-9.0-devel/toolchain/lib] ==> dir [/home/user/-f2fs/oe/build.OE-Generic.x86_64-9.0-devel/toolchain/lib]
    arg [-L/usr/lib/gcc/x86_64-pc-linux-gnu/8.2.0] ==> dir [/usr/lib/gcc/x86_64-pc-linux-gnu/8.2.0]
    arg [-L/usr/lib/gcc/x86_64-pc-linux-gnu/8.2.0/../../../../lib] ==> dir [/usr/lib/gcc/x86_64-pc-linux-gnu/8.2.0/../../../../lib]
    arg [-L/lib/../lib] ==> dir [/lib/../lib]
    arg [-L/usr/lib/../lib] ==> dir [/usr/lib/../lib]
    arg [-L/usr/lib/gcc/x86_64-pc-linux-gnu/8.2.0/../../..] ==> dir [/usr/lib/gcc/x86_64-pc-linux-gnu/8.2.0/../../..]
    arg [-rpath] ==> ignore
    arg [/home/user/-f2fs/oe/build.OE-Generic.x86_64-9.0-devel/toolchain/lib] ==> ignore
    arg [CMakeFiles/cmTC_58e3c.dir/CMakeCCompilerABI.c.o] ==> ignore
    arg [-lgcc] ==> lib [gcc]
    arg [--as-needed] ==> ignore
    arg [-lgcc_s] ==> lib [gcc_s]
    arg [--no-as-needed] ==> ignore
    arg [-lc] ==> lib [c]
    arg [-lgcc] ==> lib [gcc]
    arg [--as-needed] ==> ignore
    arg [-lgcc_s] ==> lib [gcc_s]
    arg [--no-as-needed] ==> ignore
    arg [/usr/lib/gcc/x86_64-pc-linux-gnu/8.2.0/crtendS.o] ==> ignore
    arg [/usr/lib/gcc/x86_64-pc-linux-gnu/8.2.0/../../../../lib/crtn.o] ==> ignore
  collapse library dir [/home/user/-f2fs/oe/build.OE-Generic.x86_64-9.0-devel/toolchain/lib] ==> [/home/user/-f2fs/oe/build.OE-Generic.x86_64-9.0-devel/toolchain/lib]
  collapse library dir [/usr/lib/gcc/x86_64-pc-linux-gnu/8.2.0] ==> [/usr/lib/gcc/x86_64-pc-linux-gnu/8.2.0]
  collapse library dir [/usr/lib/gcc/x86_64-pc-linux-gnu/8.2.0/../../../../lib] ==> [/usr/lib]
  collapse library dir [/lib/../lib] ==> [/lib]
  collapse library dir [/usr/lib/../lib] ==> [/usr/lib]
  collapse library dir [/usr/lib/gcc/x86_64-pc-linux-gnu/8.2.0/../../..] ==> [/usr/lib]
  implicit libs: [gcc;gcc_s;c;gcc;gcc_s]
  implicit dirs: [/home/user/-f2fs/oe/build.OE-Generic.x86_64-9.0-devel/toolchain/lib;/usr/lib/gcc/x86_64-pc-linux-gnu/8.2.0;/usr/lib;/lib]
  implicit fwks: []




Detecting C [-std=c11] compiler features compiled with the following output:
Change Dir: /home/user/-f2fs/oe/build.OE-Generic.x86_64-9.0-devel/zstd-1.3.5/.x86_64-pc-linux-gnu/CMakeFiles/CMakeTmp

Run Build Command:"/home/user/-f2fs/oe/build.OE-Generic.x86_64-9.0-devel/toolchain/bin/gmake" "cmTC_fec9b/fast"
/home/user/-f2fs/oe/build.OE-Generic.x86_64-9.0-devel/toolchain/bin/gmake -f CMakeFiles/cmTC_fec9b.dir/build.make CMakeFiles/cmTC_fec9b.dir/build
gmake[1]: Entering directory '/home/user/-f2fs/oe/build.OE-Generic.x86_64-9.0-devel/zstd-1.3.5/.x86_64-pc-linux-gnu/CMakeFiles/CMakeTmp'
Building C object CMakeFiles/cmTC_fec9b.dir/feature_tests.c.o
/home/user/-f2fs/oe/build.OE-Generic.x86_64-9.0-devel/toolchain/bin/host-gcc   -O2 -I/home/user/-f2fs/oe/build.OE-Generic.x86_64-9.0-devel/toolchain/include -fdiagnostics-color=always -Wno-format-security -fPIC -DPIC    -std=c11 -o CMakeFiles/cmTC_fec9b.dir/feature_tests.c.o   -c /home/user/-f2fs/oe/build.OE-Generic.x86_64-9.0-devel/zstd-1.3.5/.x86_64-pc-linux-gnu/CMakeFiles/feature_tests.c
Linking C executable cmTC_fec9b
/home/user/-f2fs/oe/build.OE-Generic.x86_64-9.0-devel/toolchain/bin/cmake -E cmake_link_script CMakeFiles/cmTC_fec9b.dir/link.txt --verbose=1
/home/user/-f2fs/oe/build.OE-Generic.x86_64-9.0-devel/toolchain/bin/host-gcc -O2 -I/home/user/-f2fs/oe/build.OE-Generic.x86_64-9.0-devel/toolchain/include -fdiagnostics-color=always -Wno-format-security -fPIC -DPIC   -Wl,-rpath,/home/user/-f2fs/oe/build.OE-Generic.x86_64-9.0-devel/toolchain/lib -L/home/user/-f2fs/oe/build.OE-Generic.x86_64-9.0-devel/toolchain/lib -fPIC  -rdynamic CMakeFiles/cmTC_fec9b.dir/feature_tests.c.o  -o cmTC_fec9b 
gmake[1]: Leaving directory '/home/user/-f2fs/oe/build.OE-Generic.x86_64-9.0-devel/zstd-1.3.5/.x86_64-pc-linux-gnu/CMakeFiles/CMakeTmp'


    Feature record: C_FEATURE:1c_function_prototypes
    Feature record: C_FEATURE:1c_restrict
    Feature record: C_FEATURE:1c_static_assert
    Feature record: C_FEATURE:1c_variadic_macros


Detecting C [-std=c99] compiler features compiled with the following output:
Change Dir: /home/user/-f2fs/oe/build.OE-Generic.x86_64-9.0-devel/zstd-1.3.5/.x86_64-pc-linux-gnu/CMakeFiles/CMakeTmp

Run Build Command:"/home/user/-f2fs/oe/build.OE-Generic.x86_64-9.0-devel/toolchain/bin/gmake" "cmTC_09c46/fast"
/home/user/-f2fs/oe/build.OE-Generic.x86_64-9.0-devel/toolchain/bin/gmake -f CMakeFiles/cmTC_09c46.dir/build.make CMakeFiles/cmTC_09c46.dir/build
gmake[1]: Entering directory '/home/user/-f2fs/oe/build.OE-Generic.x86_64-9.0-devel/zstd-1.3.5/.x86_64-pc-linux-gnu/CMakeFiles/CMakeTmp'
Building C object CMakeFiles/cmTC_09c46.dir/feature_tests.c.o
/home/user/-f2fs/oe/build.OE-Generic.x86_64-9.0-devel/toolchain/bin/host-gcc   -O2 -I/home/user/-f2fs/oe/build.OE-Generic.x86_64-9.0-devel/toolchain/include -fdiagnostics-color=always -Wno-format-security -fPIC -DPIC    -std=c99 -o CMakeFiles/cmTC_09c46.dir/feature_tests.c.o   -c /home/user/-f2fs/oe/build.OE-Generic.x86_64-9.0-devel/zstd-1.3.5/.x86_64-pc-linux-gnu/CMakeFiles/feature_tests.c
Linking C executable cmTC_09c46
/home/user/-f2fs/oe/build.OE-Generic.x86_64-9.0-devel/toolchain/bin/cmake -E cmake_link_script CMakeFiles/cmTC_09c46.dir/link.txt --verbose=1
/home/user/-f2fs/oe/build.OE-Generic.x86_64-9.0-devel/toolchain/bin/host-gcc -O2 -I/home/user/-f2fs/oe/build.OE-Generic.x86_64-9.0-devel/toolchain/include -fdiagnostics-color=always -Wno-format-security -fPIC -DPIC   -Wl,-rpath,/home/user/-f2fs/oe/build.OE-Generic.x86_64-9.0-devel/toolchain/lib -L/home/user/-f2fs/oe/build.OE-Generic.x86_64-9.0-devel/toolchain/lib -fPIC  -rdynamic CMakeFiles/cmTC_09c46.dir/feature_tests.c.o  -o cmTC_09c46 
gmake[1]: Leaving directory '/home/user/-f2fs/oe/build.OE-Generic.x86_64-9.0-devel/zstd-1.3.5/.x86_64-pc-linux-gnu/CMakeFiles/CMakeTmp'


    Feature record: C_FEATURE:1c_function_prototypes
    Feature record: C_FEATURE:1c_restrict
    Feature record: C_FEATURE:0c_static_assert
    Feature record: C_FEATURE:1c_variadic_macros


Detecting C [-std=c90] compiler features compiled with the following output:
Change Dir: /home/user/-f2fs/oe/build.OE-Generic.x86_64-9.0-devel/zstd-1.3.5/.x86_64-pc-linux-gnu/CMakeFiles/CMakeTmp

Run Build Command:"/home/user/-f2fs/oe/build.OE-Generic.x86_64-9.0-devel/toolchain/bin/gmake" "cmTC_7ea2c/fast"
/home/user/-f2fs/oe/build.OE-Generic.x86_64-9.0-devel/toolchain/bin/gmake -f CMakeFiles/cmTC_7ea2c.dir/build.make CMakeFiles/cmTC_7ea2c.dir/build
gmake[1]: Entering directory '/home/user/-f2fs/oe/build.OE-Generic.x86_64-9.0-devel/zstd-1.3.5/.x86_64-pc-linux-gnu/CMakeFiles/CMakeTmp'
Building C object CMakeFiles/cmTC_7ea2c.dir/feature_tests.c.o
/home/user/-f2fs/oe/build.OE-Generic.x86_64-9.0-devel/toolchain/bin/host-gcc   -O2 -I/home/user/-f2fs/oe/build.OE-Generic.x86_64-9.0-devel/toolchain/include -fdiagnostics-color=always -Wno-format-security -fPIC -DPIC    -std=c90 -o CMakeFiles/cmTC_7ea2c.dir/feature_tests.c.o   -c /home/user/-f2fs/oe/build.OE-Generic.x86_64-9.0-devel/zstd-1.3.5/.x86_64-pc-linux-gnu/CMakeFiles/feature_tests.c
Linking C executable cmTC_7ea2c
/home/user/-f2fs/oe/build.OE-Generic.x86_64-9.0-devel/toolchain/bin/cmake -E cmake_link_script CMakeFiles/cmTC_7ea2c.dir/link.txt --verbose=1
/home/user/-f2fs/oe/build.OE-Generic.x86_64-9.0-devel/toolchain/bin/host-gcc -O2 -I/home/user/-f2fs/oe/build.OE-Generic.x86_64-9.0-devel/toolchain/include -fdiagnostics-color=always -Wno-format-security -fPIC -DPIC   -Wl,-rpath,/home/user/-f2fs/oe/build.OE-Generic.x86_64-9.0-devel/toolchain/lib -L/home/user/-f2fs/oe/build.OE-Generic.x86_64-9.0-devel/toolchain/lib -fPIC  -rdynamic CMakeFiles/cmTC_7ea2c.dir/feature_tests.c.o  -o cmTC_7ea2c 
gmake[1]: Leaving directory '/home/user/-f2fs/oe/build.OE-Generic.x86_64-9.0-devel/zstd-1.3.5/.x86_64-pc-linux-gnu/CMakeFiles/CMakeTmp'


    Feature record: C_FEATURE:1c_function_prototypes
    Feature record: C_FEATURE:0c_restrict
    Feature record: C_FEATURE:0c_static_assert
    Feature record: C_FEATURE:0c_variadic_macros
Determining if the CXX compiler works passed with the following output:
Change Dir: /home/user/-f2fs/oe/build.OE-Generic.x86_64-9.0-devel/zstd-1.3.5/.x86_64-pc-linux-gnu/CMakeFiles/CMakeTmp

Run Build Command:"/home/user/-f2fs/oe/build.OE-Generic.x86_64-9.0-devel/toolchain/bin/gmake" "cmTC_493aa/fast"
/home/user/-f2fs/oe/build.OE-Generic.x86_64-9.0-devel/toolchain/bin/gmake -f CMakeFiles/cmTC_493aa.dir/build.make CMakeFiles/cmTC_493aa.dir/build
gmake[1]: Entering directory '/home/user/-f2fs/oe/build.OE-Generic.x86_64-9.0-devel/zstd-1.3.5/.x86_64-pc-linux-gnu/CMakeFiles/CMakeTmp'
Building CXX object CMakeFiles/cmTC_493aa.dir/testCXXCompiler.cxx.o
/home/user/-f2fs/oe/build.OE-Generic.x86_64-9.0-devel/toolchain/bin/host-g++    -O2 -I/home/user/-f2fs/oe/build.OE-Generic.x86_64-9.0-devel/toolchain/include -fdiagnostics-color=always -Wno-format-security -fPIC -DPIC    -o CMakeFiles/cmTC_493aa.dir/testCXXCompiler.cxx.o -c /home/user/-f2fs/oe/build.OE-Generic.x86_64-9.0-devel/zstd-1.3.5/.x86_64-pc-linux-gnu/CMakeFiles/CMakeTmp/testCXXCompiler.cxx
Linking CXX executable cmTC_493aa
/home/user/-f2fs/oe/build.OE-Generic.x86_64-9.0-devel/toolchain/bin/cmake -E cmake_link_script CMakeFiles/cmTC_493aa.dir/link.txt --verbose=1
/home/user/-f2fs/oe/build.OE-Generic.x86_64-9.0-devel/toolchain/bin/host-g++  -O2 -I/home/user/-f2fs/oe/build.OE-Generic.x86_64-9.0-devel/toolchain/include -fdiagnostics-color=always -Wno-format-security -fPIC -DPIC   -Wl,-rpath,/home/user/-f2fs/oe/build.OE-Generic.x86_64-9.0-devel/toolchain/lib -L/home/user/-f2fs/oe/build.OE-Generic.x86_64-9.0-devel/toolchain/lib -fPIC  -rdynamic CMakeFiles/cmTC_493aa.dir/testCXXCompiler.cxx.o  -o cmTC_493aa 
gmake[1]: Leaving directory '/home/user/-f2fs/oe/build.OE-Generic.x86_64-9.0-devel/zstd-1.3.5/.x86_64-pc-linux-gnu/CMakeFiles/CMakeTmp'


Detecting CXX compiler ABI info compiled with the following output:
Change Dir: /home/user/-f2fs/oe/build.OE-Generic.x86_64-9.0-devel/zstd-1.3.5/.x86_64-pc-linux-gnu/CMakeFiles/CMakeTmp

Run Build Command:"/home/user/-f2fs/oe/build.OE-Generic.x86_64-9.0-devel/toolchain/bin/gmake" "cmTC_9261c/fast"
/home/user/-f2fs/oe/build.OE-Generic.x86_64-9.0-devel/toolchain/bin/gmake -f CMakeFiles/cmTC_9261c.dir/build.make CMakeFiles/cmTC_9261c.dir/build
gmake[1]: Entering directory '/home/user/-f2fs/oe/build.OE-Generic.x86_64-9.0-devel/zstd-1.3.5/.x86_64-pc-linux-gnu/CMakeFiles/CMakeTmp'
Building CXX object CMakeFiles/cmTC_9261c.dir/CMakeCXXCompilerABI.cpp.o
/home/user/-f2fs/oe/build.OE-Generic.x86_64-9.0-devel/toolchain/bin/host-g++    -O2 -I/home/user/-f2fs/oe/build.OE-Generic.x86_64-9.0-devel/toolchain/include -fdiagnostics-color=always -Wno-format-security -fPIC -DPIC    -o CMakeFiles/cmTC_9261c.dir/CMakeCXXCompilerABI.cpp.o -c /home/user/-f2fs/oe/build.OE-Generic.x86_64-9.0-devel/toolchain/share/cmake-3.12/Modules/CMakeCXXCompilerABI.cpp
Linking CXX executable cmTC_9261c
/home/user/-f2fs/oe/build.OE-Generic.x86_64-9.0-devel/toolchain/bin/cmake -E cmake_link_script CMakeFiles/cmTC_9261c.dir/link.txt --verbose=1
/home/user/-f2fs/oe/build.OE-Generic.x86_64-9.0-devel/toolchain/bin/host-g++  -O2 -I/home/user/-f2fs/oe/build.OE-Generic.x86_64-9.0-devel/toolchain/include -fdiagnostics-color=always -Wno-format-security -fPIC -DPIC   -Wl,-rpath,/home/user/-f2fs/oe/build.OE-Generic.x86_64-9.0-devel/toolchain/lib -L/home/user/-f2fs/oe/build.OE-Generic.x86_64-9.0-devel/toolchain/lib -fPIC -v -rdynamic CMakeFiles/cmTC_9261c.dir/CMakeCXXCompilerABI.cpp.o  -o cmTC_9261c 
Using built-in specs.
COLLECT_GCC=/bin/g++
COLLECT_LTO_WRAPPER=/usr/lib/gcc/x86_64-pc-linux-gnu/8.2.0/lto-wrapper
Target: x86_64-pc-linux-gnu
Configured with: /build/gcc/src/gcc/configure --prefix=/usr --libdir=/usr/lib --libexecdir=/usr/lib --mandir=/usr/share/man --infodir=/usr/share/info --with-bugurl=https://bugs.archlinux.org/ --enable-languages=c,c++,ada,fortran,go,lto,objc,obj-c++ --enable-shared --enable-threads=posix --enable-libmpx --with-system-zlib --with-isl --enable-__cxa_atexit --disable-libunwind-exceptions --enable-clocale=gnu --disable-libstdcxx-pch --disable-libssp --enable-gnu-unique-object --enable-linker-build-id --enable-lto --enable-plugin --enable-install-libiberty --with-linker-hash-style=gnu --enable-gnu-indirect-function --enable-multilib --disable-werror --enable-checking=release --enable-default-pie --enable-default-ssp --enable-cet=auto
Thread model: posix
gcc version 8.2.0 (GCC) 
COMPILER_PATH=/usr/lib/gcc/x86_64-pc-linux-gnu/8.2.0/:/usr/lib/gcc/x86_64-pc-linux-gnu/8.2.0/:/usr/lib/gcc/x86_64-pc-linux-gnu/:/usr/lib/gcc/x86_64-pc-linux-gnu/8.2.0/:/usr/lib/gcc/x86_64-pc-linux-gnu/
LIBRARY_PATH=/usr/lib/gcc/x86_64-pc-linux-gnu/8.2.0/:/usr/lib/gcc/x86_64-pc-linux-gnu/8.2.0/../../../../lib/:/lib/../lib/:/usr/lib/../lib/:/usr/lib/gcc/x86_64-pc-linux-gnu/8.2.0/../../../:/lib/:/usr/lib/
COLLECT_GCC_OPTIONS='-fdiagnostics-color=always' '-O2' '-I' '/home/user/-f2fs/oe/build.OE-Generic.x86_64-9.0-devel/toolchain/include' '-Wno-format-security' '-D' 'PIC' '-L/home/user/-f2fs/oe/build.OE-Generic.x86_64-9.0-devel/toolchain/lib' '-fPIC' '-v' '-rdynamic' '-o' 'cmTC_9261c' '-shared-libgcc' '-mtune=generic' '-march=x86-64'
 /usr/lib/gcc/x86_64-pc-linux-gnu/8.2.0/collect2 -plugin /usr/lib/gcc/x86_64-pc-linux-gnu/8.2.0/liblto_plugin.so -plugin-opt=/usr/lib/gcc/x86_64-pc-linux-gnu/8.2.0/lto-wrapper -plugin-opt=-fresolution=/tmp/cc7SxUuv.res -plugin-opt=-pass-through=-lgcc_s -plugin-opt=-pass-through=-lgcc -plugin-opt=-pass-through=-lc -plugin-opt=-pass-through=-lgcc_s -plugin-opt=-pass-through=-lgcc --build-id --eh-frame-hdr --hash-style=gnu -m elf_x86_64 -export-dynamic -dynamic-linker /lib64/ld-linux-x86-64.so.2 -pie -o cmTC_9261c /usr/lib/gcc/x86_64-pc-linux-gnu/8.2.0/../../../../lib/Scrt1.o /usr/lib/gcc/x86_64-pc-linux-gnu/8.2.0/../../../../lib/crti.o /usr/lib/gcc/x86_64-pc-linux-gnu/8.2.0/crtbeginS.o -L/home/user/-f2fs/oe/build.OE-Generic.x86_64-9.0-devel/toolchain/lib -L/usr/lib/gcc/x86_64-pc-linux-gnu/8.2.0 -L/usr/lib/gcc/x86_64-pc-linux-gnu/8.2.0/../../../../lib -L/lib/../lib -L/usr/lib/../lib -L/usr/lib/gcc/x86_64-pc-linux-gnu/8.2.0/../../.. -rpath /home/user/-f2fs/oe/build.OE-Generic.x86_64-9.0-devel/toolchain/lib CMakeFiles/cmTC_9261c.dir/CMakeCXXCompilerABI.cpp.o -lstdc++ -lm -lgcc_s -lgcc -lc -lgcc_s -lgcc /usr/lib/gcc/x86_64-pc-linux-gnu/8.2.0/crtendS.o /usr/lib/gcc/x86_64-pc-linux-gnu/8.2.0/../../../../lib/crtn.o
COLLECT_GCC_OPTIONS='-fdiagnostics-color=always' '-O2' '-I' '/home/user/-f2fs/oe/build.OE-Generic.x86_64-9.0-devel/toolchain/include' '-Wno-format-security' '-D' 'PIC' '-L/home/user/-f2fs/oe/build.OE-Generic.x86_64-9.0-devel/toolchain/lib' '-fPIC' '-v' '-rdynamic' '-o' 'cmTC_9261c' '-shared-libgcc' '-mtune=generic' '-march=x86-64'
gmake[1]: Leaving directory '/home/user/-f2fs/oe/build.OE-Generic.x86_64-9.0-devel/zstd-1.3.5/.x86_64-pc-linux-gnu/CMakeFiles/CMakeTmp'


Parsed CXX implicit link information from above output:
  link line regex: [^( *|.*[/\])(CMAKE_LINKER-NOTFOUND|CMAKE_LINK_STARTFILE-NOTFOUND|([^/\]+-)?ld|collect2)[^/\]*( |$)]
  ignore line: [Change Dir: /home/user/-f2fs/oe/build.OE-Generic.x86_64-9.0-devel/zstd-1.3.5/.x86_64-pc-linux-gnu/CMakeFiles/CMakeTmp]
  ignore line: []
  ignore line: [Run Build Command:"/home/user/-f2fs/oe/build.OE-Generic.x86_64-9.0-devel/toolchain/bin/gmake" "cmTC_9261c/fast"]
  ignore line: [/home/user/-f2fs/oe/build.OE-Generic.x86_64-9.0-devel/toolchain/bin/gmake -f CMakeFiles/cmTC_9261c.dir/build.make CMakeFiles/cmTC_9261c.dir/build]
  ignore line: [gmake[1]: Entering directory '/home/user/-f2fs/oe/build.OE-Generic.x86_64-9.0-devel/zstd-1.3.5/.x86_64-pc-linux-gnu/CMakeFiles/CMakeTmp']
  ignore line: [Building CXX object CMakeFiles/cmTC_9261c.dir/CMakeCXXCompilerABI.cpp.o]
  ignore line: [/home/user/-f2fs/oe/build.OE-Generic.x86_64-9.0-devel/toolchain/bin/host-g++    -O2 -I/home/user/-f2fs/oe/build.OE-Generic.x86_64-9.0-devel/toolchain/include -fdiagnostics-color=always -Wno-format-security -fPIC -DPIC    -o CMakeFiles/cmTC_9261c.dir/CMakeCXXCompilerABI.cpp.o -c /home/user/-f2fs/oe/build.OE-Generic.x86_64-9.0-devel/toolchain/share/cmake-3.12/Modules/CMakeCXXCompilerABI.cpp]
  ignore line: [Linking CXX executable cmTC_9261c]
  ignore line: [/home/user/-f2fs/oe/build.OE-Generic.x86_64-9.0-devel/toolchain/bin/cmake -E cmake_link_script CMakeFiles/cmTC_9261c.dir/link.txt --verbose=1]
  ignore line: [/home/user/-f2fs/oe/build.OE-Generic.x86_64-9.0-devel/toolchain/bin/host-g++  -O2 -I/home/user/-f2fs/oe/build.OE-Generic.x86_64-9.0-devel/toolchain/include -fdiagnostics-color=always -Wno-format-security -fPIC -DPIC   -Wl,-rpath,/home/user/-f2fs/oe/build.OE-Generic.x86_64-9.0-devel/toolchain/lib -L/home/user/-f2fs/oe/build.OE-Generic.x86_64-9.0-devel/toolchain/lib -fPIC -v -rdynamic CMakeFiles/cmTC_9261c.dir/CMakeCXXCompilerABI.cpp.o  -o cmTC_9261c ]
  ignore line: [Using built-in specs.]
  ignore line: [COLLECT_GCC=/bin/g++]
  ignore line: [COLLECT_LTO_WRAPPER=/usr/lib/gcc/x86_64-pc-linux-gnu/8.2.0/lto-wrapper]
  ignore line: [Target: x86_64-pc-linux-gnu]
  ignore line: [Configured with: /build/gcc/src/gcc/configure --prefix=/usr --libdir=/usr/lib --libexecdir=/usr/lib --mandir=/usr/share/man --infodir=/usr/share/info --with-bugurl=https://bugs.archlinux.org/ --enable-languages=c,c++,ada,fortran,go,lto,objc,obj-c++ --enable-shared --enable-threads=posix --enable-libmpx --with-system-zlib --with-isl --enable-__cxa_atexit --disable-libunwind-exceptions --enable-clocale=gnu --disable-libstdcxx-pch --disable-libssp --enable-gnu-unique-object --enable-linker-build-id --enable-lto --enable-plugin --enable-install-libiberty --with-linker-hash-style=gnu --enable-gnu-indirect-function --enable-multilib --disable-werror --enable-checking=release --enable-default-pie --enable-default-ssp --enable-cet=auto]
  ignore line: [Thread model: posix]
  ignore line: [gcc version 8.2.0 (GCC) ]
  ignore line: [COMPILER_PATH=/usr/lib/gcc/x86_64-pc-linux-gnu/8.2.0/:/usr/lib/gcc/x86_64-pc-linux-gnu/8.2.0/:/usr/lib/gcc/x86_64-pc-linux-gnu/:/usr/lib/gcc/x86_64-pc-linux-gnu/8.2.0/:/usr/lib/gcc/x86_64-pc-linux-gnu/]
  ignore line: [LIBRARY_PATH=/usr/lib/gcc/x86_64-pc-linux-gnu/8.2.0/:/usr/lib/gcc/x86_64-pc-linux-gnu/8.2.0/../../../../lib/:/lib/../lib/:/usr/lib/../lib/:/usr/lib/gcc/x86_64-pc-linux-gnu/8.2.0/../../../:/lib/:/usr/lib/]
  ignore line: [COLLECT_GCC_OPTIONS='-fdiagnostics-color=always' '-O2' '-I' '/home/user/-f2fs/oe/build.OE-Generic.x86_64-9.0-devel/toolchain/include' '-Wno-format-security' '-D' 'PIC' '-L/home/user/-f2fs/oe/build.OE-Generic.x86_64-9.0-devel/toolchain/lib' '-fPIC' '-v' '-rdynamic' '-o' 'cmTC_9261c' '-shared-libgcc' '-mtune=generic' '-march=x86-64']
  link line: [ /usr/lib/gcc/x86_64-pc-linux-gnu/8.2.0/collect2 -plugin /usr/lib/gcc/x86_64-pc-linux-gnu/8.2.0/liblto_plugin.so -plugin-opt=/usr/lib/gcc/x86_64-pc-linux-gnu/8.2.0/lto-wrapper -plugin-opt=-fresolution=/tmp/cc7SxUuv.res -plugin-opt=-pass-through=-lgcc_s -plugin-opt=-pass-through=-lgcc -plugin-opt=-pass-through=-lc -plugin-opt=-pass-through=-lgcc_s -plugin-opt=-pass-through=-lgcc --build-id --eh-frame-hdr --hash-style=gnu -m elf_x86_64 -export-dynamic -dynamic-linker /lib64/ld-linux-x86-64.so.2 -pie -o cmTC_9261c /usr/lib/gcc/x86_64-pc-linux-gnu/8.2.0/../../../../lib/Scrt1.o /usr/lib/gcc/x86_64-pc-linux-gnu/8.2.0/../../../../lib/crti.o /usr/lib/gcc/x86_64-pc-linux-gnu/8.2.0/crtbeginS.o -L/home/user/-f2fs/oe/build.OE-Generic.x86_64-9.0-devel/toolchain/lib -L/usr/lib/gcc/x86_64-pc-linux-gnu/8.2.0 -L/usr/lib/gcc/x86_64-pc-linux-gnu/8.2.0/../../../../lib -L/lib/../lib -L/usr/lib/../lib -L/usr/lib/gcc/x86_64-pc-linux-gnu/8.2.0/../../.. -rpath /home/user/-f2fs/oe/build.OE-Generic.x86_64-9.0-devel/toolchain/lib CMakeFiles/cmTC_9261c.dir/CMakeCXXCompilerABI.cpp.o -lstdc++ -lm -lgcc_s -lgcc -lc -lgcc_s -lgcc /usr/lib/gcc/x86_64-pc-linux-gnu/8.2.0/crtendS.o /usr/lib/gcc/x86_64-pc-linux-gnu/8.2.0/../../../../lib/crtn.o]
    arg [/usr/lib/gcc/x86_64-pc-linux-gnu/8.2.0/collect2] ==> ignore
    arg [-plugin] ==> ignore
    arg [/usr/lib/gcc/x86_64-pc-linux-gnu/8.2.0/liblto_plugin.so] ==> ignore
    arg [-plugin-opt=/usr/lib/gcc/x86_64-pc-linux-gnu/8.2.0/lto-wrapper] ==> ignore
    arg [-plugin-opt=-fresolution=/tmp/cc7SxUuv.res] ==> ignore
    arg [-plugin-opt=-pass-through=-lgcc_s] ==> ignore
    arg [-plugin-opt=-pass-through=-lgcc] ==> ignore
    arg [-plugin-opt=-pass-through=-lc] ==> ignore
    arg [-plugin-opt=-pass-through=-lgcc_s] ==> ignore
    arg [-plugin-opt=-pass-through=-lgcc] ==> ignore
    arg [--build-id] ==> ignore
    arg [--eh-frame-hdr] ==> ignore
    arg [--hash-style=gnu] ==> ignore
    arg [-m] ==> ignore
    arg [elf_x86_64] ==> ignore
    arg [-export-dynamic] ==> ignore
    arg [-dynamic-linker] ==> ignore
    arg [/lib64/ld-linux-x86-64.so.2] ==> ignore
    arg [-pie] ==> ignore
    arg [-o] ==> ignore
    arg [cmTC_9261c] ==> ignore
    arg [/usr/lib/gcc/x86_64-pc-linux-gnu/8.2.0/../../../../lib/Scrt1.o] ==> ignore
    arg [/usr/lib/gcc/x86_64-pc-linux-gnu/8.2.0/../../../../lib/crti.o] ==> ignore
    arg [/usr/lib/gcc/x86_64-pc-linux-gnu/8.2.0/crtbeginS.o] ==> ignore
    arg [-L/home/user/-f2fs/oe/build.OE-Generic.x86_64-9.0-devel/toolchain/lib] ==> dir [/home/user/-f2fs/oe/build.OE-Generic.x86_64-9.0-devel/toolchain/lib]
    arg [-L/usr/lib/gcc/x86_64-pc-linux-gnu/8.2.0] ==> dir [/usr/lib/gcc/x86_64-pc-linux-gnu/8.2.0]
    arg [-L/usr/lib/gcc/x86_64-pc-linux-gnu/8.2.0/../../../../lib] ==> dir [/usr/lib/gcc/x86_64-pc-linux-gnu/8.2.0/../../../../lib]
    arg [-L/lib/../lib] ==> dir [/lib/../lib]
    arg [-L/usr/lib/../lib] ==> dir [/usr/lib/../lib]
    arg [-L/usr/lib/gcc/x86_64-pc-linux-gnu/8.2.0/../../..] ==> dir [/usr/lib/gcc/x86_64-pc-linux-gnu/8.2.0/../../..]
    arg [-rpath] ==> ignore
    arg [/home/user/-f2fs/oe/build.OE-Generic.x86_64-9.0-devel/toolchain/lib] ==> ignore
    arg [CMakeFiles/cmTC_9261c.dir/CMakeCXXCompilerABI.cpp.o] ==> ignore
    arg [-lstdc++] ==> lib [stdc++]
    arg [-lm] ==> lib [m]
    arg [-lgcc_s] ==> lib [gcc_s]
    arg [-lgcc] ==> lib [gcc]
    arg [-lc] ==> lib [c]
    arg [-lgcc_s] ==> lib [gcc_s]
    arg [-lgcc] ==> lib [gcc]
    arg [/usr/lib/gcc/x86_64-pc-linux-gnu/8.2.0/crtendS.o] ==> ignore
    arg [/usr/lib/gcc/x86_64-pc-linux-gnu/8.2.0/../../../../lib/crtn.o] ==> ignore
  collapse library dir [/home/user/-f2fs/oe/build.OE-Generic.x86_64-9.0-devel/toolchain/lib] ==> [/home/user/-f2fs/oe/build.OE-Generic.x86_64-9.0-devel/toolchain/lib]
  collapse library dir [/usr/lib/gcc/x86_64-pc-linux-gnu/8.2.0] ==> [/usr/lib/gcc/x86_64-pc-linux-gnu/8.2.0]
  collapse library dir [/usr/lib/gcc/x86_64-pc-linux-gnu/8.2.0/../../../../lib] ==> [/usr/lib]
  collapse library dir [/lib/../lib] ==> [/lib]
  collapse library dir [/usr/lib/../lib] ==> [/usr/lib]
  collapse library dir [/usr/lib/gcc/x86_64-pc-linux-gnu/8.2.0/../../..] ==> [/usr/lib]
  implicit libs: [stdc++;m;gcc_s;gcc;c;gcc_s;gcc]
  implicit dirs: [/home/user/-f2fs/oe/build.OE-Generic.x86_64-9.0-devel/toolchain/lib;/usr/lib/gcc/x86_64-pc-linux-gnu/8.2.0;/usr/lib;/lib]
  implicit fwks: []




Detecting CXX [-std=c++2a] compiler features compiled with the following output:
Change Dir: /home/user/-f2fs/oe/build.OE-Generic.x86_64-9.0-devel/zstd-1.3.5/.x86_64-pc-linux-gnu/CMakeFiles/CMakeTmp

Run Build Command:"/home/user/-f2fs/oe/build.OE-Generic.x86_64-9.0-devel/toolchain/bin/gmake" "cmTC_75708/fast"
/home/user/-f2fs/oe/build.OE-Generic.x86_64-9.0-devel/toolchain/bin/gmake -f CMakeFiles/cmTC_75708.dir/build.make CMakeFiles/cmTC_75708.dir/build
gmake[1]: Entering directory '/home/user/-f2fs/oe/build.OE-Generic.x86_64-9.0-devel/zstd-1.3.5/.x86_64-pc-linux-gnu/CMakeFiles/CMakeTmp'
Building CXX object CMakeFiles/cmTC_75708.dir/feature_tests.cxx.o
/home/user/-f2fs/oe/build.OE-Generic.x86_64-9.0-devel/toolchain/bin/host-g++    -O2 -I/home/user/-f2fs/oe/build.OE-Generic.x86_64-9.0-devel/toolchain/include -fdiagnostics-color=always -Wno-format-security -fPIC -DPIC    -std=c++2a -o CMakeFiles/cmTC_75708.dir/feature_tests.cxx.o -c /home/user/-f2fs/oe/build.OE-Generic.x86_64-9.0-devel/zstd-1.3.5/.x86_64-pc-linux-gnu/CMakeFiles/feature_tests.cxx
Linking CXX executable cmTC_75708
/home/user/-f2fs/oe/build.OE-Generic.x86_64-9.0-devel/toolchain/bin/cmake -E cmake_link_script CMakeFiles/cmTC_75708.dir/link.txt --verbose=1
/home/user/-f2fs/oe/build.OE-Generic.x86_64-9.0-devel/toolchain/bin/host-g++  -O2 -I/home/user/-f2fs/oe/build.OE-Generic.x86_64-9.0-devel/toolchain/include -fdiagnostics-color=always -Wno-format-security -fPIC -DPIC   -Wl,-rpath,/home/user/-f2fs/oe/build.OE-Generic.x86_64-9.0-devel/toolchain/lib -L/home/user/-f2fs/oe/build.OE-Generic.x86_64-9.0-devel/toolchain/lib -fPIC  -rdynamic CMakeFiles/cmTC_75708.dir/feature_tests.cxx.o  -o cmTC_75708 
gmake[1]: Leaving directory '/home/user/-f2fs/oe/build.OE-Generic.x86_64-9.0-devel/zstd-1.3.5/.x86_64-pc-linux-gnu/CMakeFiles/CMakeTmp'


    Feature record: CXX_FEATURE:1cxx_aggregate_default_initializers
    Feature record: CXX_FEATURE:1cxx_alias_templates
    Feature record: CXX_FEATURE:1cxx_alignas
    Feature record: CXX_FEATURE:1cxx_alignof
    Feature record: CXX_FEATURE:1cxx_attributes
    Feature record: CXX_FEATURE:1cxx_attribute_deprecated
    Feature record: CXX_FEATURE:1cxx_auto_type
    Feature record: CXX_FEATURE:1cxx_binary_literals
    Feature record: CXX_FEATURE:1cxx_constexpr
    Feature record: CXX_FEATURE:1cxx_contextual_conversions
    Feature record: CXX_FEATURE:1cxx_decltype
    Feature record: CXX_FEATURE:1cxx_decltype_auto
    Feature record: CXX_FEATURE:1cxx_decltype_incomplete_return_types
    Feature record: CXX_FEATURE:1cxx_default_function_template_args
    Feature record: CXX_FEATURE:1cxx_defaulted_functions
    Feature record: CXX_FEATURE:1cxx_defaulted_move_initializers
    Feature record: CXX_FEATURE:1cxx_delegating_constructors
    Feature record: CXX_FEATURE:1cxx_deleted_functions
    Feature record: CXX_FEATURE:1cxx_digit_separators
    Feature record: CXX_FEATURE:1cxx_enum_forward_declarations
    Feature record: CXX_FEATURE:1cxx_explicit_conversions
    Feature record: CXX_FEATURE:1cxx_extended_friend_declarations
    Feature record: CXX_FEATURE:1cxx_extern_templates
    Feature record: CXX_FEATURE:1cxx_final
    Feature record: CXX_FEATURE:1cxx_func_identifier
    Feature record: CXX_FEATURE:1cxx_generalized_initializers
    Feature record: CXX_FEATURE:1cxx_generic_lambdas
    Feature record: CXX_FEATURE:1cxx_inheriting_constructors
    Feature record: CXX_FEATURE:1cxx_inline_namespaces
    Feature record: CXX_FEATURE:1cxx_lambdas
    Feature record: CXX_FEATURE:1cxx_lambda_init_captures
    Feature record: CXX_FEATURE:1cxx_local_type_template_args
    Feature record: CXX_FEATURE:1cxx_long_long_type
    Feature record: CXX_FEATURE:1cxx_noexcept
    Feature record: CXX_FEATURE:1cxx_nonstatic_member_init
    Feature record: CXX_FEATURE:1cxx_nullptr
    Feature record: CXX_FEATURE:1cxx_override
    Feature record: CXX_FEATURE:1cxx_range_for
    Feature record: CXX_FEATURE:1cxx_raw_string_literals
    Feature record: CXX_FEATURE:1cxx_reference_qualified_functions
    Feature record: CXX_FEATURE:1cxx_relaxed_constexpr
    Feature record: CXX_FEATURE:1cxx_return_type_deduction
    Feature record: CXX_FEATURE:1cxx_right_angle_brackets
    Feature record: CXX_FEATURE:1cxx_rvalue_references
    Feature record: CXX_FEATURE:1cxx_sizeof_member
    Feature record: CXX_FEATURE:1cxx_static_assert
    Feature record: CXX_FEATURE:1cxx_strong_enums
    Feature record: CXX_FEATURE:1cxx_template_template_parameters
    Feature record: CXX_FEATURE:1cxx_thread_local
    Feature record: CXX_FEATURE:1cxx_trailing_return_types
    Feature record: CXX_FEATURE:1cxx_unicode_literals
    Feature record: CXX_FEATURE:1cxx_uniform_initialization
    Feature record: CXX_FEATURE:1cxx_unrestricted_unions
    Feature record: CXX_FEATURE:1cxx_user_literals
    Feature record: CXX_FEATURE:1cxx_variable_templates
    Feature record: CXX_FEATURE:1cxx_variadic_macros
    Feature record: CXX_FEATURE:1cxx_variadic_templates


Detecting CXX [-std=c++17] compiler features compiled with the following output:
Change Dir: /home/user/-f2fs/oe/build.OE-Generic.x86_64-9.0-devel/zstd-1.3.5/.x86_64-pc-linux-gnu/CMakeFiles/CMakeTmp

Run Build Command:"/home/user/-f2fs/oe/build.OE-Generic.x86_64-9.0-devel/toolchain/bin/gmake" "cmTC_1371b/fast"
/home/user/-f2fs/oe/build.OE-Generic.x86_64-9.0-devel/toolchain/bin/gmake -f CMakeFiles/cmTC_1371b.dir/build.make CMakeFiles/cmTC_1371b.dir/build
gmake[1]: Entering directory '/home/user/-f2fs/oe/build.OE-Generic.x86_64-9.0-devel/zstd-1.3.5/.x86_64-pc-linux-gnu/CMakeFiles/CMakeTmp'
Building CXX object CMakeFiles/cmTC_1371b.dir/feature_tests.cxx.o
/home/user/-f2fs/oe/build.OE-Generic.x86_64-9.0-devel/toolchain/bin/host-g++    -O2 -I/home/user/-f2fs/oe/build.OE-Generic.x86_64-9.0-devel/toolchain/include -fdiagnostics-color=always -Wno-format-security -fPIC -DPIC    -std=c++17 -o CMakeFiles/cmTC_1371b.dir/feature_tests.cxx.o -c /home/user/-f2fs/oe/build.OE-Generic.x86_64-9.0-devel/zstd-1.3.5/.x86_64-pc-linux-gnu/CMakeFiles/feature_tests.cxx
Linking CXX executable cmTC_1371b
/home/user/-f2fs/oe/build.OE-Generic.x86_64-9.0-devel/toolchain/bin/cmake -E cmake_link_script CMakeFiles/cmTC_1371b.dir/link.txt --verbose=1
/home/user/-f2fs/oe/build.OE-Generic.x86_64-9.0-devel/toolchain/bin/host-g++  -O2 -I/home/user/-f2fs/oe/build.OE-Generic.x86_64-9.0-devel/toolchain/include -fdiagnostics-color=always -Wno-format-security -fPIC -DPIC   -Wl,-rpath,/home/user/-f2fs/oe/build.OE-Generic.x86_64-9.0-devel/toolchain/lib -L/home/user/-f2fs/oe/build.OE-Generic.x86_64-9.0-devel/toolchain/lib -fPIC  -rdynamic CMakeFiles/cmTC_1371b.dir/feature_tests.cxx.o  -o cmTC_1371b 
gmake[1]: Leaving directory '/home/user/-f2fs/oe/build.OE-Generic.x86_64-9.0-devel/zstd-1.3.5/.x86_64-pc-linux-gnu/CMakeFiles/CMakeTmp'


    Feature record: CXX_FEATURE:1cxx_aggregate_default_initializers
    Feature record: CXX_FEATURE:1cxx_alias_templates
    Feature record: CXX_FEATURE:1cxx_alignas
    Feature record: CXX_FEATURE:1cxx_alignof
    Feature record: CXX_FEATURE:1cxx_attributes
    Feature record: CXX_FEATURE:1cxx_attribute_deprecated
    Feature record: CXX_FEATURE:1cxx_auto_type
    Feature record: CXX_FEATURE:1cxx_binary_literals
    Feature record: CXX_FEATURE:1cxx_constexpr
    Feature record: CXX_FEATURE:1cxx_contextual_conversions
    Feature record: CXX_FEATURE:1cxx_decltype
    Feature record: CXX_FEATURE:1cxx_decltype_auto
    Feature record: CXX_FEATURE:1cxx_decltype_incomplete_return_types
    Feature record: CXX_FEATURE:1cxx_default_function_template_args
    Feature record: CXX_FEATURE:1cxx_defaulted_functions
    Feature record: CXX_FEATURE:1cxx_defaulted_move_initializers
    Feature record: CXX_FEATURE:1cxx_delegating_constructors
    Feature record: CXX_FEATURE:1cxx_deleted_functions
    Feature record: CXX_FEATURE:1cxx_digit_separators
    Feature record: CXX_FEATURE:1cxx_enum_forward_declarations
    Feature record: CXX_FEATURE:1cxx_explicit_conversions
    Feature record: CXX_FEATURE:1cxx_extended_friend_declarations
    Feature record: CXX_FEATURE:1cxx_extern_templates
    Feature record: CXX_FEATURE:1cxx_final
    Feature record: CXX_FEATURE:1cxx_func_identifier
    Feature record: CXX_FEATURE:1cxx_generalized_initializers
    Feature record: CXX_FEATURE:1cxx_generic_lambdas
    Feature record: CXX_FEATURE:1cxx_inheriting_constructors
    Feature record: CXX_FEATURE:1cxx_inline_namespaces
    Feature record: CXX_FEATURE:1cxx_lambdas
    Feature record: CXX_FEATURE:1cxx_lambda_init_captures
    Feature record: CXX_FEATURE:1cxx_local_type_template_args
    Feature record: CXX_FEATURE:1cxx_long_long_type
    Feature record: CXX_FEATURE:1cxx_noexcept
    Feature record: CXX_FEATURE:1cxx_nonstatic_member_init
    Feature record: CXX_FEATURE:1cxx_nullptr
    Feature record: CXX_FEATURE:1cxx_override
    Feature record: CXX_FEATURE:1cxx_range_for
    Feature record: CXX_FEATURE:1cxx_raw_string_literals
    Feature record: CXX_FEATURE:1cxx_reference_qualified_functions
    Feature record: CXX_FEATURE:1cxx_relaxed_constexpr
    Feature record: CXX_FEATURE:1cxx_return_type_deduction
    Feature record: CXX_FEATURE:1cxx_right_angle_brackets
    Feature record: CXX_FEATURE:1cxx_rvalue_references
    Feature record: CXX_FEATURE:1cxx_sizeof_member
    Feature record: CXX_FEATURE:1cxx_static_assert
    Feature record: CXX_FEATURE:1cxx_strong_enums
    Feature record: CXX_FEATURE:1cxx_template_template_parameters
    Feature record: CXX_FEATURE:1cxx_thread_local
    Feature record: CXX_FEATURE:1cxx_trailing_return_types
    Feature record: CXX_FEATURE:1cxx_unicode_literals
    Feature record: CXX_FEATURE:1cxx_uniform_initialization
    Feature record: CXX_FEATURE:1cxx_unrestricted_unions
    Feature record: CXX_FEATURE:1cxx_user_literals
    Feature record: CXX_FEATURE:1cxx_variable_templates
    Feature record: CXX_FEATURE:1cxx_variadic_macros
    Feature record: CXX_FEATURE:1cxx_variadic_templates


Detecting CXX [-std=c++14] compiler features compiled with the following output:
Change Dir: /home/user/-f2fs/oe/build.OE-Generic.x86_64-9.0-devel/zstd-1.3.5/.x86_64-pc-linux-gnu/CMakeFiles/CMakeTmp

Run Build Command:"/home/user/-f2fs/oe/build.OE-Generic.x86_64-9.0-devel/toolchain/bin/gmake" "cmTC_27c08/fast"
/home/user/-f2fs/oe/build.OE-Generic.x86_64-9.0-devel/toolchain/bin/gmake -f CMakeFiles/cmTC_27c08.dir/build.make CMakeFiles/cmTC_27c08.dir/build
gmake[1]: Entering directory '/home/user/-f2fs/oe/build.OE-Generic.x86_64-9.0-devel/zstd-1.3.5/.x86_64-pc-linux-gnu/CMakeFiles/CMakeTmp'
Building CXX object CMakeFiles/cmTC_27c08.dir/feature_tests.cxx.o
/home/user/-f2fs/oe/build.OE-Generic.x86_64-9.0-devel/toolchain/bin/host-g++    -O2 -I/home/user/-f2fs/oe/build.OE-Generic.x86_64-9.0-devel/toolchain/include -fdiagnostics-color=always -Wno-format-security -fPIC -DPIC    -std=c++14 -o CMakeFiles/cmTC_27c08.dir/feature_tests.cxx.o -c /home/user/-f2fs/oe/build.OE-Generic.x86_64-9.0-devel/zstd-1.3.5/.x86_64-pc-linux-gnu/CMakeFiles/feature_tests.cxx
Linking CXX executable cmTC_27c08
/home/user/-f2fs/oe/build.OE-Generic.x86_64-9.0-devel/toolchain/bin/cmake -E cmake_link_script CMakeFiles/cmTC_27c08.dir/link.txt --verbose=1
/home/user/-f2fs/oe/build.OE-Generic.x86_64-9.0-devel/toolchain/bin/host-g++  -O2 -I/home/user/-f2fs/oe/build.OE-Generic.x86_64-9.0-devel/toolchain/include -fdiagnostics-color=always -Wno-format-security -fPIC -DPIC   -Wl,-rpath,/home/user/-f2fs/oe/build.OE-Generic.x86_64-9.0-devel/toolchain/lib -L/home/user/-f2fs/oe/build.OE-Generic.x86_64-9.0-devel/toolchain/lib -fPIC  -rdynamic CMakeFiles/cmTC_27c08.dir/feature_tests.cxx.o  -o cmTC_27c08 
gmake[1]: Leaving directory '/home/user/-f2fs/oe/build.OE-Generic.x86_64-9.0-devel/zstd-1.3.5/.x86_64-pc-linux-gnu/CMakeFiles/CMakeTmp'


    Feature record: CXX_FEATURE:1cxx_aggregate_default_initializers
    Feature record: CXX_FEATURE:1cxx_alias_templates
    Feature record: CXX_FEATURE:1cxx_alignas
    Feature record: CXX_FEATURE:1cxx_alignof
    Feature record: CXX_FEATURE:1cxx_attributes
    Feature record: CXX_FEATURE:1cxx_attribute_deprecated
    Feature record: CXX_FEATURE:1cxx_auto_type
    Feature record: CXX_FEATURE:1cxx_binary_literals
    Feature record: CXX_FEATURE:1cxx_constexpr
    Feature record: CXX_FEATURE:1cxx_contextual_conversions
    Feature record: CXX_FEATURE:1cxx_decltype
    Feature record: CXX_FEATURE:1cxx_decltype_auto
    Feature record: CXX_FEATURE:1cxx_decltype_incomplete_return_types
    Feature record: CXX_FEATURE:1cxx_default_function_template_args
    Feature record: CXX_FEATURE:1cxx_defaulted_functions
    Feature record: CXX_FEATURE:1cxx_defaulted_move_initializers
    Feature record: CXX_FEATURE:1cxx_delegating_constructors
    Feature record: CXX_FEATURE:1cxx_deleted_functions
    Feature record: CXX_FEATURE:1cxx_digit_separators
    Feature record: CXX_FEATURE:1cxx_enum_forward_declarations
    Feature record: CXX_FEATURE:1cxx_explicit_conversions
    Feature record: CXX_FEATURE:1cxx_extended_friend_declarations
    Feature record: CXX_FEATURE:1cxx_extern_templates
    Feature record: CXX_FEATURE:1cxx_final
    Feature record: CXX_FEATURE:1cxx_func_identifier
    Feature record: CXX_FEATURE:1cxx_generalized_initializers
    Feature record: CXX_FEATURE:1cxx_generic_lambdas
    Feature record: CXX_FEATURE:1cxx_inheriting_constructors
    Feature record: CXX_FEATURE:1cxx_inline_namespaces
    Feature record: CXX_FEATURE:1cxx_lambdas
    Feature record: CXX_FEATURE:1cxx_lambda_init_captures
    Feature record: CXX_FEATURE:1cxx_local_type_template_args
    Feature record: CXX_FEATURE:1cxx_long_long_type
    Feature record: CXX_FEATURE:1cxx_noexcept
    Feature record: CXX_FEATURE:1cxx_nonstatic_member_init
    Feature record: CXX_FEATURE:1cxx_nullptr
    Feature record: CXX_FEATURE:1cxx_override
    Feature record: CXX_FEATURE:1cxx_range_for
    Feature record: CXX_FEATURE:1cxx_raw_string_literals
    Feature record: CXX_FEATURE:1cxx_reference_qualified_functions
    Feature record: CXX_FEATURE:1cxx_relaxed_constexpr
    Feature record: CXX_FEATURE:1cxx_return_type_deduction
    Feature record: CXX_FEATURE:1cxx_right_angle_brackets
    Feature record: CXX_FEATURE:1cxx_rvalue_references
    Feature record: CXX_FEATURE:1cxx_sizeof_member
    Feature record: CXX_FEATURE:1cxx_static_assert
    Feature record: CXX_FEATURE:1cxx_strong_enums
    Feature record: CXX_FEATURE:1cxx_template_template_parameters
    Feature record: CXX_FEATURE:1cxx_thread_local
    Feature record: CXX_FEATURE:1cxx_trailing_return_types
    Feature record: CXX_FEATURE:1cxx_unicode_literals
    Feature record: CXX_FEATURE:1cxx_uniform_initialization
    Feature record: CXX_FEATURE:1cxx_unrestricted_unions
    Feature record: CXX_FEATURE:1cxx_user_literals
    Feature record: CXX_FEATURE:1cxx_variable_templates
    Feature record: CXX_FEATURE:1cxx_variadic_macros
    Feature record: CXX_FEATURE:1cxx_variadic_templates


Detecting CXX [-std=c++11] compiler features compiled with the following output:
Change Dir: /home/user/-f2fs/oe/build.OE-Generic.x86_64-9.0-devel/zstd-1.3.5/.x86_64-pc-linux-gnu/CMakeFiles/CMakeTmp

Run Build Command:"/home/user/-f2fs/oe/build.OE-Generic.x86_64-9.0-devel/toolchain/bin/gmake" "cmTC_f6cf4/fast"
/home/user/-f2fs/oe/build.OE-Generic.x86_64-9.0-devel/toolchain/bin/gmake -f CMakeFiles/cmTC_f6cf4.dir/build.make CMakeFiles/cmTC_f6cf4.dir/build
gmake[1]: Entering directory '/home/user/-f2fs/oe/build.OE-Generic.x86_64-9.0-devel/zstd-1.3.5/.x86_64-pc-linux-gnu/CMakeFiles/CMakeTmp'
Building CXX object CMakeFiles/cmTC_f6cf4.dir/feature_tests.cxx.o
/home/user/-f2fs/oe/build.OE-Generic.x86_64-9.0-devel/toolchain/bin/host-g++    -O2 -I/home/user/-f2fs/oe/build.OE-Generic.x86_64-9.0-devel/toolchain/include -fdiagnostics-color=always -Wno-format-security -fPIC -DPIC    -std=c++11 -o CMakeFiles/cmTC_f6cf4.dir/feature_tests.cxx.o -c /home/user/-f2fs/oe/build.OE-Generic.x86_64-9.0-devel/zstd-1.3.5/.x86_64-pc-linux-gnu/CMakeFiles/feature_tests.cxx
Linking CXX executable cmTC_f6cf4
/home/user/-f2fs/oe/build.OE-Generic.x86_64-9.0-devel/toolchain/bin/cmake -E cmake_link_script CMakeFiles/cmTC_f6cf4.dir/link.txt --verbose=1
/home/user/-f2fs/oe/build.OE-Generic.x86_64-9.0-devel/toolchain/bin/host-g++  -O2 -I/home/user/-f2fs/oe/build.OE-Generic.x86_64-9.0-devel/toolchain/include -fdiagnostics-color=always -Wno-format-security -fPIC -DPIC   -Wl,-rpath,/home/user/-f2fs/oe/build.OE-Generic.x86_64-9.0-devel/toolchain/lib -L/home/user/-f2fs/oe/build.OE-Generic.x86_64-9.0-devel/toolchain/lib -fPIC  -rdynamic CMakeFiles/cmTC_f6cf4.dir/feature_tests.cxx.o  -o cmTC_f6cf4 
gmake[1]: Leaving directory '/home/user/-f2fs/oe/build.OE-Generic.x86_64-9.0-devel/zstd-1.3.5/.x86_64-pc-linux-gnu/CMakeFiles/CMakeTmp'


    Feature record: CXX_FEATURE:0cxx_aggregate_default_initializers
    Feature record: CXX_FEATURE:1cxx_alias_templates
    Feature record: CXX_FEATURE:1cxx_alignas
    Feature record: CXX_FEATURE:1cxx_alignof
    Feature record: CXX_FEATURE:1cxx_attributes
    Feature record: CXX_FEATURE:0cxx_attribute_deprecated
    Feature record: CXX_FEATURE:1cxx_auto_type
    Feature record: CXX_FEATURE:0cxx_binary_literals
    Feature record: CXX_FEATURE:1cxx_constexpr
    Feature record: CXX_FEATURE:0cxx_contextual_conversions
    Feature record: CXX_FEATURE:1cxx_decltype
    Feature record: CXX_FEATURE:0cxx_decltype_auto
    Feature record: CXX_FEATURE:1cxx_decltype_incomplete_return_types
    Feature record: CXX_FEATURE:1cxx_default_function_template_args
    Feature record: CXX_FEATURE:1cxx_defaulted_functions
    Feature record: CXX_FEATURE:1cxx_defaulted_move_initializers
    Feature record: CXX_FEATURE:1cxx_delegating_constructors
    Feature record: CXX_FEATURE:1cxx_deleted_functions
    Feature record: CXX_FEATURE:0cxx_digit_separators
    Feature record: CXX_FEATURE:1cxx_enum_forward_declarations
    Feature record: CXX_FEATURE:1cxx_explicit_conversions
    Feature record: CXX_FEATURE:1cxx_extended_friend_declarations
    Feature record: CXX_FEATURE:1cxx_extern_templates
    Feature record: CXX_FEATURE:1cxx_final
    Feature record: CXX_FEATURE:1cxx_func_identifier
    Feature record: CXX_FEATURE:1cxx_generalized_initializers
    Feature record: CXX_FEATURE:0cxx_generic_lambdas
    Feature record: CXX_FEATURE:1cxx_inheriting_constructors
    Feature record: CXX_FEATURE:1cxx_inline_namespaces
    Feature record: CXX_FEATURE:1cxx_lambdas
    Feature record: CXX_FEATURE:0cxx_lambda_init_captures
    Feature record: CXX_FEATURE:1cxx_local_type_template_args
    Feature record: CXX_FEATURE:1cxx_long_long_type
    Feature record: CXX_FEATURE:1cxx_noexcept
    Feature record: CXX_FEATURE:1cxx_nonstatic_member_init
    Feature record: CXX_FEATURE:1cxx_nullptr
    Feature record: CXX_FEATURE:1cxx_override
    Feature record: CXX_FEATURE:1cxx_range_for
    Feature record: CXX_FEATURE:1cxx_raw_string_literals
    Feature record: CXX_FEATURE:1cxx_reference_qualified_functions
    Feature record: CXX_FEATURE:0cxx_relaxed_constexpr
    Feature record: CXX_FEATURE:0cxx_return_type_deduction
    Feature record: CXX_FEATURE:1cxx_right_angle_brackets
    Feature record: CXX_FEATURE:1cxx_rvalue_references
    Feature record: CXX_FEATURE:1cxx_sizeof_member
    Feature record: CXX_FEATURE:1cxx_static_assert
    Feature record: CXX_FEATURE:1cxx_strong_enums
    Feature record: CXX_FEATURE:1cxx_template_template_parameters
    Feature record: CXX_FEATURE:1cxx_thread_local
    Feature record: CXX_FEATURE:1cxx_trailing_return_types
    Feature record: CXX_FEATURE:1cxx_unicode_literals
    Feature record: CXX_FEATURE:1cxx_uniform_initialization
    Feature record: CXX_FEATURE:1cxx_unrestricted_unions
    Feature record: CXX_FEATURE:1cxx_user_literals
    Feature record: CXX_FEATURE:0cxx_variable_templates
    Feature record: CXX_FEATURE:1cxx_variadic_macros
    Feature record: CXX_FEATURE:1cxx_variadic_templates


Detecting CXX [-std=c++98] compiler features compiled with the following output:
Change Dir: /home/user/-f2fs/oe/build.OE-Generic.x86_64-9.0-devel/zstd-1.3.5/.x86_64-pc-linux-gnu/CMakeFiles/CMakeTmp

Run Build Command:"/home/user/-f2fs/oe/build.OE-Generic.x86_64-9.0-devel/toolchain/bin/gmake" "cmTC_73256/fast"
/home/user/-f2fs/oe/build.OE-Generic.x86_64-9.0-devel/toolchain/bin/gmake -f CMakeFiles/cmTC_73256.dir/build.make CMakeFiles/cmTC_73256.dir/build
gmake[1]: Entering directory '/home/user/-f2fs/oe/build.OE-Generic.x86_64-9.0-devel/zstd-1.3.5/.x86_64-pc-linux-gnu/CMakeFiles/CMakeTmp'
Building CXX object CMakeFiles/cmTC_73256.dir/feature_tests.cxx.o
/home/user/-f2fs/oe/build.OE-Generic.x86_64-9.0-devel/toolchain/bin/host-g++    -O2 -I/home/user/-f2fs/oe/build.OE-Generic.x86_64-9.0-devel/toolchain/include -fdiagnostics-color=always -Wno-format-security -fPIC -DPIC    -std=c++98 -o CMakeFiles/cmTC_73256.dir/feature_tests.cxx.o -c /home/user/-f2fs/oe/build.OE-Generic.x86_64-9.0-devel/zstd-1.3.5/.x86_64-pc-linux-gnu/CMakeFiles/feature_tests.cxx
Linking CXX executable cmTC_73256
/home/user/-f2fs/oe/build.OE-Generic.x86_64-9.0-devel/toolchain/bin/cmake -E cmake_link_script CMakeFiles/cmTC_73256.dir/link.txt --verbose=1
/home/user/-f2fs/oe/build.OE-Generic.x86_64-9.0-devel/toolchain/bin/host-g++  -O2 -I/home/user/-f2fs/oe/build.OE-Generic.x86_64-9.0-devel/toolchain/include -fdiagnostics-color=always -Wno-format-security -fPIC -DPIC   -Wl,-rpath,/home/user/-f2fs/oe/build.OE-Generic.x86_64-9.0-devel/toolchain/lib -L/home/user/-f2fs/oe/build.OE-Generic.x86_64-9.0-devel/toolchain/lib -fPIC  -rdynamic CMakeFiles/cmTC_73256.dir/feature_tests.cxx.o  -o cmTC_73256 
gmake[1]: Leaving directory '/home/user/-f2fs/oe/build.OE-Generic.x86_64-9.0-devel/zstd-1.3.5/.x86_64-pc-linux-gnu/CMakeFiles/CMakeTmp'


    Feature record: CXX_FEATURE:0cxx_aggregate_default_initializers
    Feature record: CXX_FEATURE:0cxx_alias_templates
    Feature record: CXX_FEATURE:0cxx_alignas
    Feature record: CXX_FEATURE:0cxx_alignof
    Feature record: CXX_FEATURE:0cxx_attributes
    Feature record: CXX_FEATURE:0cxx_attribute_deprecated
    Feature record: CXX_FEATURE:0cxx_auto_type
    Feature record: CXX_FEATURE:0cxx_binary_literals
    Feature record: CXX_FEATURE:0cxx_constexpr
    Feature record: CXX_FEATURE:0cxx_contextual_conversions
    Feature record: CXX_FEATURE:0cxx_decltype
    Feature record: CXX_FEATURE:0cxx_decltype_auto
    Feature record: CXX_FEATURE:0cxx_decltype_incomplete_return_types
    Feature record: CXX_FEATURE:0cxx_default_function_template_args
    Feature record: CXX_FEATURE:0cxx_defaulted_functions
    Feature record: CXX_FEATURE:0cxx_defaulted_move_initializers
    Feature record: CXX_FEATURE:0cxx_delegating_constructors
    Feature record: CXX_FEATURE:0cxx_deleted_functions
    Feature record: CXX_FEATURE:0cxx_digit_separators
    Feature record: CXX_FEATURE:0cxx_enum_forward_declarations
    Feature record: CXX_FEATURE:0cxx_explicit_conversions
    Feature record: CXX_FEATURE:0cxx_extended_friend_declarations
    Feature record: CXX_FEATURE:0cxx_extern_templates
    Feature record: CXX_FEATURE:0cxx_final
    Feature record: CXX_FEATURE:0cxx_func_identifier
    Feature record: CXX_FEATURE:0cxx_generalized_initializers
    Feature record: CXX_FEATURE:0cxx_generic_lambdas
    Feature record: CXX_FEATURE:0cxx_inheriting_constructors
    Feature record: CXX_FEATURE:0cxx_inline_namespaces
    Feature record: CXX_FEATURE:0cxx_lambdas
    Feature record: CXX_FEATURE:0cxx_lambda_init_captures
    Feature record: CXX_FEATURE:0cxx_local_type_template_args
    Feature record: CXX_FEATURE:0cxx_long_long_type
    Feature record: CXX_FEATURE:0cxx_noexcept
    Feature record: CXX_FEATURE:0cxx_nonstatic_member_init
    Feature record: CXX_FEATURE:0cxx_nullptr
    Feature record: CXX_FEATURE:0cxx_override
    Feature record: CXX_FEATURE:0cxx_range_for
    Feature record: CXX_FEATURE:0cxx_raw_string_literals
    Feature record: CXX_FEATURE:0cxx_reference_qualified_functions
    Feature record: CXX_FEATURE:0cxx_relaxed_constexpr
    Feature record: CXX_FEATURE:0cxx_return_type_deduction
    Feature record: CXX_FEATURE:0cxx_right_angle_brackets
    Feature record: CXX_FEATURE:0cxx_rvalue_references
    Feature record: CXX_FEATURE:0cxx_sizeof_member
    Feature record: CXX_FEATURE:0cxx_static_assert
    Feature record: CXX_FEATURE:0cxx_strong_enums
    Feature record: CXX_FEATURE:1cxx_template_template_parameters
    Feature record: CXX_FEATURE:0cxx_thread_local
    Feature record: CXX_FEATURE:0cxx_trailing_return_types
    Feature record: CXX_FEATURE:0cxx_unicode_literals
    Feature record: CXX_FEATURE:0cxx_uniform_initialization
    Feature record: CXX_FEATURE:0cxx_unrestricted_unions
    Feature record: CXX_FEATURE:0cxx_user_literals
    Feature record: CXX_FEATURE:0cxx_variable_templates
    Feature record: CXX_FEATURE:0cxx_variadic_macros
    Feature record: CXX_FEATURE:0cxx_variadic_templates
Performing C++ SOURCE FILE Test CXX_FLAG_STD_CPLUSPLUS11 succeeded with the following output:
Change Dir: /home/user/-f2fs/oe/build.OE-Generic.x86_64-9.0-devel/zstd-1.3.5/.x86_64-pc-linux-gnu/CMakeFiles/CMakeTmp

Run Build Command:"/home/user/-f2fs/oe/build.OE-Generic.x86_64-9.0-devel/toolchain/bin/gmake" "cmTC_dd1b4/fast"
/home/user/-f2fs/oe/build.OE-Generic.x86_64-9.0-devel/toolchain/bin/gmake -f CMakeFiles/cmTC_dd1b4.dir/build.make CMakeFiles/cmTC_dd1b4.dir/build
gmake[1]: Entering directory '/home/user/-f2fs/oe/build.OE-Generic.x86_64-9.0-devel/zstd-1.3.5/.x86_64-pc-linux-gnu/CMakeFiles/CMakeTmp'
Building CXX object CMakeFiles/cmTC_dd1b4.dir/src.cxx.o
/home/user/-f2fs/oe/build.OE-Generic.x86_64-9.0-devel/toolchain/bin/host-g++    -O2 -I/home/user/-f2fs/oe/build.OE-Generic.x86_64-9.0-devel/toolchain/include -fdiagnostics-color=always -Wno-format-security -fPIC -DPIC -DCXX_FLAG_STD_CPLUSPLUS11   -std=c++11 -o CMakeFiles/cmTC_dd1b4.dir/src.cxx.o -c /home/user/-f2fs/oe/build.OE-Generic.x86_64-9.0-devel/zstd-1.3.5/.x86_64-pc-linux-gnu/CMakeFiles/CMakeTmp/src.cxx
Linking CXX executable cmTC_dd1b4
/home/user/-f2fs/oe/build.OE-Generic.x86_64-9.0-devel/toolchain/bin/cmake -E cmake_link_script CMakeFiles/cmTC_dd1b4.dir/link.txt --verbose=1
/home/user/-f2fs/oe/build.OE-Generic.x86_64-9.0-devel/toolchain/bin/host-g++  -O2 -I/home/user/-f2fs/oe/build.OE-Generic.x86_64-9.0-devel/toolchain/include -fdiagnostics-color=always -Wno-format-security -fPIC -DPIC -DCXX_FLAG_STD_CPLUSPLUS11  -Wl,-rpath,/home/user/-f2fs/oe/build.OE-Generic.x86_64-9.0-devel/toolchain/lib -L/home/user/-f2fs/oe/build.OE-Generic.x86_64-9.0-devel/toolchain/lib -fPIC  -rdynamic CMakeFiles/cmTC_dd1b4.dir/src.cxx.o  -o cmTC_dd1b4 
gmake[1]: Leaving directory '/home/user/-f2fs/oe/build.OE-Generic.x86_64-9.0-devel/zstd-1.3.5/.x86_64-pc-linux-gnu/CMakeFiles/CMakeTmp'

Source file was:
int main() { return 0; }
Performing C SOURCE FILE Test C_FLAG_STD_C99 succeeded with the following output:
Change Dir: /home/user/-f2fs/oe/build.OE-Generic.x86_64-9.0-devel/zstd-1.3.5/.x86_64-pc-linux-gnu/CMakeFiles/CMakeTmp

Run Build Command:"/home/user/-f2fs/oe/build.OE-Generic.x86_64-9.0-devel/toolchain/bin/gmake" "cmTC_830c7/fast"
/home/user/-f2fs/oe/build.OE-Generic.x86_64-9.0-devel/toolchain/bin/gmake -f CMakeFiles/cmTC_830c7.dir/build.make CMakeFiles/cmTC_830c7.dir/build
gmake[1]: Entering directory '/home/user/-f2fs/oe/build.OE-Generic.x86_64-9.0-devel/zstd-1.3.5/.x86_64-pc-linux-gnu/CMakeFiles/CMakeTmp'
Building C object CMakeFiles/cmTC_830c7.dir/src.c.o
/home/user/-f2fs/oe/build.OE-Generic.x86_64-9.0-devel/toolchain/bin/host-gcc   -O2 -I/home/user/-f2fs/oe/build.OE-Generic.x86_64-9.0-devel/toolchain/include -fdiagnostics-color=always -Wno-format-security -fPIC -DPIC -DC_FLAG_STD_C99   -std=c99 -o CMakeFiles/cmTC_830c7.dir/src.c.o   -c /home/user/-f2fs/oe/build.OE-Generic.x86_64-9.0-devel/zstd-1.3.5/.x86_64-pc-linux-gnu/CMakeFiles/CMakeTmp/src.c
Linking C executable cmTC_830c7
/home/user/-f2fs/oe/build.OE-Generic.x86_64-9.0-devel/toolchain/bin/cmake -E cmake_link_script CMakeFiles/cmTC_830c7.dir/link.txt --verbose=1
/home/user/-f2fs/oe/build.OE-Generic.x86_64-9.0-devel/toolchain/bin/host-gcc -O2 -I/home/user/-f2fs/oe/build.OE-Generic.x86_64-9.0-devel/toolchain/include -fdiagnostics-color=always -Wno-format-security -fPIC -DPIC -DC_FLAG_STD_C99  -Wl,-rpath,/home/user/-f2fs/oe/build.OE-Generic.x86_64-9.0-devel/toolchain/lib -L/home/user/-f2fs/oe/build.OE-Generic.x86_64-9.0-devel/toolchain/lib -fPIC  -rdynamic CMakeFiles/cmTC_830c7.dir/src.c.o  -o cmTC_830c7 
gmake[1]: Leaving directory '/home/user/-f2fs/oe/build.OE-Generic.x86_64-9.0-devel/zstd-1.3.5/.x86_64-pc-linux-gnu/CMakeFiles/CMakeTmp'

Source file was:
int main(void) { return 0; }
Performing C SOURCE FILE Test C_FLAG_WALL succeeded with the following output:
Change Dir: /home/user/-f2fs/oe/build.OE-Generic.x86_64-9.0-devel/zstd-1.3.5/.x86_64-pc-linux-gnu/CMakeFiles/CMakeTmp

Run Build Command:"/home/user/-f2fs/oe/build.OE-Generic.x86_64-9.0-devel/toolchain/bin/gmake" "cmTC_3eb09/fast"
/home/user/-f2fs/oe/build.OE-Generic.x86_64-9.0-devel/toolchain/bin/gmake -f CMakeFiles/cmTC_3eb09.dir/build.make CMakeFiles/cmTC_3eb09.dir/build
gmake[1]: Entering directory '/home/user/-f2fs/oe/build.OE-Generic.x86_64-9.0-devel/zstd-1.3.5/.x86_64-pc-linux-gnu/CMakeFiles/CMakeTmp'
Building C object CMakeFiles/cmTC_3eb09.dir/src.c.o
/home/user/-f2fs/oe/build.OE-Generic.x86_64-9.0-devel/toolchain/bin/host-gcc   -O2 -I/home/user/-f2fs/oe/build.OE-Generic.x86_64-9.0-devel/toolchain/include -fdiagnostics-color=always -Wno-format-security -fPIC -DPIC -std=c99 -DC_FLAG_WALL   -Wall -o CMakeFiles/cmTC_3eb09.dir/src.c.o   -c /home/user/-f2fs/oe/build.OE-Generic.x86_64-9.0-devel/zstd-1.3.5/.x86_64-pc-linux-gnu/CMakeFiles/CMakeTmp/src.c
Linking C executable cmTC_3eb09
/home/user/-f2fs/oe/build.OE-Generic.x86_64-9.0-devel/toolchain/bin/cmake -E cmake_link_script CMakeFiles/cmTC_3eb09.dir/link.txt --verbose=1
/home/user/-f2fs/oe/build.OE-Generic.x86_64-9.0-devel/toolchain/bin/host-gcc -O2 -I/home/user/-f2fs/oe/build.OE-Generic.x86_64-9.0-devel/toolchain/include -fdiagnostics-color=always -Wno-format-security -fPIC -DPIC -std=c99 -DC_FLAG_WALL  -Wl,-rpath,/home/user/-f2fs/oe/build.OE-Generic.x86_64-9.0-devel/toolchain/lib -L/home/user/-f2fs/oe/build.OE-Generic.x86_64-9.0-devel/toolchain/lib -fPIC  -rdynamic CMakeFiles/cmTC_3eb09.dir/src.c.o  -o cmTC_3eb09 
gmake[1]: Leaving directory '/home/user/-f2fs/oe/build.OE-Generic.x86_64-9.0-devel/zstd-1.3.5/.x86_64-pc-linux-gnu/CMakeFiles/CMakeTmp'

Source file was:
int main(void) { return 0; }
Performing C++ SOURCE FILE Test CXX_FLAG_WALL succeeded with the following output:
Change Dir: /home/user/-f2fs/oe/build.OE-Generic.x86_64-9.0-devel/zstd-1.3.5/.x86_64-pc-linux-gnu/CMakeFiles/CMakeTmp

Run Build Command:"/home/user/-f2fs/oe/build.OE-Generic.x86_64-9.0-devel/toolchain/bin/gmake" "cmTC_da39a/fast"
/home/user/-f2fs/oe/build.OE-Generic.x86_64-9.0-devel/toolchain/bin/gmake -f CMakeFiles/cmTC_da39a.dir/build.make CMakeFiles/cmTC_da39a.dir/build
gmake[1]: Entering directory '/home/user/-f2fs/oe/build.OE-Generic.x86_64-9.0-devel/zstd-1.3.5/.x86_64-pc-linux-gnu/CMakeFiles/CMakeTmp'
Building CXX object CMakeFiles/cmTC_da39a.dir/src.cxx.o
/home/user/-f2fs/oe/build.OE-Generic.x86_64-9.0-devel/toolchain/bin/host-g++    -O2 -I/home/user/-f2fs/oe/build.OE-Generic.x86_64-9.0-devel/toolchain/include -fdiagnostics-color=always -Wno-format-security -fPIC -DPIC -std=c++11 -DCXX_FLAG_WALL   -Wall -o CMakeFiles/cmTC_da39a.dir/src.cxx.o -c /home/user/-f2fs/oe/build.OE-Generic.x86_64-9.0-devel/zstd-1.3.5/.x86_64-pc-linux-gnu/CMakeFiles/CMakeTmp/src.cxx
Linking CXX executable cmTC_da39a
/home/user/-f2fs/oe/build.OE-Generic.x86_64-9.0-devel/toolchain/bin/cmake -E cmake_link_script CMakeFiles/cmTC_da39a.dir/link.txt --verbose=1
/home/user/-f2fs/oe/build.OE-Generic.x86_64-9.0-devel/toolchain/bin/host-g++  -O2 -I/home/user/-f2fs/oe/build.OE-Generic.x86_64-9.0-devel/toolchain/include -fdiagnostics-color=always -Wno-format-security -fPIC -DPIC -std=c++11 -DCXX_FLAG_WALL  -Wl,-rpath,/home/user/-f2fs/oe/build.OE-Generic.x86_64-9.0-devel/toolchain/lib -L/home/user/-f2fs/oe/build.OE-Generic.x86_64-9.0-devel/toolchain/lib -fPIC  -rdynamic CMakeFiles/cmTC_da39a.dir/src.cxx.o  -o cmTC_da39a 
gmake[1]: Leaving directory '/home/user/-f2fs/oe/build.OE-Generic.x86_64-9.0-devel/zstd-1.3.5/.x86_64-pc-linux-gnu/CMakeFiles/CMakeTmp'

Source file was:
int main() { return 0; }
Performing C SOURCE FILE Test C_FLAG_WEXTRA succeeded with the following output:
Change Dir: /home/user/-f2fs/oe/build.OE-Generic.x86_64-9.0-devel/zstd-1.3.5/.x86_64-pc-linux-gnu/CMakeFiles/CMakeTmp

Run Build Command:"/home/user/-f2fs/oe/build.OE-Generic.x86_64-9.0-devel/toolchain/bin/gmake" "cmTC_53bbf/fast"
/home/user/-f2fs/oe/build.OE-Generic.x86_64-9.0-devel/toolchain/bin/gmake -f CMakeFiles/cmTC_53bbf.dir/build.make CMakeFiles/cmTC_53bbf.dir/build
gmake[1]: Entering directory '/home/user/-f2fs/oe/build.OE-Generic.x86_64-9.0-devel/zstd-1.3.5/.x86_64-pc-linux-gnu/CMakeFiles/CMakeTmp'
Building C object CMakeFiles/cmTC_53bbf.dir/src.c.o
/home/user/-f2fs/oe/build.OE-Generic.x86_64-9.0-devel/toolchain/bin/host-gcc   -O2 -I/home/user/-f2fs/oe/build.OE-Generic.x86_64-9.0-devel/toolchain/include -fdiagnostics-color=always -Wno-format-security -fPIC -DPIC -std=c99 -Wall -DC_FLAG_WEXTRA   -Wextra -o CMakeFiles/cmTC_53bbf.dir/src.c.o   -c /home/user/-f2fs/oe/build.OE-Generic.x86_64-9.0-devel/zstd-1.3.5/.x86_64-pc-linux-gnu/CMakeFiles/CMakeTmp/src.c
Linking C executable cmTC_53bbf
/home/user/-f2fs/oe/build.OE-Generic.x86_64-9.0-devel/toolchain/bin/cmake -E cmake_link_script CMakeFiles/cmTC_53bbf.dir/link.txt --verbose=1
/home/user/-f2fs/oe/build.OE-Generic.x86_64-9.0-devel/toolchain/bin/host-gcc -O2 -I/home/user/-f2fs/oe/build.OE-Generic.x86_64-9.0-devel/toolchain/include -fdiagnostics-color=always -Wno-format-security -fPIC -DPIC -std=c99 -Wall -DC_FLAG_WEXTRA  -Wl,-rpath,/home/user/-f2fs/oe/build.OE-Generic.x86_64-9.0-devel/toolchain/lib -L/home/user/-f2fs/oe/build.OE-Generic.x86_64-9.0-devel/toolchain/lib -fPIC  -rdynamic CMakeFiles/cmTC_53bbf.dir/src.c.o  -o cmTC_53bbf 
gmake[1]: Leaving directory '/home/user/-f2fs/oe/build.OE-Generic.x86_64-9.0-devel/zstd-1.3.5/.x86_64-pc-linux-gnu/CMakeFiles/CMakeTmp'

Source file was:
int main(void) { return 0; }
Performing C++ SOURCE FILE Test CXX_FLAG_WEXTRA succeeded with the following output:
Change Dir: /home/user/-f2fs/oe/build.OE-Generic.x86_64-9.0-devel/zstd-1.3.5/.x86_64-pc-linux-gnu/CMakeFiles/CMakeTmp

Run Build Command:"/home/user/-f2fs/oe/build.OE-Generic.x86_64-9.0-devel/toolchain/bin/gmake" "cmTC_d18af/fast"
/home/user/-f2fs/oe/build.OE-Generic.x86_64-9.0-devel/toolchain/bin/gmake -f CMakeFiles/cmTC_d18af.dir/build.make CMakeFiles/cmTC_d18af.dir/build
gmake[1]: Entering directory '/home/user/-f2fs/oe/build.OE-Generic.x86_64-9.0-devel/zstd-1.3.5/.x86_64-pc-linux-gnu/CMakeFiles/CMakeTmp'
Building CXX object CMakeFiles/cmTC_d18af.dir/src.cxx.o
/home/user/-f2fs/oe/build.OE-Generic.x86_64-9.0-devel/toolchain/bin/host-g++    -O2 -I/home/user/-f2fs/oe/build.OE-Generic.x86_64-9.0-devel/toolchain/include -fdiagnostics-color=always -Wno-format-security -fPIC -DPIC -std=c++11 -Wall -DCXX_FLAG_WEXTRA   -Wextra -o CMakeFiles/cmTC_d18af.dir/src.cxx.o -c /home/user/-f2fs/oe/build.OE-Generic.x86_64-9.0-devel/zstd-1.3.5/.x86_64-pc-linux-gnu/CMakeFiles/CMakeTmp/src.cxx
Linking CXX executable cmTC_d18af
/home/user/-f2fs/oe/build.OE-Generic.x86_64-9.0-devel/toolchain/bin/cmake -E cmake_link_script CMakeFiles/cmTC_d18af.dir/link.txt --verbose=1
/home/user/-f2fs/oe/build.OE-Generic.x86_64-9.0-devel/toolchain/bin/host-g++  -O2 -I/home/user/-f2fs/oe/build.OE-Generic.x86_64-9.0-devel/toolchain/include -fdiagnostics-color=always -Wno-format-security -fPIC -DPIC -std=c++11 -Wall -DCXX_FLAG_WEXTRA  -Wl,-rpath,/home/user/-f2fs/oe/build.OE-Generic.x86_64-9.0-devel/toolchain/lib -L/home/user/-f2fs/oe/build.OE-Generic.x86_64-9.0-devel/toolchain/lib -fPIC  -rdynamic CMakeFiles/cmTC_d18af.dir/src.cxx.o  -o cmTC_d18af 
gmake[1]: Leaving directory '/home/user/-f2fs/oe/build.OE-Generic.x86_64-9.0-devel/zstd-1.3.5/.x86_64-pc-linux-gnu/CMakeFiles/CMakeTmp'

Source file was:
int main() { return 0; }
Performing C SOURCE FILE Test C_FLAG_WUNDEF succeeded with the following output:
Change Dir: /home/user/-f2fs/oe/build.OE-Generic.x86_64-9.0-devel/zstd-1.3.5/.x86_64-pc-linux-gnu/CMakeFiles/CMakeTmp

Run Build Command:"/home/user/-f2fs/oe/build.OE-Generic.x86_64-9.0-devel/toolchain/bin/gmake" "cmTC_cc76e/fast"
/home/user/-f2fs/oe/build.OE-Generic.x86_64-9.0-devel/toolchain/bin/gmake -f CMakeFiles/cmTC_cc76e.dir/build.make CMakeFiles/cmTC_cc76e.dir/build
gmake[1]: Entering directory '/home/user/-f2fs/oe/build.OE-Generic.x86_64-9.0-devel/zstd-1.3.5/.x86_64-pc-linux-gnu/CMakeFiles/CMakeTmp'
Building C object CMakeFiles/cmTC_cc76e.dir/src.c.o
/home/user/-f2fs/oe/build.OE-Generic.x86_64-9.0-devel/toolchain/bin/host-gcc   -O2 -I/home/user/-f2fs/oe/build.OE-Generic.x86_64-9.0-devel/toolchain/include -fdiagnostics-color=always -Wno-format-security -fPIC -DPIC -std=c99 -Wall -Wextra -DC_FLAG_WUNDEF   -Wundef -o CMakeFiles/cmTC_cc76e.dir/src.c.o   -c /home/user/-f2fs/oe/build.OE-Generic.x86_64-9.0-devel/zstd-1.3.5/.x86_64-pc-linux-gnu/CMakeFiles/CMakeTmp/src.c
Linking C executable cmTC_cc76e
/home/user/-f2fs/oe/build.OE-Generic.x86_64-9.0-devel/toolchain/bin/cmake -E cmake_link_script CMakeFiles/cmTC_cc76e.dir/link.txt --verbose=1
/home/user/-f2fs/oe/build.OE-Generic.x86_64-9.0-devel/toolchain/bin/host-gcc -O2 -I/home/user/-f2fs/oe/build.OE-Generic.x86_64-9.0-devel/toolchain/include -fdiagnostics-color=always -Wno-format-security -fPIC -DPIC -std=c99 -Wall -Wextra -DC_FLAG_WUNDEF  -Wl,-rpath,/home/user/-f2fs/oe/build.OE-Generic.x86_64-9.0-devel/toolchain/lib -L/home/user/-f2fs/oe/build.OE-Generic.x86_64-9.0-devel/toolchain/lib -fPIC  -rdynamic CMakeFiles/cmTC_cc76e.dir/src.c.o  -o cmTC_cc76e 
gmake[1]: Leaving directory '/home/user/-f2fs/oe/build.OE-Generic.x86_64-9.0-devel/zstd-1.3.5/.x86_64-pc-linux-gnu/CMakeFiles/CMakeTmp'

Source file was:
int main(void) { return 0; }
Performing C++ SOURCE FILE Test CXX_FLAG_WUNDEF succeeded with the following output:
Change Dir: /home/user/-f2fs/oe/build.OE-Generic.x86_64-9.0-devel/zstd-1.3.5/.x86_64-pc-linux-gnu/CMakeFiles/CMakeTmp

Run Build Command:"/home/user/-f2fs/oe/build.OE-Generic.x86_64-9.0-devel/toolchain/bin/gmake" "cmTC_e23fb/fast"
/home/user/-f2fs/oe/build.OE-Generic.x86_64-9.0-devel/toolchain/bin/gmake -f CMakeFiles/cmTC_e23fb.dir/build.make CMakeFiles/cmTC_e23fb.dir/build
gmake[1]: Entering directory '/home/user/-f2fs/oe/build.OE-Generic.x86_64-9.0-devel/zstd-1.3.5/.x86_64-pc-linux-gnu/CMakeFiles/CMakeTmp'
Building CXX object CMakeFiles/cmTC_e23fb.dir/src.cxx.o
/home/user/-f2fs/oe/build.OE-Generic.x86_64-9.0-devel/toolchain/bin/host-g++    -O2 -I/home/user/-f2fs/oe/build.OE-Generic.x86_64-9.0-devel/toolchain/include -fdiagnostics-color=always -Wno-format-security -fPIC -DPIC -std=c++11 -Wall -Wextra -DCXX_FLAG_WUNDEF   -Wundef -o CMakeFiles/cmTC_e23fb.dir/src.cxx.o -c /home/user/-f2fs/oe/build.OE-Generic.x86_64-9.0-devel/zstd-1.3.5/.x86_64-pc-linux-gnu/CMakeFiles/CMakeTmp/src.cxx
Linking CXX executable cmTC_e23fb
/home/user/-f2fs/oe/build.OE-Generic.x86_64-9.0-devel/toolchain/bin/cmake -E cmake_link_script CMakeFiles/cmTC_e23fb.dir/link.txt --verbose=1
/home/user/-f2fs/oe/build.OE-Generic.x86_64-9.0-devel/toolchain/bin/host-g++  -O2 -I/home/user/-f2fs/oe/build.OE-Generic.x86_64-9.0-devel/toolchain/include -fdiagnostics-color=always -Wno-format-security -fPIC -DPIC -std=c++11 -Wall -Wextra -DCXX_FLAG_WUNDEF  -Wl,-rpath,/home/user/-f2fs/oe/build.OE-Generic.x86_64-9.0-devel/toolchain/lib -L/home/user/-f2fs/oe/build.OE-Generic.x86_64-9.0-devel/toolchain/lib -fPIC  -rdynamic CMakeFiles/cmTC_e23fb.dir/src.cxx.o  -o cmTC_e23fb 
gmake[1]: Leaving directory '/home/user/-f2fs/oe/build.OE-Generic.x86_64-9.0-devel/zstd-1.3.5/.x86_64-pc-linux-gnu/CMakeFiles/CMakeTmp'

Source file was:
int main() { return 0; }
Performing C SOURCE FILE Test C_FLAG_WSHADOW succeeded with the following output:
Change Dir: /home/user/-f2fs/oe/build.OE-Generic.x86_64-9.0-devel/zstd-1.3.5/.x86_64-pc-linux-gnu/CMakeFiles/CMakeTmp

Run Build Command:"/home/user/-f2fs/oe/build.OE-Generic.x86_64-9.0-devel/toolchain/bin/gmake" "cmTC_17c89/fast"
/home/user/-f2fs/oe/build.OE-Generic.x86_64-9.0-devel/toolchain/bin/gmake -f CMakeFiles/cmTC_17c89.dir/build.make CMakeFiles/cmTC_17c89.dir/build
gmake[1]: Entering directory '/home/user/-f2fs/oe/build.OE-Generic.x86_64-9.0-devel/zstd-1.3.5/.x86_64-pc-linux-gnu/CMakeFiles/CMakeTmp'
Building C object CMakeFiles/cmTC_17c89.dir/src.c.o
/home/user/-f2fs/oe/build.OE-Generic.x86_64-9.0-devel/toolchain/bin/host-gcc   -O2 -I/home/user/-f2fs/oe/build.OE-Generic.x86_64-9.0-devel/toolchain/include -fdiagnostics-color=always -Wno-format-security -fPIC -DPIC -std=c99 -Wall -Wextra -Wundef -DC_FLAG_WSHADOW   -Wshadow -o CMakeFiles/cmTC_17c89.dir/src.c.o   -c /home/user/-f2fs/oe/build.OE-Generic.x86_64-9.0-devel/zstd-1.3.5/.x86_64-pc-linux-gnu/CMakeFiles/CMakeTmp/src.c
Linking C executable cmTC_17c89
/home/user/-f2fs/oe/build.OE-Generic.x86_64-9.0-devel/toolchain/bin/cmake -E cmake_link_script CMakeFiles/cmTC_17c89.dir/link.txt --verbose=1
/home/user/-f2fs/oe/build.OE-Generic.x86_64-9.0-devel/toolchain/bin/host-gcc -O2 -I/home/user/-f2fs/oe/build.OE-Generic.x86_64-9.0-devel/toolchain/include -fdiagnostics-color=always -Wno-format-security -fPIC -DPIC -std=c99 -Wall -Wextra -Wundef -DC_FLAG_WSHADOW  -Wl,-rpath,/home/user/-f2fs/oe/build.OE-Generic.x86_64-9.0-devel/toolchain/lib -L/home/user/-f2fs/oe/build.OE-Generic.x86_64-9.0-devel/toolchain/lib -fPIC  -rdynamic CMakeFiles/cmTC_17c89.dir/src.c.o  -o cmTC_17c89 
gmake[1]: Leaving directory '/home/user/-f2fs/oe/build.OE-Generic.x86_64-9.0-devel/zstd-1.3.5/.x86_64-pc-linux-gnu/CMakeFiles/CMakeTmp'

Source file was:
int main(void) { return 0; }
Performing C++ SOURCE FILE Test CXX_FLAG_WSHADOW succeeded with the following output:
Change Dir: /home/user/-f2fs/oe/build.OE-Generic.x86_64-9.0-devel/zstd-1.3.5/.x86_64-pc-linux-gnu/CMakeFiles/CMakeTmp

Run Build Command:"/home/user/-f2fs/oe/build.OE-Generic.x86_64-9.0-devel/toolchain/bin/gmake" "cmTC_09cda/fast"
/home/user/-f2fs/oe/build.OE-Generic.x86_64-9.0-devel/toolchain/bin/gmake -f CMakeFiles/cmTC_09cda.dir/build.make CMakeFiles/cmTC_09cda.dir/build
gmake[1]: Entering directory '/home/user/-f2fs/oe/build.OE-Generic.x86_64-9.0-devel/zstd-1.3.5/.x86_64-pc-linux-gnu/CMakeFiles/CMakeTmp'
Building CXX object CMakeFiles/cmTC_09cda.dir/src.cxx.o
/home/user/-f2fs/oe/build.OE-Generic.x86_64-9.0-devel/toolchain/bin/host-g++    -O2 -I/home/user/-f2fs/oe/build.OE-Generic.x86_64-9.0-devel/toolchain/include -fdiagnostics-color=always -Wno-format-security -fPIC -DPIC -std=c++11 -Wall -Wextra -Wundef -DCXX_FLAG_WSHADOW   -Wshadow -o CMakeFiles/cmTC_09cda.dir/src.cxx.o -c /home/user/-f2fs/oe/build.OE-Generic.x86_64-9.0-devel/zstd-1.3.5/.x86_64-pc-linux-gnu/CMakeFiles/CMakeTmp/src.cxx
Linking CXX executable cmTC_09cda
/home/user/-f2fs/oe/build.OE-Generic.x86_64-9.0-devel/toolchain/bin/cmake -E cmake_link_script CMakeFiles/cmTC_09cda.dir/link.txt --verbose=1
/home/user/-f2fs/oe/build.OE-Generic.x86_64-9.0-devel/toolchain/bin/host-g++  -O2 -I/home/user/-f2fs/oe/build.OE-Generic.x86_64-9.0-devel/toolchain/include -fdiagnostics-color=always -Wno-format-security -fPIC -DPIC -std=c++11 -Wall -Wextra -Wundef -DCXX_FLAG_WSHADOW  -Wl,-rpath,/home/user/-f2fs/oe/build.OE-Generic.x86_64-9.0-devel/toolchain/lib -L/home/user/-f2fs/oe/build.OE-Generic.x86_64-9.0-devel/toolchain/lib -fPIC  -rdynamic CMakeFiles/cmTC_09cda.dir/src.cxx.o  -o cmTC_09cda 
gmake[1]: Leaving directory '/home/user/-f2fs/oe/build.OE-Generic.x86_64-9.0-devel/zstd-1.3.5/.x86_64-pc-linux-gnu/CMakeFiles/CMakeTmp'

Source file was:
int main() { return 0; }
Performing C SOURCE FILE Test C_FLAG_WCAST_ALIGN succeeded with the following output:
Change Dir: /home/user/-f2fs/oe/build.OE-Generic.x86_64-9.0-devel/zstd-1.3.5/.x86_64-pc-linux-gnu/CMakeFiles/CMakeTmp

Run Build Command:"/home/user/-f2fs/oe/build.OE-Generic.x86_64-9.0-devel/toolchain/bin/gmake" "cmTC_c3223/fast"
/home/user/-f2fs/oe/build.OE-Generic.x86_64-9.0-devel/toolchain/bin/gmake -f CMakeFiles/cmTC_c3223.dir/build.make CMakeFiles/cmTC_c3223.dir/build
gmake[1]: Entering directory '/home/user/-f2fs/oe/build.OE-Generic.x86_64-9.0-devel/zstd-1.3.5/.x86_64-pc-linux-gnu/CMakeFiles/CMakeTmp'
Building C object CMakeFiles/cmTC_c3223.dir/src.c.o
/home/user/-f2fs/oe/build.OE-Generic.x86_64-9.0-devel/toolchain/bin/host-gcc   -O2 -I/home/user/-f2fs/oe/build.OE-Generic.x86_64-9.0-devel/toolchain/include -fdiagnostics-color=always -Wno-format-security -fPIC -DPIC -std=c99 -Wall -Wextra -Wundef -Wshadow -DC_FLAG_WCAST_ALIGN   -Wcast-align -o CMakeFiles/cmTC_c3223.dir/src.c.o   -c /home/user/-f2fs/oe/build.OE-Generic.x86_64-9.0-devel/zstd-1.3.5/.x86_64-pc-linux-gnu/CMakeFiles/CMakeTmp/src.c
Linking C executable cmTC_c3223
/home/user/-f2fs/oe/build.OE-Generic.x86_64-9.0-devel/toolchain/bin/cmake -E cmake_link_script CMakeFiles/cmTC_c3223.dir/link.txt --verbose=1
/home/user/-f2fs/oe/build.OE-Generic.x86_64-9.0-devel/toolchain/bin/host-gcc -O2 -I/home/user/-f2fs/oe/build.OE-Generic.x86_64-9.0-devel/toolchain/include -fdiagnostics-color=always -Wno-format-security -fPIC -DPIC -std=c99 -Wall -Wextra -Wundef -Wshadow -DC_FLAG_WCAST_ALIGN  -Wl,-rpath,/home/user/-f2fs/oe/build.OE-Generic.x86_64-9.0-devel/toolchain/lib -L/home/user/-f2fs/oe/build.OE-Generic.x86_64-9.0-devel/toolchain/lib -fPIC  -rdynamic CMakeFiles/cmTC_c3223.dir/src.c.o  -o cmTC_c3223 
gmake[1]: Leaving directory '/home/user/-f2fs/oe/build.OE-Generic.x86_64-9.0-devel/zstd-1.3.5/.x86_64-pc-linux-gnu/CMakeFiles/CMakeTmp'

Source file was:
int main(void) { return 0; }
Performing C++ SOURCE FILE Test CXX_FLAG_WCAST_ALIGN succeeded with the following output:
Change Dir: /home/user/-f2fs/oe/build.OE-Generic.x86_64-9.0-devel/zstd-1.3.5/.x86_64-pc-linux-gnu/CMakeFiles/CMakeTmp

Run Build Command:"/home/user/-f2fs/oe/build.OE-Generic.x86_64-9.0-devel/toolchain/bin/gmake" "cmTC_0e056/fast"
/home/user/-f2fs/oe/build.OE-Generic.x86_64-9.0-devel/toolchain/bin/gmake -f CMakeFiles/cmTC_0e056.dir/build.make CMakeFiles/cmTC_0e056.dir/build
gmake[1]: Entering directory '/home/user/-f2fs/oe/build.OE-Generic.x86_64-9.0-devel/zstd-1.3.5/.x86_64-pc-linux-gnu/CMakeFiles/CMakeTmp'
Building CXX object CMakeFiles/cmTC_0e056.dir/src.cxx.o
/home/user/-f2fs/oe/build.OE-Generic.x86_64-9.0-devel/toolchain/bin/host-g++    -O2 -I/home/user/-f2fs/oe/build.OE-Generic.x86_64-9.0-devel/toolchain/include -fdiagnostics-color=always -Wno-format-security -fPIC -DPIC -std=c++11 -Wall -Wextra -Wundef -Wshadow -DCXX_FLAG_WCAST_ALIGN   -Wcast-align -o CMakeFiles/cmTC_0e056.dir/src.cxx.o -c /home/user/-f2fs/oe/build.OE-Generic.x86_64-9.0-devel/zstd-1.3.5/.x86_64-pc-linux-gnu/CMakeFiles/CMakeTmp/src.cxx
Linking CXX executable cmTC_0e056
/home/user/-f2fs/oe/build.OE-Generic.x86_64-9.0-devel/toolchain/bin/cmake -E cmake_link_script CMakeFiles/cmTC_0e056.dir/link.txt --verbose=1
/home/user/-f2fs/oe/build.OE-Generic.x86_64-9.0-devel/toolchain/bin/host-g++  -O2 -I/home/user/-f2fs/oe/build.OE-Generic.x86_64-9.0-devel/toolchain/include -fdiagnostics-color=always -Wno-format-security -fPIC -DPIC -std=c++11 -Wall -Wextra -Wundef -Wshadow -DCXX_FLAG_WCAST_ALIGN  -Wl,-rpath,/home/user/-f2fs/oe/build.OE-Generic.x86_64-9.0-devel/toolchain/lib -L/home/user/-f2fs/oe/build.OE-Generic.x86_64-9.0-devel/toolchain/lib -fPIC  -rdynamic CMakeFiles/cmTC_0e056.dir/src.cxx.o  -o cmTC_0e056 
gmake[1]: Leaving directory '/home/user/-f2fs/oe/build.OE-Generic.x86_64-9.0-devel/zstd-1.3.5/.x86_64-pc-linux-gnu/CMakeFiles/CMakeTmp'

Source file was:
int main() { return 0; }
Performing C SOURCE FILE Test C_FLAG_WCAST_QUAL succeeded with the following output:
Change Dir: /home/user/-f2fs/oe/build.OE-Generic.x86_64-9.0-devel/zstd-1.3.5/.x86_64-pc-linux-gnu/CMakeFiles/CMakeTmp

Run Build Command:"/home/user/-f2fs/oe/build.OE-Generic.x86_64-9.0-devel/toolchain/bin/gmake" "cmTC_e3770/fast"
/home/user/-f2fs/oe/build.OE-Generic.x86_64-9.0-devel/toolchain/bin/gmake -f CMakeFiles/cmTC_e3770.dir/build.make CMakeFiles/cmTC_e3770.dir/build
gmake[1]: Entering directory '/home/user/-f2fs/oe/build.OE-Generic.x86_64-9.0-devel/zstd-1.3.5/.x86_64-pc-linux-gnu/CMakeFiles/CMakeTmp'
Building C object CMakeFiles/cmTC_e3770.dir/src.c.o
/home/user/-f2fs/oe/build.OE-Generic.x86_64-9.0-devel/toolchain/bin/host-gcc   -O2 -I/home/user/-f2fs/oe/build.OE-Generic.x86_64-9.0-devel/toolchain/include -fdiagnostics-color=always -Wno-format-security -fPIC -DPIC -std=c99 -Wall -Wextra -Wundef -Wshadow -Wcast-align -DC_FLAG_WCAST_QUAL   -Wcast-qual -o CMakeFiles/cmTC_e3770.dir/src.c.o   -c /home/user/-f2fs/oe/build.OE-Generic.x86_64-9.0-devel/zstd-1.3.5/.x86_64-pc-linux-gnu/CMakeFiles/CMakeTmp/src.c
Linking C executable cmTC_e3770
/home/user/-f2fs/oe/build.OE-Generic.x86_64-9.0-devel/toolchain/bin/cmake -E cmake_link_script CMakeFiles/cmTC_e3770.dir/link.txt --verbose=1
/home/user/-f2fs/oe/build.OE-Generic.x86_64-9.0-devel/toolchain/bin/host-gcc -O2 -I/home/user/-f2fs/oe/build.OE-Generic.x86_64-9.0-devel/toolchain/include -fdiagnostics-color=always -Wno-format-security -fPIC -DPIC -std=c99 -Wall -Wextra -Wundef -Wshadow -Wcast-align -DC_FLAG_WCAST_QUAL  -Wl,-rpath,/home/user/-f2fs/oe/build.OE-Generic.x86_64-9.0-devel/toolchain/lib -L/home/user/-f2fs/oe/build.OE-Generic.x86_64-9.0-devel/toolchain/lib -fPIC  -rdynamic CMakeFiles/cmTC_e3770.dir/src.c.o  -o cmTC_e3770 
gmake[1]: Leaving directory '/home/user/-f2fs/oe/build.OE-Generic.x86_64-9.0-devel/zstd-1.3.5/.x86_64-pc-linux-gnu/CMakeFiles/CMakeTmp'

Source file was:
int main(void) { return 0; }
Performing C++ SOURCE FILE Test CXX_FLAG_WCAST_QUAL succeeded with the following output:
Change Dir: /home/user/-f2fs/oe/build.OE-Generic.x86_64-9.0-devel/zstd-1.3.5/.x86_64-pc-linux-gnu/CMakeFiles/CMakeTmp

Run Build Command:"/home/user/-f2fs/oe/build.OE-Generic.x86_64-9.0-devel/toolchain/bin/gmake" "cmTC_cb70d/fast"
/home/user/-f2fs/oe/build.OE-Generic.x86_64-9.0-devel/toolchain/bin/gmake -f CMakeFiles/cmTC_cb70d.dir/build.make CMakeFiles/cmTC_cb70d.dir/build
gmake[1]: Entering directory '/home/user/-f2fs/oe/build.OE-Generic.x86_64-9.0-devel/zstd-1.3.5/.x86_64-pc-linux-gnu/CMakeFiles/CMakeTmp'
Building CXX object CMakeFiles/cmTC_cb70d.dir/src.cxx.o
/home/user/-f2fs/oe/build.OE-Generic.x86_64-9.0-devel/toolchain/bin/host-g++    -O2 -I/home/user/-f2fs/oe/build.OE-Generic.x86_64-9.0-devel/toolchain/include -fdiagnostics-color=always -Wno-format-security -fPIC -DPIC -std=c++11 -Wall -Wextra -Wundef -Wshadow -Wcast-align -DCXX_FLAG_WCAST_QUAL   -Wcast-qual -o CMakeFiles/cmTC_cb70d.dir/src.cxx.o -c /home/user/-f2fs/oe/build.OE-Generic.x86_64-9.0-devel/zstd-1.3.5/.x86_64-pc-linux-gnu/CMakeFiles/CMakeTmp/src.cxx
Linking CXX executable cmTC_cb70d
/home/user/-f2fs/oe/build.OE-Generic.x86_64-9.0-devel/toolchain/bin/cmake -E cmake_link_script CMakeFiles/cmTC_cb70d.dir/link.txt --verbose=1
/home/user/-f2fs/oe/build.OE-Generic.x86_64-9.0-devel/toolchain/bin/host-g++  -O2 -I/home/user/-f2fs/oe/build.OE-Generic.x86_64-9.0-devel/toolchain/include -fdiagnostics-color=always -Wno-format-security -fPIC -DPIC -std=c++11 -Wall -Wextra -Wundef -Wshadow -Wcast-align -DCXX_FLAG_WCAST_QUAL  -Wl,-rpath,/home/user/-f2fs/oe/build.OE-Generic.x86_64-9.0-devel/toolchain/lib -L/home/user/-f2fs/oe/build.OE-Generic.x86_64-9.0-devel/toolchain/lib -fPIC  -rdynamic CMakeFiles/cmTC_cb70d.dir/src.cxx.o  -o cmTC_cb70d 
gmake[1]: Leaving directory '/home/user/-f2fs/oe/build.OE-Generic.x86_64-9.0-devel/zstd-1.3.5/.x86_64-pc-linux-gnu/CMakeFiles/CMakeTmp'

Source file was:
int main() { return 0; }
Performing C SOURCE FILE Test C_FLAG_WSTRICT_PROTOTYPES succeeded with the following output:
Change Dir: /home/user/-f2fs/oe/build.OE-Generic.x86_64-9.0-devel/zstd-1.3.5/.x86_64-pc-linux-gnu/CMakeFiles/CMakeTmp

Run Build Command:"/home/user/-f2fs/oe/build.OE-Generic.x86_64-9.0-devel/toolchain/bin/gmake" "cmTC_5622c/fast"
/home/user/-f2fs/oe/build.OE-Generic.x86_64-9.0-devel/toolchain/bin/gmake -f CMakeFiles/cmTC_5622c.dir/build.make CMakeFiles/cmTC_5622c.dir/build
gmake[1]: Entering directory '/home/user/-f2fs/oe/build.OE-Generic.x86_64-9.0-devel/zstd-1.3.5/.x86_64-pc-linux-gnu/CMakeFiles/CMakeTmp'
Building C object CMakeFiles/cmTC_5622c.dir/src.c.o
/home/user/-f2fs/oe/build.OE-Generic.x86_64-9.0-devel/toolchain/bin/host-gcc   -O2 -I/home/user/-f2fs/oe/build.OE-Generic.x86_64-9.0-devel/toolchain/include -fdiagnostics-color=always -Wno-format-security -fPIC -DPIC -std=c99 -Wall -Wextra -Wundef -Wshadow -Wcast-align -Wcast-qual -DC_FLAG_WSTRICT_PROTOTYPES   -Wstrict-prototypes -o CMakeFiles/cmTC_5622c.dir/src.c.o   -c /home/user/-f2fs/oe/build.OE-Generic.x86_64-9.0-devel/zstd-1.3.5/.x86_64-pc-linux-gnu/CMakeFiles/CMakeTmp/src.c
Linking C executable cmTC_5622c
/home/user/-f2fs/oe/build.OE-Generic.x86_64-9.0-devel/toolchain/bin/cmake -E cmake_link_script CMakeFiles/cmTC_5622c.dir/link.txt --verbose=1
/home/user/-f2fs/oe/build.OE-Generic.x86_64-9.0-devel/toolchain/bin/host-gcc -O2 -I/home/user/-f2fs/oe/build.OE-Generic.x86_64-9.0-devel/toolchain/include -fdiagnostics-color=always -Wno-format-security -fPIC -DPIC -std=c99 -Wall -Wextra -Wundef -Wshadow -Wcast-align -Wcast-qual -DC_FLAG_WSTRICT_PROTOTYPES  -Wl,-rpath,/home/user/-f2fs/oe/build.OE-Generic.x86_64-9.0-devel/toolchain/lib -L/home/user/-f2fs/oe/build.OE-Generic.x86_64-9.0-devel/toolchain/lib -fPIC  -rdynamic CMakeFiles/cmTC_5622c.dir/src.c.o  -o cmTC_5622c 
gmake[1]: Leaving directory '/home/user/-f2fs/oe/build.OE-Generic.x86_64-9.0-devel/zstd-1.3.5/.x86_64-pc-linux-gnu/CMakeFiles/CMakeTmp'

Source file was:
int main(void) { return 0; }
Determining if the include file pthread.h exists passed with the following output:
Change Dir: /home/user/-f2fs/oe/build.OE-Generic.x86_64-9.0-devel/zstd-1.3.5/.x86_64-pc-linux-gnu/CMakeFiles/CMakeTmp

Run Build Command:"/home/user/-f2fs/oe/build.OE-Generic.x86_64-9.0-devel/toolchain/bin/gmake" "cmTC_56d86/fast"
/home/user/-f2fs/oe/build.OE-Generic.x86_64-9.0-devel/toolchain/bin/gmake -f CMakeFiles/cmTC_56d86.dir/build.make CMakeFiles/cmTC_56d86.dir/build
gmake[1]: Entering directory '/home/user/-f2fs/oe/build.OE-Generic.x86_64-9.0-devel/zstd-1.3.5/.x86_64-pc-linux-gnu/CMakeFiles/CMakeTmp'
Building C object CMakeFiles/cmTC_56d86.dir/CheckIncludeFile.c.o
/home/user/-f2fs/oe/build.OE-Generic.x86_64-9.0-devel/toolchain/bin/host-gcc   -O2 -I/home/user/-f2fs/oe/build.OE-Generic.x86_64-9.0-devel/toolchain/include -fdiagnostics-color=always -Wno-format-security -fPIC -DPIC -std=c99 -Wall -Wextra -Wundef -Wshadow -Wcast-align -Wcast-qual -Wstrict-prototypes    -o CMakeFiles/cmTC_56d86.dir/CheckIncludeFile.c.o   -c /home/user/-f2fs/oe/build.OE-Generic.x86_64-9.0-devel/zstd-1.3.5/.x86_64-pc-linux-gnu/CMakeFiles/CMakeTmp/CheckIncludeFile.c
Linking C executable cmTC_56d86
/home/user/-f2fs/oe/build.OE-Generic.x86_64-9.0-devel/toolchain/bin/cmake -E cmake_link_script CMakeFiles/cmTC_56d86.dir/link.txt --verbose=1
/home/user/-f2fs/oe/build.OE-Generic.x86_64-9.0-devel/toolchain/bin/host-gcc -O2 -I/home/user/-f2fs/oe/build.OE-Generic.x86_64-9.0-devel/toolchain/include -fdiagnostics-color=always -Wno-format-security -fPIC -DPIC -std=c99 -Wall -Wextra -Wundef -Wshadow -Wcast-align -Wcast-qual -Wstrict-prototypes   -Wl,-rpath,/home/user/-f2fs/oe/build.OE-Generic.x86_64-9.0-devel/toolchain/lib -L/home/user/-f2fs/oe/build.OE-Generic.x86_64-9.0-devel/toolchain/lib -fPIC  -rdynamic CMakeFiles/cmTC_56d86.dir/CheckIncludeFile.c.o  -o cmTC_56d86 
gmake[1]: Leaving directory '/home/user/-f2fs/oe/build.OE-Generic.x86_64-9.0-devel/zstd-1.3.5/.x86_64-pc-linux-gnu/CMakeFiles/CMakeTmp'


