This file contains any messages produced by compilers while
running configure, to aid debugging if configure makes a mistake.

It was created by gettext configure 0.19.8.1, which was
generated by GNU Autoconf 2.69.  Invocation command line was

  $ ./configure --prefix=/usr --enable-threads --disable-csharp --build=x86_64-linux-gnu --host=x86_64-linux-gnu --disable-native-java CC=x86_64-linux-gnu-gcc CFLAGS=-g -O2 -fdebug-prefix-map=/root/-f2fs/oe/gettext-0.19.8.1=. -fstack-protector-strong -Wall LDFLAGS=-Wl,-Bsymbolic-functions -Wl,-z,relro JAVAC=/usr/lib/jvm/default-java/bin/javac CPPFLAGS=-Wdate-time -D_FORTIFY_SOURCE=2 CXXFLAGS=-g -O2 -fdebug-prefix-map=/root/-f2fs/oe/gettext-0.19.8.1=. -fstack-protector-strong -Wall LDFLAGS=-Wl,-Bsymbolic-functions -Wl,-z,relro

## --------- ##
## Platform. ##
## --------- ##

hostname = ubuntu
uname -m = x86_64
uname -r = 4.8.0-28-generic
uname -s = Linux
uname -v = #30-Ubuntu SMP Fri Nov 11 14:03:52 UTC 2016

/usr/bin/uname -p = unknown
/bin/uname -X     = unknown

/bin/arch              = unknown
/usr/bin/arch -k       = unknown
/usr/convex/getsysinfo = unknown
/usr/bin/hostinfo      = unknown
/bin/machine           = unknown
/usr/bin/oslevel       = unknown
/bin/universe          = unknown

PATH: /root/go/bin
PATH: /usr/local/sbin
PATH: /usr/local/bin
PATH: /usr/sbin
PATH: /usr/bin
PATH: /sbin
PATH: /bin
PATH: /usr/games
PATH: /usr/local/games
PATH: /root/.bin
PATH: /root/.binm
PATH: /root/.go/bin
PATH: /root/.fzf/bin


## ----------- ##
## Core tests. ##
## ----------- ##

configure:1965: checking for a BSD-compatible install
configure:2033: result: /usr/bin/install -c
configure:2044: checking whether build environment is sane
configure:2099: result: yes
configure:2250: checking for a thread-safe mkdir -p
configure:2289: result: /bin/mkdir -p
configure:2296: checking for gawk
configure:2312: found /usr/bin/gawk
configure:2323: result: gawk
configure:2334: checking whether make sets $(MAKE)
configure:2356: result: yes
configure:2385: checking whether make supports nested variables
configure:2402: result: yes
configure:2547: checking build system type
configure:2561: result: x86_64-pc-linux-gnu
configure:2581: checking host system type
configure:2594: result: x86_64-pc-linux-gnu
configure:3251: checking that generated files are newer than configure
configure:3257: result: done
configure:3265: creating ./config.status

## ---------------------- ##
## Running config.status. ##
## ---------------------- ##

This file was extended by gettext config.status 0.19.8.1, which was
generated by GNU Autoconf 2.69.  Invocation command line was

  CONFIG_FILES    = 
  CONFIG_HEADERS  = 
  CONFIG_LINKS    = 
  CONFIG_COMMANDS = 
  $ ./config.status 

on ubuntu

config.status:768: creating Makefile
config.status:768: creating gnulib-local/Makefile
configure:4351: === configuring in gettext-runtime (/root/-f2fs/oe/gettext-0.19.8.1/gettext-runtime)
configure:4414: running /bin/bash ./configure --disable-option-checking '--prefix=/usr'  '--enable-threads' '--disable-csharp' '--build=x86_64-linux-gnu' '--host=x86_64-linux-gnu' '--disable-native-java' 'CC=x86_64-linux-gnu-gcc' 'CFLAGS=-g -O2 -fdebug-prefix-map=/root/-f2fs/oe/gettext-0.19.8.1=. -fstack-protector-strong -Wall' 'JAVAC=/usr/lib/jvm/default-java/bin/javac' 'CPPFLAGS=-Wdate-time -D_FORTIFY_SOURCE=2' 'CXXFLAGS=-g -O2 -fdebug-prefix-map=/root/-f2fs/oe/gettext-0.19.8.1=. -fstack-protector-strong -Wall' 'LDFLAGS=-Wl,-Bsymbolic-functions -Wl,-z,relro' 'build_alias=x86_64-linux-gnu' 'host_alias=x86_64-linux-gnu' --cache-file=/dev/null --srcdir=.
configure:4351: === configuring in gettext-tools (/root/-f2fs/oe/gettext-0.19.8.1/gettext-tools)
configure:4414: running /bin/bash ./configure --disable-option-checking '--prefix=/usr'  '--enable-threads' '--disable-csharp' '--build=x86_64-linux-gnu' '--host=x86_64-linux-gnu' '--disable-native-java' 'CC=x86_64-linux-gnu-gcc' 'CFLAGS=-g -O2 -fdebug-prefix-map=/root/-f2fs/oe/gettext-0.19.8.1=. -fstack-protector-strong -Wall' 'JAVAC=/usr/lib/jvm/default-java/bin/javac' 'CPPFLAGS=-Wdate-time -D_FORTIFY_SOURCE=2' 'CXXFLAGS=-g -O2 -fdebug-prefix-map=/root/-f2fs/oe/gettext-0.19.8.1=. -fstack-protector-strong -Wall' 'LDFLAGS=-Wl,-Bsymbolic-functions -Wl,-z,relro' 'build_alias=x86_64-linux-gnu' 'host_alias=x86_64-linux-gnu' --cache-file=/dev/null --srcdir=.

## ---------------- ##
## Cache variables. ##
## ---------------- ##

ac_cv_build=x86_64-pc-linux-gnu
ac_cv_env_CC_set=set
ac_cv_env_CC_value=x86_64-linux-gnu-gcc
ac_cv_env_CFLAGS_set=set
ac_cv_env_CFLAGS_value='-g -O2 -fdebug-prefix-map=/root/-f2fs/oe/gettext-0.19.8.1=. -fstack-protector-strong -Wall'
ac_cv_env_CPPFLAGS_set=set
ac_cv_env_CPPFLAGS_value='-Wdate-time -D_FORTIFY_SOURCE=2'
ac_cv_env_CPP_set=
ac_cv_env_CPP_value=
ac_cv_env_CXXCPP_set=
ac_cv_env_CXXCPP_value=
ac_cv_env_CXXFLAGS_set=set
ac_cv_env_CXXFLAGS_value='-g -O2 -fdebug-prefix-map=/root/-f2fs/oe/gettext-0.19.8.1=. -fstack-protector-strong -Wall'
ac_cv_env_CXX_set=
ac_cv_env_CXX_value=
ac_cv_env_EMACSLOADPATH_set=
ac_cv_env_EMACSLOADPATH_value=
ac_cv_env_EMACS_set=
ac_cv_env_EMACS_value=
ac_cv_env_GCJFLAGS_set=
ac_cv_env_GCJFLAGS_value=
ac_cv_env_GCJ_set=
ac_cv_env_GCJ_value=
ac_cv_env_LDFLAGS_set=set
ac_cv_env_LDFLAGS_value='-Wl,-Bsymbolic-functions -Wl,-z,relro'
ac_cv_env_LIBS_set=
ac_cv_env_LIBS_value=
ac_cv_env_LT_SYS_LIBRARY_PATH_set=
ac_cv_env_LT_SYS_LIBRARY_PATH_value=
ac_cv_env_YACC_set=
ac_cv_env_YACC_value=
ac_cv_env_YFLAGS_set=
ac_cv_env_YFLAGS_value=
ac_cv_env_build_alias_set=set
ac_cv_env_build_alias_value=x86_64-linux-gnu
ac_cv_env_host_alias_set=set
ac_cv_env_host_alias_value=x86_64-linux-gnu
ac_cv_env_target_alias_set=
ac_cv_env_target_alias_value=
ac_cv_host=x86_64-pc-linux-gnu
ac_cv_path_install='/usr/bin/install -c'
ac_cv_path_mkdir=/bin/mkdir
ac_cv_prog_AWK=gawk
ac_cv_prog_make_make_set=yes
am_cv_make_support_nested_variables=yes

## ----------------- ##
## Output variables. ##
## ----------------- ##

ACLOCAL='${SHELL} /root/-f2fs/oe/gettext-0.19.8.1/build-aux/missing aclocal-1.15'
AMTAR='$${TAR-tar}'
AM_BACKSLASH='\'
AM_DEFAULT_V='$(AM_DEFAULT_VERBOSITY)'
AM_DEFAULT_VERBOSITY='1'
AM_V='$(V)'
AUTOCONF='${SHELL} /root/-f2fs/oe/gettext-0.19.8.1/build-aux/missing autoconf'
AUTOHEADER='${SHELL} /root/-f2fs/oe/gettext-0.19.8.1/build-aux/missing autoheader'
AUTOMAKE='${SHELL} /root/-f2fs/oe/gettext-0.19.8.1/build-aux/missing automake-1.15'
AWK='gawk'
CC='x86_64-linux-gnu-gcc'
CFLAGS='-g -O2 -fdebug-prefix-map=/root/-f2fs/oe/gettext-0.19.8.1=. -fstack-protector-strong -Wall'
CPP=''
CPPFLAGS='-Wdate-time -D_FORTIFY_SOURCE=2'
CXX=''
CXXCPP=''
CXXFLAGS='-g -O2 -fdebug-prefix-map=/root/-f2fs/oe/gettext-0.19.8.1=. -fstack-protector-strong -Wall'
CYGPATH_W='echo'
DEFS='-DPACKAGE_NAME=\"gettext\" -DPACKAGE_TARNAME=\"gettext\" -DPACKAGE_VERSION=\"0.19.8.1\" -DPACKAGE_STRING=\"gettext\ 0.19.8.1\" -DPACKAGE_BUGREPORT=\"bug-gnu-gettext@gnu.org\" -DPACKAGE_URL=\"\" -DPACKAGE=\"gettext\" -DVERSION=\"0.19.8.1\"'
ECHO_C=''
ECHO_N='-n'
ECHO_T=''
EMACS=''
EMACSLOADPATH=''
GCJ=''
GCJFLAGS=''
INSTALL_DATA='${INSTALL} -m 644'
INSTALL_PROGRAM='${INSTALL}'
INSTALL_SCRIPT='${INSTALL}'
INSTALL_STRIP_PROGRAM='$(install_sh) -c -s'
LDFLAGS='-Wl,-Bsymbolic-functions -Wl,-z,relro'
LIBOBJS=''
LIBS=''
LTLIBOBJS=''
LT_SYS_LIBRARY_PATH=''
MAKEINFO='${SHELL} /root/-f2fs/oe/gettext-0.19.8.1/build-aux/missing makeinfo'
MKDIR_P='/bin/mkdir -p'
PACKAGE='gettext'
PACKAGE_BUGREPORT='bug-gnu-gettext@gnu.org'
PACKAGE_NAME='gettext'
PACKAGE_STRING='gettext 0.19.8.1'
PACKAGE_TARNAME='gettext'
PACKAGE_URL=''
PACKAGE_VERSION='0.19.8.1'
PATH_SEPARATOR=':'
SET_MAKE=''
SHELL='/bin/bash'
STRIP=''
VERSION='0.19.8.1'
YACC=''
YFLAGS=''
am__isrc=''
am__leading_dot='.'
am__tar='${AMTAR} chof - --owner=root --group=root "$$tardir"'
am__untar='$${TAR-tar} xf -'
bindir='${exec_prefix}/bin'
build='x86_64-pc-linux-gnu'
build_alias='x86_64-linux-gnu'
build_cpu='x86_64'
build_os='linux-gnu'
build_vendor='pc'
datadir='${datarootdir}'
datarootdir='${prefix}/share'
docdir='${datarootdir}/doc/${PACKAGE_TARNAME}'
dvidir='${docdir}'
exec_prefix='${prefix}'
host='x86_64-pc-linux-gnu'
host_alias='x86_64-linux-gnu'
host_cpu='x86_64'
host_os='linux-gnu'
host_vendor='pc'
htmldir='${docdir}'
includedir='${prefix}/include'
infodir='${datarootdir}/info'
install_sh='${SHELL} /root/-f2fs/oe/gettext-0.19.8.1/build-aux/install-sh'
libdir='${exec_prefix}/lib'
libexecdir='${exec_prefix}/libexec'
localedir='${datarootdir}/locale'
localstatedir='${prefix}/var'
mandir='${datarootdir}/man'
mkdir_p='$(MKDIR_P)'
oldincludedir='/usr/include'
pdfdir='${docdir}'
prefix='/usr'
program_transform_name='s,x,x,'
psdir='${docdir}'
runstatedir='${localstatedir}/run'
sbindir='${exec_prefix}/sbin'
sharedstatedir='${prefix}/com'
subdirs=' gettext-runtime gettext-tools'
sysconfdir='${prefix}/etc'
target_alias=''

## ----------- ##
## confdefs.h. ##
## ----------- ##

/* confdefs.h */
#define PACKAGE_NAME "gettext"
#define PACKAGE_TARNAME "gettext"
#define PACKAGE_VERSION "0.19.8.1"
#define PACKAGE_STRING "gettext 0.19.8.1"
#define PACKAGE_BUGREPORT "bug-gnu-gettext@gnu.org"
#define PACKAGE_URL ""
#define PACKAGE "gettext"
#define VERSION "0.19.8.1"

configure: exit 0
