The target system is: Linux - 1 - 
The host system is: Linux - 4.18.0-zen1-1-zen - x86_64
Compiling the C compiler identification source file "CMakeCCompilerId.c" succeeded.
Compiler: /home/user/-f2fs/oe/build.OE-Generic.x86_64-9.0-devel/toolchain/bin/host-gcc 
Build flags: -O2;-I/home/user/-f2fs/oe/build.OE-Generic.x86_64-9.0-devel/toolchain/include;-fdiagnostics-color=always;-Wno-format-security
Id flags:  

The output was:
0


Compilation of the C compiler identification source "CMakeCCompilerId.c" produced "a.out"

The C compiler identification is GNU, found in "/home/user/-f2fs/oe/build.OE-Generic.x86_64-9.0-devel/lzo-2.10/.x86_64-pc-linux-gnu/CMakeFiles/3.12.1/CompilerIdC/a.out"

Determining if the C compiler works passed with the following output:
Change Dir: /home/user/-f2fs/oe/build.OE-Generic.x86_64-9.0-devel/lzo-2.10/.x86_64-pc-linux-gnu/CMakeFiles/CMakeTmp

Run Build Command:"/home/user/-f2fs/oe/build.OE-Generic.x86_64-9.0-devel/toolchain/bin/ninja" "cmTC_dda86"
[1/2] Building C object CMakeFiles/cmTC_dda86.dir/testCCompiler.c.o
[2/2] Linking C executable cmTC_dda86


Detecting C compiler ABI info compiled with the following output:
Change Dir: /home/user/-f2fs/oe/build.OE-Generic.x86_64-9.0-devel/lzo-2.10/.x86_64-pc-linux-gnu/CMakeFiles/CMakeTmp

Run Build Command:"/home/user/-f2fs/oe/build.OE-Generic.x86_64-9.0-devel/toolchain/bin/ninja" "cmTC_dbb3d"
[1/2] Building C object CMakeFiles/cmTC_dbb3d.dir/CMakeCCompilerABI.c.o
[2/2] Linking C executable cmTC_dbb3d
Using built-in specs.
COLLECT_GCC=/bin/gcc
COLLECT_LTO_WRAPPER=/usr/lib/gcc/x86_64-pc-linux-gnu/8.2.0/lto-wrapper
Target: x86_64-pc-linux-gnu
Configured with: /build/gcc/src/gcc/configure --prefix=/usr --libdir=/usr/lib --libexecdir=/usr/lib --mandir=/usr/share/man --infodir=/usr/share/info --with-bugurl=https://bugs.archlinux.org/ --enable-languages=c,c++,ada,fortran,go,lto,objc,obj-c++ --enable-shared --enable-threads=posix --enable-libmpx --with-system-zlib --with-isl --enable-__cxa_atexit --disable-libunwind-exceptions --enable-clocale=gnu --disable-libstdcxx-pch --disable-libssp --enable-gnu-unique-object --enable-linker-build-id --enable-lto --enable-plugin --enable-install-libiberty --with-linker-hash-style=gnu --enable-gnu-indirect-function --enable-multilib --disable-werror --enable-checking=release --enable-default-pie --enable-default-ssp --enable-cet=auto
Thread model: posix
gcc version 8.2.0 (GCC) 
COMPILER_PATH=/usr/lib/gcc/x86_64-pc-linux-gnu/8.2.0/:/usr/lib/gcc/x86_64-pc-linux-gnu/8.2.0/:/usr/lib/gcc/x86_64-pc-linux-gnu/:/usr/lib/gcc/x86_64-pc-linux-gnu/8.2.0/:/usr/lib/gcc/x86_64-pc-linux-gnu/
LIBRARY_PATH=/usr/lib/gcc/x86_64-pc-linux-gnu/8.2.0/:/usr/lib/gcc/x86_64-pc-linux-gnu/8.2.0/../../../../lib/:/lib/../lib/:/usr/lib/../lib/:/usr/lib/gcc/x86_64-pc-linux-gnu/8.2.0/../../../:/lib/:/usr/lib/
COLLECT_GCC_OPTIONS='-fdiagnostics-color=always' '-O2' '-I' '/home/user/-f2fs/oe/build.OE-Generic.x86_64-9.0-devel/toolchain/include' '-Wno-format-security' '-L/home/user/-f2fs/oe/build.OE-Generic.x86_64-9.0-devel/toolchain/lib' '-v' '-rdynamic' '-o' 'cmTC_dbb3d' '-mtune=generic' '-march=x86-64'
 /usr/lib/gcc/x86_64-pc-linux-gnu/8.2.0/collect2 -plugin /usr/lib/gcc/x86_64-pc-linux-gnu/8.2.0/liblto_plugin.so -plugin-opt=/usr/lib/gcc/x86_64-pc-linux-gnu/8.2.0/lto-wrapper -plugin-opt=-fresolution=/tmp/ccVYjhtd.res -plugin-opt=-pass-through=-lgcc -plugin-opt=-pass-through=-lgcc_s -plugin-opt=-pass-through=-lc -plugin-opt=-pass-through=-lgcc -plugin-opt=-pass-through=-lgcc_s --build-id --eh-frame-hdr --hash-style=gnu -m elf_x86_64 -export-dynamic -dynamic-linker /lib64/ld-linux-x86-64.so.2 -pie -o cmTC_dbb3d /usr/lib/gcc/x86_64-pc-linux-gnu/8.2.0/../../../../lib/Scrt1.o /usr/lib/gcc/x86_64-pc-linux-gnu/8.2.0/../../../../lib/crti.o /usr/lib/gcc/x86_64-pc-linux-gnu/8.2.0/crtbeginS.o -L/home/user/-f2fs/oe/build.OE-Generic.x86_64-9.0-devel/toolchain/lib -L/usr/lib/gcc/x86_64-pc-linux-gnu/8.2.0 -L/usr/lib/gcc/x86_64-pc-linux-gnu/8.2.0/../../../../lib -L/lib/../lib -L/usr/lib/../lib -L/usr/lib/gcc/x86_64-pc-linux-gnu/8.2.0/../../.. -rpath /home/user/-f2fs/oe/build.OE-Generic.x86_64-9.0-devel/toolchain/lib CMakeFiles/cmTC_dbb3d.dir/CMakeCCompilerABI.c.o -lgcc --as-needed -lgcc_s --no-as-needed -lc -lgcc --as-needed -lgcc_s --no-as-needed /usr/lib/gcc/x86_64-pc-linux-gnu/8.2.0/crtendS.o /usr/lib/gcc/x86_64-pc-linux-gnu/8.2.0/../../../../lib/crtn.o
COLLECT_GCC_OPTIONS='-fdiagnostics-color=always' '-O2' '-I' '/home/user/-f2fs/oe/build.OE-Generic.x86_64-9.0-devel/toolchain/include' '-Wno-format-security' '-L/home/user/-f2fs/oe/build.OE-Generic.x86_64-9.0-devel/toolchain/lib' '-v' '-rdynamic' '-o' 'cmTC_dbb3d' '-mtune=generic' '-march=x86-64'


Parsed C implicit link information from above output:
  link line regex: [^( *|.*[/\])(CMAKE_LINKER-NOTFOUND|CMAKE_LINK_STARTFILE-NOTFOUND|([^/\]+-)?ld|collect2)[^/\]*( |$)]
  ignore line: [Change Dir: /home/user/-f2fs/oe/build.OE-Generic.x86_64-9.0-devel/lzo-2.10/.x86_64-pc-linux-gnu/CMakeFiles/CMakeTmp]
  ignore line: []
  ignore line: [Run Build Command:"/home/user/-f2fs/oe/build.OE-Generic.x86_64-9.0-devel/toolchain/bin/ninja" "cmTC_dbb3d"]
  ignore line: [[1/2] Building C object CMakeFiles/cmTC_dbb3d.dir/CMakeCCompilerABI.c.o]
  ignore line: [[2/2] Linking C executable cmTC_dbb3d]
  ignore line: [Using built-in specs.]
  ignore line: [COLLECT_GCC=/bin/gcc]
  ignore line: [COLLECT_LTO_WRAPPER=/usr/lib/gcc/x86_64-pc-linux-gnu/8.2.0/lto-wrapper]
  ignore line: [Target: x86_64-pc-linux-gnu]
  ignore line: [Configured with: /build/gcc/src/gcc/configure --prefix=/usr --libdir=/usr/lib --libexecdir=/usr/lib --mandir=/usr/share/man --infodir=/usr/share/info --with-bugurl=https://bugs.archlinux.org/ --enable-languages=c,c++,ada,fortran,go,lto,objc,obj-c++ --enable-shared --enable-threads=posix --enable-libmpx --with-system-zlib --with-isl --enable-__cxa_atexit --disable-libunwind-exceptions --enable-clocale=gnu --disable-libstdcxx-pch --disable-libssp --enable-gnu-unique-object --enable-linker-build-id --enable-lto --enable-plugin --enable-install-libiberty --with-linker-hash-style=gnu --enable-gnu-indirect-function --enable-multilib --disable-werror --enable-checking=release --enable-default-pie --enable-default-ssp --enable-cet=auto]
  ignore line: [Thread model: posix]
  ignore line: [gcc version 8.2.0 (GCC) ]
  ignore line: [COMPILER_PATH=/usr/lib/gcc/x86_64-pc-linux-gnu/8.2.0/:/usr/lib/gcc/x86_64-pc-linux-gnu/8.2.0/:/usr/lib/gcc/x86_64-pc-linux-gnu/:/usr/lib/gcc/x86_64-pc-linux-gnu/8.2.0/:/usr/lib/gcc/x86_64-pc-linux-gnu/]
  ignore line: [LIBRARY_PATH=/usr/lib/gcc/x86_64-pc-linux-gnu/8.2.0/:/usr/lib/gcc/x86_64-pc-linux-gnu/8.2.0/../../../../lib/:/lib/../lib/:/usr/lib/../lib/:/usr/lib/gcc/x86_64-pc-linux-gnu/8.2.0/../../../:/lib/:/usr/lib/]
  ignore line: [COLLECT_GCC_OPTIONS='-fdiagnostics-color=always' '-O2' '-I' '/home/user/-f2fs/oe/build.OE-Generic.x86_64-9.0-devel/toolchain/include' '-Wno-format-security' '-L/home/user/-f2fs/oe/build.OE-Generic.x86_64-9.0-devel/toolchain/lib' '-v' '-rdynamic' '-o' 'cmTC_dbb3d' '-mtune=generic' '-march=x86-64']
  link line: [ /usr/lib/gcc/x86_64-pc-linux-gnu/8.2.0/collect2 -plugin /usr/lib/gcc/x86_64-pc-linux-gnu/8.2.0/liblto_plugin.so -plugin-opt=/usr/lib/gcc/x86_64-pc-linux-gnu/8.2.0/lto-wrapper -plugin-opt=-fresolution=/tmp/ccVYjhtd.res -plugin-opt=-pass-through=-lgcc -plugin-opt=-pass-through=-lgcc_s -plugin-opt=-pass-through=-lc -plugin-opt=-pass-through=-lgcc -plugin-opt=-pass-through=-lgcc_s --build-id --eh-frame-hdr --hash-style=gnu -m elf_x86_64 -export-dynamic -dynamic-linker /lib64/ld-linux-x86-64.so.2 -pie -o cmTC_dbb3d /usr/lib/gcc/x86_64-pc-linux-gnu/8.2.0/../../../../lib/Scrt1.o /usr/lib/gcc/x86_64-pc-linux-gnu/8.2.0/../../../../lib/crti.o /usr/lib/gcc/x86_64-pc-linux-gnu/8.2.0/crtbeginS.o -L/home/user/-f2fs/oe/build.OE-Generic.x86_64-9.0-devel/toolchain/lib -L/usr/lib/gcc/x86_64-pc-linux-gnu/8.2.0 -L/usr/lib/gcc/x86_64-pc-linux-gnu/8.2.0/../../../../lib -L/lib/../lib -L/usr/lib/../lib -L/usr/lib/gcc/x86_64-pc-linux-gnu/8.2.0/../../.. -rpath /home/user/-f2fs/oe/build.OE-Generic.x86_64-9.0-devel/toolchain/lib CMakeFiles/cmTC_dbb3d.dir/CMakeCCompilerABI.c.o -lgcc --as-needed -lgcc_s --no-as-needed -lc -lgcc --as-needed -lgcc_s --no-as-needed /usr/lib/gcc/x86_64-pc-linux-gnu/8.2.0/crtendS.o /usr/lib/gcc/x86_64-pc-linux-gnu/8.2.0/../../../../lib/crtn.o]
    arg [/usr/lib/gcc/x86_64-pc-linux-gnu/8.2.0/collect2] ==> ignore
    arg [-plugin] ==> ignore
    arg [/usr/lib/gcc/x86_64-pc-linux-gnu/8.2.0/liblto_plugin.so] ==> ignore
    arg [-plugin-opt=/usr/lib/gcc/x86_64-pc-linux-gnu/8.2.0/lto-wrapper] ==> ignore
    arg [-plugin-opt=-fresolution=/tmp/ccVYjhtd.res] ==> ignore
    arg [-plugin-opt=-pass-through=-lgcc] ==> ignore
    arg [-plugin-opt=-pass-through=-lgcc_s] ==> ignore
    arg [-plugin-opt=-pass-through=-lc] ==> ignore
    arg [-plugin-opt=-pass-through=-lgcc] ==> ignore
    arg [-plugin-opt=-pass-through=-lgcc_s] ==> ignore
    arg [--build-id] ==> ignore
    arg [--eh-frame-hdr] ==> ignore
    arg [--hash-style=gnu] ==> ignore
    arg [-m] ==> ignore
    arg [elf_x86_64] ==> ignore
    arg [-export-dynamic] ==> ignore
    arg [-dynamic-linker] ==> ignore
    arg [/lib64/ld-linux-x86-64.so.2] ==> ignore
    arg [-pie] ==> ignore
    arg [-o] ==> ignore
    arg [cmTC_dbb3d] ==> ignore
    arg [/usr/lib/gcc/x86_64-pc-linux-gnu/8.2.0/../../../../lib/Scrt1.o] ==> ignore
    arg [/usr/lib/gcc/x86_64-pc-linux-gnu/8.2.0/../../../../lib/crti.o] ==> ignore
    arg [/usr/lib/gcc/x86_64-pc-linux-gnu/8.2.0/crtbeginS.o] ==> ignore
    arg [-L/home/user/-f2fs/oe/build.OE-Generic.x86_64-9.0-devel/toolchain/lib] ==> dir [/home/user/-f2fs/oe/build.OE-Generic.x86_64-9.0-devel/toolchain/lib]
    arg [-L/usr/lib/gcc/x86_64-pc-linux-gnu/8.2.0] ==> dir [/usr/lib/gcc/x86_64-pc-linux-gnu/8.2.0]
    arg [-L/usr/lib/gcc/x86_64-pc-linux-gnu/8.2.0/../../../../lib] ==> dir [/usr/lib/gcc/x86_64-pc-linux-gnu/8.2.0/../../../../lib]
    arg [-L/lib/../lib] ==> dir [/lib/../lib]
    arg [-L/usr/lib/../lib] ==> dir [/usr/lib/../lib]
    arg [-L/usr/lib/gcc/x86_64-pc-linux-gnu/8.2.0/../../..] ==> dir [/usr/lib/gcc/x86_64-pc-linux-gnu/8.2.0/../../..]
    arg [-rpath] ==> ignore
    arg [/home/user/-f2fs/oe/build.OE-Generic.x86_64-9.0-devel/toolchain/lib] ==> ignore
    arg [CMakeFiles/cmTC_dbb3d.dir/CMakeCCompilerABI.c.o] ==> ignore
    arg [-lgcc] ==> lib [gcc]
    arg [--as-needed] ==> ignore
    arg [-lgcc_s] ==> lib [gcc_s]
    arg [--no-as-needed] ==> ignore
    arg [-lc] ==> lib [c]
    arg [-lgcc] ==> lib [gcc]
    arg [--as-needed] ==> ignore
    arg [-lgcc_s] ==> lib [gcc_s]
    arg [--no-as-needed] ==> ignore
    arg [/usr/lib/gcc/x86_64-pc-linux-gnu/8.2.0/crtendS.o] ==> ignore
    arg [/usr/lib/gcc/x86_64-pc-linux-gnu/8.2.0/../../../../lib/crtn.o] ==> ignore
  collapse library dir [/home/user/-f2fs/oe/build.OE-Generic.x86_64-9.0-devel/toolchain/lib] ==> [/home/user/-f2fs/oe/build.OE-Generic.x86_64-9.0-devel/toolchain/lib]
  collapse library dir [/usr/lib/gcc/x86_64-pc-linux-gnu/8.2.0] ==> [/usr/lib/gcc/x86_64-pc-linux-gnu/8.2.0]
  collapse library dir [/usr/lib/gcc/x86_64-pc-linux-gnu/8.2.0/../../../../lib] ==> [/usr/lib]
  collapse library dir [/lib/../lib] ==> [/lib]
  collapse library dir [/usr/lib/../lib] ==> [/usr/lib]
  collapse library dir [/usr/lib/gcc/x86_64-pc-linux-gnu/8.2.0/../../..] ==> [/usr/lib]
  implicit libs: [gcc;gcc_s;c;gcc;gcc_s]
  implicit dirs: [/home/user/-f2fs/oe/build.OE-Generic.x86_64-9.0-devel/toolchain/lib;/usr/lib/gcc/x86_64-pc-linux-gnu/8.2.0;/usr/lib;/lib]
  implicit fwks: []




Detecting C [-std=c11] compiler features compiled with the following output:
Change Dir: /home/user/-f2fs/oe/build.OE-Generic.x86_64-9.0-devel/lzo-2.10/.x86_64-pc-linux-gnu/CMakeFiles/CMakeTmp

Run Build Command:"/home/user/-f2fs/oe/build.OE-Generic.x86_64-9.0-devel/toolchain/bin/ninja" "cmTC_7452f"
[1/2] Building C object CMakeFiles/cmTC_7452f.dir/feature_tests.c.o
[2/2] Linking C executable cmTC_7452f


    Feature record: C_FEATURE:1c_function_prototypes
    Feature record: C_FEATURE:1c_restrict
    Feature record: C_FEATURE:1c_static_assert
    Feature record: C_FEATURE:1c_variadic_macros


Detecting C [-std=c99] compiler features compiled with the following output:
Change Dir: /home/user/-f2fs/oe/build.OE-Generic.x86_64-9.0-devel/lzo-2.10/.x86_64-pc-linux-gnu/CMakeFiles/CMakeTmp

Run Build Command:"/home/user/-f2fs/oe/build.OE-Generic.x86_64-9.0-devel/toolchain/bin/ninja" "cmTC_cb7bc"
[1/2] Building C object CMakeFiles/cmTC_cb7bc.dir/feature_tests.c.o
[2/2] Linking C executable cmTC_cb7bc


    Feature record: C_FEATURE:1c_function_prototypes
    Feature record: C_FEATURE:1c_restrict
    Feature record: C_FEATURE:0c_static_assert
    Feature record: C_FEATURE:1c_variadic_macros


Detecting C [-std=c90] compiler features compiled with the following output:
Change Dir: /home/user/-f2fs/oe/build.OE-Generic.x86_64-9.0-devel/lzo-2.10/.x86_64-pc-linux-gnu/CMakeFiles/CMakeTmp

Run Build Command:"/home/user/-f2fs/oe/build.OE-Generic.x86_64-9.0-devel/toolchain/bin/ninja" "cmTC_3e0a1"
[1/2] Building C object CMakeFiles/cmTC_3e0a1.dir/feature_tests.c.o
[2/2] Linking C executable cmTC_3e0a1


    Feature record: C_FEATURE:1c_function_prototypes
    Feature record: C_FEATURE:0c_restrict
    Feature record: C_FEATURE:0c_static_assert
    Feature record: C_FEATURE:0c_variadic_macros
Determining if the include file assert.h exists passed with the following output:
Change Dir: /home/user/-f2fs/oe/build.OE-Generic.x86_64-9.0-devel/lzo-2.10/.x86_64-pc-linux-gnu/CMakeFiles/CMakeTmp

Run Build Command:"/home/user/-f2fs/oe/build.OE-Generic.x86_64-9.0-devel/toolchain/bin/ninja" "cmTC_018ac"
[1/2] Building C object CMakeFiles/cmTC_018ac.dir/CheckIncludeFile.c.o
[2/2] Linking C executable cmTC_018ac


Determining if the include file ctype.h exists passed with the following output:
Change Dir: /home/user/-f2fs/oe/build.OE-Generic.x86_64-9.0-devel/lzo-2.10/.x86_64-pc-linux-gnu/CMakeFiles/CMakeTmp

Run Build Command:"/home/user/-f2fs/oe/build.OE-Generic.x86_64-9.0-devel/toolchain/bin/ninja" "cmTC_add1c"
[1/2] Building C object CMakeFiles/cmTC_add1c.dir/CheckIncludeFile.c.o
[2/2] Linking C executable cmTC_add1c


Determining if the include file dirent.h exists passed with the following output:
Change Dir: /home/user/-f2fs/oe/build.OE-Generic.x86_64-9.0-devel/lzo-2.10/.x86_64-pc-linux-gnu/CMakeFiles/CMakeTmp

Run Build Command:"/home/user/-f2fs/oe/build.OE-Generic.x86_64-9.0-devel/toolchain/bin/ninja" "cmTC_b9a32"
[1/2] Building C object CMakeFiles/cmTC_b9a32.dir/CheckIncludeFile.c.o
[2/2] Linking C executable cmTC_b9a32


Determining if the include file errno.h exists passed with the following output:
Change Dir: /home/user/-f2fs/oe/build.OE-Generic.x86_64-9.0-devel/lzo-2.10/.x86_64-pc-linux-gnu/CMakeFiles/CMakeTmp

Run Build Command:"/home/user/-f2fs/oe/build.OE-Generic.x86_64-9.0-devel/toolchain/bin/ninja" "cmTC_8bb9a"
[1/2] Building C object CMakeFiles/cmTC_8bb9a.dir/CheckIncludeFile.c.o
[2/2] Linking C executable cmTC_8bb9a


Determining if the include file fcntl.h exists passed with the following output:
Change Dir: /home/user/-f2fs/oe/build.OE-Generic.x86_64-9.0-devel/lzo-2.10/.x86_64-pc-linux-gnu/CMakeFiles/CMakeTmp

Run Build Command:"/home/user/-f2fs/oe/build.OE-Generic.x86_64-9.0-devel/toolchain/bin/ninja" "cmTC_ba308"
[1/2] Building C object CMakeFiles/cmTC_ba308.dir/CheckIncludeFile.c.o
[2/2] Linking C executable cmTC_ba308


Determining if the include file float.h exists passed with the following output:
Change Dir: /home/user/-f2fs/oe/build.OE-Generic.x86_64-9.0-devel/lzo-2.10/.x86_64-pc-linux-gnu/CMakeFiles/CMakeTmp

Run Build Command:"/home/user/-f2fs/oe/build.OE-Generic.x86_64-9.0-devel/toolchain/bin/ninja" "cmTC_5cf55"
[1/2] Building C object CMakeFiles/cmTC_5cf55.dir/CheckIncludeFile.c.o
[2/2] Linking C executable cmTC_5cf55


Determining if the include file limits.h exists passed with the following output:
Change Dir: /home/user/-f2fs/oe/build.OE-Generic.x86_64-9.0-devel/lzo-2.10/.x86_64-pc-linux-gnu/CMakeFiles/CMakeTmp

Run Build Command:"/home/user/-f2fs/oe/build.OE-Generic.x86_64-9.0-devel/toolchain/bin/ninja" "cmTC_857d6"
[1/2] Building C object CMakeFiles/cmTC_857d6.dir/CheckIncludeFile.c.o
[2/2] Linking C executable cmTC_857d6


Determining if the include file malloc.h exists passed with the following output:
Change Dir: /home/user/-f2fs/oe/build.OE-Generic.x86_64-9.0-devel/lzo-2.10/.x86_64-pc-linux-gnu/CMakeFiles/CMakeTmp

Run Build Command:"/home/user/-f2fs/oe/build.OE-Generic.x86_64-9.0-devel/toolchain/bin/ninja" "cmTC_512a3"
[1/2] Building C object CMakeFiles/cmTC_512a3.dir/CheckIncludeFile.c.o
[2/2] Linking C executable cmTC_512a3


Determining if the include file memory.h exists passed with the following output:
Change Dir: /home/user/-f2fs/oe/build.OE-Generic.x86_64-9.0-devel/lzo-2.10/.x86_64-pc-linux-gnu/CMakeFiles/CMakeTmp

Run Build Command:"/home/user/-f2fs/oe/build.OE-Generic.x86_64-9.0-devel/toolchain/bin/ninja" "cmTC_597ce"
[1/2] Building C object CMakeFiles/cmTC_597ce.dir/CheckIncludeFile.c.o
[2/2] Linking C executable cmTC_597ce


Determining if the include file setjmp.h exists passed with the following output:
Change Dir: /home/user/-f2fs/oe/build.OE-Generic.x86_64-9.0-devel/lzo-2.10/.x86_64-pc-linux-gnu/CMakeFiles/CMakeTmp

Run Build Command:"/home/user/-f2fs/oe/build.OE-Generic.x86_64-9.0-devel/toolchain/bin/ninja" "cmTC_09025"
[1/2] Building C object CMakeFiles/cmTC_09025.dir/CheckIncludeFile.c.o
[2/2] Linking C executable cmTC_09025


Determining if the include file signal.h exists passed with the following output:
Change Dir: /home/user/-f2fs/oe/build.OE-Generic.x86_64-9.0-devel/lzo-2.10/.x86_64-pc-linux-gnu/CMakeFiles/CMakeTmp

Run Build Command:"/home/user/-f2fs/oe/build.OE-Generic.x86_64-9.0-devel/toolchain/bin/ninja" "cmTC_11976"
[1/2] Building C object CMakeFiles/cmTC_11976.dir/CheckIncludeFile.c.o
[2/2] Linking C executable cmTC_11976


Determining if the include file stdarg.h exists passed with the following output:
Change Dir: /home/user/-f2fs/oe/build.OE-Generic.x86_64-9.0-devel/lzo-2.10/.x86_64-pc-linux-gnu/CMakeFiles/CMakeTmp

Run Build Command:"/home/user/-f2fs/oe/build.OE-Generic.x86_64-9.0-devel/toolchain/bin/ninja" "cmTC_5e14a"
[1/2] Building C object CMakeFiles/cmTC_5e14a.dir/CheckIncludeFile.c.o
[2/2] Linking C executable cmTC_5e14a


Determining if the include file stddef.h exists passed with the following output:
Change Dir: /home/user/-f2fs/oe/build.OE-Generic.x86_64-9.0-devel/lzo-2.10/.x86_64-pc-linux-gnu/CMakeFiles/CMakeTmp

Run Build Command:"/home/user/-f2fs/oe/build.OE-Generic.x86_64-9.0-devel/toolchain/bin/ninja" "cmTC_1c922"
[1/2] Building C object CMakeFiles/cmTC_1c922.dir/CheckIncludeFile.c.o
[2/2] Linking C executable cmTC_1c922


Determining if the include file stdint.h exists passed with the following output:
Change Dir: /home/user/-f2fs/oe/build.OE-Generic.x86_64-9.0-devel/lzo-2.10/.x86_64-pc-linux-gnu/CMakeFiles/CMakeTmp

Run Build Command:"/home/user/-f2fs/oe/build.OE-Generic.x86_64-9.0-devel/toolchain/bin/ninja" "cmTC_a5a52"
[1/2] Building C object CMakeFiles/cmTC_a5a52.dir/CheckIncludeFile.c.o
[2/2] Linking C executable cmTC_a5a52


Determining if the include file stdio.h exists passed with the following output:
Change Dir: /home/user/-f2fs/oe/build.OE-Generic.x86_64-9.0-devel/lzo-2.10/.x86_64-pc-linux-gnu/CMakeFiles/CMakeTmp

Run Build Command:"/home/user/-f2fs/oe/build.OE-Generic.x86_64-9.0-devel/toolchain/bin/ninja" "cmTC_81977"
[1/2] Building C object CMakeFiles/cmTC_81977.dir/CheckIncludeFile.c.o
[2/2] Linking C executable cmTC_81977


Determining if the include file stdlib.h exists passed with the following output:
Change Dir: /home/user/-f2fs/oe/build.OE-Generic.x86_64-9.0-devel/lzo-2.10/.x86_64-pc-linux-gnu/CMakeFiles/CMakeTmp

Run Build Command:"/home/user/-f2fs/oe/build.OE-Generic.x86_64-9.0-devel/toolchain/bin/ninja" "cmTC_4552d"
[1/2] Building C object CMakeFiles/cmTC_4552d.dir/CheckIncludeFile.c.o
[2/2] Linking C executable cmTC_4552d


Determining if the include file string.h exists passed with the following output:
Change Dir: /home/user/-f2fs/oe/build.OE-Generic.x86_64-9.0-devel/lzo-2.10/.x86_64-pc-linux-gnu/CMakeFiles/CMakeTmp

Run Build Command:"/home/user/-f2fs/oe/build.OE-Generic.x86_64-9.0-devel/toolchain/bin/ninja" "cmTC_93c3c"
[1/2] Building C object CMakeFiles/cmTC_93c3c.dir/CheckIncludeFile.c.o
[2/2] Linking C executable cmTC_93c3c


Determining if the include file strings.h exists passed with the following output:
Change Dir: /home/user/-f2fs/oe/build.OE-Generic.x86_64-9.0-devel/lzo-2.10/.x86_64-pc-linux-gnu/CMakeFiles/CMakeTmp

Run Build Command:"/home/user/-f2fs/oe/build.OE-Generic.x86_64-9.0-devel/toolchain/bin/ninja" "cmTC_69033"
[1/2] Building C object CMakeFiles/cmTC_69033.dir/CheckIncludeFile.c.o
[2/2] Linking C executable cmTC_69033


Determining if the include file time.h exists passed with the following output:
Change Dir: /home/user/-f2fs/oe/build.OE-Generic.x86_64-9.0-devel/lzo-2.10/.x86_64-pc-linux-gnu/CMakeFiles/CMakeTmp

Run Build Command:"/home/user/-f2fs/oe/build.OE-Generic.x86_64-9.0-devel/toolchain/bin/ninja" "cmTC_0ed8b"
[1/2] Building C object CMakeFiles/cmTC_0ed8b.dir/CheckIncludeFile.c.o
[2/2] Linking C executable cmTC_0ed8b


Determining if the include file unistd.h exists passed with the following output:
Change Dir: /home/user/-f2fs/oe/build.OE-Generic.x86_64-9.0-devel/lzo-2.10/.x86_64-pc-linux-gnu/CMakeFiles/CMakeTmp

Run Build Command:"/home/user/-f2fs/oe/build.OE-Generic.x86_64-9.0-devel/toolchain/bin/ninja" "cmTC_0a1ba"
[1/2] Building C object CMakeFiles/cmTC_0a1ba.dir/CheckIncludeFile.c.o
[2/2] Linking C executable cmTC_0a1ba


Determining if the include file utime.h exists passed with the following output:
Change Dir: /home/user/-f2fs/oe/build.OE-Generic.x86_64-9.0-devel/lzo-2.10/.x86_64-pc-linux-gnu/CMakeFiles/CMakeTmp

Run Build Command:"/home/user/-f2fs/oe/build.OE-Generic.x86_64-9.0-devel/toolchain/bin/ninja" "cmTC_8191a"
[1/2] Building C object CMakeFiles/cmTC_8191a.dir/CheckIncludeFile.c.o
[2/2] Linking C executable cmTC_8191a


Determining if the include file sys/mman.h exists passed with the following output:
Change Dir: /home/user/-f2fs/oe/build.OE-Generic.x86_64-9.0-devel/lzo-2.10/.x86_64-pc-linux-gnu/CMakeFiles/CMakeTmp

Run Build Command:"/home/user/-f2fs/oe/build.OE-Generic.x86_64-9.0-devel/toolchain/bin/ninja" "cmTC_97ba1"
[1/2] Building C object CMakeFiles/cmTC_97ba1.dir/CheckIncludeFile.c.o
[2/2] Linking C executable cmTC_97ba1


Determining if the include file sys/resource.h exists passed with the following output:
Change Dir: /home/user/-f2fs/oe/build.OE-Generic.x86_64-9.0-devel/lzo-2.10/.x86_64-pc-linux-gnu/CMakeFiles/CMakeTmp

Run Build Command:"/home/user/-f2fs/oe/build.OE-Generic.x86_64-9.0-devel/toolchain/bin/ninja" "cmTC_99ce9"
[1/2] Building C object CMakeFiles/cmTC_99ce9.dir/CheckIncludeFile.c.o
[2/2] Linking C executable cmTC_99ce9


Determining if the include file sys/stat.h exists passed with the following output:
Change Dir: /home/user/-f2fs/oe/build.OE-Generic.x86_64-9.0-devel/lzo-2.10/.x86_64-pc-linux-gnu/CMakeFiles/CMakeTmp

Run Build Command:"/home/user/-f2fs/oe/build.OE-Generic.x86_64-9.0-devel/toolchain/bin/ninja" "cmTC_409a8"
[1/2] Building C object CMakeFiles/cmTC_409a8.dir/CheckIncludeFile.c.o
[2/2] Linking C executable cmTC_409a8


Determining if the include file sys/time.h exists passed with the following output:
Change Dir: /home/user/-f2fs/oe/build.OE-Generic.x86_64-9.0-devel/lzo-2.10/.x86_64-pc-linux-gnu/CMakeFiles/CMakeTmp

Run Build Command:"/home/user/-f2fs/oe/build.OE-Generic.x86_64-9.0-devel/toolchain/bin/ninja" "cmTC_bdf8d"
[1/2] Building C object CMakeFiles/cmTC_bdf8d.dir/CheckIncludeFile.c.o
[2/2] Linking C executable cmTC_bdf8d


Determining if the include file sys/types.h exists passed with the following output:
Change Dir: /home/user/-f2fs/oe/build.OE-Generic.x86_64-9.0-devel/lzo-2.10/.x86_64-pc-linux-gnu/CMakeFiles/CMakeTmp

Run Build Command:"/home/user/-f2fs/oe/build.OE-Generic.x86_64-9.0-devel/toolchain/bin/ninja" "cmTC_3bcfb"
[1/2] Building C object CMakeFiles/cmTC_3bcfb.dir/CheckIncludeFile.c.o
[2/2] Linking C executable cmTC_3bcfb


Determining if the include file sys/wait.h exists passed with the following output:
Change Dir: /home/user/-f2fs/oe/build.OE-Generic.x86_64-9.0-devel/lzo-2.10/.x86_64-pc-linux-gnu/CMakeFiles/CMakeTmp

Run Build Command:"/home/user/-f2fs/oe/build.OE-Generic.x86_64-9.0-devel/toolchain/bin/ninja" "cmTC_a4ddd"
[1/2] Building C object CMakeFiles/cmTC_a4ddd.dir/CheckIncludeFile.c.o
[2/2] Linking C executable cmTC_a4ddd


Determining if the include file sys/types.h exists passed with the following output:
Change Dir: /home/user/-f2fs/oe/build.OE-Generic.x86_64-9.0-devel/lzo-2.10/.x86_64-pc-linux-gnu/CMakeFiles/CMakeTmp

Run Build Command:"/home/user/-f2fs/oe/build.OE-Generic.x86_64-9.0-devel/toolchain/bin/ninja" "cmTC_b58ff"
[1/2] Building C object CMakeFiles/cmTC_b58ff.dir/CheckIncludeFile.c.o
[2/2] Linking C executable cmTC_b58ff


Determining if the include file stdint.h exists passed with the following output:
Change Dir: /home/user/-f2fs/oe/build.OE-Generic.x86_64-9.0-devel/lzo-2.10/.x86_64-pc-linux-gnu/CMakeFiles/CMakeTmp

Run Build Command:"/home/user/-f2fs/oe/build.OE-Generic.x86_64-9.0-devel/toolchain/bin/ninja" "cmTC_07952"
[1/2] Building C object CMakeFiles/cmTC_07952.dir/CheckIncludeFile.c.o
[2/2] Linking C executable cmTC_07952


Determining if the include file stddef.h exists passed with the following output:
Change Dir: /home/user/-f2fs/oe/build.OE-Generic.x86_64-9.0-devel/lzo-2.10/.x86_64-pc-linux-gnu/CMakeFiles/CMakeTmp

Run Build Command:"/home/user/-f2fs/oe/build.OE-Generic.x86_64-9.0-devel/toolchain/bin/ninja" "cmTC_70dcc"
[1/2] Building C object CMakeFiles/cmTC_70dcc.dir/CheckIncludeFile.c.o
[2/2] Linking C executable cmTC_70dcc


Determining size of short passed with the following output:
Change Dir: /home/user/-f2fs/oe/build.OE-Generic.x86_64-9.0-devel/lzo-2.10/.x86_64-pc-linux-gnu/CMakeFiles/CMakeTmp

Run Build Command:"/home/user/-f2fs/oe/build.OE-Generic.x86_64-9.0-devel/toolchain/bin/ninja" "cmTC_19f66"
[1/2] Building C object CMakeFiles/cmTC_19f66.dir/mfx_SIZEOF_SHORT.c.o
[2/2] Linking C executable cmTC_19f66


Determining size of int passed with the following output:
Change Dir: /home/user/-f2fs/oe/build.OE-Generic.x86_64-9.0-devel/lzo-2.10/.x86_64-pc-linux-gnu/CMakeFiles/CMakeTmp

Run Build Command:"/home/user/-f2fs/oe/build.OE-Generic.x86_64-9.0-devel/toolchain/bin/ninja" "cmTC_e1136"
[1/2] Building C object CMakeFiles/cmTC_e1136.dir/mfx_SIZEOF_INT.c.o
[2/2] Linking C executable cmTC_e1136


Determining size of long passed with the following output:
Change Dir: /home/user/-f2fs/oe/build.OE-Generic.x86_64-9.0-devel/lzo-2.10/.x86_64-pc-linux-gnu/CMakeFiles/CMakeTmp

Run Build Command:"/home/user/-f2fs/oe/build.OE-Generic.x86_64-9.0-devel/toolchain/bin/ninja" "cmTC_ce41e"
[1/2] Building C object CMakeFiles/cmTC_ce41e.dir/mfx_SIZEOF_LONG.c.o
[2/2] Linking C executable cmTC_ce41e


Determining size of long long passed with the following output:
Change Dir: /home/user/-f2fs/oe/build.OE-Generic.x86_64-9.0-devel/lzo-2.10/.x86_64-pc-linux-gnu/CMakeFiles/CMakeTmp

Run Build Command:"/home/user/-f2fs/oe/build.OE-Generic.x86_64-9.0-devel/toolchain/bin/ninja" "cmTC_22358"
[1/2] Building C object CMakeFiles/cmTC_22358.dir/mfx_SIZEOF_LONG_LONG.c.o
[2/2] Linking C executable cmTC_22358


Determining size of void * passed with the following output:
Change Dir: /home/user/-f2fs/oe/build.OE-Generic.x86_64-9.0-devel/lzo-2.10/.x86_64-pc-linux-gnu/CMakeFiles/CMakeTmp

Run Build Command:"/home/user/-f2fs/oe/build.OE-Generic.x86_64-9.0-devel/toolchain/bin/ninja" "cmTC_93dae"
[1/2] Building C object CMakeFiles/cmTC_93dae.dir/mfx_SIZEOF_VOID_P.c.o
[2/2] Linking C executable cmTC_93dae


Determining size of size_t passed with the following output:
Change Dir: /home/user/-f2fs/oe/build.OE-Generic.x86_64-9.0-devel/lzo-2.10/.x86_64-pc-linux-gnu/CMakeFiles/CMakeTmp

Run Build Command:"/home/user/-f2fs/oe/build.OE-Generic.x86_64-9.0-devel/toolchain/bin/ninja" "cmTC_df099"
[1/2] Building C object CMakeFiles/cmTC_df099.dir/mfx_SIZEOF_SIZE_T.c.o
[2/2] Linking C executable cmTC_df099


Determining size of ptrdiff_t passed with the following output:
Change Dir: /home/user/-f2fs/oe/build.OE-Generic.x86_64-9.0-devel/lzo-2.10/.x86_64-pc-linux-gnu/CMakeFiles/CMakeTmp

Run Build Command:"/home/user/-f2fs/oe/build.OE-Generic.x86_64-9.0-devel/toolchain/bin/ninja" "cmTC_549c4"
[1/2] Building C object CMakeFiles/cmTC_549c4.dir/mfx_SIZEOF_PTRDIFF_T.c.o
[2/2] Linking C executable cmTC_549c4


Determining size of intmax_t passed with the following output:
Change Dir: /home/user/-f2fs/oe/build.OE-Generic.x86_64-9.0-devel/lzo-2.10/.x86_64-pc-linux-gnu/CMakeFiles/CMakeTmp

Run Build Command:"/home/user/-f2fs/oe/build.OE-Generic.x86_64-9.0-devel/toolchain/bin/ninja" "cmTC_3dc9a"
[1/2] Building C object CMakeFiles/cmTC_3dc9a.dir/mfx_SIZEOF_INTMAX_T.c.o
[2/2] Linking C executable cmTC_3dc9a


Determining size of uintmax_t passed with the following output:
Change Dir: /home/user/-f2fs/oe/build.OE-Generic.x86_64-9.0-devel/lzo-2.10/.x86_64-pc-linux-gnu/CMakeFiles/CMakeTmp

Run Build Command:"/home/user/-f2fs/oe/build.OE-Generic.x86_64-9.0-devel/toolchain/bin/ninja" "cmTC_88019"
[1/2] Building C object CMakeFiles/cmTC_88019.dir/mfx_SIZEOF_UINTMAX_T.c.o
[2/2] Linking C executable cmTC_88019


Determining size of intptr_t passed with the following output:
Change Dir: /home/user/-f2fs/oe/build.OE-Generic.x86_64-9.0-devel/lzo-2.10/.x86_64-pc-linux-gnu/CMakeFiles/CMakeTmp

Run Build Command:"/home/user/-f2fs/oe/build.OE-Generic.x86_64-9.0-devel/toolchain/bin/ninja" "cmTC_a7b57"
[1/2] Building C object CMakeFiles/cmTC_a7b57.dir/mfx_SIZEOF_INTPTR_T.c.o
[2/2] Linking C executable cmTC_a7b57


Determining size of uintptr_t passed with the following output:
Change Dir: /home/user/-f2fs/oe/build.OE-Generic.x86_64-9.0-devel/lzo-2.10/.x86_64-pc-linux-gnu/CMakeFiles/CMakeTmp

Run Build Command:"/home/user/-f2fs/oe/build.OE-Generic.x86_64-9.0-devel/toolchain/bin/ninja" "cmTC_29c9a"
[1/2] Building C object CMakeFiles/cmTC_29c9a.dir/mfx_SIZEOF_UINTPTR_T.c.o
[2/2] Linking C executable cmTC_29c9a


Determining size of float passed with the following output:
Change Dir: /home/user/-f2fs/oe/build.OE-Generic.x86_64-9.0-devel/lzo-2.10/.x86_64-pc-linux-gnu/CMakeFiles/CMakeTmp

Run Build Command:"/home/user/-f2fs/oe/build.OE-Generic.x86_64-9.0-devel/toolchain/bin/ninja" "cmTC_ac1e9"
[1/2] Building C object CMakeFiles/cmTC_ac1e9.dir/mfx_SIZEOF_FLOAT.c.o
[2/2] Linking C executable cmTC_ac1e9


Determining size of double passed with the following output:
Change Dir: /home/user/-f2fs/oe/build.OE-Generic.x86_64-9.0-devel/lzo-2.10/.x86_64-pc-linux-gnu/CMakeFiles/CMakeTmp

Run Build Command:"/home/user/-f2fs/oe/build.OE-Generic.x86_64-9.0-devel/toolchain/bin/ninja" "cmTC_f02ea"
[1/2] Building C object CMakeFiles/cmTC_f02ea.dir/mfx_SIZEOF_DOUBLE.c.o
[2/2] Linking C executable cmTC_f02ea


Determining size of long double passed with the following output:
Change Dir: /home/user/-f2fs/oe/build.OE-Generic.x86_64-9.0-devel/lzo-2.10/.x86_64-pc-linux-gnu/CMakeFiles/CMakeTmp

Run Build Command:"/home/user/-f2fs/oe/build.OE-Generic.x86_64-9.0-devel/toolchain/bin/ninja" "cmTC_57bd7"
[1/2] Building C object CMakeFiles/cmTC_57bd7.dir/mfx_SIZEOF_LONG_DOUBLE.c.o
[2/2] Linking C executable cmTC_57bd7


Determining size of dev_t passed with the following output:
Change Dir: /home/user/-f2fs/oe/build.OE-Generic.x86_64-9.0-devel/lzo-2.10/.x86_64-pc-linux-gnu/CMakeFiles/CMakeTmp

Run Build Command:"/home/user/-f2fs/oe/build.OE-Generic.x86_64-9.0-devel/toolchain/bin/ninja" "cmTC_9a72f"
[1/2] Building C object CMakeFiles/cmTC_9a72f.dir/mfx_SIZEOF_DEV_T.c.o
[2/2] Linking C executable cmTC_9a72f


Determining size of mode_t passed with the following output:
Change Dir: /home/user/-f2fs/oe/build.OE-Generic.x86_64-9.0-devel/lzo-2.10/.x86_64-pc-linux-gnu/CMakeFiles/CMakeTmp

Run Build Command:"/home/user/-f2fs/oe/build.OE-Generic.x86_64-9.0-devel/toolchain/bin/ninja" "cmTC_baff4"
[1/2] Building C object CMakeFiles/cmTC_baff4.dir/mfx_SIZEOF_MODE_T.c.o
[2/2] Linking C executable cmTC_baff4


Determining size of off_t passed with the following output:
Change Dir: /home/user/-f2fs/oe/build.OE-Generic.x86_64-9.0-devel/lzo-2.10/.x86_64-pc-linux-gnu/CMakeFiles/CMakeTmp

Run Build Command:"/home/user/-f2fs/oe/build.OE-Generic.x86_64-9.0-devel/toolchain/bin/ninja" "cmTC_6fdc7"
[1/2] Building C object CMakeFiles/cmTC_6fdc7.dir/mfx_SIZEOF_OFF_T.c.o
[2/2] Linking C executable cmTC_6fdc7


Determining size of ssize_t passed with the following output:
Change Dir: /home/user/-f2fs/oe/build.OE-Generic.x86_64-9.0-devel/lzo-2.10/.x86_64-pc-linux-gnu/CMakeFiles/CMakeTmp

Run Build Command:"/home/user/-f2fs/oe/build.OE-Generic.x86_64-9.0-devel/toolchain/bin/ninja" "cmTC_07298"
[1/2] Building C object CMakeFiles/cmTC_07298.dir/mfx_SIZEOF_SSIZE_T.c.o
[2/2] Linking C executable cmTC_07298


Determining size of time_t passed with the following output:
Change Dir: /home/user/-f2fs/oe/build.OE-Generic.x86_64-9.0-devel/lzo-2.10/.x86_64-pc-linux-gnu/CMakeFiles/CMakeTmp

Run Build Command:"/home/user/-f2fs/oe/build.OE-Generic.x86_64-9.0-devel/toolchain/bin/ninja" "cmTC_e5a3c"
[1/2] Building C object CMakeFiles/cmTC_e5a3c.dir/mfx_SIZEOF_TIME_T.c.o
[2/2] Linking C executable cmTC_e5a3c


Determining if the function access exists passed with the following output:
Change Dir: /home/user/-f2fs/oe/build.OE-Generic.x86_64-9.0-devel/lzo-2.10/.x86_64-pc-linux-gnu/CMakeFiles/CMakeTmp

Run Build Command:"/home/user/-f2fs/oe/build.OE-Generic.x86_64-9.0-devel/toolchain/bin/ninja" "cmTC_edf14"
[1/2] Building C object CMakeFiles/cmTC_edf14.dir/CheckFunctionExists.c.o
[2/2] Linking C executable cmTC_edf14


Determining if the function atexit exists passed with the following output:
Change Dir: /home/user/-f2fs/oe/build.OE-Generic.x86_64-9.0-devel/lzo-2.10/.x86_64-pc-linux-gnu/CMakeFiles/CMakeTmp

Run Build Command:"/home/user/-f2fs/oe/build.OE-Generic.x86_64-9.0-devel/toolchain/bin/ninja" "cmTC_455b3"
[1/2] Building C object CMakeFiles/cmTC_455b3.dir/CheckFunctionExists.c.o
[2/2] Linking C executable cmTC_455b3


Determining if the function atoi exists passed with the following output:
Change Dir: /home/user/-f2fs/oe/build.OE-Generic.x86_64-9.0-devel/lzo-2.10/.x86_64-pc-linux-gnu/CMakeFiles/CMakeTmp

Run Build Command:"/home/user/-f2fs/oe/build.OE-Generic.x86_64-9.0-devel/toolchain/bin/ninja" "cmTC_8380d"
[1/2] Building C object CMakeFiles/cmTC_8380d.dir/CheckFunctionExists.c.o
[2/2] Linking C executable cmTC_8380d


Determining if the function atol exists passed with the following output:
Change Dir: /home/user/-f2fs/oe/build.OE-Generic.x86_64-9.0-devel/lzo-2.10/.x86_64-pc-linux-gnu/CMakeFiles/CMakeTmp

Run Build Command:"/home/user/-f2fs/oe/build.OE-Generic.x86_64-9.0-devel/toolchain/bin/ninja" "cmTC_4a6cd"
[1/2] Building C object CMakeFiles/cmTC_4a6cd.dir/CheckFunctionExists.c.o
[2/2] Linking C executable cmTC_4a6cd


Determining if the function chmod exists passed with the following output:
Change Dir: /home/user/-f2fs/oe/build.OE-Generic.x86_64-9.0-devel/lzo-2.10/.x86_64-pc-linux-gnu/CMakeFiles/CMakeTmp

Run Build Command:"/home/user/-f2fs/oe/build.OE-Generic.x86_64-9.0-devel/toolchain/bin/ninja" "cmTC_83951"
[1/2] Building C object CMakeFiles/cmTC_83951.dir/CheckFunctionExists.c.o
[2/2] Linking C executable cmTC_83951


Determining if the function chown exists passed with the following output:
Change Dir: /home/user/-f2fs/oe/build.OE-Generic.x86_64-9.0-devel/lzo-2.10/.x86_64-pc-linux-gnu/CMakeFiles/CMakeTmp

Run Build Command:"/home/user/-f2fs/oe/build.OE-Generic.x86_64-9.0-devel/toolchain/bin/ninja" "cmTC_9d0bc"
[1/2] Building C object CMakeFiles/cmTC_9d0bc.dir/CheckFunctionExists.c.o
[2/2] Linking C executable cmTC_9d0bc


Determining if the function clock_getcpuclockid exists passed with the following output:
Change Dir: /home/user/-f2fs/oe/build.OE-Generic.x86_64-9.0-devel/lzo-2.10/.x86_64-pc-linux-gnu/CMakeFiles/CMakeTmp

Run Build Command:"/home/user/-f2fs/oe/build.OE-Generic.x86_64-9.0-devel/toolchain/bin/ninja" "cmTC_8e8cf"
[1/2] Building C object CMakeFiles/cmTC_8e8cf.dir/CheckFunctionExists.c.o
[2/2] Linking C executable cmTC_8e8cf


Determining if the function clock_getres exists passed with the following output:
Change Dir: /home/user/-f2fs/oe/build.OE-Generic.x86_64-9.0-devel/lzo-2.10/.x86_64-pc-linux-gnu/CMakeFiles/CMakeTmp

Run Build Command:"/home/user/-f2fs/oe/build.OE-Generic.x86_64-9.0-devel/toolchain/bin/ninja" "cmTC_b31a0"
[1/2] Building C object CMakeFiles/cmTC_b31a0.dir/CheckFunctionExists.c.o
[2/2] Linking C executable cmTC_b31a0


Determining if the function clock_gettime exists passed with the following output:
Change Dir: /home/user/-f2fs/oe/build.OE-Generic.x86_64-9.0-devel/lzo-2.10/.x86_64-pc-linux-gnu/CMakeFiles/CMakeTmp

Run Build Command:"/home/user/-f2fs/oe/build.OE-Generic.x86_64-9.0-devel/toolchain/bin/ninja" "cmTC_2099b"
[1/2] Building C object CMakeFiles/cmTC_2099b.dir/CheckFunctionExists.c.o
[2/2] Linking C executable cmTC_2099b


Determining if the function ctime exists passed with the following output:
Change Dir: /home/user/-f2fs/oe/build.OE-Generic.x86_64-9.0-devel/lzo-2.10/.x86_64-pc-linux-gnu/CMakeFiles/CMakeTmp

Run Build Command:"/home/user/-f2fs/oe/build.OE-Generic.x86_64-9.0-devel/toolchain/bin/ninja" "cmTC_f5f0a"
[1/2] Building C object CMakeFiles/cmTC_f5f0a.dir/CheckFunctionExists.c.o
[2/2] Linking C executable cmTC_f5f0a


Determining if the function difftime exists passed with the following output:
Change Dir: /home/user/-f2fs/oe/build.OE-Generic.x86_64-9.0-devel/lzo-2.10/.x86_64-pc-linux-gnu/CMakeFiles/CMakeTmp

Run Build Command:"/home/user/-f2fs/oe/build.OE-Generic.x86_64-9.0-devel/toolchain/bin/ninja" "cmTC_73de9"
[1/2] Building C object CMakeFiles/cmTC_73de9.dir/CheckFunctionExists.c.o
[2/2] Linking C executable cmTC_73de9


Determining if the function fstat exists passed with the following output:
Change Dir: /home/user/-f2fs/oe/build.OE-Generic.x86_64-9.0-devel/lzo-2.10/.x86_64-pc-linux-gnu/CMakeFiles/CMakeTmp

Run Build Command:"/home/user/-f2fs/oe/build.OE-Generic.x86_64-9.0-devel/toolchain/bin/ninja" "cmTC_1e420"
[1/2] Building C object CMakeFiles/cmTC_1e420.dir/CheckFunctionExists.c.o
[2/2] Linking C executable cmTC_1e420


Determining if the function getenv exists passed with the following output:
Change Dir: /home/user/-f2fs/oe/build.OE-Generic.x86_64-9.0-devel/lzo-2.10/.x86_64-pc-linux-gnu/CMakeFiles/CMakeTmp

Run Build Command:"/home/user/-f2fs/oe/build.OE-Generic.x86_64-9.0-devel/toolchain/bin/ninja" "cmTC_0e2fa"
[1/2] Building C object CMakeFiles/cmTC_0e2fa.dir/CheckFunctionExists.c.o
[2/2] Linking C executable cmTC_0e2fa


Determining if the function getpagesize exists passed with the following output:
Change Dir: /home/user/-f2fs/oe/build.OE-Generic.x86_64-9.0-devel/lzo-2.10/.x86_64-pc-linux-gnu/CMakeFiles/CMakeTmp

Run Build Command:"/home/user/-f2fs/oe/build.OE-Generic.x86_64-9.0-devel/toolchain/bin/ninja" "cmTC_4dbc3"
[1/2] Building C object CMakeFiles/cmTC_4dbc3.dir/CheckFunctionExists.c.o
[2/2] Linking C executable cmTC_4dbc3


Determining if the function getrusage exists passed with the following output:
Change Dir: /home/user/-f2fs/oe/build.OE-Generic.x86_64-9.0-devel/lzo-2.10/.x86_64-pc-linux-gnu/CMakeFiles/CMakeTmp

Run Build Command:"/home/user/-f2fs/oe/build.OE-Generic.x86_64-9.0-devel/toolchain/bin/ninja" "cmTC_4513c"
[1/2] Building C object CMakeFiles/cmTC_4513c.dir/CheckFunctionExists.c.o
[2/2] Linking C executable cmTC_4513c


Determining if the function gettimeofday exists passed with the following output:
Change Dir: /home/user/-f2fs/oe/build.OE-Generic.x86_64-9.0-devel/lzo-2.10/.x86_64-pc-linux-gnu/CMakeFiles/CMakeTmp

Run Build Command:"/home/user/-f2fs/oe/build.OE-Generic.x86_64-9.0-devel/toolchain/bin/ninja" "cmTC_60ad3"
[1/2] Building C object CMakeFiles/cmTC_60ad3.dir/CheckFunctionExists.c.o
[2/2] Linking C executable cmTC_60ad3


Determining if the function gmtime exists passed with the following output:
Change Dir: /home/user/-f2fs/oe/build.OE-Generic.x86_64-9.0-devel/lzo-2.10/.x86_64-pc-linux-gnu/CMakeFiles/CMakeTmp

Run Build Command:"/home/user/-f2fs/oe/build.OE-Generic.x86_64-9.0-devel/toolchain/bin/ninja" "cmTC_5be3d"
[1/2] Building C object CMakeFiles/cmTC_5be3d.dir/CheckFunctionExists.c.o
[2/2] Linking C executable cmTC_5be3d


Determining if the function isatty exists passed with the following output:
Change Dir: /home/user/-f2fs/oe/build.OE-Generic.x86_64-9.0-devel/lzo-2.10/.x86_64-pc-linux-gnu/CMakeFiles/CMakeTmp

Run Build Command:"/home/user/-f2fs/oe/build.OE-Generic.x86_64-9.0-devel/toolchain/bin/ninja" "cmTC_ad480"
[1/2] Building C object CMakeFiles/cmTC_ad480.dir/CheckFunctionExists.c.o
[2/2] Linking C executable cmTC_ad480


Determining if the function localtime exists passed with the following output:
Change Dir: /home/user/-f2fs/oe/build.OE-Generic.x86_64-9.0-devel/lzo-2.10/.x86_64-pc-linux-gnu/CMakeFiles/CMakeTmp

Run Build Command:"/home/user/-f2fs/oe/build.OE-Generic.x86_64-9.0-devel/toolchain/bin/ninja" "cmTC_deff0"
[1/2] Building C object CMakeFiles/cmTC_deff0.dir/CheckFunctionExists.c.o
[2/2] Linking C executable cmTC_deff0


Determining if the function longjmp exists passed with the following output:
Change Dir: /home/user/-f2fs/oe/build.OE-Generic.x86_64-9.0-devel/lzo-2.10/.x86_64-pc-linux-gnu/CMakeFiles/CMakeTmp

Run Build Command:"/home/user/-f2fs/oe/build.OE-Generic.x86_64-9.0-devel/toolchain/bin/ninja" "cmTC_f5114"
[1/2] Building C object CMakeFiles/cmTC_f5114.dir/CheckFunctionExists.c.o
[2/2] Linking C executable cmTC_f5114


Determining if the function lstat exists passed with the following output:
Change Dir: /home/user/-f2fs/oe/build.OE-Generic.x86_64-9.0-devel/lzo-2.10/.x86_64-pc-linux-gnu/CMakeFiles/CMakeTmp

Run Build Command:"/home/user/-f2fs/oe/build.OE-Generic.x86_64-9.0-devel/toolchain/bin/ninja" "cmTC_22a17"
[1/2] Building C object CMakeFiles/cmTC_22a17.dir/CheckFunctionExists.c.o
[2/2] Linking C executable cmTC_22a17


Determining if the function memcmp exists passed with the following output:
Change Dir: /home/user/-f2fs/oe/build.OE-Generic.x86_64-9.0-devel/lzo-2.10/.x86_64-pc-linux-gnu/CMakeFiles/CMakeTmp

Run Build Command:"/home/user/-f2fs/oe/build.OE-Generic.x86_64-9.0-devel/toolchain/bin/ninja" "cmTC_fa22c"
[1/2] Building C object CMakeFiles/cmTC_fa22c.dir/CheckFunctionExists.c.o
<command-line>: warning: conflicting types for built-in function 'memcmp' [-Wbuiltin-declaration-mismatch]
/home/user/-f2fs/oe/build.OE-Generic.x86_64-9.0-devel/toolchain/share/cmake-3.12/Modules/CheckFunctionExists.c:7:3: note: in expansion of macro 'CHECK_FUNCTION_EXISTS'
   CHECK_FUNCTION_EXISTS(void);
   ^~~~~~~~~~~~~~~~~~~~~
[2/2] Linking C executable cmTC_fa22c


Determining if the function memcpy exists passed with the following output:
Change Dir: /home/user/-f2fs/oe/build.OE-Generic.x86_64-9.0-devel/lzo-2.10/.x86_64-pc-linux-gnu/CMakeFiles/CMakeTmp

Run Build Command:"/home/user/-f2fs/oe/build.OE-Generic.x86_64-9.0-devel/toolchain/bin/ninja" "cmTC_0f232"
[1/2] Building C object CMakeFiles/cmTC_0f232.dir/CheckFunctionExists.c.o
<command-line>: warning: conflicting types for built-in function 'memcpy' [-Wbuiltin-declaration-mismatch]
/home/user/-f2fs/oe/build.OE-Generic.x86_64-9.0-devel/toolchain/share/cmake-3.12/Modules/CheckFunctionExists.c:7:3: note: in expansion of macro 'CHECK_FUNCTION_EXISTS'
   CHECK_FUNCTION_EXISTS(void);
   ^~~~~~~~~~~~~~~~~~~~~
[2/2] Linking C executable cmTC_0f232


Determining if the function memmove exists passed with the following output:
Change Dir: /home/user/-f2fs/oe/build.OE-Generic.x86_64-9.0-devel/lzo-2.10/.x86_64-pc-linux-gnu/CMakeFiles/CMakeTmp

Run Build Command:"/home/user/-f2fs/oe/build.OE-Generic.x86_64-9.0-devel/toolchain/bin/ninja" "cmTC_3a085"
[1/2] Building C object CMakeFiles/cmTC_3a085.dir/CheckFunctionExists.c.o
<command-line>: warning: conflicting types for built-in function 'memmove' [-Wbuiltin-declaration-mismatch]
/home/user/-f2fs/oe/build.OE-Generic.x86_64-9.0-devel/toolchain/share/cmake-3.12/Modules/CheckFunctionExists.c:7:3: note: in expansion of macro 'CHECK_FUNCTION_EXISTS'
   CHECK_FUNCTION_EXISTS(void);
   ^~~~~~~~~~~~~~~~~~~~~
[2/2] Linking C executable cmTC_3a085


Determining if the function memset exists passed with the following output:
Change Dir: /home/user/-f2fs/oe/build.OE-Generic.x86_64-9.0-devel/lzo-2.10/.x86_64-pc-linux-gnu/CMakeFiles/CMakeTmp

Run Build Command:"/home/user/-f2fs/oe/build.OE-Generic.x86_64-9.0-devel/toolchain/bin/ninja" "cmTC_55941"
[1/2] Building C object CMakeFiles/cmTC_55941.dir/CheckFunctionExists.c.o
<command-line>: warning: conflicting types for built-in function 'memset' [-Wbuiltin-declaration-mismatch]
/home/user/-f2fs/oe/build.OE-Generic.x86_64-9.0-devel/toolchain/share/cmake-3.12/Modules/CheckFunctionExists.c:7:3: note: in expansion of macro 'CHECK_FUNCTION_EXISTS'
   CHECK_FUNCTION_EXISTS(void);
   ^~~~~~~~~~~~~~~~~~~~~
[2/2] Linking C executable cmTC_55941


Determining if the function mkdir exists passed with the following output:
Change Dir: /home/user/-f2fs/oe/build.OE-Generic.x86_64-9.0-devel/lzo-2.10/.x86_64-pc-linux-gnu/CMakeFiles/CMakeTmp

Run Build Command:"/home/user/-f2fs/oe/build.OE-Generic.x86_64-9.0-devel/toolchain/bin/ninja" "cmTC_39c4c"
[1/2] Building C object CMakeFiles/cmTC_39c4c.dir/CheckFunctionExists.c.o
[2/2] Linking C executable cmTC_39c4c


Determining if the function mktime exists passed with the following output:
Change Dir: /home/user/-f2fs/oe/build.OE-Generic.x86_64-9.0-devel/lzo-2.10/.x86_64-pc-linux-gnu/CMakeFiles/CMakeTmp

Run Build Command:"/home/user/-f2fs/oe/build.OE-Generic.x86_64-9.0-devel/toolchain/bin/ninja" "cmTC_07531"
[1/2] Building C object CMakeFiles/cmTC_07531.dir/CheckFunctionExists.c.o
[2/2] Linking C executable cmTC_07531


Determining if the function mmap exists passed with the following output:
Change Dir: /home/user/-f2fs/oe/build.OE-Generic.x86_64-9.0-devel/lzo-2.10/.x86_64-pc-linux-gnu/CMakeFiles/CMakeTmp

Run Build Command:"/home/user/-f2fs/oe/build.OE-Generic.x86_64-9.0-devel/toolchain/bin/ninja" "cmTC_d62d9"
[1/2] Building C object CMakeFiles/cmTC_d62d9.dir/CheckFunctionExists.c.o
[2/2] Linking C executable cmTC_d62d9


Determining if the function mprotect exists passed with the following output:
Change Dir: /home/user/-f2fs/oe/build.OE-Generic.x86_64-9.0-devel/lzo-2.10/.x86_64-pc-linux-gnu/CMakeFiles/CMakeTmp

Run Build Command:"/home/user/-f2fs/oe/build.OE-Generic.x86_64-9.0-devel/toolchain/bin/ninja" "cmTC_bacc3"
[1/2] Building C object CMakeFiles/cmTC_bacc3.dir/CheckFunctionExists.c.o
[2/2] Linking C executable cmTC_bacc3


Determining if the function munmap exists passed with the following output:
Change Dir: /home/user/-f2fs/oe/build.OE-Generic.x86_64-9.0-devel/lzo-2.10/.x86_64-pc-linux-gnu/CMakeFiles/CMakeTmp

Run Build Command:"/home/user/-f2fs/oe/build.OE-Generic.x86_64-9.0-devel/toolchain/bin/ninja" "cmTC_b2e9e"
[1/2] Building C object CMakeFiles/cmTC_b2e9e.dir/CheckFunctionExists.c.o
[2/2] Linking C executable cmTC_b2e9e


Determining if the function qsort exists passed with the following output:
Change Dir: /home/user/-f2fs/oe/build.OE-Generic.x86_64-9.0-devel/lzo-2.10/.x86_64-pc-linux-gnu/CMakeFiles/CMakeTmp

Run Build Command:"/home/user/-f2fs/oe/build.OE-Generic.x86_64-9.0-devel/toolchain/bin/ninja" "cmTC_83ccd"
[1/2] Building C object CMakeFiles/cmTC_83ccd.dir/CheckFunctionExists.c.o
[2/2] Linking C executable cmTC_83ccd


Determining if the function raise exists passed with the following output:
Change Dir: /home/user/-f2fs/oe/build.OE-Generic.x86_64-9.0-devel/lzo-2.10/.x86_64-pc-linux-gnu/CMakeFiles/CMakeTmp

Run Build Command:"/home/user/-f2fs/oe/build.OE-Generic.x86_64-9.0-devel/toolchain/bin/ninja" "cmTC_4b3cc"
[1/2] Building C object CMakeFiles/cmTC_4b3cc.dir/CheckFunctionExists.c.o
[2/2] Linking C executable cmTC_4b3cc


Determining if the function rmdir exists passed with the following output:
Change Dir: /home/user/-f2fs/oe/build.OE-Generic.x86_64-9.0-devel/lzo-2.10/.x86_64-pc-linux-gnu/CMakeFiles/CMakeTmp

Run Build Command:"/home/user/-f2fs/oe/build.OE-Generic.x86_64-9.0-devel/toolchain/bin/ninja" "cmTC_d2352"
[1/2] Building C object CMakeFiles/cmTC_d2352.dir/CheckFunctionExists.c.o
[2/2] Linking C executable cmTC_d2352


Determining if the function setjmp exists passed with the following output:
Change Dir: /home/user/-f2fs/oe/build.OE-Generic.x86_64-9.0-devel/lzo-2.10/.x86_64-pc-linux-gnu/CMakeFiles/CMakeTmp

Run Build Command:"/home/user/-f2fs/oe/build.OE-Generic.x86_64-9.0-devel/toolchain/bin/ninja" "cmTC_dbe9e"
[1/2] Building C object CMakeFiles/cmTC_dbe9e.dir/CheckFunctionExists.c.o
[2/2] Linking C executable cmTC_dbe9e


Determining if the function signal exists passed with the following output:
Change Dir: /home/user/-f2fs/oe/build.OE-Generic.x86_64-9.0-devel/lzo-2.10/.x86_64-pc-linux-gnu/CMakeFiles/CMakeTmp

Run Build Command:"/home/user/-f2fs/oe/build.OE-Generic.x86_64-9.0-devel/toolchain/bin/ninja" "cmTC_6d45e"
[1/2] Building C object CMakeFiles/cmTC_6d45e.dir/CheckFunctionExists.c.o
[2/2] Linking C executable cmTC_6d45e


Determining if the function snprintf exists passed with the following output:
Change Dir: /home/user/-f2fs/oe/build.OE-Generic.x86_64-9.0-devel/lzo-2.10/.x86_64-pc-linux-gnu/CMakeFiles/CMakeTmp

Run Build Command:"/home/user/-f2fs/oe/build.OE-Generic.x86_64-9.0-devel/toolchain/bin/ninja" "cmTC_7ffc1"
[1/2] Building C object CMakeFiles/cmTC_7ffc1.dir/CheckFunctionExists.c.o
<command-line>: warning: conflicting types for built-in function 'snprintf' [-Wbuiltin-declaration-mismatch]
/home/user/-f2fs/oe/build.OE-Generic.x86_64-9.0-devel/toolchain/share/cmake-3.12/Modules/CheckFunctionExists.c:7:3: note: in expansion of macro 'CHECK_FUNCTION_EXISTS'
   CHECK_FUNCTION_EXISTS(void);
   ^~~~~~~~~~~~~~~~~~~~~
[2/2] Linking C executable cmTC_7ffc1


Determining if the function strcasecmp exists passed with the following output:
Change Dir: /home/user/-f2fs/oe/build.OE-Generic.x86_64-9.0-devel/lzo-2.10/.x86_64-pc-linux-gnu/CMakeFiles/CMakeTmp

Run Build Command:"/home/user/-f2fs/oe/build.OE-Generic.x86_64-9.0-devel/toolchain/bin/ninja" "cmTC_c4590"
[1/2] Building C object CMakeFiles/cmTC_c4590.dir/CheckFunctionExists.c.o
<command-line>: warning: conflicting types for built-in function 'strcasecmp' [-Wbuiltin-declaration-mismatch]
/home/user/-f2fs/oe/build.OE-Generic.x86_64-9.0-devel/toolchain/share/cmake-3.12/Modules/CheckFunctionExists.c:7:3: note: in expansion of macro 'CHECK_FUNCTION_EXISTS'
   CHECK_FUNCTION_EXISTS(void);
   ^~~~~~~~~~~~~~~~~~~~~
[2/2] Linking C executable cmTC_c4590


Determining if the function strchr exists passed with the following output:
Change Dir: /home/user/-f2fs/oe/build.OE-Generic.x86_64-9.0-devel/lzo-2.10/.x86_64-pc-linux-gnu/CMakeFiles/CMakeTmp

Run Build Command:"/home/user/-f2fs/oe/build.OE-Generic.x86_64-9.0-devel/toolchain/bin/ninja" "cmTC_77780"
[1/2] Building C object CMakeFiles/cmTC_77780.dir/CheckFunctionExists.c.o
<command-line>: warning: conflicting types for built-in function 'strchr' [-Wbuiltin-declaration-mismatch]
/home/user/-f2fs/oe/build.OE-Generic.x86_64-9.0-devel/toolchain/share/cmake-3.12/Modules/CheckFunctionExists.c:7:3: note: in expansion of macro 'CHECK_FUNCTION_EXISTS'
   CHECK_FUNCTION_EXISTS(void);
   ^~~~~~~~~~~~~~~~~~~~~
[2/2] Linking C executable cmTC_77780


Determining if the function strdup exists passed with the following output:
Change Dir: /home/user/-f2fs/oe/build.OE-Generic.x86_64-9.0-devel/lzo-2.10/.x86_64-pc-linux-gnu/CMakeFiles/CMakeTmp

Run Build Command:"/home/user/-f2fs/oe/build.OE-Generic.x86_64-9.0-devel/toolchain/bin/ninja" "cmTC_a29ce"
[1/2] Building C object CMakeFiles/cmTC_a29ce.dir/CheckFunctionExists.c.o
<command-line>: warning: conflicting types for built-in function 'strdup' [-Wbuiltin-declaration-mismatch]
/home/user/-f2fs/oe/build.OE-Generic.x86_64-9.0-devel/toolchain/share/cmake-3.12/Modules/CheckFunctionExists.c:7:3: note: in expansion of macro 'CHECK_FUNCTION_EXISTS'
   CHECK_FUNCTION_EXISTS(void);
   ^~~~~~~~~~~~~~~~~~~~~
[2/2] Linking C executable cmTC_a29ce


Determining if the function strerror exists passed with the following output:
Change Dir: /home/user/-f2fs/oe/build.OE-Generic.x86_64-9.0-devel/lzo-2.10/.x86_64-pc-linux-gnu/CMakeFiles/CMakeTmp

Run Build Command:"/home/user/-f2fs/oe/build.OE-Generic.x86_64-9.0-devel/toolchain/bin/ninja" "cmTC_c55f4"
[1/2] Building C object CMakeFiles/cmTC_c55f4.dir/CheckFunctionExists.c.o
[2/2] Linking C executable cmTC_c55f4


Determining if the function strftime exists passed with the following output:
Change Dir: /home/user/-f2fs/oe/build.OE-Generic.x86_64-9.0-devel/lzo-2.10/.x86_64-pc-linux-gnu/CMakeFiles/CMakeTmp

Run Build Command:"/home/user/-f2fs/oe/build.OE-Generic.x86_64-9.0-devel/toolchain/bin/ninja" "cmTC_f724d"
[1/2] Building C object CMakeFiles/cmTC_f724d.dir/CheckFunctionExists.c.o
<command-line>: warning: conflicting types for built-in function 'strftime' [-Wbuiltin-declaration-mismatch]
/home/user/-f2fs/oe/build.OE-Generic.x86_64-9.0-devel/toolchain/share/cmake-3.12/Modules/CheckFunctionExists.c:7:3: note: in expansion of macro 'CHECK_FUNCTION_EXISTS'
   CHECK_FUNCTION_EXISTS(void);
   ^~~~~~~~~~~~~~~~~~~~~
[2/2] Linking C executable cmTC_f724d


Determining if the function strncasecmp exists passed with the following output:
Change Dir: /home/user/-f2fs/oe/build.OE-Generic.x86_64-9.0-devel/lzo-2.10/.x86_64-pc-linux-gnu/CMakeFiles/CMakeTmp

Run Build Command:"/home/user/-f2fs/oe/build.OE-Generic.x86_64-9.0-devel/toolchain/bin/ninja" "cmTC_2431b"
[1/2] Building C object CMakeFiles/cmTC_2431b.dir/CheckFunctionExists.c.o
<command-line>: warning: conflicting types for built-in function 'strncasecmp' [-Wbuiltin-declaration-mismatch]
/home/user/-f2fs/oe/build.OE-Generic.x86_64-9.0-devel/toolchain/share/cmake-3.12/Modules/CheckFunctionExists.c:7:3: note: in expansion of macro 'CHECK_FUNCTION_EXISTS'
   CHECK_FUNCTION_EXISTS(void);
   ^~~~~~~~~~~~~~~~~~~~~
[2/2] Linking C executable cmTC_2431b


Determining if the function strrchr exists passed with the following output:
Change Dir: /home/user/-f2fs/oe/build.OE-Generic.x86_64-9.0-devel/lzo-2.10/.x86_64-pc-linux-gnu/CMakeFiles/CMakeTmp

Run Build Command:"/home/user/-f2fs/oe/build.OE-Generic.x86_64-9.0-devel/toolchain/bin/ninja" "cmTC_35c29"
[1/2] Building C object CMakeFiles/cmTC_35c29.dir/CheckFunctionExists.c.o
<command-line>: warning: conflicting types for built-in function 'strrchr' [-Wbuiltin-declaration-mismatch]
/home/user/-f2fs/oe/build.OE-Generic.x86_64-9.0-devel/toolchain/share/cmake-3.12/Modules/CheckFunctionExists.c:7:3: note: in expansion of macro 'CHECK_FUNCTION_EXISTS'
   CHECK_FUNCTION_EXISTS(void);
   ^~~~~~~~~~~~~~~~~~~~~
[2/2] Linking C executable cmTC_35c29


Determining if the function strstr exists passed with the following output:
Change Dir: /home/user/-f2fs/oe/build.OE-Generic.x86_64-9.0-devel/lzo-2.10/.x86_64-pc-linux-gnu/CMakeFiles/CMakeTmp

Run Build Command:"/home/user/-f2fs/oe/build.OE-Generic.x86_64-9.0-devel/toolchain/bin/ninja" "cmTC_4a3cd"
[1/2] Building C object CMakeFiles/cmTC_4a3cd.dir/CheckFunctionExists.c.o
<command-line>: warning: conflicting types for built-in function 'strstr' [-Wbuiltin-declaration-mismatch]
/home/user/-f2fs/oe/build.OE-Generic.x86_64-9.0-devel/toolchain/share/cmake-3.12/Modules/CheckFunctionExists.c:7:3: note: in expansion of macro 'CHECK_FUNCTION_EXISTS'
   CHECK_FUNCTION_EXISTS(void);
   ^~~~~~~~~~~~~~~~~~~~~
[2/2] Linking C executable cmTC_4a3cd


Determining if the function time exists passed with the following output:
Change Dir: /home/user/-f2fs/oe/build.OE-Generic.x86_64-9.0-devel/lzo-2.10/.x86_64-pc-linux-gnu/CMakeFiles/CMakeTmp

Run Build Command:"/home/user/-f2fs/oe/build.OE-Generic.x86_64-9.0-devel/toolchain/bin/ninja" "cmTC_8a185"
[1/2] Building C object CMakeFiles/cmTC_8a185.dir/CheckFunctionExists.c.o
[2/2] Linking C executable cmTC_8a185


Determining if the function umask exists passed with the following output:
Change Dir: /home/user/-f2fs/oe/build.OE-Generic.x86_64-9.0-devel/lzo-2.10/.x86_64-pc-linux-gnu/CMakeFiles/CMakeTmp

Run Build Command:"/home/user/-f2fs/oe/build.OE-Generic.x86_64-9.0-devel/toolchain/bin/ninja" "cmTC_43273"
[1/2] Building C object CMakeFiles/cmTC_43273.dir/CheckFunctionExists.c.o
[2/2] Linking C executable cmTC_43273


Determining if the function utime exists passed with the following output:
Change Dir: /home/user/-f2fs/oe/build.OE-Generic.x86_64-9.0-devel/lzo-2.10/.x86_64-pc-linux-gnu/CMakeFiles/CMakeTmp

Run Build Command:"/home/user/-f2fs/oe/build.OE-Generic.x86_64-9.0-devel/toolchain/bin/ninja" "cmTC_cc8d1"
[1/2] Building C object CMakeFiles/cmTC_cc8d1.dir/CheckFunctionExists.c.o
[2/2] Linking C executable cmTC_cc8d1


Determining if the function vsnprintf exists passed with the following output:
Change Dir: /home/user/-f2fs/oe/build.OE-Generic.x86_64-9.0-devel/lzo-2.10/.x86_64-pc-linux-gnu/CMakeFiles/CMakeTmp

Run Build Command:"/home/user/-f2fs/oe/build.OE-Generic.x86_64-9.0-devel/toolchain/bin/ninja" "cmTC_78fbd"
[1/2] Building C object CMakeFiles/cmTC_78fbd.dir/CheckFunctionExists.c.o
<command-line>: warning: conflicting types for built-in function 'vsnprintf' [-Wbuiltin-declaration-mismatch]
/home/user/-f2fs/oe/build.OE-Generic.x86_64-9.0-devel/toolchain/share/cmake-3.12/Modules/CheckFunctionExists.c:7:3: note: in expansion of macro 'CHECK_FUNCTION_EXISTS'
   CHECK_FUNCTION_EXISTS(void);
   ^~~~~~~~~~~~~~~~~~~~~
[2/2] Linking C executable cmTC_78fbd


Determining size of unsigned short passed with the following output:
Change Dir: /home/user/-f2fs/oe/build.OE-Generic.x86_64-9.0-devel/lzo-2.10/.x86_64-pc-linux-gnu/CMakeFiles/CMakeTmp

Run Build Command:"/home/user/-f2fs/oe/build.OE-Generic.x86_64-9.0-devel/toolchain/bin/ninja" "cmTC_0bce2"
[1/2] Building C object CMakeFiles/cmTC_0bce2.dir/CMAKE_SIZEOF_UNSIGNED_SHORT.c.o
[2/2] Linking C executable cmTC_0bce2


Determining if the system is big endian passed with the following output:
Change Dir: /home/user/-f2fs/oe/build.OE-Generic.x86_64-9.0-devel/lzo-2.10/.x86_64-pc-linux-gnu/CMakeFiles/CMakeTmp

Run Build Command:"/home/user/-f2fs/oe/build.OE-Generic.x86_64-9.0-devel/toolchain/bin/ninja" "cmTC_09eb1"
[1/2] Building C object CMakeFiles/cmTC_09eb1.dir/TestEndianess.c.o
[2/2] Linking C executable cmTC_09eb1

TestEndianess.c:
/* A 16 bit integer is required. */
typedef unsigned short cmakeint16;

/* On a little endian machine, these 16bit ints will give "THIS IS LITTLE ENDIAN."
   On a big endian machine the characters will be exchanged pairwise. */
const cmakeint16 info_little[] =  {0x4854, 0x5349, 0x4920, 0x2053, 0x494c, 0x5454, 0x454c, 0x4520, 0x444e, 0x4149, 0x2e4e, 0x0000};

/* on a big endian machine, these 16bit ints will give "THIS IS BIG ENDIAN."
   On a little endian machine the characters will be exchanged pairwise. */
const cmakeint16 info_big[] =     {0x5448, 0x4953, 0x2049, 0x5320, 0x4249, 0x4720, 0x454e, 0x4449, 0x414e, 0x2e2e, 0x0000};

#ifdef __CLASSIC_C__
int main(argc, argv) int argc; char *argv[];
#else
int main(int argc, char *argv[])
#endif
{
  int require = 0;
  require += info_little[argc];
  require += info_big[argc];
  (void)argv;
  return require;
}


