This file contains any messages produced by compilers while
running configure, to aid debugging if configure makes a mistake.

It was created by libffi configure 3.2.1, which was
generated by GNU Autoconf 2.69.  Invocation command line was

  $ /home/user/-f2fs/oe/build.OE-Generic.x86_64-9.0-devel/libffi-3.2.1/configure --host=x86_64-pc-linux-gnu --build=x86_64-pc-linux-gnu --prefix=/home/user/-f2fs/oe/build.OE-Generic.x86_64-9.0-devel/toolchain --bindir=/home/user/-f2fs/oe/build.OE-Generic.x86_64-9.0-devel/toolchain/bin --sbindir=/home/user/-f2fs/oe/build.OE-Generic.x86_64-9.0-devel/toolchain/sbin --sysconfdir=/home/user/-f2fs/oe/build.OE-Generic.x86_64-9.0-devel/toolchain/etc --libexecdir=/home/user/-f2fs/oe/build.OE-Generic.x86_64-9.0-devel/toolchain/lib --localstatedir=/home/user/-f2fs/oe/build.OE-Generic.x86_64-9.0-devel/toolchain/var --disable-static --enable-shared --enable-silent-rules

## --------- ##
## Platform. ##
## --------- ##

hostname = vmware
uname -m = x86_64
uname -r = 4.18.0-zen1-1-zen
uname -s = Linux
uname -v = #1 ZEN SMP PREEMPT Mon Aug 13 20:46:26 UTC 2018

/usr/bin/uname -p = unknown
/bin/uname -X     = unknown

/bin/arch              = unknown
/usr/bin/arch -k       = unknown
/usr/convex/getsysinfo = unknown
/usr/bin/hostinfo      = unknown
/bin/machine           = unknown
/usr/bin/oslevel       = unknown
/bin/universe          = unknown

PATH: /home/user/-f2fs/oe/build.OE-Generic.x86_64-9.0-devel/toolchain/bin
PATH: /home/user/-f2fs/oe/build.OE-Generic.x86_64-9.0-devel/toolchain/sbin
PATH: /home/user/go/bin
PATH: /home/user/.bin
PATH: /home/user/.go/bin
PATH: /bin
PATH: /sbin
PATH: /opt
PATH: /usr/local/sbin
PATH: /usr/local/bin
PATH: /usr/bin
PATH: /usr/lib/jvm/default/bin
PATH: /usr/bin/site_perl
PATH: /usr/bin/vendor_perl
PATH: /usr/bin/core_perl
PATH: /home/user/.fzf/bin


## ----------- ##
## Core tests. ##
## ----------- ##

configure:2765: checking build system type
configure:2779: result: x86_64-pc-linux-gnu
configure:2799: checking host system type
configure:2812: result: x86_64-pc-linux-gnu
configure:2832: checking target system type
configure:2845: result: x86_64-pc-linux-gnu
configure:2942: checking for gsed
configure:2973: result: sed
configure:3001: checking for a BSD-compatible install
configure:3069: result: /bin/install -c
configure:3080: checking whether build environment is sane
configure:3135: result: yes
configure:3283: checking for a thread-safe mkdir -p
configure:3322: result: /bin/mkdir -p
configure:3329: checking for gawk
configure:3356: result: gawk
configure:3367: checking whether make sets $(MAKE)
configure:3389: result: yes
configure:3418: checking whether make supports nested variables
configure:3435: result: yes
configure:3580: checking for x86_64-pc-linux-gnu-gcc
configure:3607: result: /home/user/-f2fs/oe/build.OE-Generic.x86_64-9.0-devel/toolchain/bin/host-gcc
configure:3876: checking for C compiler version
configure:3885: /home/user/-f2fs/oe/build.OE-Generic.x86_64-9.0-devel/toolchain/bin/host-gcc --version >&5
gcc (GCC) 8.2.0
Copyright (C) 2018 Free Software Foundation, Inc.
This is free software; see the source for copying conditions.  There is NO
warranty; not even for MERCHANTABILITY or FITNESS FOR A PARTICULAR PURPOSE.

configure:3896: $? = 0
configure:3885: /home/user/-f2fs/oe/build.OE-Generic.x86_64-9.0-devel/toolchain/bin/host-gcc -v >&5
Using built-in specs.
COLLECT_GCC=/bin/gcc
COLLECT_LTO_WRAPPER=/usr/lib/gcc/x86_64-pc-linux-gnu/8.2.0/lto-wrapper
Target: x86_64-pc-linux-gnu
Configured with: /build/gcc/src/gcc/configure --prefix=/usr --libdir=/usr/lib --libexecdir=/usr/lib --mandir=/usr/share/man --infodir=/usr/share/info --with-bugurl=https://bugs.archlinux.org/ --enable-languages=c,c++,ada,fortran,go,lto,objc,obj-c++ --enable-shared --enable-threads=posix --enable-libmpx --with-system-zlib --with-isl --enable-__cxa_atexit --disable-libunwind-exceptions --enable-clocale=gnu --disable-libstdcxx-pch --disable-libssp --enable-gnu-unique-object --enable-linker-build-id --enable-lto --enable-plugin --enable-install-libiberty --with-linker-hash-style=gnu --enable-gnu-indirect-function --enable-multilib --disable-werror --enable-checking=release --enable-default-pie --enable-default-ssp --enable-cet=auto
Thread model: posix
gcc version 8.2.0 (GCC) 
configure:3896: $? = 0
configure:3885: /home/user/-f2fs/oe/build.OE-Generic.x86_64-9.0-devel/toolchain/bin/host-gcc -V >&5
gcc: error: unrecognized command line option '-V'
gcc: fatal error: no input files
compilation terminated.
configure:3896: $? = 1
configure:3885: /home/user/-f2fs/oe/build.OE-Generic.x86_64-9.0-devel/toolchain/bin/host-gcc -qversion >&5
gcc: error: unrecognized command line option '-qversion'; did you mean '--version'?
gcc: fatal error: no input files
compilation terminated.
configure:3896: $? = 1
configure:3916: checking whether the C compiler works
configure:3938: /home/user/-f2fs/oe/build.OE-Generic.x86_64-9.0-devel/toolchain/bin/host-gcc -O2 -I/home/user/-f2fs/oe/build.OE-Generic.x86_64-9.0-devel/toolchain/include -fdiagnostics-color=always -Wno-format-security  -Wl,-rpath,/home/user/-f2fs/oe/build.OE-Generic.x86_64-9.0-devel/toolchain/lib -L/home/user/-f2fs/oe/build.OE-Generic.x86_64-9.0-devel/toolchain/lib conftest.c  >&5
configure:3942: $? = 0
configure:3990: result: yes
configure:3993: checking for C compiler default output file name
configure:3995: result: a.out
configure:4001: checking for suffix of executables
configure:4008: /home/user/-f2fs/oe/build.OE-Generic.x86_64-9.0-devel/toolchain/bin/host-gcc -o conftest -O2 -I/home/user/-f2fs/oe/build.OE-Generic.x86_64-9.0-devel/toolchain/include -fdiagnostics-color=always -Wno-format-security  -Wl,-rpath,/home/user/-f2fs/oe/build.OE-Generic.x86_64-9.0-devel/toolchain/lib -L/home/user/-f2fs/oe/build.OE-Generic.x86_64-9.0-devel/toolchain/lib conftest.c  >&5
configure:4012: $? = 0
configure:4034: result: 
configure:4056: checking whether we are cross compiling
configure:4064: /home/user/-f2fs/oe/build.OE-Generic.x86_64-9.0-devel/toolchain/bin/host-gcc -o conftest -O2 -I/home/user/-f2fs/oe/build.OE-Generic.x86_64-9.0-devel/toolchain/include -fdiagnostics-color=always -Wno-format-security  -Wl,-rpath,/home/user/-f2fs/oe/build.OE-Generic.x86_64-9.0-devel/toolchain/lib -L/home/user/-f2fs/oe/build.OE-Generic.x86_64-9.0-devel/toolchain/lib conftest.c  >&5
configure:4068: $? = 0
configure:4075: ./conftest
configure:4079: $? = 0
configure:4094: result: no
configure:4099: checking for suffix of object files
configure:4121: /home/user/-f2fs/oe/build.OE-Generic.x86_64-9.0-devel/toolchain/bin/host-gcc -c -O2 -I/home/user/-f2fs/oe/build.OE-Generic.x86_64-9.0-devel/toolchain/include -fdiagnostics-color=always -Wno-format-security  conftest.c >&5
configure:4125: $? = 0
configure:4146: result: o
configure:4150: checking whether we are using the GNU C compiler
configure:4169: /home/user/-f2fs/oe/build.OE-Generic.x86_64-9.0-devel/toolchain/bin/host-gcc -c -O2 -I/home/user/-f2fs/oe/build.OE-Generic.x86_64-9.0-devel/toolchain/include -fdiagnostics-color=always -Wno-format-security  conftest.c >&5
configure:4169: $? = 0
configure:4178: result: yes
configure:4187: checking whether /home/user/-f2fs/oe/build.OE-Generic.x86_64-9.0-devel/toolchain/bin/host-gcc accepts -g
configure:4207: /home/user/-f2fs/oe/build.OE-Generic.x86_64-9.0-devel/toolchain/bin/host-gcc -c -g  conftest.c >&5
configure:4207: $? = 0
configure:4248: result: yes
configure:4265: checking for /home/user/-f2fs/oe/build.OE-Generic.x86_64-9.0-devel/toolchain/bin/host-gcc option to accept ISO C89
configure:4328: /home/user/-f2fs/oe/build.OE-Generic.x86_64-9.0-devel/toolchain/bin/host-gcc  -c -O2 -I/home/user/-f2fs/oe/build.OE-Generic.x86_64-9.0-devel/toolchain/include -fdiagnostics-color=always -Wno-format-security  conftest.c >&5
configure:4328: $? = 0
configure:4341: result: none needed
configure:4366: checking whether /home/user/-f2fs/oe/build.OE-Generic.x86_64-9.0-devel/toolchain/bin/host-gcc understands -c and -o together
configure:4388: /home/user/-f2fs/oe/build.OE-Generic.x86_64-9.0-devel/toolchain/bin/host-gcc -c conftest.c -o conftest2.o
configure:4391: $? = 0
configure:4388: /home/user/-f2fs/oe/build.OE-Generic.x86_64-9.0-devel/toolchain/bin/host-gcc -c conftest.c -o conftest2.o
configure:4391: $? = 0
configure:4403: result: yes
configure:4423: checking whether make supports the include directive
configure:4438: make -f confmf.GNU && cat confinc.out
this is the am__doit target
configure:4441: $? = 0
configure:4460: result: yes (GNU style)
configure:4485: checking dependency style of /home/user/-f2fs/oe/build.OE-Generic.x86_64-9.0-devel/toolchain/bin/host-gcc
configure:4596: result: gcc3
configure:4723: checking for C++ compiler version
configure:4732: /home/user/-f2fs/oe/build.OE-Generic.x86_64-9.0-devel/toolchain/bin/host-g++ --version >&5
g++ (GCC) 8.2.0
Copyright (C) 2018 Free Software Foundation, Inc.
This is free software; see the source for copying conditions.  There is NO
warranty; not even for MERCHANTABILITY or FITNESS FOR A PARTICULAR PURPOSE.

configure:4743: $? = 0
configure:4732: /home/user/-f2fs/oe/build.OE-Generic.x86_64-9.0-devel/toolchain/bin/host-g++ -v >&5
Using built-in specs.
COLLECT_GCC=/bin/g++
COLLECT_LTO_WRAPPER=/usr/lib/gcc/x86_64-pc-linux-gnu/8.2.0/lto-wrapper
Target: x86_64-pc-linux-gnu
Configured with: /build/gcc/src/gcc/configure --prefix=/usr --libdir=/usr/lib --libexecdir=/usr/lib --mandir=/usr/share/man --infodir=/usr/share/info --with-bugurl=https://bugs.archlinux.org/ --enable-languages=c,c++,ada,fortran,go,lto,objc,obj-c++ --enable-shared --enable-threads=posix --enable-libmpx --with-system-zlib --with-isl --enable-__cxa_atexit --disable-libunwind-exceptions --enable-clocale=gnu --disable-libstdcxx-pch --disable-libssp --enable-gnu-unique-object --enable-linker-build-id --enable-lto --enable-plugin --enable-install-libiberty --with-linker-hash-style=gnu --enable-gnu-indirect-function --enable-multilib --disable-werror --enable-checking=release --enable-default-pie --enable-default-ssp --enable-cet=auto
Thread model: posix
gcc version 8.2.0 (GCC) 
configure:4743: $? = 0
configure:4732: /home/user/-f2fs/oe/build.OE-Generic.x86_64-9.0-devel/toolchain/bin/host-g++ -V >&5
g++: error: unrecognized command line option '-V'
g++: fatal error: no input files
compilation terminated.
configure:4743: $? = 1
configure:4732: /home/user/-f2fs/oe/build.OE-Generic.x86_64-9.0-devel/toolchain/bin/host-g++ -qversion >&5
g++: error: unrecognized command line option '-qversion'; did you mean '--version'?
g++: fatal error: no input files
compilation terminated.
configure:4743: $? = 1
configure:4747: checking whether we are using the GNU C++ compiler
configure:4766: /home/user/-f2fs/oe/build.OE-Generic.x86_64-9.0-devel/toolchain/bin/host-g++ -c -O2 -I/home/user/-f2fs/oe/build.OE-Generic.x86_64-9.0-devel/toolchain/include -fdiagnostics-color=always -Wno-format-security  conftest.cpp >&5
configure:4766: $? = 0
configure:4775: result: yes
configure:4784: checking whether /home/user/-f2fs/oe/build.OE-Generic.x86_64-9.0-devel/toolchain/bin/host-g++ accepts -g
configure:4804: /home/user/-f2fs/oe/build.OE-Generic.x86_64-9.0-devel/toolchain/bin/host-g++ -c -g  conftest.cpp >&5
configure:4804: $? = 0
configure:4845: result: yes
configure:4870: checking dependency style of /home/user/-f2fs/oe/build.OE-Generic.x86_64-9.0-devel/toolchain/bin/host-g++
configure:4981: result: gcc3
configure:5011: checking dependency style of /home/user/-f2fs/oe/build.OE-Generic.x86_64-9.0-devel/toolchain/bin/host-gcc
configure:5120: result: gcc3
configure:5182: checking how to print strings
configure:5209: result: printf
configure:5230: checking for a sed that does not truncate output
configure:5294: result: /home/user/-f2fs/oe/build.OE-Generic.x86_64-9.0-devel/toolchain/bin/sed
configure:5312: checking for grep that handles long lines and -e
configure:5370: result: /bin/grep
configure:5375: checking for egrep
configure:5437: result: /bin/grep -E
configure:5442: checking for fgrep
configure:5504: result: /bin/grep -F
configure:5539: checking for ld used by /home/user/-f2fs/oe/build.OE-Generic.x86_64-9.0-devel/toolchain/bin/host-gcc
configure:5606: result: ld
configure:5613: checking if the linker (ld) is GNU ld
configure:5628: result: yes
configure:5640: checking for BSD- or MS-compatible name lister (nm)
configure:5694: result: nm
configure:5824: checking the name lister (nm) interface
configure:5831: /home/user/-f2fs/oe/build.OE-Generic.x86_64-9.0-devel/toolchain/bin/host-gcc -c -O2 -I/home/user/-f2fs/oe/build.OE-Generic.x86_64-9.0-devel/toolchain/include -fdiagnostics-color=always -Wno-format-security  conftest.c >&5
configure:5834: nm "conftest.o"
configure:5837: output
0000000000000000 B some_variable
configure:5844: result: BSD nm
configure:5847: checking whether ln -s works
configure:5851: result: yes
configure:5859: checking the maximum length of command line arguments
configure:5990: result: 1572864
configure:6038: checking how to convert x86_64-pc-linux-gnu file names to x86_64-pc-linux-gnu format
configure:6078: result: func_convert_file_noop
configure:6085: checking how to convert x86_64-pc-linux-gnu file names to toolchain format
configure:6105: result: func_convert_file_noop
configure:6112: checking for ld option to reload object files
configure:6119: result: -r
configure:6153: checking for x86_64-pc-linux-gnu-objdump
configure:6180: result: objdump
configure:6252: checking how to recognize dependent libraries
configure:6452: result: pass_all
configure:6497: checking for x86_64-pc-linux-gnu-dlltool
configure:6527: result: no
configure:6537: checking for dlltool
configure:6567: result: no
configure:6597: checking how to associate runtime and link libraries
configure:6624: result: printf %s\n
configure:6641: checking for x86_64-pc-linux-gnu-ar
configure:6668: result: ar
configure:6749: checking for archiver @FILE support
configure:6766: /home/user/-f2fs/oe/build.OE-Generic.x86_64-9.0-devel/toolchain/bin/host-gcc -c -O2 -I/home/user/-f2fs/oe/build.OE-Generic.x86_64-9.0-devel/toolchain/include -fdiagnostics-color=always -Wno-format-security  conftest.c >&5
configure:6766: $? = 0
configure:6769: ar cru libconftest.a @conftest.lst >&5
ar: `u' modifier ignored since `D' is the default (see `U')
configure:6772: $? = 0
configure:6777: ar cru libconftest.a @conftest.lst >&5
ar: `u' modifier ignored since `D' is the default (see `U')
ar: conftest.o: No such file or directory
configure:6780: $? = 1
configure:6792: result: @
configure:6810: checking for x86_64-pc-linux-gnu-strip
configure:6837: result: strip
configure:6909: checking for x86_64-pc-linux-gnu-ranlib
configure:6936: result: ranlib
configure:7078: checking command to parse nm output from /home/user/-f2fs/oe/build.OE-Generic.x86_64-9.0-devel/toolchain/bin/host-gcc object
configure:7231: /home/user/-f2fs/oe/build.OE-Generic.x86_64-9.0-devel/toolchain/bin/host-gcc -c -O2 -I/home/user/-f2fs/oe/build.OE-Generic.x86_64-9.0-devel/toolchain/include -fdiagnostics-color=always -Wno-format-security  conftest.c >&5
configure:7234: $? = 0
configure:7238: nm conftest.o \| sed -n -e 's/^.*[ ]\([ABCDGIRSTW][ABCDGIRSTW]*\)[ ][ ]*\([_A-Za-z][_A-Za-z0-9]*\)$/\1 \2 \2/p' | sed '/ __gnu_lto/d' \> conftest.nm
configure:7241: $? = 0
configure:7307: /home/user/-f2fs/oe/build.OE-Generic.x86_64-9.0-devel/toolchain/bin/host-gcc -o conftest -O2 -I/home/user/-f2fs/oe/build.OE-Generic.x86_64-9.0-devel/toolchain/include -fdiagnostics-color=always -Wno-format-security  -Wl,-rpath,/home/user/-f2fs/oe/build.OE-Generic.x86_64-9.0-devel/toolchain/lib -L/home/user/-f2fs/oe/build.OE-Generic.x86_64-9.0-devel/toolchain/lib conftest.c conftstm.o >&5
configure:7310: $? = 0
configure:7348: result: ok
configure:7395: checking for sysroot
configure:7425: result: no
configure:7432: checking for a working dd
configure:7470: result: /bin/dd
configure:7474: checking how to truncate binary pipes
configure:7489: result: /bin/dd bs=4096 count=1
configure:7625: /home/user/-f2fs/oe/build.OE-Generic.x86_64-9.0-devel/toolchain/bin/host-gcc -c -O2 -I/home/user/-f2fs/oe/build.OE-Generic.x86_64-9.0-devel/toolchain/include -fdiagnostics-color=always -Wno-format-security  conftest.c >&5
configure:7628: $? = 0
configure:7778: checking for x86_64-pc-linux-gnu-mt
configure:7808: result: no
configure:7818: checking for mt
configure:7848: result: no
configure:7868: checking if : is a manifest tool
configure:7874: : '-?'
configure:7882: result: no
configure:8559: checking how to run the C preprocessor
configure:8629: result: cpp
configure:8649: cpp  conftest.c
configure:8649: $? = 0
configure:8663: cpp  conftest.c
conftest.c:11:10: fatal error: ac_nonexistent.h: No such file or directory
 #include <ac_nonexistent.h>
          ^~~~~~~~~~~~~~~~~~
compilation terminated.
configure:8663: $? = 1
configure: failed program was:
| /* confdefs.h */
| #define PACKAGE_NAME "libffi"
| #define PACKAGE_TARNAME "libffi"
| #define PACKAGE_VERSION "3.2.1"
| #define PACKAGE_STRING "libffi 3.2.1"
| #define PACKAGE_BUGREPORT "http://github.com/atgreen/libffi/issues"
| #define PACKAGE_URL ""
| #define PACKAGE "libffi"
| #define VERSION "3.2.1"
| /* end confdefs.h.  */
| #include <ac_nonexistent.h>
configure:8692: checking for ANSI C header files
configure:8712: /home/user/-f2fs/oe/build.OE-Generic.x86_64-9.0-devel/toolchain/bin/host-gcc -c -O2 -I/home/user/-f2fs/oe/build.OE-Generic.x86_64-9.0-devel/toolchain/include -fdiagnostics-color=always -Wno-format-security  conftest.c >&5
configure:8712: $? = 0
configure:8785: /home/user/-f2fs/oe/build.OE-Generic.x86_64-9.0-devel/toolchain/bin/host-gcc -o conftest -O2 -I/home/user/-f2fs/oe/build.OE-Generic.x86_64-9.0-devel/toolchain/include -fdiagnostics-color=always -Wno-format-security  -Wl,-rpath,/home/user/-f2fs/oe/build.OE-Generic.x86_64-9.0-devel/toolchain/lib -L/home/user/-f2fs/oe/build.OE-Generic.x86_64-9.0-devel/toolchain/lib conftest.c  >&5
configure:8785: $? = 0
configure:8785: ./conftest
configure:8785: $? = 0
configure:8796: result: yes
configure:8809: checking for sys/types.h
configure:8809: /home/user/-f2fs/oe/build.OE-Generic.x86_64-9.0-devel/toolchain/bin/host-gcc -c -O2 -I/home/user/-f2fs/oe/build.OE-Generic.x86_64-9.0-devel/toolchain/include -fdiagnostics-color=always -Wno-format-security  conftest.c >&5
configure:8809: $? = 0
configure:8809: result: yes
configure:8809: checking for sys/stat.h
configure:8809: /home/user/-f2fs/oe/build.OE-Generic.x86_64-9.0-devel/toolchain/bin/host-gcc -c -O2 -I/home/user/-f2fs/oe/build.OE-Generic.x86_64-9.0-devel/toolchain/include -fdiagnostics-color=always -Wno-format-security  conftest.c >&5
configure:8809: $? = 0
configure:8809: result: yes
configure:8809: checking for stdlib.h
configure:8809: /home/user/-f2fs/oe/build.OE-Generic.x86_64-9.0-devel/toolchain/bin/host-gcc -c -O2 -I/home/user/-f2fs/oe/build.OE-Generic.x86_64-9.0-devel/toolchain/include -fdiagnostics-color=always -Wno-format-security  conftest.c >&5
configure:8809: $? = 0
configure:8809: result: yes
configure:8809: checking for string.h
configure:8809: /home/user/-f2fs/oe/build.OE-Generic.x86_64-9.0-devel/toolchain/bin/host-gcc -c -O2 -I/home/user/-f2fs/oe/build.OE-Generic.x86_64-9.0-devel/toolchain/include -fdiagnostics-color=always -Wno-format-security  conftest.c >&5
configure:8809: $? = 0
configure:8809: result: yes
configure:8809: checking for memory.h
configure:8809: /home/user/-f2fs/oe/build.OE-Generic.x86_64-9.0-devel/toolchain/bin/host-gcc -c -O2 -I/home/user/-f2fs/oe/build.OE-Generic.x86_64-9.0-devel/toolchain/include -fdiagnostics-color=always -Wno-format-security  conftest.c >&5
configure:8809: $? = 0
configure:8809: result: yes
configure:8809: checking for strings.h
configure:8809: /home/user/-f2fs/oe/build.OE-Generic.x86_64-9.0-devel/toolchain/bin/host-gcc -c -O2 -I/home/user/-f2fs/oe/build.OE-Generic.x86_64-9.0-devel/toolchain/include -fdiagnostics-color=always -Wno-format-security  conftest.c >&5
configure:8809: $? = 0
configure:8809: result: yes
configure:8809: checking for inttypes.h
configure:8809: /home/user/-f2fs/oe/build.OE-Generic.x86_64-9.0-devel/toolchain/bin/host-gcc -c -O2 -I/home/user/-f2fs/oe/build.OE-Generic.x86_64-9.0-devel/toolchain/include -fdiagnostics-color=always -Wno-format-security  conftest.c >&5
configure:8809: $? = 0
configure:8809: result: yes
configure:8809: checking for stdint.h
configure:8809: /home/user/-f2fs/oe/build.OE-Generic.x86_64-9.0-devel/toolchain/bin/host-gcc -c -O2 -I/home/user/-f2fs/oe/build.OE-Generic.x86_64-9.0-devel/toolchain/include -fdiagnostics-color=always -Wno-format-security  conftest.c >&5
configure:8809: $? = 0
configure:8809: result: yes
configure:8809: checking for unistd.h
configure:8809: /home/user/-f2fs/oe/build.OE-Generic.x86_64-9.0-devel/toolchain/bin/host-gcc -c -O2 -I/home/user/-f2fs/oe/build.OE-Generic.x86_64-9.0-devel/toolchain/include -fdiagnostics-color=always -Wno-format-security  conftest.c >&5
configure:8809: $? = 0
configure:8809: result: yes
configure:8823: checking for dlfcn.h
configure:8823: /home/user/-f2fs/oe/build.OE-Generic.x86_64-9.0-devel/toolchain/bin/host-gcc -c -O2 -I/home/user/-f2fs/oe/build.OE-Generic.x86_64-9.0-devel/toolchain/include -fdiagnostics-color=always -Wno-format-security  conftest.c >&5
configure:8823: $? = 0
configure:8823: result: yes
configure:9090: checking for objdir
configure:9105: result: .libs
configure:9369: checking if /home/user/-f2fs/oe/build.OE-Generic.x86_64-9.0-devel/toolchain/bin/host-gcc supports -fno-rtti -fno-exceptions
configure:9387: /home/user/-f2fs/oe/build.OE-Generic.x86_64-9.0-devel/toolchain/bin/host-gcc -c -O2 -I/home/user/-f2fs/oe/build.OE-Generic.x86_64-9.0-devel/toolchain/include -fdiagnostics-color=always -Wno-format-security  -fno-rtti -fno-exceptions conftest.c >&5
[01m[Kcc1:[m[K [01;35m[Kwarning: [m[Kcommand line option '[01m[K-fno-rtti[m[K' is valid for C++/ObjC++ but not for C
configure:9391: $? = 0
configure:9404: result: no
configure:9762: checking for /home/user/-f2fs/oe/build.OE-Generic.x86_64-9.0-devel/toolchain/bin/host-gcc option to produce PIC
configure:9769: result: -fPIC -DPIC
configure:9777: checking if /home/user/-f2fs/oe/build.OE-Generic.x86_64-9.0-devel/toolchain/bin/host-gcc PIC flag -fPIC -DPIC works
configure:9795: /home/user/-f2fs/oe/build.OE-Generic.x86_64-9.0-devel/toolchain/bin/host-gcc -c -O2 -I/home/user/-f2fs/oe/build.OE-Generic.x86_64-9.0-devel/toolchain/include -fdiagnostics-color=always -Wno-format-security  -fPIC -DPIC -DPIC conftest.c >&5
configure:9799: $? = 0
configure:9812: result: yes
configure:9841: checking if /home/user/-f2fs/oe/build.OE-Generic.x86_64-9.0-devel/toolchain/bin/host-gcc static flag -static works
configure:9869: result: yes
configure:9884: checking if /home/user/-f2fs/oe/build.OE-Generic.x86_64-9.0-devel/toolchain/bin/host-gcc supports -c -o file.o
configure:9905: /home/user/-f2fs/oe/build.OE-Generic.x86_64-9.0-devel/toolchain/bin/host-gcc -c -O2 -I/home/user/-f2fs/oe/build.OE-Generic.x86_64-9.0-devel/toolchain/include -fdiagnostics-color=always -Wno-format-security  -o out/conftest2.o conftest.c >&5
configure:9909: $? = 0
configure:9931: result: yes
configure:9939: checking if /home/user/-f2fs/oe/build.OE-Generic.x86_64-9.0-devel/toolchain/bin/host-gcc supports -c -o file.o
configure:9986: result: yes
configure:10019: checking whether the /home/user/-f2fs/oe/build.OE-Generic.x86_64-9.0-devel/toolchain/bin/host-gcc linker (ld -m elf_x86_64) supports shared libraries
configure:11278: result: yes
configure:11315: checking whether -lc should be explicitly linked in
configure:11323: /home/user/-f2fs/oe/build.OE-Generic.x86_64-9.0-devel/toolchain/bin/host-gcc -c -O2 -I/home/user/-f2fs/oe/build.OE-Generic.x86_64-9.0-devel/toolchain/include -fdiagnostics-color=always -Wno-format-security  conftest.c >&5
configure:11326: $? = 0
configure:11341: /home/user/-f2fs/oe/build.OE-Generic.x86_64-9.0-devel/toolchain/bin/host-gcc -shared  -fPIC -DPIC conftest.o  -v -Wl,-soname -Wl,conftest -o conftest 2\>\&1 \| /bin/grep  -lc  \>/dev/null 2\>\&1
configure:11344: $? = 0
configure:11358: result: no
configure:11518: checking dynamic linker characteristics
configure:12099: /home/user/-f2fs/oe/build.OE-Generic.x86_64-9.0-devel/toolchain/bin/host-gcc -o conftest -O2 -I/home/user/-f2fs/oe/build.OE-Generic.x86_64-9.0-devel/toolchain/include -fdiagnostics-color=always -Wno-format-security  -Wl,-rpath,/home/user/-f2fs/oe/build.OE-Generic.x86_64-9.0-devel/toolchain/lib -L/home/user/-f2fs/oe/build.OE-Generic.x86_64-9.0-devel/toolchain/lib -Wl,-rpath -Wl,/foo conftest.c  >&5
configure:12099: $? = 0
configure:12336: result: GNU/Linux ld.so
configure:12458: checking how to hardcode library paths into programs
configure:12483: result: immediate
configure:13031: checking whether stripping libraries is possible
configure:13036: result: yes
configure:13071: checking if libtool supports shared libraries
configure:13073: result: yes
configure:13076: checking whether to build shared libraries
configure:13101: result: yes
configure:13104: checking whether to build static libraries
configure:13108: result: no
configure:13131: checking how to run the C++ preprocessor
configure:13158: /home/user/-f2fs/oe/build.OE-Generic.x86_64-9.0-devel/toolchain/bin/host-g++ -E  conftest.cpp
configure:13158: $? = 0
configure:13172: /home/user/-f2fs/oe/build.OE-Generic.x86_64-9.0-devel/toolchain/bin/host-g++ -E  conftest.cpp
conftest.cpp:23:10: fatal error: ac_nonexistent.h: No such file or directory
 #include <ac_nonexistent.h>
          ^~~~~~~~~~~~~~~~~~
compilation terminated.
configure:13172: $? = 1
configure: failed program was:
| /* confdefs.h */
| #define PACKAGE_NAME "libffi"
| #define PACKAGE_TARNAME "libffi"
| #define PACKAGE_VERSION "3.2.1"
| #define PACKAGE_STRING "libffi 3.2.1"
| #define PACKAGE_BUGREPORT "http://github.com/atgreen/libffi/issues"
| #define PACKAGE_URL ""
| #define PACKAGE "libffi"
| #define VERSION "3.2.1"
| #define STDC_HEADERS 1
| #define HAVE_SYS_TYPES_H 1
| #define HAVE_SYS_STAT_H 1
| #define HAVE_STDLIB_H 1
| #define HAVE_STRING_H 1
| #define HAVE_MEMORY_H 1
| #define HAVE_STRINGS_H 1
| #define HAVE_INTTYPES_H 1
| #define HAVE_STDINT_H 1
| #define HAVE_UNISTD_H 1
| #define HAVE_DLFCN_H 1
| #define LT_OBJDIR ".libs/"
| /* end confdefs.h.  */
| #include <ac_nonexistent.h>
configure:13197: result: /home/user/-f2fs/oe/build.OE-Generic.x86_64-9.0-devel/toolchain/bin/host-g++ -E
configure:13217: /home/user/-f2fs/oe/build.OE-Generic.x86_64-9.0-devel/toolchain/bin/host-g++ -E  conftest.cpp
configure:13217: $? = 0
configure:13231: /home/user/-f2fs/oe/build.OE-Generic.x86_64-9.0-devel/toolchain/bin/host-g++ -E  conftest.cpp
conftest.cpp:23:10: fatal error: ac_nonexistent.h: No such file or directory
 #include <ac_nonexistent.h>
          ^~~~~~~~~~~~~~~~~~
compilation terminated.
configure:13231: $? = 1
configure: failed program was:
| /* confdefs.h */
| #define PACKAGE_NAME "libffi"
| #define PACKAGE_TARNAME "libffi"
| #define PACKAGE_VERSION "3.2.1"
| #define PACKAGE_STRING "libffi 3.2.1"
| #define PACKAGE_BUGREPORT "http://github.com/atgreen/libffi/issues"
| #define PACKAGE_URL ""
| #define PACKAGE "libffi"
| #define VERSION "3.2.1"
| #define STDC_HEADERS 1
| #define HAVE_SYS_TYPES_H 1
| #define HAVE_SYS_STAT_H 1
| #define HAVE_STDLIB_H 1
| #define HAVE_STRING_H 1
| #define HAVE_MEMORY_H 1
| #define HAVE_STRINGS_H 1
| #define HAVE_INTTYPES_H 1
| #define HAVE_STDINT_H 1
| #define HAVE_UNISTD_H 1
| #define HAVE_DLFCN_H 1
| #define LT_OBJDIR ".libs/"
| /* end confdefs.h.  */
| #include <ac_nonexistent.h>
configure:13393: checking for ld used by /home/user/-f2fs/oe/build.OE-Generic.x86_64-9.0-devel/toolchain/bin/host-g++
configure:13460: result: ld -m elf_x86_64
configure:13467: checking if the linker (ld -m elf_x86_64) is GNU ld
configure:13482: result: yes
configure:13537: checking whether the /home/user/-f2fs/oe/build.OE-Generic.x86_64-9.0-devel/toolchain/bin/host-g++ linker (ld -m elf_x86_64) supports shared libraries
configure:14610: result: yes
configure:14646: /home/user/-f2fs/oe/build.OE-Generic.x86_64-9.0-devel/toolchain/bin/host-g++ -c -O2 -I/home/user/-f2fs/oe/build.OE-Generic.x86_64-9.0-devel/toolchain/include -fdiagnostics-color=always -Wno-format-security  conftest.cpp >&5
configure:14649: $? = 0
configure:15130: checking for /home/user/-f2fs/oe/build.OE-Generic.x86_64-9.0-devel/toolchain/bin/host-g++ option to produce PIC
configure:15137: result: -fPIC -DPIC
configure:15145: checking if /home/user/-f2fs/oe/build.OE-Generic.x86_64-9.0-devel/toolchain/bin/host-g++ PIC flag -fPIC -DPIC works
configure:15163: /home/user/-f2fs/oe/build.OE-Generic.x86_64-9.0-devel/toolchain/bin/host-g++ -c -O2 -I/home/user/-f2fs/oe/build.OE-Generic.x86_64-9.0-devel/toolchain/include -fdiagnostics-color=always -Wno-format-security  -fPIC -DPIC -DPIC conftest.cpp >&5
configure:15167: $? = 0
configure:15180: result: yes
configure:15203: checking if /home/user/-f2fs/oe/build.OE-Generic.x86_64-9.0-devel/toolchain/bin/host-g++ static flag -static works
configure:15231: result: yes
configure:15243: checking if /home/user/-f2fs/oe/build.OE-Generic.x86_64-9.0-devel/toolchain/bin/host-g++ supports -c -o file.o
configure:15264: /home/user/-f2fs/oe/build.OE-Generic.x86_64-9.0-devel/toolchain/bin/host-g++ -c -O2 -I/home/user/-f2fs/oe/build.OE-Generic.x86_64-9.0-devel/toolchain/include -fdiagnostics-color=always -Wno-format-security  -o out/conftest2.o conftest.cpp >&5
configure:15268: $? = 0
configure:15290: result: yes
configure:15295: checking if /home/user/-f2fs/oe/build.OE-Generic.x86_64-9.0-devel/toolchain/bin/host-g++ supports -c -o file.o
configure:15342: result: yes
configure:15372: checking whether the /home/user/-f2fs/oe/build.OE-Generic.x86_64-9.0-devel/toolchain/bin/host-g++ linker (ld -m elf_x86_64) supports shared libraries
configure:15412: result: yes
configure:15553: checking dynamic linker characteristics
configure:16298: result: GNU/Linux ld.so
configure:16363: checking how to hardcode library paths into programs
configure:16388: result: immediate
configure:16456: checking size of size_t
configure:16461: /home/user/-f2fs/oe/build.OE-Generic.x86_64-9.0-devel/toolchain/bin/host-gcc -o conftest -O2 -I/home/user/-f2fs/oe/build.OE-Generic.x86_64-9.0-devel/toolchain/include -fdiagnostics-color=always -Wno-format-security  -Wl,-rpath,/home/user/-f2fs/oe/build.OE-Generic.x86_64-9.0-devel/toolchain/lib -L/home/user/-f2fs/oe/build.OE-Generic.x86_64-9.0-devel/toolchain/lib conftest.c  >&5
configure:16461: $? = 0
configure:16461: ./conftest
configure:16461: $? = 0
configure:16475: result: 8
configure:16486: checking for C compiler vendor
configure:16534: /home/user/-f2fs/oe/build.OE-Generic.x86_64-9.0-devel/toolchain/bin/host-gcc -c -O2 -I/home/user/-f2fs/oe/build.OE-Generic.x86_64-9.0-devel/toolchain/include -fdiagnostics-color=always -Wno-format-security  conftest.c >&5
[01m[Kconftest.c:[m[K In function '[01m[Kmain[m[K':
[01m[Kconftest.c:30:9:[m[K [01;31m[Kerror: [m[K'[01m[Kthisisanerror[m[K' undeclared (first use in this function)
         [01;31m[Kthisisanerror[m[K;
         [01;31m[K^~~~~~~~~~~~~[m[K
[01m[Kconftest.c:30:9:[m[K [01;36m[Knote: [m[Keach undeclared identifier is reported only once for each function it appears in
configure:16534: $? = 1
configure: failed program was:
| /* confdefs.h */
| #define PACKAGE_NAME "libffi"
| #define PACKAGE_TARNAME "libffi"
| #define PACKAGE_VERSION "3.2.1"
| #define PACKAGE_STRING "libffi 3.2.1"
| #define PACKAGE_BUGREPORT "http://github.com/atgreen/libffi/issues"
| #define PACKAGE_URL ""
| #define PACKAGE "libffi"
| #define VERSION "3.2.1"
| #define STDC_HEADERS 1
| #define HAVE_SYS_TYPES_H 1
| #define HAVE_SYS_STAT_H 1
| #define HAVE_STDLIB_H 1
| #define HAVE_STRING_H 1
| #define HAVE_MEMORY_H 1
| #define HAVE_STRINGS_H 1
| #define HAVE_INTTYPES_H 1
| #define HAVE_STDINT_H 1
| #define HAVE_UNISTD_H 1
| #define HAVE_DLFCN_H 1
| #define LT_OBJDIR ".libs/"
| #define SIZEOF_SIZE_T 8
| /* end confdefs.h.  */
| 
| int
| main ()
| {
| 
|       #if !(defined(__ICC) || defined(__ECC) || defined(__INTEL_COMPILER))
|         thisisanerror;
|       #endif
| 
|   ;
|   return 0;
| }
configure:16534: /home/user/-f2fs/oe/build.OE-Generic.x86_64-9.0-devel/toolchain/bin/host-gcc -c -O2 -I/home/user/-f2fs/oe/build.OE-Generic.x86_64-9.0-devel/toolchain/include -fdiagnostics-color=always -Wno-format-security  conftest.c >&5
[01m[Kconftest.c:[m[K In function '[01m[Kmain[m[K':
[01m[Kconftest.c:30:9:[m[K [01;31m[Kerror: [m[K'[01m[Kthisisanerror[m[K' undeclared (first use in this function)
         [01;31m[Kthisisanerror[m[K;
         [01;31m[K^~~~~~~~~~~~~[m[K
[01m[Kconftest.c:30:9:[m[K [01;36m[Knote: [m[Keach undeclared identifier is reported only once for each function it appears in
configure:16534: $? = 1
configure: failed program was:
| /* confdefs.h */
| #define PACKAGE_NAME "libffi"
| #define PACKAGE_TARNAME "libffi"
| #define PACKAGE_VERSION "3.2.1"
| #define PACKAGE_STRING "libffi 3.2.1"
| #define PACKAGE_BUGREPORT "http://github.com/atgreen/libffi/issues"
| #define PACKAGE_URL ""
| #define PACKAGE "libffi"
| #define VERSION "3.2.1"
| #define STDC_HEADERS 1
| #define HAVE_SYS_TYPES_H 1
| #define HAVE_SYS_STAT_H 1
| #define HAVE_STDLIB_H 1
| #define HAVE_STRING_H 1
| #define HAVE_MEMORY_H 1
| #define HAVE_STRINGS_H 1
| #define HAVE_INTTYPES_H 1
| #define HAVE_STDINT_H 1
| #define HAVE_UNISTD_H 1
| #define HAVE_DLFCN_H 1
| #define LT_OBJDIR ".libs/"
| #define SIZEOF_SIZE_T 8
| /* end confdefs.h.  */
| 
| int
| main ()
| {
| 
|       #if !(defined(__xlc__) || defined(__xlC__) || defined(__IBMC__) || defined(__IBMCPP__))
|         thisisanerror;
|       #endif
| 
|   ;
|   return 0;
| }
configure:16534: /home/user/-f2fs/oe/build.OE-Generic.x86_64-9.0-devel/toolchain/bin/host-gcc -c -O2 -I/home/user/-f2fs/oe/build.OE-Generic.x86_64-9.0-devel/toolchain/include -fdiagnostics-color=always -Wno-format-security  conftest.c >&5
[01m[Kconftest.c:[m[K In function '[01m[Kmain[m[K':
[01m[Kconftest.c:30:9:[m[K [01;31m[Kerror: [m[K'[01m[Kthisisanerror[m[K' undeclared (first use in this function)
         [01;31m[Kthisisanerror[m[K;
         [01;31m[K^~~~~~~~~~~~~[m[K
[01m[Kconftest.c:30:9:[m[K [01;36m[Knote: [m[Keach undeclared identifier is reported only once for each function it appears in
configure:16534: $? = 1
configure: failed program was:
| /* confdefs.h */
| #define PACKAGE_NAME "libffi"
| #define PACKAGE_TARNAME "libffi"
| #define PACKAGE_VERSION "3.2.1"
| #define PACKAGE_STRING "libffi 3.2.1"
| #define PACKAGE_BUGREPORT "http://github.com/atgreen/libffi/issues"
| #define PACKAGE_URL ""
| #define PACKAGE "libffi"
| #define VERSION "3.2.1"
| #define STDC_HEADERS 1
| #define HAVE_SYS_TYPES_H 1
| #define HAVE_SYS_STAT_H 1
| #define HAVE_STDLIB_H 1
| #define HAVE_STRING_H 1
| #define HAVE_MEMORY_H 1
| #define HAVE_STRINGS_H 1
| #define HAVE_INTTYPES_H 1
| #define HAVE_STDINT_H 1
| #define HAVE_UNISTD_H 1
| #define HAVE_DLFCN_H 1
| #define LT_OBJDIR ".libs/"
| #define SIZEOF_SIZE_T 8
| /* end confdefs.h.  */
| 
| int
| main ()
| {
| 
|       #if !(defined(__PATHCC__) || defined(__PATHSCALE__))
|         thisisanerror;
|       #endif
| 
|   ;
|   return 0;
| }
configure:16534: /home/user/-f2fs/oe/build.OE-Generic.x86_64-9.0-devel/toolchain/bin/host-gcc -c -O2 -I/home/user/-f2fs/oe/build.OE-Generic.x86_64-9.0-devel/toolchain/include -fdiagnostics-color=always -Wno-format-security  conftest.c >&5
[01m[Kconftest.c:[m[K In function '[01m[Kmain[m[K':
[01m[Kconftest.c:30:9:[m[K [01;31m[Kerror: [m[K'[01m[Kthisisanerror[m[K' undeclared (first use in this function)
         [01;31m[Kthisisanerror[m[K;
         [01;31m[K^~~~~~~~~~~~~[m[K
[01m[Kconftest.c:30:9:[m[K [01;36m[Knote: [m[Keach undeclared identifier is reported only once for each function it appears in
configure:16534: $? = 1
configure: failed program was:
| /* confdefs.h */
| #define PACKAGE_NAME "libffi"
| #define PACKAGE_TARNAME "libffi"
| #define PACKAGE_VERSION "3.2.1"
| #define PACKAGE_STRING "libffi 3.2.1"
| #define PACKAGE_BUGREPORT "http://github.com/atgreen/libffi/issues"
| #define PACKAGE_URL ""
| #define PACKAGE "libffi"
| #define VERSION "3.2.1"
| #define STDC_HEADERS 1
| #define HAVE_SYS_TYPES_H 1
| #define HAVE_SYS_STAT_H 1
| #define HAVE_STDLIB_H 1
| #define HAVE_STRING_H 1
| #define HAVE_MEMORY_H 1
| #define HAVE_STRINGS_H 1
| #define HAVE_INTTYPES_H 1
| #define HAVE_STDINT_H 1
| #define HAVE_UNISTD_H 1
| #define HAVE_DLFCN_H 1
| #define LT_OBJDIR ".libs/"
| #define SIZEOF_SIZE_T 8
| /* end confdefs.h.  */
| 
| int
| main ()
| {
| 
|       #if !(defined(__clang__))
|         thisisanerror;
|       #endif
| 
|   ;
|   return 0;
| }
configure:16534: /home/user/-f2fs/oe/build.OE-Generic.x86_64-9.0-devel/toolchain/bin/host-gcc -c -O2 -I/home/user/-f2fs/oe/build.OE-Generic.x86_64-9.0-devel/toolchain/include -fdiagnostics-color=always -Wno-format-security  conftest.c >&5
[01m[Kconftest.c:[m[K In function '[01m[Kmain[m[K':
[01m[Kconftest.c:30:9:[m[K [01;31m[Kerror: [m[K'[01m[Kthisisanerror[m[K' undeclared (first use in this function)
         [01;31m[Kthisisanerror[m[K;
         [01;31m[K^~~~~~~~~~~~~[m[K
[01m[Kconftest.c:30:9:[m[K [01;36m[Knote: [m[Keach undeclared identifier is reported only once for each function it appears in
configure:16534: $? = 1
configure: failed program was:
| /* confdefs.h */
| #define PACKAGE_NAME "libffi"
| #define PACKAGE_TARNAME "libffi"
| #define PACKAGE_VERSION "3.2.1"
| #define PACKAGE_STRING "libffi 3.2.1"
| #define PACKAGE_BUGREPORT "http://github.com/atgreen/libffi/issues"
| #define PACKAGE_URL ""
| #define PACKAGE "libffi"
| #define VERSION "3.2.1"
| #define STDC_HEADERS 1
| #define HAVE_SYS_TYPES_H 1
| #define HAVE_SYS_STAT_H 1
| #define HAVE_STDLIB_H 1
| #define HAVE_STRING_H 1
| #define HAVE_MEMORY_H 1
| #define HAVE_STRINGS_H 1
| #define HAVE_INTTYPES_H 1
| #define HAVE_STDINT_H 1
| #define HAVE_UNISTD_H 1
| #define HAVE_DLFCN_H 1
| #define LT_OBJDIR ".libs/"
| #define SIZEOF_SIZE_T 8
| /* end confdefs.h.  */
| 
| int
| main ()
| {
| 
|       #if !(defined(_CRAYC))
|         thisisanerror;
|       #endif
| 
|   ;
|   return 0;
| }
configure:16534: /home/user/-f2fs/oe/build.OE-Generic.x86_64-9.0-devel/toolchain/bin/host-gcc -c -O2 -I/home/user/-f2fs/oe/build.OE-Generic.x86_64-9.0-devel/toolchain/include -fdiagnostics-color=always -Wno-format-security  conftest.c >&5
[01m[Kconftest.c:[m[K In function '[01m[Kmain[m[K':
[01m[Kconftest.c:30:9:[m[K [01;31m[Kerror: [m[K'[01m[Kthisisanerror[m[K' undeclared (first use in this function)
         [01;31m[Kthisisanerror[m[K;
         [01;31m[K^~~~~~~~~~~~~[m[K
[01m[Kconftest.c:30:9:[m[K [01;36m[Knote: [m[Keach undeclared identifier is reported only once for each function it appears in
configure:16534: $? = 1
configure: failed program was:
| /* confdefs.h */
| #define PACKAGE_NAME "libffi"
| #define PACKAGE_TARNAME "libffi"
| #define PACKAGE_VERSION "3.2.1"
| #define PACKAGE_STRING "libffi 3.2.1"
| #define PACKAGE_BUGREPORT "http://github.com/atgreen/libffi/issues"
| #define PACKAGE_URL ""
| #define PACKAGE "libffi"
| #define VERSION "3.2.1"
| #define STDC_HEADERS 1
| #define HAVE_SYS_TYPES_H 1
| #define HAVE_SYS_STAT_H 1
| #define HAVE_STDLIB_H 1
| #define HAVE_STRING_H 1
| #define HAVE_MEMORY_H 1
| #define HAVE_STRINGS_H 1
| #define HAVE_INTTYPES_H 1
| #define HAVE_STDINT_H 1
| #define HAVE_UNISTD_H 1
| #define HAVE_DLFCN_H 1
| #define LT_OBJDIR ".libs/"
| #define SIZEOF_SIZE_T 8
| /* end confdefs.h.  */
| 
| int
| main ()
| {
| 
|       #if !(defined(__FUJITSU))
|         thisisanerror;
|       #endif
| 
|   ;
|   return 0;
| }
configure:16534: /home/user/-f2fs/oe/build.OE-Generic.x86_64-9.0-devel/toolchain/bin/host-gcc -c -O2 -I/home/user/-f2fs/oe/build.OE-Generic.x86_64-9.0-devel/toolchain/include -fdiagnostics-color=always -Wno-format-security  conftest.c >&5
[01m[Kconftest.c:[m[K In function '[01m[Kmain[m[K':
[01m[Kconftest.c:29:38:[m[K [01;31m[Kerror: [m[Koperator "defined" requires an identifier
       #if !(defined(SDCC) || defined([01;31m[K)[m[K)
                                      [01;31m[K^[m[K
[01m[Kconftest.c:30:9:[m[K [01;31m[Kerror: [m[K'[01m[Kthisisanerror[m[K' undeclared (first use in this function)
         [01;31m[Kthisisanerror[m[K;
         [01;31m[K^~~~~~~~~~~~~[m[K
[01m[Kconftest.c:30:9:[m[K [01;36m[Knote: [m[Keach undeclared identifier is reported only once for each function it appears in
configure:16534: $? = 1
configure: failed program was:
| /* confdefs.h */
| #define PACKAGE_NAME "libffi"
| #define PACKAGE_TARNAME "libffi"
| #define PACKAGE_VERSION "3.2.1"
| #define PACKAGE_STRING "libffi 3.2.1"
| #define PACKAGE_BUGREPORT "http://github.com/atgreen/libffi/issues"
| #define PACKAGE_URL ""
| #define PACKAGE "libffi"
| #define VERSION "3.2.1"
| #define STDC_HEADERS 1
| #define HAVE_SYS_TYPES_H 1
| #define HAVE_SYS_STAT_H 1
| #define HAVE_STDLIB_H 1
| #define HAVE_STRING_H 1
| #define HAVE_MEMORY_H 1
| #define HAVE_STRINGS_H 1
| #define HAVE_INTTYPES_H 1
| #define HAVE_STDINT_H 1
| #define HAVE_UNISTD_H 1
| #define HAVE_DLFCN_H 1
| #define LT_OBJDIR ".libs/"
| #define SIZEOF_SIZE_T 8
| /* end confdefs.h.  */
| 
| int
| main ()
| {
| 
|       #if !(defined(SDCC) || defined())
|         thisisanerror;
|       #endif
| 
|   ;
|   return 0;
| }
configure:16534: /home/user/-f2fs/oe/build.OE-Generic.x86_64-9.0-devel/toolchain/bin/host-gcc -c -O2 -I/home/user/-f2fs/oe/build.OE-Generic.x86_64-9.0-devel/toolchain/include -fdiagnostics-color=always -Wno-format-security  conftest.c >&5
[01m[Kconftest.c:[m[K In function '[01m[Kmain[m[K':
[01m[Kconftest.c:30:9:[m[K [01;31m[Kerror: [m[K'[01m[Kthisisanerror[m[K' undeclared (first use in this function)
         [01;31m[Kthisisanerror[m[K;
         [01;31m[K^~~~~~~~~~~~~[m[K
[01m[Kconftest.c:30:9:[m[K [01;36m[Knote: [m[Keach undeclared identifier is reported only once for each function it appears in
configure:16534: $? = 1
configure: failed program was:
| /* confdefs.h */
| #define PACKAGE_NAME "libffi"
| #define PACKAGE_TARNAME "libffi"
| #define PACKAGE_VERSION "3.2.1"
| #define PACKAGE_STRING "libffi 3.2.1"
| #define PACKAGE_BUGREPORT "http://github.com/atgreen/libffi/issues"
| #define PACKAGE_URL ""
| #define PACKAGE "libffi"
| #define VERSION "3.2.1"
| #define STDC_HEADERS 1
| #define HAVE_SYS_TYPES_H 1
| #define HAVE_SYS_STAT_H 1
| #define HAVE_STDLIB_H 1
| #define HAVE_STRING_H 1
| #define HAVE_MEMORY_H 1
| #define HAVE_STRINGS_H 1
| #define HAVE_INTTYPES_H 1
| #define HAVE_STDINT_H 1
| #define HAVE_UNISTD_H 1
| #define HAVE_DLFCN_H 1
| #define LT_OBJDIR ".libs/"
| #define SIZEOF_SIZE_T 8
| /* end confdefs.h.  */
| 
| int
| main ()
| {
| 
|       #if !(defined(__SDCC))
|         thisisanerror;
|       #endif
| 
|   ;
|   return 0;
| }
configure:16534: /home/user/-f2fs/oe/build.OE-Generic.x86_64-9.0-devel/toolchain/bin/host-gcc -c -O2 -I/home/user/-f2fs/oe/build.OE-Generic.x86_64-9.0-devel/toolchain/include -fdiagnostics-color=always -Wno-format-security  conftest.c >&5
configure:16534: $? = 0
configure:16542: result: gnu
configure:17416: checking CFLAGS for maximum warnings
configure:17436: /home/user/-f2fs/oe/build.OE-Generic.x86_64-9.0-devel/toolchain/bin/host-gcc -c -O2 -I/home/user/-f2fs/oe/build.OE-Generic.x86_64-9.0-devel/toolchain/include -fdiagnostics-color=always -Wno-format-security -warn all  -warn all  conftest.c >&5
[01m[Kgcc:[m[K [01;31m[Kerror: [m[Kall: No such file or directory
[01m[Kgcc:[m[K [01;31m[Kerror: [m[Kall: No such file or directory
[01m[Kgcc:[m[K [01;31m[Kerror: [m[Kunrecognized command line option '[01m[K-warn[m[K'; did you mean '[01m[K--warn-[m[K'?
[01m[Kgcc:[m[K [01;31m[Kerror: [m[Kunrecognized command line option '[01m[K-warn[m[K'; did you mean '[01m[K--warn-[m[K'?
configure:17436: $? = 1
configure: failed program was:
| /* confdefs.h */
| #define PACKAGE_NAME "libffi"
| #define PACKAGE_TARNAME "libffi"
| #define PACKAGE_VERSION "3.2.1"
| #define PACKAGE_STRING "libffi 3.2.1"
| #define PACKAGE_BUGREPORT "http://github.com/atgreen/libffi/issues"
| #define PACKAGE_URL ""
| #define PACKAGE "libffi"
| #define VERSION "3.2.1"
| #define STDC_HEADERS 1
| #define HAVE_SYS_TYPES_H 1
| #define HAVE_SYS_STAT_H 1
| #define HAVE_STDLIB_H 1
| #define HAVE_STRING_H 1
| #define HAVE_MEMORY_H 1
| #define HAVE_STRINGS_H 1
| #define HAVE_INTTYPES_H 1
| #define HAVE_STDINT_H 1
| #define HAVE_UNISTD_H 1
| #define HAVE_DLFCN_H 1
| #define LT_OBJDIR ".libs/"
| #define SIZEOF_SIZE_T 8
| /* end confdefs.h.  */
| 
| int
| main ()
| {
| 
|   ;
|   return 0;
| }
configure:17436: /home/user/-f2fs/oe/build.OE-Generic.x86_64-9.0-devel/toolchain/bin/host-gcc -c -O2 -I/home/user/-f2fs/oe/build.OE-Generic.x86_64-9.0-devel/toolchain/include -fdiagnostics-color=always -Wno-format-security -pedantic  -Wall  conftest.c >&5
configure:17436: $? = 0
configure:17444: result: -Wall
configure:17464: : CFLAGS="$CFLAGS"
configure:17467: $? = 0
configure:17504: checking whether to enable maintainer-specific portions of Makefiles
configure:17513: result: no
configure:17529: checking sys/mman.h usability
configure:17529: /home/user/-f2fs/oe/build.OE-Generic.x86_64-9.0-devel/toolchain/bin/host-gcc -c -O2 -I/home/user/-f2fs/oe/build.OE-Generic.x86_64-9.0-devel/toolchain/include -fdiagnostics-color=always -Wno-format-security -Wall -fexceptions  conftest.c >&5
configure:17529: $? = 0
configure:17529: result: yes
configure:17529: checking sys/mman.h presence
configure:17529: cpp  conftest.c
configure:17529: $? = 0
configure:17529: result: yes
configure:17529: checking for sys/mman.h
configure:17529: result: yes
configure:17542: checking for mmap
configure:17542: /home/user/-f2fs/oe/build.OE-Generic.x86_64-9.0-devel/toolchain/bin/host-gcc -o conftest -O2 -I/home/user/-f2fs/oe/build.OE-Generic.x86_64-9.0-devel/toolchain/include -fdiagnostics-color=always -Wno-format-security -Wall -fexceptions  -Wl,-rpath,/home/user/-f2fs/oe/build.OE-Generic.x86_64-9.0-devel/toolchain/lib -L/home/user/-f2fs/oe/build.OE-Generic.x86_64-9.0-devel/toolchain/lib conftest.c  >&5
configure:17542: $? = 0
configure:17542: result: yes
configure:17542: checking for mkostemp
configure:17542: /home/user/-f2fs/oe/build.OE-Generic.x86_64-9.0-devel/toolchain/bin/host-gcc -o conftest -O2 -I/home/user/-f2fs/oe/build.OE-Generic.x86_64-9.0-devel/toolchain/include -fdiagnostics-color=always -Wno-format-security -Wall -fexceptions  -Wl,-rpath,/home/user/-f2fs/oe/build.OE-Generic.x86_64-9.0-devel/toolchain/lib -L/home/user/-f2fs/oe/build.OE-Generic.x86_64-9.0-devel/toolchain/lib conftest.c  >&5
configure:17542: $? = 0
configure:17542: result: yes
configure:17552: checking for sys/mman.h
configure:17552: result: yes
configure:17560: checking for mmap
configure:17560: result: yes
configure:17573: checking whether read-only mmap of a plain file works
configure:17590: result: yes
configure:17592: checking whether mmap from /dev/zero works
configure:17614: result: yes
configure:17618: checking for MAP_ANON(YMOUS)
configure:17641: /home/user/-f2fs/oe/build.OE-Generic.x86_64-9.0-devel/toolchain/bin/host-gcc -c -O2 -I/home/user/-f2fs/oe/build.OE-Generic.x86_64-9.0-devel/toolchain/include -fdiagnostics-color=always -Wno-format-security -Wall -fexceptions  conftest.c >&5
[01m[Kconftest.c:[m[K In function '[01m[Kmain[m[K':
[01m[Kconftest.c:38:5:[m[K [01;35m[Kwarning: [m[Kunused variable '[01m[Kn[m[K' [[01;35m[K-Wunused-variable[m[K]
 int [01;35m[Kn[m[K = MAP_ANONYMOUS;
     [01;35m[K^[m[K
configure:17641: $? = 0
configure:17648: result: yes
configure:17654: checking whether mmap with MAP_ANON(YMOUS) works
configure:17671: result: yes
configure:18250: checking for ANSI C header files
configure:18354: result: yes
configure:18364: checking for memcpy
configure:18364: /home/user/-f2fs/oe/build.OE-Generic.x86_64-9.0-devel/toolchain/bin/host-gcc -o conftest -O2 -I/home/user/-f2fs/oe/build.OE-Generic.x86_64-9.0-devel/toolchain/include -fdiagnostics-color=always -Wno-format-security -Wall -fexceptions  -Wl,-rpath,/home/user/-f2fs/oe/build.OE-Generic.x86_64-9.0-devel/toolchain/lib -L/home/user/-f2fs/oe/build.OE-Generic.x86_64-9.0-devel/toolchain/lib conftest.c  >&5
[01m[Kconftest.c:54:6:[m[K [01;35m[Kwarning: [m[Kconflicting types for built-in function '[01m[Kmemcpy[m[K' [[01;35m[K-Wbuiltin-declaration-mismatch[m[K]
 char [01;35m[Kmemcpy[m[K ();
      [01;35m[K^~~~~~[m[K
configure:18364: $? = 0
configure:18364: result: yes
configure:18373: checking for size_t
configure:18373: /home/user/-f2fs/oe/build.OE-Generic.x86_64-9.0-devel/toolchain/bin/host-gcc -c -O2 -I/home/user/-f2fs/oe/build.OE-Generic.x86_64-9.0-devel/toolchain/include -fdiagnostics-color=always -Wno-format-security -Wall -fexceptions  conftest.c >&5
configure:18373: $? = 0
configure:18373: /home/user/-f2fs/oe/build.OE-Generic.x86_64-9.0-devel/toolchain/bin/host-gcc -c -O2 -I/home/user/-f2fs/oe/build.OE-Generic.x86_64-9.0-devel/toolchain/include -fdiagnostics-color=always -Wno-format-security -Wall -fexceptions  conftest.c >&5
[01m[Kconftest.c:[m[K In function '[01m[Kmain[m[K':
[01m[Kconftest.c:68:21:[m[K [01;31m[Kerror: [m[Kexpected expression before '[01m[K)[m[K' token
 if (sizeof ((size_t)[01;31m[K)[m[K)
                     [01;31m[K^[m[K
configure:18373: $? = 1
configure: failed program was:
| /* confdefs.h */
| #define PACKAGE_NAME "libffi"
| #define PACKAGE_TARNAME "libffi"
| #define PACKAGE_VERSION "3.2.1"
| #define PACKAGE_STRING "libffi 3.2.1"
| #define PACKAGE_BUGREPORT "http://github.com/atgreen/libffi/issues"
| #define PACKAGE_URL ""
| #define PACKAGE "libffi"
| #define VERSION "3.2.1"
| #define STDC_HEADERS 1
| #define HAVE_SYS_TYPES_H 1
| #define HAVE_SYS_STAT_H 1
| #define HAVE_STDLIB_H 1
| #define HAVE_STRING_H 1
| #define HAVE_MEMORY_H 1
| #define HAVE_STRINGS_H 1
| #define HAVE_INTTYPES_H 1
| #define HAVE_STDINT_H 1
| #define HAVE_UNISTD_H 1
| #define HAVE_DLFCN_H 1
| #define LT_OBJDIR ".libs/"
| #define SIZEOF_SIZE_T 8
| #define HAVE_SYS_MMAN_H 1
| #define HAVE_MMAP 1
| #define HAVE_MKOSTEMP 1
| #define HAVE_MMAP_FILE 1
| #define HAVE_MMAP_DEV_ZERO 1
| #define HAVE_MMAP_ANON 1
| #define STDC_HEADERS 1
| #define HAVE_MEMCPY 1
| /* end confdefs.h.  */
| #include <stdio.h>
| #ifdef HAVE_SYS_TYPES_H
| # include <sys/types.h>
| #endif
| #ifdef HAVE_SYS_STAT_H
| # include <sys/stat.h>
| #endif
| #ifdef STDC_HEADERS
| # include <stdlib.h>
| # include <stddef.h>
| #else
| # ifdef HAVE_STDLIB_H
| #  include <stdlib.h>
| # endif
| #endif
| #ifdef HAVE_STRING_H
| # if !defined STDC_HEADERS && defined HAVE_MEMORY_H
| #  include <memory.h>
| # endif
| # include <string.h>
| #endif
| #ifdef HAVE_STRINGS_H
| # include <strings.h>
| #endif
| #ifdef HAVE_INTTYPES_H
| # include <inttypes.h>
| #endif
| #ifdef HAVE_STDINT_H
| # include <stdint.h>
| #endif
| #ifdef HAVE_UNISTD_H
| # include <unistd.h>
| #endif
| int
| main ()
| {
| if (sizeof ((size_t)))
| 	    return 0;
|   ;
|   return 0;
| }
configure:18373: result: yes
configure:18386: checking for working alloca.h
configure:18403: /home/user/-f2fs/oe/build.OE-Generic.x86_64-9.0-devel/toolchain/bin/host-gcc -o conftest -O2 -I/home/user/-f2fs/oe/build.OE-Generic.x86_64-9.0-devel/toolchain/include -fdiagnostics-color=always -Wno-format-security -Wall -fexceptions  -Wl,-rpath,/home/user/-f2fs/oe/build.OE-Generic.x86_64-9.0-devel/toolchain/lib -L/home/user/-f2fs/oe/build.OE-Generic.x86_64-9.0-devel/toolchain/lib conftest.c  >&5
configure:18403: $? = 0
configure:18411: result: yes
configure:18419: checking for alloca
configure:18456: /home/user/-f2fs/oe/build.OE-Generic.x86_64-9.0-devel/toolchain/bin/host-gcc -o conftest -O2 -I/home/user/-f2fs/oe/build.OE-Generic.x86_64-9.0-devel/toolchain/include -fdiagnostics-color=always -Wno-format-security -Wall -fexceptions  -Wl,-rpath,/home/user/-f2fs/oe/build.OE-Generic.x86_64-9.0-devel/toolchain/lib -L/home/user/-f2fs/oe/build.OE-Generic.x86_64-9.0-devel/toolchain/lib conftest.c  >&5
configure:18456: $? = 0
configure:18464: result: yes
configure:18575: checking size of double
configure:18580: /home/user/-f2fs/oe/build.OE-Generic.x86_64-9.0-devel/toolchain/bin/host-gcc -o conftest -O2 -I/home/user/-f2fs/oe/build.OE-Generic.x86_64-9.0-devel/toolchain/include -fdiagnostics-color=always -Wno-format-security -Wall -fexceptions  -Wl,-rpath,/home/user/-f2fs/oe/build.OE-Generic.x86_64-9.0-devel/toolchain/lib -L/home/user/-f2fs/oe/build.OE-Generic.x86_64-9.0-devel/toolchain/lib conftest.c  >&5
configure:18580: $? = 0
configure:18580: ./conftest
configure:18580: $? = 0
configure:18594: result: 8
configure:18608: checking size of long double
configure:18613: /home/user/-f2fs/oe/build.OE-Generic.x86_64-9.0-devel/toolchain/bin/host-gcc -o conftest -O2 -I/home/user/-f2fs/oe/build.OE-Generic.x86_64-9.0-devel/toolchain/include -fdiagnostics-color=always -Wno-format-security -Wall -fexceptions  -Wl,-rpath,/home/user/-f2fs/oe/build.OE-Generic.x86_64-9.0-devel/toolchain/lib -L/home/user/-f2fs/oe/build.OE-Generic.x86_64-9.0-devel/toolchain/lib conftest.c  >&5
configure:18613: $? = 0
configure:18613: ./conftest
configure:18613: $? = 0
configure:18627: result: 16
configure:18660: checking whether byte ordering is bigendian
configure:18675: /home/user/-f2fs/oe/build.OE-Generic.x86_64-9.0-devel/toolchain/bin/host-gcc -c -O2 -I/home/user/-f2fs/oe/build.OE-Generic.x86_64-9.0-devel/toolchain/include -fdiagnostics-color=always -Wno-format-security -Wall -fexceptions  conftest.c >&5
[01m[Kconftest.c:38:9:[m[K [01;31m[Kerror: [m[Kunknown type name '[01m[Knot[m[K'
         [01;31m[Knot[m[K a universal capable compiler
         [01;31m[K^~~[m[K
[01m[Kconftest.c:38:15:[m[K [01;31m[Kerror: [m[Kexpected '[01m[K=[m[K', '[01m[K,[m[K', '[01m[K;[m[K', '[01m[Kasm[m[K' or '[01m[K__attribute__[m[K' before '[01m[Kuniversal[m[K'
         not a [01;31m[Kuniversal[m[K capable compiler
               [01;31m[K^~~~~~~~~[m[K
[01m[Kconftest.c:38:15:[m[K [01;31m[Kerror: [m[Kunknown type name '[01m[Kuniversal[m[K'
configure:18675: $? = 1
configure: failed program was:
| /* confdefs.h */
| #define PACKAGE_NAME "libffi"
| #define PACKAGE_TARNAME "libffi"
| #define PACKAGE_VERSION "3.2.1"
| #define PACKAGE_STRING "libffi 3.2.1"
| #define PACKAGE_BUGREPORT "http://github.com/atgreen/libffi/issues"
| #define PACKAGE_URL ""
| #define PACKAGE "libffi"
| #define VERSION "3.2.1"
| #define STDC_HEADERS 1
| #define HAVE_SYS_TYPES_H 1
| #define HAVE_SYS_STAT_H 1
| #define HAVE_STDLIB_H 1
| #define HAVE_STRING_H 1
| #define HAVE_MEMORY_H 1
| #define HAVE_STRINGS_H 1
| #define HAVE_INTTYPES_H 1
| #define HAVE_STDINT_H 1
| #define HAVE_UNISTD_H 1
| #define HAVE_DLFCN_H 1
| #define LT_OBJDIR ".libs/"
| #define SIZEOF_SIZE_T 8
| #define HAVE_SYS_MMAN_H 1
| #define HAVE_MMAP 1
| #define HAVE_MKOSTEMP 1
| #define HAVE_MMAP_FILE 1
| #define HAVE_MMAP_DEV_ZERO 1
| #define HAVE_MMAP_ANON 1
| #define STDC_HEADERS 1
| #define HAVE_MEMCPY 1
| #define HAVE_ALLOCA_H 1
| #define HAVE_ALLOCA 1
| #define SIZEOF_DOUBLE 8
| #define SIZEOF_LONG_DOUBLE 16
| #define HAVE_LONG_DOUBLE 1
| /* end confdefs.h.  */
| #ifndef __APPLE_CC__
| 	       not a universal capable compiler
| 	     #endif
| 	     typedef int dummy;
| 
configure:18720: /home/user/-f2fs/oe/build.OE-Generic.x86_64-9.0-devel/toolchain/bin/host-gcc -c -O2 -I/home/user/-f2fs/oe/build.OE-Generic.x86_64-9.0-devel/toolchain/include -fdiagnostics-color=always -Wno-format-security -Wall -fexceptions  conftest.c >&5
configure:18720: $? = 0
configure:18738: /home/user/-f2fs/oe/build.OE-Generic.x86_64-9.0-devel/toolchain/bin/host-gcc -c -O2 -I/home/user/-f2fs/oe/build.OE-Generic.x86_64-9.0-devel/toolchain/include -fdiagnostics-color=always -Wno-format-security -Wall -fexceptions  conftest.c >&5
[01m[Kconftest.c:[m[K In function '[01m[Kmain[m[K':
[01m[Kconftest.c:44:4:[m[K [01;31m[Kerror: [m[Kunknown type name '[01m[Knot[m[K'; did you mean '[01m[Kino_t[m[K'?
    [01;31m[Knot[m[K big endian
    [01;31m[K^~~[m[K
    [32m[Kino_t[m[K
[01m[Kconftest.c:44:12:[m[K [01;31m[Kerror: [m[Kexpected '[01m[K=[m[K', '[01m[K,[m[K', '[01m[K;[m[K', '[01m[Kasm[m[K' or '[01m[K__attribute__[m[K' before '[01m[Kendian[m[K'
    not big [01;31m[Kendian[m[K
            [01;31m[K^~~~~~[m[K
configure:18738: $? = 1
configure: failed program was:
| /* confdefs.h */
| #define PACKAGE_NAME "libffi"
| #define PACKAGE_TARNAME "libffi"
| #define PACKAGE_VERSION "3.2.1"
| #define PACKAGE_STRING "libffi 3.2.1"
| #define PACKAGE_BUGREPORT "http://github.com/atgreen/libffi/issues"
| #define PACKAGE_URL ""
| #define PACKAGE "libffi"
| #define VERSION "3.2.1"
| #define STDC_HEADERS 1
| #define HAVE_SYS_TYPES_H 1
| #define HAVE_SYS_STAT_H 1
| #define HAVE_STDLIB_H 1
| #define HAVE_STRING_H 1
| #define HAVE_MEMORY_H 1
| #define HAVE_STRINGS_H 1
| #define HAVE_INTTYPES_H 1
| #define HAVE_STDINT_H 1
| #define HAVE_UNISTD_H 1
| #define HAVE_DLFCN_H 1
| #define LT_OBJDIR ".libs/"
| #define SIZEOF_SIZE_T 8
| #define HAVE_SYS_MMAN_H 1
| #define HAVE_MMAP 1
| #define HAVE_MKOSTEMP 1
| #define HAVE_MMAP_FILE 1
| #define HAVE_MMAP_DEV_ZERO 1
| #define HAVE_MMAP_ANON 1
| #define STDC_HEADERS 1
| #define HAVE_MEMCPY 1
| #define HAVE_ALLOCA_H 1
| #define HAVE_ALLOCA 1
| #define SIZEOF_DOUBLE 8
| #define SIZEOF_LONG_DOUBLE 16
| #define HAVE_LONG_DOUBLE 1
| /* end confdefs.h.  */
| #include <sys/types.h>
| 		#include <sys/param.h>
| 
| int
| main ()
| {
| #if BYTE_ORDER != BIG_ENDIAN
| 		 not big endian
| 		#endif
| 
|   ;
|   return 0;
| }
configure:18866: result: no
configure:18885: checking assembler .cfi pseudo-op support
configure:18903: /home/user/-f2fs/oe/build.OE-Generic.x86_64-9.0-devel/toolchain/bin/host-gcc -c -O2 -I/home/user/-f2fs/oe/build.OE-Generic.x86_64-9.0-devel/toolchain/include -fdiagnostics-color=always -Wno-format-security -Wall -fexceptions  conftest.c >&5
configure:18903: $? = 0
configure:18911: result: yes
configure:18997: checking assembler supports pc related relocs
configure:19010: result: yes
configure:19018: checking assembler .ascii pseudo-op support
configure:19037: /home/user/-f2fs/oe/build.OE-Generic.x86_64-9.0-devel/toolchain/bin/host-gcc -c -O2 -I/home/user/-f2fs/oe/build.OE-Generic.x86_64-9.0-devel/toolchain/include -fdiagnostics-color=always -Wno-format-security -Wall -fexceptions  conftest.c >&5
configure:19037: $? = 0
configure:19045: result: yes
configure:19053: checking assembler .string pseudo-op support
configure:19072: /home/user/-f2fs/oe/build.OE-Generic.x86_64-9.0-devel/toolchain/bin/host-gcc -c -O2 -I/home/user/-f2fs/oe/build.OE-Generic.x86_64-9.0-devel/toolchain/include -fdiagnostics-color=always -Wno-format-security -Wall -fexceptions  conftest.c >&5
configure:19072: $? = 0
configure:19080: result: yes
configure:19100: checking for _ prefix in compiled symbols
configure:19110: /home/user/-f2fs/oe/build.OE-Generic.x86_64-9.0-devel/toolchain/bin/host-gcc -c -O2 -I/home/user/-f2fs/oe/build.OE-Generic.x86_64-9.0-devel/toolchain/include -fdiagnostics-color=always -Wno-format-security -Wall -fexceptions  conftest.c >&5
[01m[Kconftest.c:[m[K In function '[01m[Kmain[m[K':
[01m[Kconftest.c:2:12:[m[K [01;35m[Kwarning: [m[Kstatement with no effect [[01;35m[K-Wunused-value[m[K]
 int main(){[01;35m[Knm_test_func[m[K;return 0;}
            [01;35m[K^~~~~~~~~~~~[m[K
configure:19113: $? = 0
configure:19117: nm conftest.o \| sed -n -e 's/^.*[	 ]\([ABCDGIRSTW][ABCDGIRSTW]*\)[	 ][	 ]*\([_A-Za-z][_A-Za-z0-9]*\)$/\1 \2 \2/p' | sed '/ __gnu_lto/d' \> conftest.nm
configure:19120: $? = 0
configure:19142: result: no
configure:19178: checking toolchain supports unwind section type
configure:19207: result: yes
configure:19217: checking whether .eh_frame section should be read-only
configure:19237: result: yes
configure:19252: checking for __attribute__((visibility("hidden")))
configure:19261: /home/user/-f2fs/oe/build.OE-Generic.x86_64-9.0-devel/toolchain/bin/host-gcc -Werror -S conftest.c -o conftest.s 1>&5
configure:19264: $? = 0
configure:19273: result: yes
configure:19487: checking that generated files are newer than configure
configure:19493: result: done
configure:19705: creating ./config.status

## ---------------------- ##
## Running config.status. ##
## ---------------------- ##

This file was extended by libffi config.status 3.2.1, which was
generated by GNU Autoconf 2.69.  Invocation command line was

  CONFIG_FILES    = 
  CONFIG_HEADERS  = 
  CONFIG_LINKS    = 
  CONFIG_COMMANDS = 
  $ ./config.status 

on vmware

config.status:1303: creating include/Makefile
config.status:1303: creating include/ffi.h
config.status:1303: creating Makefile
config.status:1303: creating testsuite/Makefile
config.status:1303: creating man/Makefile
config.status:1303: creating libffi.pc
config.status:1303: creating fficonfig.h
config.status:1529: linking /home/user/-f2fs/oe/build.OE-Generic.x86_64-9.0-devel/libffi-3.2.1/src/x86/ffitarget.h to include/ffitarget.h
config.status:1548: executing buildir commands
config.status:1561: skipping top_srcdir/Makefile - not created
config.status:1548: executing depfiles commands
config.status:1769: cd .       && sed -e '/# am--include-marker/d' Makefile         | make -f - am--depfiles
config.status:1774: $? = 0
config.status:1548: executing libtool commands
config.status:1548: executing include commands
config.status:1548: executing src commands

## ---------------- ##
## Cache variables. ##
## ---------------- ##

ac_cv_build=x86_64-pc-linux-gnu
ac_cv_c_bigendian=no
ac_cv_c_compiler_gnu=yes
ac_cv_cflags_warn_all=-Wall
ac_cv_cxx_compiler_gnu=yes
ac_cv_decl_map_anon=yes
ac_cv_env_CCASFLAGS_set=
ac_cv_env_CCASFLAGS_value=
ac_cv_env_CCAS_set=
ac_cv_env_CCAS_value=
ac_cv_env_CPPFLAGS_set=set
ac_cv_env_CPPFLAGS_value=
ac_cv_env_CPP_set=set
ac_cv_env_CPP_value=cpp
ac_cv_env_CXXCPP_set=
ac_cv_env_CXXCPP_value=
ac_cv_env_LT_SYS_LIBRARY_PATH_set=
ac_cv_env_LT_SYS_LIBRARY_PATH_value=
ac_cv_env_build_alias_set=set
ac_cv_env_build_alias_value=x86_64-pc-linux-gnu
ac_cv_env_host_alias_set=set
ac_cv_env_host_alias_value=x86_64-pc-linux-gnu
ac_cv_env_target_alias_set=
ac_cv_env_target_alias_value=
ac_cv_func_alloca_works=yes
ac_cv_func_memcpy=yes
ac_cv_func_mkostemp=yes
ac_cv_func_mmap=yes
ac_cv_func_mmap_anon=yes
ac_cv_func_mmap_dev_zero=yes
ac_cv_func_mmap_file=yes
ac_cv_header_dlfcn_h=yes
ac_cv_header_inttypes_h=yes
ac_cv_header_memory_h=yes
ac_cv_header_stdc=yes
ac_cv_header_stdint_h=yes
ac_cv_header_stdlib_h=yes
ac_cv_header_string_h=yes
ac_cv_header_strings_h=yes
ac_cv_header_sys_mman_h=yes
ac_cv_header_sys_stat_h=yes
ac_cv_header_sys_types_h=yes
ac_cv_header_unistd_h=yes
ac_cv_host=x86_64-pc-linux-gnu
ac_cv_objext=o
ac_cv_path_EGREP='/bin/grep -E'
ac_cv_path_FGREP='/bin/grep -F'
ac_cv_path_GREP=/bin/grep
ac_cv_path_SED=/home/user/-f2fs/oe/build.OE-Generic.x86_64-9.0-devel/toolchain/bin/sed
ac_cv_path_ax_enable_builddir_sed=sed
ac_cv_path_install='/bin/install -c'
ac_cv_path_lt_DD=/bin/dd
ac_cv_path_mkdir=/bin/mkdir
ac_cv_prog_AR=ar
ac_cv_prog_AWK=gawk
ac_cv_prog_CC=/home/user/-f2fs/oe/build.OE-Generic.x86_64-9.0-devel/toolchain/bin/host-gcc
ac_cv_prog_CPP=cpp
ac_cv_prog_CXXCPP='/home/user/-f2fs/oe/build.OE-Generic.x86_64-9.0-devel/toolchain/bin/host-g++ -E'
ac_cv_prog_OBJDUMP=objdump
ac_cv_prog_RANLIB=ranlib
ac_cv_prog_STRIP=strip
ac_cv_prog_cc_c89=
ac_cv_prog_cc_g=yes
ac_cv_prog_cxx_g=yes
ac_cv_prog_make_make_set=yes
ac_cv_sizeof_double=8
ac_cv_sizeof_long_double=16
ac_cv_sizeof_size_t=8
ac_cv_target=x86_64-pc-linux-gnu
ac_cv_type_size_t=yes
ac_cv_working_alloca_h=yes
am_cv_CCAS_dependencies_compiler_type=gcc3
am_cv_CC_dependencies_compiler_type=gcc3
am_cv_CXX_dependencies_compiler_type=gcc3
am_cv_make_support_nested_variables=yes
am_cv_prog_cc_c_o=yes
ax_cv_c_compiler_vendor=gnu
gcc_cv_as_cfi_pseudo_op=yes
libffi_cv_as_ascii_pseudo_op=yes
libffi_cv_as_string_pseudo_op=yes
libffi_cv_as_x86_64_unwind_section_type=yes
libffi_cv_as_x86_pcrel=yes
libffi_cv_hidden_visibility_attribute=yes
libffi_cv_ro_eh_frame=yes
lt_cv_ar_at_file=@
lt_cv_archive_cmds_need_lc=no
lt_cv_deplibs_check_method=pass_all
lt_cv_file_magic_cmd='$MAGIC_CMD'
lt_cv_file_magic_test_file=
lt_cv_ld_reload_flag=-r
lt_cv_nm_interface='BSD nm'
lt_cv_objdir=.libs
lt_cv_path_LD=ld
lt_cv_path_LDCXX='ld -m elf_x86_64'
lt_cv_path_NM=nm
lt_cv_path_mainfest_tool=no
lt_cv_prog_compiler_c_o=yes
lt_cv_prog_compiler_c_o_CXX=yes
lt_cv_prog_compiler_pic='-fPIC -DPIC'
lt_cv_prog_compiler_pic_CXX='-fPIC -DPIC'
lt_cv_prog_compiler_pic_works=yes
lt_cv_prog_compiler_pic_works_CXX=yes
lt_cv_prog_compiler_rtti_exceptions=no
lt_cv_prog_compiler_static_works=yes
lt_cv_prog_compiler_static_works_CXX=yes
lt_cv_prog_gnu_ld=yes
lt_cv_prog_gnu_ldcxx=yes
lt_cv_sharedlib_from_linklib_cmd='printf %s\n'
lt_cv_shlibpath_overrides_runpath=no
lt_cv_sys_global_symbol_pipe='sed -n -e '\''s/^.*[	 ]\([ABCDGIRSTW][ABCDGIRSTW]*\)[	 ][	 ]*\([_A-Za-z][_A-Za-z0-9]*\)$/\1 \2 \2/p'\'' | sed '\''/ __gnu_lto/d'\'''
lt_cv_sys_global_symbol_to_c_name_address='sed -n -e '\''s/^: \(.*\) .*$/  {"\1", (void *) 0},/p'\'' -e '\''s/^[ABCDGIRSTW][ABCDGIRSTW]* .* \(.*\)$/  {"\1", (void *) \&\1},/p'\'''
lt_cv_sys_global_symbol_to_c_name_address_lib_prefix='sed -n -e '\''s/^: \(.*\) .*$/  {"\1", (void *) 0},/p'\'' -e '\''s/^[ABCDGIRSTW][ABCDGIRSTW]* .* \(lib.*\)$/  {"\1", (void *) \&\1},/p'\'' -e '\''s/^[ABCDGIRSTW][ABCDGIRSTW]* .* \(.*\)$/  {"lib\1", (void *) \&\1},/p'\'''
lt_cv_sys_global_symbol_to_cdecl='sed -n -e '\''s/^T .* \(.*\)$/extern int \1();/p'\'' -e '\''s/^[ABCDGIRSTW][ABCDGIRSTW]* .* \(.*\)$/extern char \1;/p'\'''
lt_cv_sys_global_symbol_to_import=
lt_cv_sys_max_cmd_len=1572864
lt_cv_sys_symbol_underscore=no
lt_cv_to_host_file_cmd=func_convert_file_noop
lt_cv_to_tool_file_cmd=func_convert_file_noop
lt_cv_truncate_bin='/bin/dd bs=4096 count=1'

## ----------------- ##
## Output variables. ##
## ----------------- ##

AARCH64_FALSE=''
AARCH64_TRUE='#'
ACLOCAL='${SHELL} /home/user/-f2fs/oe/build.OE-Generic.x86_64-9.0-devel/libffi-3.2.1/missing aclocal-1.16'
ALLOCA=''
ALPHA_FALSE=''
ALPHA_TRUE='#'
AMDEPBACKSLASH='\'
AMDEP_FALSE='#'
AMDEP_TRUE=''
AMTAR='$${TAR-tar}'
AM_BACKSLASH='\'
AM_DEFAULT_V='$(AM_DEFAULT_VERBOSITY)'
AM_DEFAULT_VERBOSITY='0'
AM_LTLDFLAGS=''
AM_RUNTESTFLAGS=''
AM_V='$(V)'
AR='ar'
ARC_FALSE=''
ARC_TRUE='#'
ARM_FALSE=''
ARM_TRUE='#'
AUTOCONF='${SHELL} /home/user/-f2fs/oe/build.OE-Generic.x86_64-9.0-devel/libffi-3.2.1/missing autoconf'
AUTOHEADER='${SHELL} /home/user/-f2fs/oe/build.OE-Generic.x86_64-9.0-devel/libffi-3.2.1/missing autoheader'
AUTOMAKE='${SHELL} /home/user/-f2fs/oe/build.OE-Generic.x86_64-9.0-devel/libffi-3.2.1/missing automake-1.16'
AVR32_FALSE=''
AVR32_TRUE='#'
AWK='gawk'
BFIN_FALSE=''
BFIN_TRUE='#'
CC='/home/user/-f2fs/oe/build.OE-Generic.x86_64-9.0-devel/toolchain/bin/host-gcc'
CCAS='/home/user/-f2fs/oe/build.OE-Generic.x86_64-9.0-devel/toolchain/bin/host-gcc'
CCASDEPMODE='depmode=gcc3'
CCASFLAGS='-O2 -I/home/user/-f2fs/oe/build.OE-Generic.x86_64-9.0-devel/toolchain/include -fdiagnostics-color=always -Wno-format-security'
CCDEPMODE='depmode=gcc3'
CFLAGS='-O2 -I/home/user/-f2fs/oe/build.OE-Generic.x86_64-9.0-devel/toolchain/include -fdiagnostics-color=always -Wno-format-security -Wall -fexceptions'
CPP='cpp'
CPPFLAGS=''
CXX='/home/user/-f2fs/oe/build.OE-Generic.x86_64-9.0-devel/toolchain/bin/host-g++'
CXXCPP='/home/user/-f2fs/oe/build.OE-Generic.x86_64-9.0-devel/toolchain/bin/host-g++ -E'
CXXDEPMODE='depmode=gcc3'
CXXFLAGS='-O2 -I/home/user/-f2fs/oe/build.OE-Generic.x86_64-9.0-devel/toolchain/include -fdiagnostics-color=always -Wno-format-security'
CYGPATH_W='echo'
DEFS='-DHAVE_CONFIG_H'
DEPDIR='.deps'
DLLTOOL='false'
DSYMUTIL=''
DUMPBIN=''
ECHO_C=''
ECHO_N='-n'
ECHO_T=''
EGREP='/bin/grep -E'
EXEEXT=''
FFI_DEBUG_FALSE=''
FFI_DEBUG_TRUE='#'
FFI_EXEC_TRAMPOLINE_TABLE='0'
FFI_EXEC_TRAMPOLINE_TABLE_FALSE=''
FFI_EXEC_TRAMPOLINE_TABLE_TRUE='#'
FGREP='/bin/grep -F'
FRV_FALSE=''
FRV_TRUE='#'
GREP='/bin/grep'
HAVE_LONG_DOUBLE='1'
HAVE_LONG_DOUBLE_VARIANT='0'
IA64_FALSE=''
IA64_TRUE='#'
INSTALL_DATA='${INSTALL} -m 644'
INSTALL_PROGRAM='${INSTALL}'
INSTALL_SCRIPT='${INSTALL}'
INSTALL_STRIP_PROGRAM='$(install_sh) -c -s'
LD='ld -m elf_x86_64'
LDFLAGS='-Wl,-rpath,/home/user/-f2fs/oe/build.OE-Generic.x86_64-9.0-devel/toolchain/lib -L/home/user/-f2fs/oe/build.OE-Generic.x86_64-9.0-devel/toolchain/lib'
LIBFFI_CRIS_FALSE=''
LIBFFI_CRIS_TRUE='#'
LIBOBJS=''
LIBS=''
LIBTOOL='$(SHELL) $(top_builddir)/libtool'
LIPO=''
LN_S='ln -s'
LTLIBOBJS=''
LT_SYS_LIBRARY_PATH=''
M32R_FALSE=''
M32R_TRUE='#'
M68K_FALSE=''
M68K_TRUE='#'
M88K_FALSE=''
M88K_TRUE='#'
MAINT='#'
MAINTAINER_MODE_FALSE=''
MAINTAINER_MODE_TRUE='#'
MAKEINFO='${SHELL} /home/user/-f2fs/oe/build.OE-Generic.x86_64-9.0-devel/libffi-3.2.1/missing makeinfo'
MANIFEST_TOOL=':'
METAG_FALSE=''
METAG_TRUE='#'
MICROBLAZE_FALSE=''
MICROBLAZE_TRUE='#'
MIPS_FALSE=''
MIPS_TRUE='#'
MKDIR_P='/bin/mkdir -p'
MOXIE_FALSE=''
MOXIE_TRUE='#'
NIOS2_FALSE=''
NIOS2_TRUE='#'
NM='nm'
NMEDIT=''
OBJDUMP='objdump'
OBJEXT='o'
OR1K_FALSE=''
OR1K_TRUE='#'
OTOOL64=''
OTOOL=''
PA64_HPUX_FALSE=''
PA64_HPUX_TRUE='#'
PACKAGE='libffi'
PACKAGE_BUGREPORT='http://github.com/atgreen/libffi/issues'
PACKAGE_NAME='libffi'
PACKAGE_STRING='libffi 3.2.1'
PACKAGE_TARNAME='libffi'
PACKAGE_URL=''
PACKAGE_VERSION='3.2.1'
PATH_SEPARATOR=':'
PA_HPUX_FALSE=''
PA_HPUX_TRUE='#'
PA_LINUX_FALSE=''
PA_LINUX_TRUE='#'
POWERPC_AIX_FALSE=''
POWERPC_AIX_TRUE='#'
POWERPC_DARWIN_FALSE=''
POWERPC_DARWIN_TRUE='#'
POWERPC_FALSE=''
POWERPC_FREEBSD_FALSE=''
POWERPC_FREEBSD_TRUE='#'
POWERPC_TRUE='#'
PRTDIAG=''
RANLIB='ranlib'
S390_FALSE=''
S390_TRUE='#'
SED='/home/user/-f2fs/oe/build.OE-Generic.x86_64-9.0-devel/toolchain/bin/sed'
SET_MAKE=''
SH64_FALSE=''
SH64_TRUE='#'
SHELL='/bin/sh'
SH_FALSE=''
SH_TRUE='#'
SPARC_FALSE=''
SPARC_TRUE='#'
STRIP='strip'
TARGET='X86_64'
TARGETDIR='x86'
TESTSUBDIR_FALSE='#'
TESTSUBDIR_TRUE=''
TILE_FALSE=''
TILE_TRUE='#'
VAX_FALSE=''
VAX_TRUE='#'
VERSION='3.2.1'
X86_64_FALSE='#'
X86_64_TRUE=''
X86_DARWIN32_FALSE=''
X86_DARWIN32_TRUE='#'
X86_DARWIN64_FALSE=''
X86_DARWIN64_TRUE='#'
X86_DARWIN_FALSE=''
X86_DARWIN_TRUE='#'
X86_FALSE=''
X86_FREEBSD_FALSE=''
X86_FREEBSD_TRUE='#'
X86_TRUE='#'
X86_WIN32_FALSE=''
X86_WIN32_TRUE='#'
X86_WIN64_FALSE=''
X86_WIN64_TRUE='#'
XTENSA_FALSE=''
XTENSA_TRUE='#'
ac_ct_AR=''
ac_ct_CC=''
ac_ct_CXX=''
ac_ct_DUMPBIN=''
am__EXEEXT_FALSE=''
am__EXEEXT_TRUE='#'
am__fastdepCCAS_FALSE='#'
am__fastdepCCAS_TRUE=''
am__fastdepCC_FALSE='#'
am__fastdepCC_TRUE=''
am__fastdepCXX_FALSE='#'
am__fastdepCXX_TRUE=''
am__include='include'
am__isrc=' -I$(srcdir)'
am__leading_dot='.'
am__nodep='_no'
am__quote=''
am__tar='$${TAR-tar} chof - "$$tardir"'
am__untar='$${TAR-tar} xf -'
ax_enable_builddir_sed='sed'
bindir='/home/user/-f2fs/oe/build.OE-Generic.x86_64-9.0-devel/toolchain/bin'
build='x86_64-pc-linux-gnu'
build_alias='x86_64-pc-linux-gnu'
build_cpu='x86_64'
build_os='linux-gnu'
build_vendor='pc'
datadir='${datarootdir}'
datarootdir='${prefix}/share'
docdir='${datarootdir}/doc/${PACKAGE_TARNAME}'
dvidir='${docdir}'
exec_prefix='${prefix}'
host='x86_64-pc-linux-gnu'
host_alias='x86_64-pc-linux-gnu'
host_cpu='x86_64'
host_os='linux-gnu'
host_vendor='pc'
htmldir='${docdir}'
includedir='${prefix}/include'
infodir='${datarootdir}/info'
install_sh='${SHELL} /home/user/-f2fs/oe/build.OE-Generic.x86_64-9.0-devel/libffi-3.2.1/install-sh'
libdir='${exec_prefix}/lib'
libexecdir='/home/user/-f2fs/oe/build.OE-Generic.x86_64-9.0-devel/toolchain/lib'
localedir='${datarootdir}/locale'
localstatedir='/home/user/-f2fs/oe/build.OE-Generic.x86_64-9.0-devel/toolchain/var'
mandir='${datarootdir}/man'
mkdir_p='$(MKDIR_P)'
oldincludedir='/usr/include'
pdfdir='${docdir}'
prefix='/home/user/-f2fs/oe/build.OE-Generic.x86_64-9.0-devel/toolchain'
program_transform_name='s,x,x,'
psdir='${docdir}'
runstatedir='${localstatedir}/run'
sbindir='/home/user/-f2fs/oe/build.OE-Generic.x86_64-9.0-devel/toolchain/sbin'
sharedstatedir='${prefix}/com'
sys_symbol_underscore='no'
sysconfdir='/home/user/-f2fs/oe/build.OE-Generic.x86_64-9.0-devel/toolchain/etc'
target='x86_64-pc-linux-gnu'
target_alias='x86_64-pc-linux-gnu'
target_cpu='x86_64'
target_os='linux-gnu'
target_vendor='pc'
toolexecdir='${exec_prefix}/lib/gcc-lib/$(target_alias)'
toolexeclibdir='${exec_prefix}/lib/../lib'

## ----------- ##
## confdefs.h. ##
## ----------- ##

/* confdefs.h */
#define PACKAGE_NAME "libffi"
#define PACKAGE_TARNAME "libffi"
#define PACKAGE_VERSION "3.2.1"
#define PACKAGE_STRING "libffi 3.2.1"
#define PACKAGE_BUGREPORT "http://github.com/atgreen/libffi/issues"
#define PACKAGE_URL ""
#define PACKAGE "libffi"
#define VERSION "3.2.1"
#define STDC_HEADERS 1
#define HAVE_SYS_TYPES_H 1
#define HAVE_SYS_STAT_H 1
#define HAVE_STDLIB_H 1
#define HAVE_STRING_H 1
#define HAVE_MEMORY_H 1
#define HAVE_STRINGS_H 1
#define HAVE_INTTYPES_H 1
#define HAVE_STDINT_H 1
#define HAVE_UNISTD_H 1
#define HAVE_DLFCN_H 1
#define LT_OBJDIR ".libs/"
#define SIZEOF_SIZE_T 8
#define HAVE_SYS_MMAN_H 1
#define HAVE_MMAP 1
#define HAVE_MKOSTEMP 1
#define HAVE_MMAP_FILE 1
#define HAVE_MMAP_DEV_ZERO 1
#define HAVE_MMAP_ANON 1
#define STDC_HEADERS 1
#define HAVE_MEMCPY 1
#define HAVE_ALLOCA_H 1
#define HAVE_ALLOCA 1
#define SIZEOF_DOUBLE 8
#define SIZEOF_LONG_DOUBLE 16
#define HAVE_LONG_DOUBLE 1
#define HAVE_AS_CFI_PSEUDO_OP 1
#define HAVE_AS_X86_PCREL 1
#define HAVE_AS_ASCII_PSEUDO_OP 1
#define HAVE_AS_STRING_PSEUDO_OP 1
#define HAVE_AS_X86_64_UNWIND_SECTION_TYPE 1
#define HAVE_RO_EH_FRAME 1
#define EH_FRAME_FLAGS "a"
#define HAVE_HIDDEN_VISIBILITY_ATTRIBUTE 1

configure: exit 0
