The target system is: Linux - 1 - 
The host system is: Linux - 4.16.0-1-amd64 - x86_64
Compiling the C compiler identification source file "CMakeCCompilerId.c" succeeded.
Compiler: /home/user/-f2fs/oe/build.OE-Generic.x86_64-9.0-devel/toolchain/bin/host-gcc 
Build flags: -march=westmere;-mtune=haswell;-O2;-pipe;-I/home/user/-f2fs/oe/build.OE-Generic.x86_64-9.0-devel/toolchain/include;-Wno-format-security;-fPIC;-DPIC
Id flags:  

The output was:
0


Compilation of the C compiler identification source "CMakeCCompilerId.c" produced "a.out"

The C compiler identification is GNU, found in "/home/user/-f2fs/oe/build.OE-Generic.x86_64-9.0-devel/zlib-e0062a7/.x86_64-linux-gnu/CMakeFiles/3.11.1/CompilerIdC/a.out"

Determining if the C compiler works passed with the following output:
Change Dir: /home/user/-f2fs/oe/build.OE-Generic.x86_64-9.0-devel/zlib-e0062a7/.x86_64-linux-gnu/CMakeFiles/CMakeTmp

Run Build Command:"/home/user/-f2fs/oe/build.OE-Generic.x86_64-9.0-devel/toolchain/bin/gmake" "cmTC_0604e/fast"
/home/user/-f2fs/oe/build.OE-Generic.x86_64-9.0-devel/toolchain/bin/gmake -f CMakeFiles/cmTC_0604e.dir/build.make CMakeFiles/cmTC_0604e.dir/build
gmake[1]: Entering directory '/home/user/-f2fs/oe/build.OE-Generic.x86_64-9.0-devel/zlib-e0062a7/.x86_64-linux-gnu/CMakeFiles/CMakeTmp'
Building C object CMakeFiles/cmTC_0604e.dir/testCCompiler.c.o
/home/user/-f2fs/oe/build.OE-Generic.x86_64-9.0-devel/toolchain/bin/host-gcc   -march=westmere -mtune=haswell -O2 -pipe -I/home/user/-f2fs/oe/build.OE-Generic.x86_64-9.0-devel/toolchain/include -Wno-format-security -fPIC -DPIC    -o CMakeFiles/cmTC_0604e.dir/testCCompiler.c.o   -c /home/user/-f2fs/oe/build.OE-Generic.x86_64-9.0-devel/zlib-e0062a7/.x86_64-linux-gnu/CMakeFiles/CMakeTmp/testCCompiler.c
Linking C executable cmTC_0604e
/usr/bin/cmake -E cmake_link_script CMakeFiles/cmTC_0604e.dir/link.txt --verbose=1
/home/user/-f2fs/oe/build.OE-Generic.x86_64-9.0-devel/toolchain/bin/host-gcc -march=westmere -mtune=haswell -O2 -pipe -I/home/user/-f2fs/oe/build.OE-Generic.x86_64-9.0-devel/toolchain/include -Wno-format-security -fPIC -DPIC   -Wl,-rpath,/home/user/-f2fs/oe/build.OE-Generic.x86_64-9.0-devel/toolchain/lib -L/home/user/-f2fs/oe/build.OE-Generic.x86_64-9.0-devel/toolchain/lib -s -fPIC  -rdynamic CMakeFiles/cmTC_0604e.dir/testCCompiler.c.o  -o cmTC_0604e 
gmake[1]: Leaving directory '/home/user/-f2fs/oe/build.OE-Generic.x86_64-9.0-devel/zlib-e0062a7/.x86_64-linux-gnu/CMakeFiles/CMakeTmp'


Detecting C compiler ABI info compiled with the following output:
Change Dir: /home/user/-f2fs/oe/build.OE-Generic.x86_64-9.0-devel/zlib-e0062a7/.x86_64-linux-gnu/CMakeFiles/CMakeTmp

Run Build Command:"/home/user/-f2fs/oe/build.OE-Generic.x86_64-9.0-devel/toolchain/bin/gmake" "cmTC_72d11/fast"
/home/user/-f2fs/oe/build.OE-Generic.x86_64-9.0-devel/toolchain/bin/gmake -f CMakeFiles/cmTC_72d11.dir/build.make CMakeFiles/cmTC_72d11.dir/build
gmake[1]: Entering directory '/home/user/-f2fs/oe/build.OE-Generic.x86_64-9.0-devel/zlib-e0062a7/.x86_64-linux-gnu/CMakeFiles/CMakeTmp'
Building C object CMakeFiles/cmTC_72d11.dir/CMakeCCompilerABI.c.o
/home/user/-f2fs/oe/build.OE-Generic.x86_64-9.0-devel/toolchain/bin/host-gcc   -march=westmere -mtune=haswell -O2 -pipe -I/home/user/-f2fs/oe/build.OE-Generic.x86_64-9.0-devel/toolchain/include -Wno-format-security -fPIC -DPIC    -o CMakeFiles/cmTC_72d11.dir/CMakeCCompilerABI.c.o   -c /usr/share/cmake-3.11/Modules/CMakeCCompilerABI.c
Linking C executable cmTC_72d11
/usr/bin/cmake -E cmake_link_script CMakeFiles/cmTC_72d11.dir/link.txt --verbose=1
/home/user/-f2fs/oe/build.OE-Generic.x86_64-9.0-devel/toolchain/bin/host-gcc -march=westmere -mtune=haswell -O2 -pipe -I/home/user/-f2fs/oe/build.OE-Generic.x86_64-9.0-devel/toolchain/include -Wno-format-security -fPIC -DPIC   -Wl,-rpath,/home/user/-f2fs/oe/build.OE-Generic.x86_64-9.0-devel/toolchain/lib -L/home/user/-f2fs/oe/build.OE-Generic.x86_64-9.0-devel/toolchain/lib -s -fPIC -v -rdynamic CMakeFiles/cmTC_72d11.dir/CMakeCCompilerABI.c.o  -o cmTC_72d11 
Using built-in specs.
COLLECT_GCC=/usr/bin/gcc
COLLECT_LTO_WRAPPER=/usr/lib/gcc/x86_64-linux-gnu/7/lto-wrapper
OFFLOAD_TARGET_NAMES=nvptx-none
OFFLOAD_TARGET_DEFAULT=1
Target: x86_64-linux-gnu
Configured with: ../src/configure -v --with-pkgversion='Debian 7.3.0-17' --with-bugurl=file:///usr/share/doc/gcc-7/README.Bugs --enable-languages=c,ada,c++,go,brig,d,fortran,objc,obj-c++ --prefix=/usr --with-gcc-major-version-only --with-as=/usr/bin/x86_64-linux-gnu-as --with-ld=/usr/bin/x86_64-linux-gnu-ld --program-suffix=-7 --program-prefix=x86_64-linux-gnu- --enable-shared --enable-linker-build-id --libexecdir=/usr/lib --without-included-gettext --enable-threads=posix --libdir=/usr/lib --enable-nls --with-sysroot=/ --enable-clocale=gnu --enable-libstdcxx-debug --enable-libstdcxx-time=yes --with-default-libstdcxx-abi=new --enable-gnu-unique-object --disable-vtable-verify --enable-libmpx --enable-plugin --enable-default-pie --with-system-zlib --with-target-system-zlib --enable-objc-gc=auto --enable-multiarch --disable-werror --with-arch-32=i686 --with-abi=m64 --with-multilib-list=m32,m64,mx32 --enable-multilib --with-tune=generic --enable-offload-targets=nvptx-none --without-cuda-driver --enable-checking=release --build=x86_64-linux-gnu --host=x86_64-linux-gnu --target=x86_64-linux-gnu
Thread model: posix
gcc version 7.3.0 (Debian 7.3.0-17) 
COMPILER_PATH=/usr/lib/gcc/x86_64-linux-gnu/7/:/usr/lib/gcc/x86_64-linux-gnu/7/:/usr/lib/gcc/x86_64-linux-gnu/:/usr/lib/gcc/x86_64-linux-gnu/7/:/usr/lib/gcc/x86_64-linux-gnu/
LIBRARY_PATH=/usr/lib/gcc/x86_64-linux-gnu/7/:/usr/lib/gcc/x86_64-linux-gnu/7/../../../x86_64-linux-gnu/:/usr/lib/gcc/x86_64-linux-gnu/7/../../../../lib/:/lib/x86_64-linux-gnu/:/lib/../lib/:/usr/lib/x86_64-linux-gnu/:/usr/lib/../lib/:/usr/lib/gcc/x86_64-linux-gnu/7/../../../:/lib/:/usr/lib/
COLLECT_GCC_OPTIONS='-march=westmere' '-mtune=haswell' '-O2' '-pipe' '-I' '/home/user/-f2fs/oe/build.OE-Generic.x86_64-9.0-devel/toolchain/include' '-Wno-format-security' '-D' 'PIC' '-L/home/user/-f2fs/oe/build.OE-Generic.x86_64-9.0-devel/toolchain/lib' '-s' '-fPIC' '-v' '-rdynamic' '-o' 'cmTC_72d11'
 /usr/lib/gcc/x86_64-linux-gnu/7/collect2 -plugin /usr/lib/gcc/x86_64-linux-gnu/7/liblto_plugin.so -plugin-opt=/usr/lib/gcc/x86_64-linux-gnu/7/lto-wrapper -plugin-opt=-fresolution=/tmp/ccvoZSKM.res -plugin-opt=-pass-through=-lgcc -plugin-opt=-pass-through=-lgcc_s -plugin-opt=-pass-through=-lc -plugin-opt=-pass-through=-lgcc -plugin-opt=-pass-through=-lgcc_s --sysroot=/ --build-id --eh-frame-hdr -m elf_x86_64 --hash-style=gnu -export-dynamic -dynamic-linker /lib64/ld-linux-x86-64.so.2 -pie -o cmTC_72d11 -s /usr/lib/gcc/x86_64-linux-gnu/7/../../../x86_64-linux-gnu/Scrt1.o /usr/lib/gcc/x86_64-linux-gnu/7/../../../x86_64-linux-gnu/crti.o /usr/lib/gcc/x86_64-linux-gnu/7/crtbeginS.o -L/home/user/-f2fs/oe/build.OE-Generic.x86_64-9.0-devel/toolchain/lib -L/usr/lib/gcc/x86_64-linux-gnu/7 -L/usr/lib/gcc/x86_64-linux-gnu/7/../../../x86_64-linux-gnu -L/usr/lib/gcc/x86_64-linux-gnu/7/../../../../lib -L/lib/x86_64-linux-gnu -L/lib/../lib -L/usr/lib/x86_64-linux-gnu -L/usr/lib/../lib -L/usr/lib/gcc/x86_64-linux-gnu/7/../../.. -rpath /home/user/-f2fs/oe/build.OE-Generic.x86_64-9.0-devel/toolchain/lib CMakeFiles/cmTC_72d11.dir/CMakeCCompilerABI.c.o -lgcc --push-state --as-needed -lgcc_s --pop-state -lc -lgcc --push-state --as-needed -lgcc_s --pop-state /usr/lib/gcc/x86_64-linux-gnu/7/crtendS.o /usr/lib/gcc/x86_64-linux-gnu/7/../../../x86_64-linux-gnu/crtn.o
COLLECT_GCC_OPTIONS='-march=westmere' '-mtune=haswell' '-O2' '-pipe' '-I' '/home/user/-f2fs/oe/build.OE-Generic.x86_64-9.0-devel/toolchain/include' '-Wno-format-security' '-D' 'PIC' '-L/home/user/-f2fs/oe/build.OE-Generic.x86_64-9.0-devel/toolchain/lib' '-s' '-fPIC' '-v' '-rdynamic' '-o' 'cmTC_72d11'
gmake[1]: Leaving directory '/home/user/-f2fs/oe/build.OE-Generic.x86_64-9.0-devel/zlib-e0062a7/.x86_64-linux-gnu/CMakeFiles/CMakeTmp'


Parsed C implicit link information from above output:
  link line regex: [^( *|.*[/\])(CMAKE_LINKER-NOTFOUND|CMAKE_LINK_STARTFILE-NOTFOUND|([^/\]+-)?ld|collect2)[^/\]*( |$)]
  ignore line: [Change Dir: /home/user/-f2fs/oe/build.OE-Generic.x86_64-9.0-devel/zlib-e0062a7/.x86_64-linux-gnu/CMakeFiles/CMakeTmp]
  ignore line: []
  ignore line: [Run Build Command:"/home/user/-f2fs/oe/build.OE-Generic.x86_64-9.0-devel/toolchain/bin/gmake" "cmTC_72d11/fast"]
  ignore line: [/home/user/-f2fs/oe/build.OE-Generic.x86_64-9.0-devel/toolchain/bin/gmake -f CMakeFiles/cmTC_72d11.dir/build.make CMakeFiles/cmTC_72d11.dir/build]
  ignore line: [gmake[1]: Entering directory '/home/user/-f2fs/oe/build.OE-Generic.x86_64-9.0-devel/zlib-e0062a7/.x86_64-linux-gnu/CMakeFiles/CMakeTmp']
  ignore line: [Building C object CMakeFiles/cmTC_72d11.dir/CMakeCCompilerABI.c.o]
  ignore line: [/home/user/-f2fs/oe/build.OE-Generic.x86_64-9.0-devel/toolchain/bin/host-gcc   -march=westmere -mtune=haswell -O2 -pipe -I/home/user/-f2fs/oe/build.OE-Generic.x86_64-9.0-devel/toolchain/include -Wno-format-security -fPIC -DPIC    -o CMakeFiles/cmTC_72d11.dir/CMakeCCompilerABI.c.o   -c /usr/share/cmake-3.11/Modules/CMakeCCompilerABI.c]
  ignore line: [Linking C executable cmTC_72d11]
  ignore line: [/usr/bin/cmake -E cmake_link_script CMakeFiles/cmTC_72d11.dir/link.txt --verbose=1]
  ignore line: [/home/user/-f2fs/oe/build.OE-Generic.x86_64-9.0-devel/toolchain/bin/host-gcc -march=westmere -mtune=haswell -O2 -pipe -I/home/user/-f2fs/oe/build.OE-Generic.x86_64-9.0-devel/toolchain/include -Wno-format-security -fPIC -DPIC   -Wl,-rpath,/home/user/-f2fs/oe/build.OE-Generic.x86_64-9.0-devel/toolchain/lib -L/home/user/-f2fs/oe/build.OE-Generic.x86_64-9.0-devel/toolchain/lib -s -fPIC -v -rdynamic CMakeFiles/cmTC_72d11.dir/CMakeCCompilerABI.c.o  -o cmTC_72d11 ]
  ignore line: [Using built-in specs.]
  ignore line: [COLLECT_GCC=/usr/bin/gcc]
  ignore line: [COLLECT_LTO_WRAPPER=/usr/lib/gcc/x86_64-linux-gnu/7/lto-wrapper]
  ignore line: [OFFLOAD_TARGET_NAMES=nvptx-none]
  ignore line: [OFFLOAD_TARGET_DEFAULT=1]
  ignore line: [Target: x86_64-linux-gnu]
  ignore line: [Configured with: ../src/configure -v --with-pkgversion='Debian 7.3.0-17' --with-bugurl=file:///usr/share/doc/gcc-7/README.Bugs --enable-languages=c,ada,c++,go,brig,d,fortran,objc,obj-c++ --prefix=/usr --with-gcc-major-version-only --with-as=/usr/bin/x86_64-linux-gnu-as --with-ld=/usr/bin/x86_64-linux-gnu-ld --program-suffix=-7 --program-prefix=x86_64-linux-gnu- --enable-shared --enable-linker-build-id --libexecdir=/usr/lib --without-included-gettext --enable-threads=posix --libdir=/usr/lib --enable-nls --with-sysroot=/ --enable-clocale=gnu --enable-libstdcxx-debug --enable-libstdcxx-time=yes --with-default-libstdcxx-abi=new --enable-gnu-unique-object --disable-vtable-verify --enable-libmpx --enable-plugin --enable-default-pie --with-system-zlib --with-target-system-zlib --enable-objc-gc=auto --enable-multiarch --disable-werror --with-arch-32=i686 --with-abi=m64 --with-multilib-list=m32,m64,mx32 --enable-multilib --with-tune=generic --enable-offload-targets=nvptx-none --without-cuda-driver --enable-checking=release --build=x86_64-linux-gnu --host=x86_64-linux-gnu --target=x86_64-linux-gnu]
  ignore line: [Thread model: posix]
  ignore line: [gcc version 7.3.0 (Debian 7.3.0-17) ]
  ignore line: [COMPILER_PATH=/usr/lib/gcc/x86_64-linux-gnu/7/:/usr/lib/gcc/x86_64-linux-gnu/7/:/usr/lib/gcc/x86_64-linux-gnu/:/usr/lib/gcc/x86_64-linux-gnu/7/:/usr/lib/gcc/x86_64-linux-gnu/]
  ignore line: [LIBRARY_PATH=/usr/lib/gcc/x86_64-linux-gnu/7/:/usr/lib/gcc/x86_64-linux-gnu/7/../../../x86_64-linux-gnu/:/usr/lib/gcc/x86_64-linux-gnu/7/../../../../lib/:/lib/x86_64-linux-gnu/:/lib/../lib/:/usr/lib/x86_64-linux-gnu/:/usr/lib/../lib/:/usr/lib/gcc/x86_64-linux-gnu/7/../../../:/lib/:/usr/lib/]
  ignore line: [COLLECT_GCC_OPTIONS='-march=westmere' '-mtune=haswell' '-O2' '-pipe' '-I' '/home/user/-f2fs/oe/build.OE-Generic.x86_64-9.0-devel/toolchain/include' '-Wno-format-security' '-D' 'PIC' '-L/home/user/-f2fs/oe/build.OE-Generic.x86_64-9.0-devel/toolchain/lib' '-s' '-fPIC' '-v' '-rdynamic' '-o' 'cmTC_72d11']
  link line: [ /usr/lib/gcc/x86_64-linux-gnu/7/collect2 -plugin /usr/lib/gcc/x86_64-linux-gnu/7/liblto_plugin.so -plugin-opt=/usr/lib/gcc/x86_64-linux-gnu/7/lto-wrapper -plugin-opt=-fresolution=/tmp/ccvoZSKM.res -plugin-opt=-pass-through=-lgcc -plugin-opt=-pass-through=-lgcc_s -plugin-opt=-pass-through=-lc -plugin-opt=-pass-through=-lgcc -plugin-opt=-pass-through=-lgcc_s --sysroot=/ --build-id --eh-frame-hdr -m elf_x86_64 --hash-style=gnu -export-dynamic -dynamic-linker /lib64/ld-linux-x86-64.so.2 -pie -o cmTC_72d11 -s /usr/lib/gcc/x86_64-linux-gnu/7/../../../x86_64-linux-gnu/Scrt1.o /usr/lib/gcc/x86_64-linux-gnu/7/../../../x86_64-linux-gnu/crti.o /usr/lib/gcc/x86_64-linux-gnu/7/crtbeginS.o -L/home/user/-f2fs/oe/build.OE-Generic.x86_64-9.0-devel/toolchain/lib -L/usr/lib/gcc/x86_64-linux-gnu/7 -L/usr/lib/gcc/x86_64-linux-gnu/7/../../../x86_64-linux-gnu -L/usr/lib/gcc/x86_64-linux-gnu/7/../../../../lib -L/lib/x86_64-linux-gnu -L/lib/../lib -L/usr/lib/x86_64-linux-gnu -L/usr/lib/../lib -L/usr/lib/gcc/x86_64-linux-gnu/7/../../.. -rpath /home/user/-f2fs/oe/build.OE-Generic.x86_64-9.0-devel/toolchain/lib CMakeFiles/cmTC_72d11.dir/CMakeCCompilerABI.c.o -lgcc --push-state --as-needed -lgcc_s --pop-state -lc -lgcc --push-state --as-needed -lgcc_s --pop-state /usr/lib/gcc/x86_64-linux-gnu/7/crtendS.o /usr/lib/gcc/x86_64-linux-gnu/7/../../../x86_64-linux-gnu/crtn.o]
    arg [/usr/lib/gcc/x86_64-linux-gnu/7/collect2] ==> ignore
    arg [-plugin] ==> ignore
    arg [/usr/lib/gcc/x86_64-linux-gnu/7/liblto_plugin.so] ==> ignore
    arg [-plugin-opt=/usr/lib/gcc/x86_64-linux-gnu/7/lto-wrapper] ==> ignore
    arg [-plugin-opt=-fresolution=/tmp/ccvoZSKM.res] ==> ignore
    arg [-plugin-opt=-pass-through=-lgcc] ==> ignore
    arg [-plugin-opt=-pass-through=-lgcc_s] ==> ignore
    arg [-plugin-opt=-pass-through=-lc] ==> ignore
    arg [-plugin-opt=-pass-through=-lgcc] ==> ignore
    arg [-plugin-opt=-pass-through=-lgcc_s] ==> ignore
    arg [--sysroot=/] ==> ignore
    arg [--build-id] ==> ignore
    arg [--eh-frame-hdr] ==> ignore
    arg [-m] ==> ignore
    arg [elf_x86_64] ==> ignore
    arg [--hash-style=gnu] ==> ignore
    arg [-export-dynamic] ==> ignore
    arg [-dynamic-linker] ==> ignore
    arg [/lib64/ld-linux-x86-64.so.2] ==> ignore
    arg [-pie] ==> ignore
    arg [-o] ==> ignore
    arg [cmTC_72d11] ==> ignore
    arg [-s] ==> ignore
    arg [/usr/lib/gcc/x86_64-linux-gnu/7/../../../x86_64-linux-gnu/Scrt1.o] ==> ignore
    arg [/usr/lib/gcc/x86_64-linux-gnu/7/../../../x86_64-linux-gnu/crti.o] ==> ignore
    arg [/usr/lib/gcc/x86_64-linux-gnu/7/crtbeginS.o] ==> ignore
    arg [-L/home/user/-f2fs/oe/build.OE-Generic.x86_64-9.0-devel/toolchain/lib] ==> dir [/home/user/-f2fs/oe/build.OE-Generic.x86_64-9.0-devel/toolchain/lib]
    arg [-L/usr/lib/gcc/x86_64-linux-gnu/7] ==> dir [/usr/lib/gcc/x86_64-linux-gnu/7]
    arg [-L/usr/lib/gcc/x86_64-linux-gnu/7/../../../x86_64-linux-gnu] ==> dir [/usr/lib/gcc/x86_64-linux-gnu/7/../../../x86_64-linux-gnu]
    arg [-L/usr/lib/gcc/x86_64-linux-gnu/7/../../../../lib] ==> dir [/usr/lib/gcc/x86_64-linux-gnu/7/../../../../lib]
    arg [-L/lib/x86_64-linux-gnu] ==> dir [/lib/x86_64-linux-gnu]
    arg [-L/lib/../lib] ==> dir [/lib/../lib]
    arg [-L/usr/lib/x86_64-linux-gnu] ==> dir [/usr/lib/x86_64-linux-gnu]
    arg [-L/usr/lib/../lib] ==> dir [/usr/lib/../lib]
    arg [-L/usr/lib/gcc/x86_64-linux-gnu/7/../../..] ==> dir [/usr/lib/gcc/x86_64-linux-gnu/7/../../..]
    arg [-rpath] ==> ignore
    arg [/home/user/-f2fs/oe/build.OE-Generic.x86_64-9.0-devel/toolchain/lib] ==> ignore
    arg [CMakeFiles/cmTC_72d11.dir/CMakeCCompilerABI.c.o] ==> ignore
    arg [-lgcc] ==> lib [gcc]
    arg [--push-state] ==> ignore
    arg [--as-needed] ==> ignore
    arg [-lgcc_s] ==> lib [gcc_s]
    arg [--pop-state] ==> ignore
    arg [-lc] ==> lib [c]
    arg [-lgcc] ==> lib [gcc]
    arg [--push-state] ==> ignore
    arg [--as-needed] ==> ignore
    arg [-lgcc_s] ==> lib [gcc_s]
    arg [--pop-state] ==> ignore
    arg [/usr/lib/gcc/x86_64-linux-gnu/7/crtendS.o] ==> ignore
    arg [/usr/lib/gcc/x86_64-linux-gnu/7/../../../x86_64-linux-gnu/crtn.o] ==> ignore
  collapse library dir [/home/user/-f2fs/oe/build.OE-Generic.x86_64-9.0-devel/toolchain/lib] ==> [/home/user/-f2fs/oe/build.OE-Generic.x86_64-9.0-devel/toolchain/lib]
  collapse library dir [/usr/lib/gcc/x86_64-linux-gnu/7] ==> [/usr/lib/gcc/x86_64-linux-gnu/7]
  collapse library dir [/usr/lib/gcc/x86_64-linux-gnu/7/../../../x86_64-linux-gnu] ==> [/usr/lib/x86_64-linux-gnu]
  collapse library dir [/usr/lib/gcc/x86_64-linux-gnu/7/../../../../lib] ==> [/usr/lib]
  collapse library dir [/lib/x86_64-linux-gnu] ==> [/lib/x86_64-linux-gnu]
  collapse library dir [/lib/../lib] ==> [/lib]
  collapse library dir [/usr/lib/x86_64-linux-gnu] ==> [/usr/lib/x86_64-linux-gnu]
  collapse library dir [/usr/lib/../lib] ==> [/usr/lib]
  collapse library dir [/usr/lib/gcc/x86_64-linux-gnu/7/../../..] ==> [/usr/lib]
  implicit libs: [gcc;gcc_s;c;gcc;gcc_s]
  implicit dirs: [/home/user/-f2fs/oe/build.OE-Generic.x86_64-9.0-devel/toolchain/lib;/usr/lib/gcc/x86_64-linux-gnu/7;/usr/lib/x86_64-linux-gnu;/usr/lib;/lib/x86_64-linux-gnu;/lib]
  implicit fwks: []




Detecting C [-std=c11] compiler features compiled with the following output:
Change Dir: /home/user/-f2fs/oe/build.OE-Generic.x86_64-9.0-devel/zlib-e0062a7/.x86_64-linux-gnu/CMakeFiles/CMakeTmp

Run Build Command:"/home/user/-f2fs/oe/build.OE-Generic.x86_64-9.0-devel/toolchain/bin/gmake" "cmTC_55606/fast"
/home/user/-f2fs/oe/build.OE-Generic.x86_64-9.0-devel/toolchain/bin/gmake -f CMakeFiles/cmTC_55606.dir/build.make CMakeFiles/cmTC_55606.dir/build
gmake[1]: Entering directory '/home/user/-f2fs/oe/build.OE-Generic.x86_64-9.0-devel/zlib-e0062a7/.x86_64-linux-gnu/CMakeFiles/CMakeTmp'
Building C object CMakeFiles/cmTC_55606.dir/feature_tests.c.o
/home/user/-f2fs/oe/build.OE-Generic.x86_64-9.0-devel/toolchain/bin/host-gcc   -march=westmere -mtune=haswell -O2 -pipe -I/home/user/-f2fs/oe/build.OE-Generic.x86_64-9.0-devel/toolchain/include -Wno-format-security -fPIC -DPIC    -std=c11 -o CMakeFiles/cmTC_55606.dir/feature_tests.c.o   -c /home/user/-f2fs/oe/build.OE-Generic.x86_64-9.0-devel/zlib-e0062a7/.x86_64-linux-gnu/CMakeFiles/feature_tests.c
Linking C executable cmTC_55606
/usr/bin/cmake -E cmake_link_script CMakeFiles/cmTC_55606.dir/link.txt --verbose=1
/home/user/-f2fs/oe/build.OE-Generic.x86_64-9.0-devel/toolchain/bin/host-gcc -march=westmere -mtune=haswell -O2 -pipe -I/home/user/-f2fs/oe/build.OE-Generic.x86_64-9.0-devel/toolchain/include -Wno-format-security -fPIC -DPIC   -Wl,-rpath,/home/user/-f2fs/oe/build.OE-Generic.x86_64-9.0-devel/toolchain/lib -L/home/user/-f2fs/oe/build.OE-Generic.x86_64-9.0-devel/toolchain/lib -s -fPIC  -rdynamic CMakeFiles/cmTC_55606.dir/feature_tests.c.o  -o cmTC_55606 
gmake[1]: Leaving directory '/home/user/-f2fs/oe/build.OE-Generic.x86_64-9.0-devel/zlib-e0062a7/.x86_64-linux-gnu/CMakeFiles/CMakeTmp'


    Feature record: C_FEATURE:1c_function_prototypes
    Feature record: C_FEATURE:1c_restrict
    Feature record: C_FEATURE:1c_static_assert
    Feature record: C_FEATURE:1c_variadic_macros


Detecting C [-std=c99] compiler features compiled with the following output:
Change Dir: /home/user/-f2fs/oe/build.OE-Generic.x86_64-9.0-devel/zlib-e0062a7/.x86_64-linux-gnu/CMakeFiles/CMakeTmp

Run Build Command:"/home/user/-f2fs/oe/build.OE-Generic.x86_64-9.0-devel/toolchain/bin/gmake" "cmTC_86736/fast"
/home/user/-f2fs/oe/build.OE-Generic.x86_64-9.0-devel/toolchain/bin/gmake -f CMakeFiles/cmTC_86736.dir/build.make CMakeFiles/cmTC_86736.dir/build
gmake[1]: Entering directory '/home/user/-f2fs/oe/build.OE-Generic.x86_64-9.0-devel/zlib-e0062a7/.x86_64-linux-gnu/CMakeFiles/CMakeTmp'
Building C object CMakeFiles/cmTC_86736.dir/feature_tests.c.o
/home/user/-f2fs/oe/build.OE-Generic.x86_64-9.0-devel/toolchain/bin/host-gcc   -march=westmere -mtune=haswell -O2 -pipe -I/home/user/-f2fs/oe/build.OE-Generic.x86_64-9.0-devel/toolchain/include -Wno-format-security -fPIC -DPIC    -std=c99 -o CMakeFiles/cmTC_86736.dir/feature_tests.c.o   -c /home/user/-f2fs/oe/build.OE-Generic.x86_64-9.0-devel/zlib-e0062a7/.x86_64-linux-gnu/CMakeFiles/feature_tests.c
Linking C executable cmTC_86736
/usr/bin/cmake -E cmake_link_script CMakeFiles/cmTC_86736.dir/link.txt --verbose=1
/home/user/-f2fs/oe/build.OE-Generic.x86_64-9.0-devel/toolchain/bin/host-gcc -march=westmere -mtune=haswell -O2 -pipe -I/home/user/-f2fs/oe/build.OE-Generic.x86_64-9.0-devel/toolchain/include -Wno-format-security -fPIC -DPIC   -Wl,-rpath,/home/user/-f2fs/oe/build.OE-Generic.x86_64-9.0-devel/toolchain/lib -L/home/user/-f2fs/oe/build.OE-Generic.x86_64-9.0-devel/toolchain/lib -s -fPIC  -rdynamic CMakeFiles/cmTC_86736.dir/feature_tests.c.o  -o cmTC_86736 
gmake[1]: Leaving directory '/home/user/-f2fs/oe/build.OE-Generic.x86_64-9.0-devel/zlib-e0062a7/.x86_64-linux-gnu/CMakeFiles/CMakeTmp'


    Feature record: C_FEATURE:1c_function_prototypes
    Feature record: C_FEATURE:1c_restrict
    Feature record: C_FEATURE:0c_static_assert
    Feature record: C_FEATURE:1c_variadic_macros


Detecting C [-std=c90] compiler features compiled with the following output:
Change Dir: /home/user/-f2fs/oe/build.OE-Generic.x86_64-9.0-devel/zlib-e0062a7/.x86_64-linux-gnu/CMakeFiles/CMakeTmp

Run Build Command:"/home/user/-f2fs/oe/build.OE-Generic.x86_64-9.0-devel/toolchain/bin/gmake" "cmTC_42ab2/fast"
/home/user/-f2fs/oe/build.OE-Generic.x86_64-9.0-devel/toolchain/bin/gmake -f CMakeFiles/cmTC_42ab2.dir/build.make CMakeFiles/cmTC_42ab2.dir/build
gmake[1]: Entering directory '/home/user/-f2fs/oe/build.OE-Generic.x86_64-9.0-devel/zlib-e0062a7/.x86_64-linux-gnu/CMakeFiles/CMakeTmp'
Building C object CMakeFiles/cmTC_42ab2.dir/feature_tests.c.o
/home/user/-f2fs/oe/build.OE-Generic.x86_64-9.0-devel/toolchain/bin/host-gcc   -march=westmere -mtune=haswell -O2 -pipe -I/home/user/-f2fs/oe/build.OE-Generic.x86_64-9.0-devel/toolchain/include -Wno-format-security -fPIC -DPIC    -std=c90 -o CMakeFiles/cmTC_42ab2.dir/feature_tests.c.o   -c /home/user/-f2fs/oe/build.OE-Generic.x86_64-9.0-devel/zlib-e0062a7/.x86_64-linux-gnu/CMakeFiles/feature_tests.c
Linking C executable cmTC_42ab2
/usr/bin/cmake -E cmake_link_script CMakeFiles/cmTC_42ab2.dir/link.txt --verbose=1
/home/user/-f2fs/oe/build.OE-Generic.x86_64-9.0-devel/toolchain/bin/host-gcc -march=westmere -mtune=haswell -O2 -pipe -I/home/user/-f2fs/oe/build.OE-Generic.x86_64-9.0-devel/toolchain/include -Wno-format-security -fPIC -DPIC   -Wl,-rpath,/home/user/-f2fs/oe/build.OE-Generic.x86_64-9.0-devel/toolchain/lib -L/home/user/-f2fs/oe/build.OE-Generic.x86_64-9.0-devel/toolchain/lib -s -fPIC  -rdynamic CMakeFiles/cmTC_42ab2.dir/feature_tests.c.o  -o cmTC_42ab2 
gmake[1]: Leaving directory '/home/user/-f2fs/oe/build.OE-Generic.x86_64-9.0-devel/zlib-e0062a7/.x86_64-linux-gnu/CMakeFiles/CMakeTmp'


    Feature record: C_FEATURE:1c_function_prototypes
    Feature record: C_FEATURE:0c_restrict
    Feature record: C_FEATURE:0c_static_assert
    Feature record: C_FEATURE:0c_variadic_macros
Determining if the include file sys/types.h exists passed with the following output:
Change Dir: /home/user/-f2fs/oe/build.OE-Generic.x86_64-9.0-devel/zlib-e0062a7/.x86_64-linux-gnu/CMakeFiles/CMakeTmp

Run Build Command:"/home/user/-f2fs/oe/build.OE-Generic.x86_64-9.0-devel/toolchain/bin/gmake" "cmTC_7d153/fast"
/home/user/-f2fs/oe/build.OE-Generic.x86_64-9.0-devel/toolchain/bin/gmake -f CMakeFiles/cmTC_7d153.dir/build.make CMakeFiles/cmTC_7d153.dir/build
gmake[1]: Entering directory '/home/user/-f2fs/oe/build.OE-Generic.x86_64-9.0-devel/zlib-e0062a7/.x86_64-linux-gnu/CMakeFiles/CMakeTmp'
Building C object CMakeFiles/cmTC_7d153.dir/CheckIncludeFile.c.o
/home/user/-f2fs/oe/build.OE-Generic.x86_64-9.0-devel/toolchain/bin/host-gcc   -march=westmere -mtune=haswell -O2 -pipe -I/home/user/-f2fs/oe/build.OE-Generic.x86_64-9.0-devel/toolchain/include -Wno-format-security -fPIC -DPIC    -o CMakeFiles/cmTC_7d153.dir/CheckIncludeFile.c.o   -c /home/user/-f2fs/oe/build.OE-Generic.x86_64-9.0-devel/zlib-e0062a7/.x86_64-linux-gnu/CMakeFiles/CMakeTmp/CheckIncludeFile.c
Linking C executable cmTC_7d153
/usr/bin/cmake -E cmake_link_script CMakeFiles/cmTC_7d153.dir/link.txt --verbose=1
/home/user/-f2fs/oe/build.OE-Generic.x86_64-9.0-devel/toolchain/bin/host-gcc -march=westmere -mtune=haswell -O2 -pipe -I/home/user/-f2fs/oe/build.OE-Generic.x86_64-9.0-devel/toolchain/include -Wno-format-security -fPIC -DPIC   -Wl,-rpath,/home/user/-f2fs/oe/build.OE-Generic.x86_64-9.0-devel/toolchain/lib -L/home/user/-f2fs/oe/build.OE-Generic.x86_64-9.0-devel/toolchain/lib -s -fPIC  -rdynamic CMakeFiles/cmTC_7d153.dir/CheckIncludeFile.c.o  -o cmTC_7d153 
gmake[1]: Leaving directory '/home/user/-f2fs/oe/build.OE-Generic.x86_64-9.0-devel/zlib-e0062a7/.x86_64-linux-gnu/CMakeFiles/CMakeTmp'


Determining if the include file stdint.h exists passed with the following output:
Change Dir: /home/user/-f2fs/oe/build.OE-Generic.x86_64-9.0-devel/zlib-e0062a7/.x86_64-linux-gnu/CMakeFiles/CMakeTmp

Run Build Command:"/home/user/-f2fs/oe/build.OE-Generic.x86_64-9.0-devel/toolchain/bin/gmake" "cmTC_27193/fast"
/home/user/-f2fs/oe/build.OE-Generic.x86_64-9.0-devel/toolchain/bin/gmake -f CMakeFiles/cmTC_27193.dir/build.make CMakeFiles/cmTC_27193.dir/build
gmake[1]: Entering directory '/home/user/-f2fs/oe/build.OE-Generic.x86_64-9.0-devel/zlib-e0062a7/.x86_64-linux-gnu/CMakeFiles/CMakeTmp'
Building C object CMakeFiles/cmTC_27193.dir/CheckIncludeFile.c.o
/home/user/-f2fs/oe/build.OE-Generic.x86_64-9.0-devel/toolchain/bin/host-gcc   -march=westmere -mtune=haswell -O2 -pipe -I/home/user/-f2fs/oe/build.OE-Generic.x86_64-9.0-devel/toolchain/include -Wno-format-security -fPIC -DPIC    -o CMakeFiles/cmTC_27193.dir/CheckIncludeFile.c.o   -c /home/user/-f2fs/oe/build.OE-Generic.x86_64-9.0-devel/zlib-e0062a7/.x86_64-linux-gnu/CMakeFiles/CMakeTmp/CheckIncludeFile.c
Linking C executable cmTC_27193
/usr/bin/cmake -E cmake_link_script CMakeFiles/cmTC_27193.dir/link.txt --verbose=1
/home/user/-f2fs/oe/build.OE-Generic.x86_64-9.0-devel/toolchain/bin/host-gcc -march=westmere -mtune=haswell -O2 -pipe -I/home/user/-f2fs/oe/build.OE-Generic.x86_64-9.0-devel/toolchain/include -Wno-format-security -fPIC -DPIC   -Wl,-rpath,/home/user/-f2fs/oe/build.OE-Generic.x86_64-9.0-devel/toolchain/lib -L/home/user/-f2fs/oe/build.OE-Generic.x86_64-9.0-devel/toolchain/lib -s -fPIC  -rdynamic CMakeFiles/cmTC_27193.dir/CheckIncludeFile.c.o  -o cmTC_27193 
gmake[1]: Leaving directory '/home/user/-f2fs/oe/build.OE-Generic.x86_64-9.0-devel/zlib-e0062a7/.x86_64-linux-gnu/CMakeFiles/CMakeTmp'


Determining if the include file stddef.h exists passed with the following output:
Change Dir: /home/user/-f2fs/oe/build.OE-Generic.x86_64-9.0-devel/zlib-e0062a7/.x86_64-linux-gnu/CMakeFiles/CMakeTmp

Run Build Command:"/home/user/-f2fs/oe/build.OE-Generic.x86_64-9.0-devel/toolchain/bin/gmake" "cmTC_1ed20/fast"
/home/user/-f2fs/oe/build.OE-Generic.x86_64-9.0-devel/toolchain/bin/gmake -f CMakeFiles/cmTC_1ed20.dir/build.make CMakeFiles/cmTC_1ed20.dir/build
gmake[1]: Entering directory '/home/user/-f2fs/oe/build.OE-Generic.x86_64-9.0-devel/zlib-e0062a7/.x86_64-linux-gnu/CMakeFiles/CMakeTmp'
Building C object CMakeFiles/cmTC_1ed20.dir/CheckIncludeFile.c.o
/home/user/-f2fs/oe/build.OE-Generic.x86_64-9.0-devel/toolchain/bin/host-gcc   -march=westmere -mtune=haswell -O2 -pipe -I/home/user/-f2fs/oe/build.OE-Generic.x86_64-9.0-devel/toolchain/include -Wno-format-security -fPIC -DPIC    -o CMakeFiles/cmTC_1ed20.dir/CheckIncludeFile.c.o   -c /home/user/-f2fs/oe/build.OE-Generic.x86_64-9.0-devel/zlib-e0062a7/.x86_64-linux-gnu/CMakeFiles/CMakeTmp/CheckIncludeFile.c
Linking C executable cmTC_1ed20
/usr/bin/cmake -E cmake_link_script CMakeFiles/cmTC_1ed20.dir/link.txt --verbose=1
/home/user/-f2fs/oe/build.OE-Generic.x86_64-9.0-devel/toolchain/bin/host-gcc -march=westmere -mtune=haswell -O2 -pipe -I/home/user/-f2fs/oe/build.OE-Generic.x86_64-9.0-devel/toolchain/include -Wno-format-security -fPIC -DPIC   -Wl,-rpath,/home/user/-f2fs/oe/build.OE-Generic.x86_64-9.0-devel/toolchain/lib -L/home/user/-f2fs/oe/build.OE-Generic.x86_64-9.0-devel/toolchain/lib -s -fPIC  -rdynamic CMakeFiles/cmTC_1ed20.dir/CheckIncludeFile.c.o  -o cmTC_1ed20 
gmake[1]: Leaving directory '/home/user/-f2fs/oe/build.OE-Generic.x86_64-9.0-devel/zlib-e0062a7/.x86_64-linux-gnu/CMakeFiles/CMakeTmp'


Determining size of off64_t passed with the following output:
Change Dir: /home/user/-f2fs/oe/build.OE-Generic.x86_64-9.0-devel/zlib-e0062a7/.x86_64-linux-gnu/CMakeFiles/CMakeTmp

Run Build Command:"/home/user/-f2fs/oe/build.OE-Generic.x86_64-9.0-devel/toolchain/bin/gmake" "cmTC_f3cc3/fast"
/home/user/-f2fs/oe/build.OE-Generic.x86_64-9.0-devel/toolchain/bin/gmake -f CMakeFiles/cmTC_f3cc3.dir/build.make CMakeFiles/cmTC_f3cc3.dir/build
gmake[1]: Entering directory '/home/user/-f2fs/oe/build.OE-Generic.x86_64-9.0-devel/zlib-e0062a7/.x86_64-linux-gnu/CMakeFiles/CMakeTmp'
Building C object CMakeFiles/cmTC_f3cc3.dir/OFF64_T.c.o
/home/user/-f2fs/oe/build.OE-Generic.x86_64-9.0-devel/toolchain/bin/host-gcc -DHAVE_STDDEF_H -DHAVE_STDINT_H -DHAVE_SYS_TYPES_H -D_LARGEFILE64_SOURCE=1  -march=westmere -mtune=haswell -O2 -pipe -I/home/user/-f2fs/oe/build.OE-Generic.x86_64-9.0-devel/toolchain/include -Wno-format-security -fPIC -DPIC    -o CMakeFiles/cmTC_f3cc3.dir/OFF64_T.c.o   -c /home/user/-f2fs/oe/build.OE-Generic.x86_64-9.0-devel/zlib-e0062a7/.x86_64-linux-gnu/CMakeFiles/CheckTypeSize/OFF64_T.c
Linking C executable cmTC_f3cc3
/usr/bin/cmake -E cmake_link_script CMakeFiles/cmTC_f3cc3.dir/link.txt --verbose=1
/home/user/-f2fs/oe/build.OE-Generic.x86_64-9.0-devel/toolchain/bin/host-gcc -march=westmere -mtune=haswell -O2 -pipe -I/home/user/-f2fs/oe/build.OE-Generic.x86_64-9.0-devel/toolchain/include -Wno-format-security -fPIC -DPIC   -Wl,-rpath,/home/user/-f2fs/oe/build.OE-Generic.x86_64-9.0-devel/toolchain/lib -L/home/user/-f2fs/oe/build.OE-Generic.x86_64-9.0-devel/toolchain/lib -s -fPIC  -rdynamic CMakeFiles/cmTC_f3cc3.dir/OFF64_T.c.o  -o cmTC_f3cc3 
gmake[1]: Leaving directory '/home/user/-f2fs/oe/build.OE-Generic.x86_64-9.0-devel/zlib-e0062a7/.x86_64-linux-gnu/CMakeFiles/CMakeTmp'


Determining if the function fseeko exists passed with the following output:
Change Dir: /home/user/-f2fs/oe/build.OE-Generic.x86_64-9.0-devel/zlib-e0062a7/.x86_64-linux-gnu/CMakeFiles/CMakeTmp

Run Build Command:"/home/user/-f2fs/oe/build.OE-Generic.x86_64-9.0-devel/toolchain/bin/gmake" "cmTC_b8c6e/fast"
/home/user/-f2fs/oe/build.OE-Generic.x86_64-9.0-devel/toolchain/bin/gmake -f CMakeFiles/cmTC_b8c6e.dir/build.make CMakeFiles/cmTC_b8c6e.dir/build
gmake[1]: Entering directory '/home/user/-f2fs/oe/build.OE-Generic.x86_64-9.0-devel/zlib-e0062a7/.x86_64-linux-gnu/CMakeFiles/CMakeTmp'
Building C object CMakeFiles/cmTC_b8c6e.dir/CheckFunctionExists.c.o
/home/user/-f2fs/oe/build.OE-Generic.x86_64-9.0-devel/toolchain/bin/host-gcc   -march=westmere -mtune=haswell -O2 -pipe -I/home/user/-f2fs/oe/build.OE-Generic.x86_64-9.0-devel/toolchain/include -Wno-format-security -fPIC -DPIC -DCHECK_FUNCTION_EXISTS=fseeko   -o CMakeFiles/cmTC_b8c6e.dir/CheckFunctionExists.c.o   -c /usr/share/cmake-3.11/Modules/CheckFunctionExists.c
Linking C executable cmTC_b8c6e
/usr/bin/cmake -E cmake_link_script CMakeFiles/cmTC_b8c6e.dir/link.txt --verbose=1
/home/user/-f2fs/oe/build.OE-Generic.x86_64-9.0-devel/toolchain/bin/host-gcc -march=westmere -mtune=haswell -O2 -pipe -I/home/user/-f2fs/oe/build.OE-Generic.x86_64-9.0-devel/toolchain/include -Wno-format-security -fPIC -DPIC -DCHECK_FUNCTION_EXISTS=fseeko  -Wl,-rpath,/home/user/-f2fs/oe/build.OE-Generic.x86_64-9.0-devel/toolchain/lib -L/home/user/-f2fs/oe/build.OE-Generic.x86_64-9.0-devel/toolchain/lib -s -fPIC  -rdynamic CMakeFiles/cmTC_b8c6e.dir/CheckFunctionExists.c.o  -o cmTC_b8c6e 
gmake[1]: Leaving directory '/home/user/-f2fs/oe/build.OE-Generic.x86_64-9.0-devel/zlib-e0062a7/.x86_64-linux-gnu/CMakeFiles/CMakeTmp'


Determining if the include file unistd.h exists passed with the following output:
Change Dir: /home/user/-f2fs/oe/build.OE-Generic.x86_64-9.0-devel/zlib-e0062a7/.x86_64-linux-gnu/CMakeFiles/CMakeTmp

Run Build Command:"/home/user/-f2fs/oe/build.OE-Generic.x86_64-9.0-devel/toolchain/bin/gmake" "cmTC_f19e2/fast"
/home/user/-f2fs/oe/build.OE-Generic.x86_64-9.0-devel/toolchain/bin/gmake -f CMakeFiles/cmTC_f19e2.dir/build.make CMakeFiles/cmTC_f19e2.dir/build
gmake[1]: Entering directory '/home/user/-f2fs/oe/build.OE-Generic.x86_64-9.0-devel/zlib-e0062a7/.x86_64-linux-gnu/CMakeFiles/CMakeTmp'
Building C object CMakeFiles/cmTC_f19e2.dir/CheckIncludeFile.c.o
/home/user/-f2fs/oe/build.OE-Generic.x86_64-9.0-devel/toolchain/bin/host-gcc   -march=westmere -mtune=haswell -O2 -pipe -I/home/user/-f2fs/oe/build.OE-Generic.x86_64-9.0-devel/toolchain/include -Wno-format-security -fPIC -DPIC    -o CMakeFiles/cmTC_f19e2.dir/CheckIncludeFile.c.o   -c /home/user/-f2fs/oe/build.OE-Generic.x86_64-9.0-devel/zlib-e0062a7/.x86_64-linux-gnu/CMakeFiles/CMakeTmp/CheckIncludeFile.c
Linking C executable cmTC_f19e2
/usr/bin/cmake -E cmake_link_script CMakeFiles/cmTC_f19e2.dir/link.txt --verbose=1
/home/user/-f2fs/oe/build.OE-Generic.x86_64-9.0-devel/toolchain/bin/host-gcc -march=westmere -mtune=haswell -O2 -pipe -I/home/user/-f2fs/oe/build.OE-Generic.x86_64-9.0-devel/toolchain/include -Wno-format-security -fPIC -DPIC   -Wl,-rpath,/home/user/-f2fs/oe/build.OE-Generic.x86_64-9.0-devel/toolchain/lib -L/home/user/-f2fs/oe/build.OE-Generic.x86_64-9.0-devel/toolchain/lib -s -fPIC  -rdynamic CMakeFiles/cmTC_f19e2.dir/CheckIncludeFile.c.o  -o cmTC_f19e2 
gmake[1]: Leaving directory '/home/user/-f2fs/oe/build.OE-Generic.x86_64-9.0-devel/zlib-e0062a7/.x86_64-linux-gnu/CMakeFiles/CMakeTmp'


