#
# Automagically generated file. Do not edit!
# (Version: 1.6 (2001/12/01 18:57:50) by cate)
#
CONFIG_PCI=y
CONFIG_NET=y
CONFIG_NETDEVICES=y
CONFIG_NET_ETHERNET=y
CONFIG_NET_PCI=y
CONFIG_VGA_CONSOLE=y
CONFIG_USB=y
CONFIG_I2C=y
CONFIG_AUTOFS4_FS=y
CONFIG_DEVPTS_FS=y
CONFIG_ISO9660_FS=y
CONFIG_PROC_FS=y
CONFIG_VFAT_FS=y
CONFIG_TMPFS=y
CONFIG_ACPI=y
CONFIG_ARCH=x86_64
CONFIG_MTRR=y
CONFIG_PCI_NAMES=y
CONFIG_SYSVIPC=y
CONFIG_SYSCTL=y
CONFIG_BLK_DEV_PIIX=n
CONFIG_SCSI=y
CONFIG_BLK_DEV_SD=y
CONFIG_UNIX98_PTYS=y
CONFIG_FB=y
