This file contains any messages produced by compilers while
running configure, to aid debugging if configure makes a mistake.

It was created by configure, which was
generated by GNU Autoconf 2.69.  Invocation command line was

  $ /home/user/-f2fs/oe/build.OE-Generic.x86_64-9.0-devel/ccache-3.4.2/configure --host=x86_64-linux-gnu --build=x86_64-linux-gnu --prefix=/home/user/-f2fs/oe/build.OE-Generic.x86_64-9.0-devel/toolchain --bindir=/home/user/-f2fs/oe/build.OE-Generic.x86_64-9.0-devel/toolchain/bin --sbindir=/home/user/-f2fs/oe/build.OE-Generic.x86_64-9.0-devel/toolchain/sbin --sysconfdir=/home/user/-f2fs/oe/build.OE-Generic.x86_64-9.0-devel/toolchain/etc --libexecdir=/home/user/-f2fs/oe/build.OE-Generic.x86_64-9.0-devel/toolchain/lib --localstatedir=/home/user/-f2fs/oe/build.OE-Generic.x86_64-9.0-devel/toolchain/var --disable-static --enable-shared --with-bundled-zlib

## --------- ##
## Platform. ##
## --------- ##

hostname = vmware
uname -m = x86_64
uname -r = 4.16.0-1-amd64
uname -s = Linux
uname -v = #1 SMP Debian 4.16.5-1 (2018-04-29)

/usr/bin/uname -p = unknown
/bin/uname -X     = unknown

/bin/arch              = unknown
/usr/bin/arch -k       = unknown
/usr/convex/getsysinfo = unknown
/usr/bin/hostinfo      = unknown
/bin/machine           = unknown
/usr/bin/oslevel       = unknown
/bin/universe          = unknown

PATH: /home/user/-f2fs/oe/build.OE-Generic.x86_64-9.0-devel/toolchain/bin
PATH: /home/user/-f2fs/oe/build.OE-Generic.x86_64-9.0-devel/toolchain/sbin
PATH: /home/user/go/bin
PATH: /home/user/.bin
PATH: /home/user/.go/bin
PATH: /bin
PATH: /sbin
PATH: /opt
PATH: /usr/local/bin
PATH: /usr/bin
PATH: /bin
PATH: /usr/local/games
PATH: /usr/games
PATH: /home/user/fzf/bin


## ----------- ##
## Core tests. ##
## ----------- ##

configure:2232: configuring ccache
configure:2271: checking build system type
configure:2285: result: x86_64-pc-linux-gnu
configure:2305: checking host system type
configure:2318: result: x86_64-pc-linux-gnu
configure:2520: checking for x86_64-linux-gnu-gcc
configure:2547: result: /usr/bin/gcc
configure:2816: checking for C compiler version
configure:2825: /usr/bin/gcc --version >&5
gcc (Debian 7.3.0-17) 7.3.0
Copyright (C) 2017 Free Software Foundation, Inc.
This is free software; see the source for copying conditions.  There is NO
warranty; not even for MERCHANTABILITY or FITNESS FOR A PARTICULAR PURPOSE.

configure:2836: $? = 0
configure:2825: /usr/bin/gcc -v >&5
Using built-in specs.
COLLECT_GCC=/usr/bin/gcc
COLLECT_LTO_WRAPPER=/usr/lib/gcc/x86_64-linux-gnu/7/lto-wrapper
OFFLOAD_TARGET_NAMES=nvptx-none
OFFLOAD_TARGET_DEFAULT=1
Target: x86_64-linux-gnu
Configured with: ../src/configure -v --with-pkgversion='Debian 7.3.0-17' --with-bugurl=file:///usr/share/doc/gcc-7/README.Bugs --enable-languages=c,ada,c++,go,brig,d,fortran,objc,obj-c++ --prefix=/usr --with-gcc-major-version-only --with-as=/usr/bin/x86_64-linux-gnu-as --with-ld=/usr/bin/x86_64-linux-gnu-ld --program-suffix=-7 --program-prefix=x86_64-linux-gnu- --enable-shared --enable-linker-build-id --libexecdir=/usr/lib --without-included-gettext --enable-threads=posix --libdir=/usr/lib --enable-nls --with-sysroot=/ --enable-clocale=gnu --enable-libstdcxx-debug --enable-libstdcxx-time=yes --with-default-libstdcxx-abi=new --enable-gnu-unique-object --disable-vtable-verify --enable-libmpx --enable-plugin --enable-default-pie --with-system-zlib --with-target-system-zlib --enable-objc-gc=auto --enable-multiarch --disable-werror --with-arch-32=i686 --with-abi=m64 --with-multilib-list=m32,m64,mx32 --enable-multilib --with-tune=generic --enable-offload-targets=nvptx-none --without-cuda-driver --enable-checking=release --build=x86_64-linux-gnu --host=x86_64-linux-gnu --target=x86_64-linux-gnu
Thread model: posix
gcc version 7.3.0 (Debian 7.3.0-17) 
configure:2836: $? = 0
configure:2825: /usr/bin/gcc -V >&5
gcc: error: unrecognized command line option '-V'
gcc: fatal error: no input files
compilation terminated.
configure:2836: $? = 1
configure:2825: /usr/bin/gcc -qversion >&5
gcc: error: unrecognized command line option '-qversion'; did you mean '--version'?
gcc: fatal error: no input files
compilation terminated.
configure:2836: $? = 1
configure:2856: checking whether the C compiler works
configure:2878: /usr/bin/gcc -march=westmere -mtune=haswell -O2 -pipe -I/home/user/-f2fs/oe/build.OE-Generic.x86_64-9.0-devel/toolchain/include -Wno-format-security  -Wl,-rpath,/home/user/-f2fs/oe/build.OE-Generic.x86_64-9.0-devel/toolchain/lib -L/home/user/-f2fs/oe/build.OE-Generic.x86_64-9.0-devel/toolchain/lib -s conftest.c  >&5
configure:2882: $? = 0
configure:2930: result: yes
configure:2933: checking for C compiler default output file name
configure:2935: result: a.out
configure:2941: checking for suffix of executables
configure:2948: /usr/bin/gcc -o conftest -march=westmere -mtune=haswell -O2 -pipe -I/home/user/-f2fs/oe/build.OE-Generic.x86_64-9.0-devel/toolchain/include -Wno-format-security  -Wl,-rpath,/home/user/-f2fs/oe/build.OE-Generic.x86_64-9.0-devel/toolchain/lib -L/home/user/-f2fs/oe/build.OE-Generic.x86_64-9.0-devel/toolchain/lib -s conftest.c  >&5
configure:2952: $? = 0
configure:2974: result: 
configure:2996: checking whether we are cross compiling
configure:3004: /usr/bin/gcc -o conftest -march=westmere -mtune=haswell -O2 -pipe -I/home/user/-f2fs/oe/build.OE-Generic.x86_64-9.0-devel/toolchain/include -Wno-format-security  -Wl,-rpath,/home/user/-f2fs/oe/build.OE-Generic.x86_64-9.0-devel/toolchain/lib -L/home/user/-f2fs/oe/build.OE-Generic.x86_64-9.0-devel/toolchain/lib -s conftest.c  >&5
configure:3008: $? = 0
configure:3015: ./conftest
configure:3019: $? = 0
configure:3034: result: no
configure:3039: checking for suffix of object files
configure:3061: /usr/bin/gcc -c -march=westmere -mtune=haswell -O2 -pipe -I/home/user/-f2fs/oe/build.OE-Generic.x86_64-9.0-devel/toolchain/include -Wno-format-security  conftest.c >&5
configure:3065: $? = 0
configure:3086: result: o
configure:3090: checking whether we are using the GNU C compiler
configure:3109: /usr/bin/gcc -c -march=westmere -mtune=haswell -O2 -pipe -I/home/user/-f2fs/oe/build.OE-Generic.x86_64-9.0-devel/toolchain/include -Wno-format-security  conftest.c >&5
configure:3109: $? = 0
configure:3118: result: yes
configure:3127: checking whether /usr/bin/gcc accepts -g
configure:3147: /usr/bin/gcc -c -g  conftest.c >&5
configure:3147: $? = 0
configure:3188: result: yes
configure:3205: checking for /usr/bin/gcc option to accept ISO C89
configure:3268: /usr/bin/gcc  -c -march=westmere -mtune=haswell -O2 -pipe -I/home/user/-f2fs/oe/build.OE-Generic.x86_64-9.0-devel/toolchain/include -Wno-format-security  conftest.c >&5
configure:3268: $? = 0
configure:3281: result: none needed
configure:3301: checking for /usr/bin/gcc option to accept ISO C99
configure:3450: /usr/bin/gcc  -c -march=westmere -mtune=haswell -O2 -pipe -I/home/user/-f2fs/oe/build.OE-Generic.x86_64-9.0-devel/toolchain/include -Wno-format-security  conftest.c >&5
configure:3450: $? = 0
configure:3463: result: none needed
configure:3487: checking how to run the C preprocessor
configure:3557: result: cpp
configure:3577: cpp  conftest.c
configure:3577: $? = 0
configure:3591: cpp  conftest.c
conftest.c:17:10: fatal error: ac_nonexistent.h: No such file or directory
 #include <ac_nonexistent.h>
          ^~~~~~~~~~~~~~~~~~
compilation terminated.
configure:3591: $? = 1
configure: failed program was:
| /* confdefs.h */
| #define PACKAGE_NAME ""
| #define PACKAGE_TARNAME ""
| #define PACKAGE_VERSION ""
| #define PACKAGE_STRING ""
| #define PACKAGE_BUGREPORT ""
| #define PACKAGE_URL ""
| #define _GNU_SOURCE 1
| #define _NETBSD_SOURCE 1
| #define __BSD_VISIBLE 1
| #define _BSD_TYPES 1
| #define _DARWIN_C_SOURCE 1
| #define _XOPEN_SOURCE 600
| #define _XOPEN_SOURCE_EXTENDED 1
| #define _POSIX_C_SOURCE 200112L
| /* end confdefs.h.  */
| #include <ac_nonexistent.h>
configure:3633: checking for a BSD-compatible install
configure:3701: result: /usr/bin/install -c
configure:3715: checking for x86_64-linux-gnu-ranlib
configure:3742: result: ranlib
configure:3807: checking for x86_64-linux-gnu-ar
configure:3834: result: ar
configure:3904: checking for x86_64-linux-gnu-bash
configure:3934: result: /bin/sh
configure:4011: checking for dirent.h that defines DIR
configure:4030: /usr/bin/gcc -c -march=westmere -mtune=haswell -O2 -pipe -I/home/user/-f2fs/oe/build.OE-Generic.x86_64-9.0-devel/toolchain/include -Wno-format-security -Wall -W  conftest.c >&5
configure:4030: $? = 0
configure:4038: result: yes
configure:4051: checking for library containing opendir
configure:4082: /usr/bin/gcc -o conftest -march=westmere -mtune=haswell -O2 -pipe -I/home/user/-f2fs/oe/build.OE-Generic.x86_64-9.0-devel/toolchain/include -Wno-format-security -Wall -W  -Wl,-rpath,/home/user/-f2fs/oe/build.OE-Generic.x86_64-9.0-devel/toolchain/lib -L/home/user/-f2fs/oe/build.OE-Generic.x86_64-9.0-devel/toolchain/lib -s conftest.c  >&5
configure:4082: $? = 0
configure:4099: result: none required
configure:4166: checking whether time.h and sys/time.h may both be included
configure:4186: /usr/bin/gcc -c -march=westmere -mtune=haswell -O2 -pipe -I/home/user/-f2fs/oe/build.OE-Generic.x86_64-9.0-devel/toolchain/include -Wno-format-security -Wall -W  conftest.c >&5
configure:4186: $? = 0
configure:4193: result: yes
configure:4201: checking for sys/wait.h that is POSIX.1 compatible
configure:4227: /usr/bin/gcc -c -march=westmere -mtune=haswell -O2 -pipe -I/home/user/-f2fs/oe/build.OE-Generic.x86_64-9.0-devel/toolchain/include -Wno-format-security -Wall -W  conftest.c >&5
configure:4227: $? = 0
configure:4234: result: yes
configure:4244: checking for grep that handles long lines and -e
configure:4302: result: /bin/grep
configure:4307: checking for egrep
configure:4369: result: /bin/grep -E
configure:4374: checking for ANSI C header files
configure:4394: /usr/bin/gcc -c -march=westmere -mtune=haswell -O2 -pipe -I/home/user/-f2fs/oe/build.OE-Generic.x86_64-9.0-devel/toolchain/include -Wno-format-security -Wall -W  conftest.c >&5
configure:4394: $? = 0
configure:4467: /usr/bin/gcc -o conftest -march=westmere -mtune=haswell -O2 -pipe -I/home/user/-f2fs/oe/build.OE-Generic.x86_64-9.0-devel/toolchain/include -Wno-format-security -Wall -W  -Wl,-rpath,/home/user/-f2fs/oe/build.OE-Generic.x86_64-9.0-devel/toolchain/lib -L/home/user/-f2fs/oe/build.OE-Generic.x86_64-9.0-devel/toolchain/lib -s conftest.c  >&5
configure:4467: $? = 0
configure:4467: ./conftest
configure:4467: $? = 0
configure:4478: result: yes
configure:4491: checking for sys/types.h
configure:4491: /usr/bin/gcc -c -march=westmere -mtune=haswell -O2 -pipe -I/home/user/-f2fs/oe/build.OE-Generic.x86_64-9.0-devel/toolchain/include -Wno-format-security -Wall -W  conftest.c >&5
configure:4491: $? = 0
configure:4491: result: yes
configure:4491: checking for sys/stat.h
configure:4491: /usr/bin/gcc -c -march=westmere -mtune=haswell -O2 -pipe -I/home/user/-f2fs/oe/build.OE-Generic.x86_64-9.0-devel/toolchain/include -Wno-format-security -Wall -W  conftest.c >&5
configure:4491: $? = 0
configure:4491: result: yes
configure:4491: checking for stdlib.h
configure:4491: /usr/bin/gcc -c -march=westmere -mtune=haswell -O2 -pipe -I/home/user/-f2fs/oe/build.OE-Generic.x86_64-9.0-devel/toolchain/include -Wno-format-security -Wall -W  conftest.c >&5
configure:4491: $? = 0
configure:4491: result: yes
configure:4491: checking for string.h
configure:4491: /usr/bin/gcc -c -march=westmere -mtune=haswell -O2 -pipe -I/home/user/-f2fs/oe/build.OE-Generic.x86_64-9.0-devel/toolchain/include -Wno-format-security -Wall -W  conftest.c >&5
configure:4491: $? = 0
configure:4491: result: yes
configure:4491: checking for memory.h
configure:4491: /usr/bin/gcc -c -march=westmere -mtune=haswell -O2 -pipe -I/home/user/-f2fs/oe/build.OE-Generic.x86_64-9.0-devel/toolchain/include -Wno-format-security -Wall -W  conftest.c >&5
configure:4491: $? = 0
configure:4491: result: yes
configure:4491: checking for strings.h
configure:4491: /usr/bin/gcc -c -march=westmere -mtune=haswell -O2 -pipe -I/home/user/-f2fs/oe/build.OE-Generic.x86_64-9.0-devel/toolchain/include -Wno-format-security -Wall -W  conftest.c >&5
configure:4491: $? = 0
configure:4491: result: yes
configure:4491: checking for inttypes.h
configure:4491: /usr/bin/gcc -c -march=westmere -mtune=haswell -O2 -pipe -I/home/user/-f2fs/oe/build.OE-Generic.x86_64-9.0-devel/toolchain/include -Wno-format-security -Wall -W  conftest.c >&5
configure:4491: $? = 0
configure:4491: result: yes
configure:4491: checking for stdint.h
configure:4491: /usr/bin/gcc -c -march=westmere -mtune=haswell -O2 -pipe -I/home/user/-f2fs/oe/build.OE-Generic.x86_64-9.0-devel/toolchain/include -Wno-format-security -Wall -W  conftest.c >&5
configure:4491: $? = 0
configure:4491: result: yes
configure:4491: checking for unistd.h
configure:4491: /usr/bin/gcc -c -march=westmere -mtune=haswell -O2 -pipe -I/home/user/-f2fs/oe/build.OE-Generic.x86_64-9.0-devel/toolchain/include -Wno-format-security -Wall -W  conftest.c >&5
configure:4491: $? = 0
configure:4491: result: yes
configure:4503: checking for long long
configure:4503: /usr/bin/gcc -c -march=westmere -mtune=haswell -O2 -pipe -I/home/user/-f2fs/oe/build.OE-Generic.x86_64-9.0-devel/toolchain/include -Wno-format-security -Wall -W  conftest.c >&5
configure:4503: $? = 0
configure:4503: /usr/bin/gcc -c -march=westmere -mtune=haswell -O2 -pipe -I/home/user/-f2fs/oe/build.OE-Generic.x86_64-9.0-devel/toolchain/include -Wno-format-security -Wall -W  conftest.c >&5
conftest.c: In function 'main':
conftest.c:66:24: error: expected expression before ')' token
 if (sizeof ((long long)))
                        ^
configure:4503: $? = 1
configure: failed program was:
| /* confdefs.h */
| #define PACKAGE_NAME ""
| #define PACKAGE_TARNAME ""
| #define PACKAGE_VERSION ""
| #define PACKAGE_STRING ""
| #define PACKAGE_BUGREPORT ""
| #define PACKAGE_URL ""
| #define _GNU_SOURCE 1
| #define _NETBSD_SOURCE 1
| #define __BSD_VISIBLE 1
| #define _BSD_TYPES 1
| #define _DARWIN_C_SOURCE 1
| #define _XOPEN_SOURCE 600
| #define _XOPEN_SOURCE_EXTENDED 1
| #define _POSIX_C_SOURCE 200112L
| #define HAVE_DIRENT_H 1
| #define TIME_WITH_SYS_TIME 1
| #define HAVE_SYS_WAIT_H 1
| #define STDC_HEADERS 1
| #define HAVE_SYS_TYPES_H 1
| #define HAVE_SYS_STAT_H 1
| #define HAVE_STDLIB_H 1
| #define HAVE_STRING_H 1
| #define HAVE_MEMORY_H 1
| #define HAVE_STRINGS_H 1
| #define HAVE_INTTYPES_H 1
| #define HAVE_STDINT_H 1
| #define HAVE_UNISTD_H 1
| /* end confdefs.h.  */
| #include <stdio.h>
| #ifdef HAVE_SYS_TYPES_H
| # include <sys/types.h>
| #endif
| #ifdef HAVE_SYS_STAT_H
| # include <sys/stat.h>
| #endif
| #ifdef STDC_HEADERS
| # include <stdlib.h>
| # include <stddef.h>
| #else
| # ifdef HAVE_STDLIB_H
| #  include <stdlib.h>
| # endif
| #endif
| #ifdef HAVE_STRING_H
| # if !defined STDC_HEADERS && defined HAVE_MEMORY_H
| #  include <memory.h>
| # endif
| # include <string.h>
| #endif
| #ifdef HAVE_STRINGS_H
| # include <strings.h>
| #endif
| #ifdef HAVE_INTTYPES_H
| # include <inttypes.h>
| #endif
| #ifdef HAVE_STDINT_H
| # include <stdint.h>
| #endif
| #ifdef HAVE_UNISTD_H
| # include <unistd.h>
| #endif
| int
| main ()
| {
| if (sizeof ((long long)))
| 	    return 0;
|   ;
|   return 0;
| }
configure:4503: result: yes
configure:4517: checking ctype.h usability
configure:4517: /usr/bin/gcc -c -march=westmere -mtune=haswell -O2 -pipe -I/home/user/-f2fs/oe/build.OE-Generic.x86_64-9.0-devel/toolchain/include -Wno-format-security -Wall -W  conftest.c >&5
configure:4517: $? = 0
configure:4517: result: yes
configure:4517: checking ctype.h presence
configure:4517: cpp  conftest.c
configure:4517: $? = 0
configure:4517: result: yes
configure:4517: checking for ctype.h
configure:4517: result: yes
configure:4517: checking pwd.h usability
configure:4517: /usr/bin/gcc -c -march=westmere -mtune=haswell -O2 -pipe -I/home/user/-f2fs/oe/build.OE-Generic.x86_64-9.0-devel/toolchain/include -Wno-format-security -Wall -W  conftest.c >&5
configure:4517: $? = 0
configure:4517: result: yes
configure:4517: checking pwd.h presence
configure:4517: cpp  conftest.c
configure:4517: $? = 0
configure:4517: result: yes
configure:4517: checking for pwd.h
configure:4517: result: yes
configure:4517: checking for stdlib.h
configure:4517: result: yes
configure:4517: checking for string.h
configure:4517: result: yes
configure:4517: checking for strings.h
configure:4517: result: yes
configure:4517: checking sys/time.h usability
configure:4517: /usr/bin/gcc -c -march=westmere -mtune=haswell -O2 -pipe -I/home/user/-f2fs/oe/build.OE-Generic.x86_64-9.0-devel/toolchain/include -Wno-format-security -Wall -W  conftest.c >&5
configure:4517: $? = 0
configure:4517: result: yes
configure:4517: checking sys/time.h presence
configure:4517: cpp  conftest.c
configure:4517: $? = 0
configure:4517: result: yes
configure:4517: checking for sys/time.h
configure:4517: result: yes
configure:4517: checking sys/mman.h usability
configure:4517: /usr/bin/gcc -c -march=westmere -mtune=haswell -O2 -pipe -I/home/user/-f2fs/oe/build.OE-Generic.x86_64-9.0-devel/toolchain/include -Wno-format-security -Wall -W  conftest.c >&5
configure:4517: $? = 0
configure:4517: result: yes
configure:4517: checking sys/mman.h presence
configure:4517: cpp  conftest.c
configure:4517: $? = 0
configure:4517: result: yes
configure:4517: checking for sys/mman.h
configure:4517: result: yes
configure:4529: checking termios.h usability
configure:4529: /usr/bin/gcc -c -march=westmere -mtune=haswell -O2 -pipe -I/home/user/-f2fs/oe/build.OE-Generic.x86_64-9.0-devel/toolchain/include -Wno-format-security -Wall -W  conftest.c >&5
configure:4529: $? = 0
configure:4529: result: yes
configure:4529: checking termios.h presence
configure:4529: cpp  conftest.c
configure:4529: $? = 0
configure:4529: result: yes
configure:4529: checking for termios.h
configure:4529: result: yes
configure:4542: checking for gethostname
configure:4542: /usr/bin/gcc -o conftest -march=westmere -mtune=haswell -O2 -pipe -I/home/user/-f2fs/oe/build.OE-Generic.x86_64-9.0-devel/toolchain/include -Wno-format-security -Wall -W  -Wl,-rpath,/home/user/-f2fs/oe/build.OE-Generic.x86_64-9.0-devel/toolchain/lib -L/home/user/-f2fs/oe/build.OE-Generic.x86_64-9.0-devel/toolchain/lib -s conftest.c  >&5
configure:4542: $? = 0
configure:4542: result: yes
configure:4553: checking for getopt_long
configure:4553: /usr/bin/gcc -o conftest -march=westmere -mtune=haswell -O2 -pipe -I/home/user/-f2fs/oe/build.OE-Generic.x86_64-9.0-devel/toolchain/include -Wno-format-security -Wall -W  -Wl,-rpath,/home/user/-f2fs/oe/build.OE-Generic.x86_64-9.0-devel/toolchain/lib -L/home/user/-f2fs/oe/build.OE-Generic.x86_64-9.0-devel/toolchain/lib -s conftest.c  >&5
configure:4553: $? = 0
configure:4553: result: yes
configure:4564: checking for getpwuid
configure:4564: /usr/bin/gcc -o conftest -march=westmere -mtune=haswell -O2 -pipe -I/home/user/-f2fs/oe/build.OE-Generic.x86_64-9.0-devel/toolchain/include -Wno-format-security -Wall -W  -Wl,-rpath,/home/user/-f2fs/oe/build.OE-Generic.x86_64-9.0-devel/toolchain/lib -L/home/user/-f2fs/oe/build.OE-Generic.x86_64-9.0-devel/toolchain/lib -s conftest.c  >&5
configure:4564: $? = 0
configure:4564: result: yes
configure:4575: checking for gettimeofday
configure:4575: /usr/bin/gcc -o conftest -march=westmere -mtune=haswell -O2 -pipe -I/home/user/-f2fs/oe/build.OE-Generic.x86_64-9.0-devel/toolchain/include -Wno-format-security -Wall -W  -Wl,-rpath,/home/user/-f2fs/oe/build.OE-Generic.x86_64-9.0-devel/toolchain/lib -L/home/user/-f2fs/oe/build.OE-Generic.x86_64-9.0-devel/toolchain/lib -s conftest.c  >&5
configure:4575: $? = 0
configure:4575: result: yes
configure:4586: checking for mkstemp
configure:4586: /usr/bin/gcc -o conftest -march=westmere -mtune=haswell -O2 -pipe -I/home/user/-f2fs/oe/build.OE-Generic.x86_64-9.0-devel/toolchain/include -Wno-format-security -Wall -W  -Wl,-rpath,/home/user/-f2fs/oe/build.OE-Generic.x86_64-9.0-devel/toolchain/lib -L/home/user/-f2fs/oe/build.OE-Generic.x86_64-9.0-devel/toolchain/lib -s conftest.c  >&5
configure:4586: $? = 0
configure:4586: result: yes
configure:4597: checking for realpath
configure:4597: /usr/bin/gcc -o conftest -march=westmere -mtune=haswell -O2 -pipe -I/home/user/-f2fs/oe/build.OE-Generic.x86_64-9.0-devel/toolchain/include -Wno-format-security -Wall -W  -Wl,-rpath,/home/user/-f2fs/oe/build.OE-Generic.x86_64-9.0-devel/toolchain/lib -L/home/user/-f2fs/oe/build.OE-Generic.x86_64-9.0-devel/toolchain/lib -s conftest.c  >&5
configure:4597: $? = 0
configure:4597: result: yes
configure:4608: checking for strndup
configure:4608: /usr/bin/gcc -o conftest -march=westmere -mtune=haswell -O2 -pipe -I/home/user/-f2fs/oe/build.OE-Generic.x86_64-9.0-devel/toolchain/include -Wno-format-security -Wall -W  -Wl,-rpath,/home/user/-f2fs/oe/build.OE-Generic.x86_64-9.0-devel/toolchain/lib -L/home/user/-f2fs/oe/build.OE-Generic.x86_64-9.0-devel/toolchain/lib -s conftest.c  >&5
conftest.c:68:6: warning: conflicting types for built-in function 'strndup' [-Wbuiltin-declaration-mismatch]
 char strndup ();
      ^~~~~~~
configure:4608: $? = 0
configure:4608: result: yes
configure:4619: checking for strtok_r
configure:4619: /usr/bin/gcc -o conftest -march=westmere -mtune=haswell -O2 -pipe -I/home/user/-f2fs/oe/build.OE-Generic.x86_64-9.0-devel/toolchain/include -Wno-format-security -Wall -W  -Wl,-rpath,/home/user/-f2fs/oe/build.OE-Generic.x86_64-9.0-devel/toolchain/lib -L/home/user/-f2fs/oe/build.OE-Generic.x86_64-9.0-devel/toolchain/lib -s conftest.c  >&5
configure:4619: $? = 0
configure:4619: result: yes
configure:4630: checking for unsetenv
configure:4630: /usr/bin/gcc -o conftest -march=westmere -mtune=haswell -O2 -pipe -I/home/user/-f2fs/oe/build.OE-Generic.x86_64-9.0-devel/toolchain/include -Wno-format-security -Wall -W  -Wl,-rpath,/home/user/-f2fs/oe/build.OE-Generic.x86_64-9.0-devel/toolchain/lib -L/home/user/-f2fs/oe/build.OE-Generic.x86_64-9.0-devel/toolchain/lib -s conftest.c  >&5
configure:4630: $? = 0
configure:4630: result: yes
configure:4641: checking for utimes
configure:4641: /usr/bin/gcc -o conftest -march=westmere -mtune=haswell -O2 -pipe -I/home/user/-f2fs/oe/build.OE-Generic.x86_64-9.0-devel/toolchain/include -Wno-format-security -Wall -W  -Wl,-rpath,/home/user/-f2fs/oe/build.OE-Generic.x86_64-9.0-devel/toolchain/lib -L/home/user/-f2fs/oe/build.OE-Generic.x86_64-9.0-devel/toolchain/lib -s conftest.c  >&5
configure:4641: $? = 0
configure:4641: result: yes
configure:4651: checking for compar_fn_t in stdlib.h
configure:4668: /usr/bin/gcc -c -march=westmere -mtune=haswell -O2 -pipe -I/home/user/-f2fs/oe/build.OE-Generic.x86_64-9.0-devel/toolchain/include -Wno-format-security -Wall -W  conftest.c >&5
conftest.c: In function 'test_fn':
conftest.c:53:22: warning: null argument where non-null required (argument 1) [-Wnonnull]
 void test_fn(void) { qsort(NULL, 0, 0, (__compar_fn_t)NULL); }
                      ^~~~~
conftest.c:53:22: warning: null argument where non-null required (argument 4) [-Wnonnull]
At top level:
conftest.c:53:6: warning: 'test_fn' defined but not used [-Wunused-function]
 void test_fn(void) { qsort(NULL, 0, 0, (__compar_fn_t)NULL); }
      ^~~~~~~
configure:4668: $? = 0
configure:4675: result: yes
configure:4762: checking for stdarg.h
configure:4762: /usr/bin/gcc -c -march=westmere -mtune=haswell -O2 -pipe -I/home/user/-f2fs/oe/build.OE-Generic.x86_64-9.0-devel/toolchain/include -Wno-format-security -Wall -W  conftest.c >&5
configure:4762: $? = 0
configure:4762: result: yes
configure:4762: checking for varargs.h
configure:4762: /usr/bin/gcc -c -march=westmere -mtune=haswell -O2 -pipe -I/home/user/-f2fs/oe/build.OE-Generic.x86_64-9.0-devel/toolchain/include -Wno-format-security -Wall -W  conftest.c >&5
In file included from conftest.c:85:0:
/usr/lib/gcc/x86_64-linux-gnu/7/include/varargs.h:4:2: error: #error "GCC no longer implements <varargs.h>."
 #error "GCC no longer implements <varargs.h>."
  ^~~~~
/usr/lib/gcc/x86_64-linux-gnu/7/include/varargs.h:5:2: error: #error "Revise your code to use <stdarg.h>."
 #error "Revise your code to use <stdarg.h>."
  ^~~~~
configure:4762: $? = 1
configure: failed program was:
| /* confdefs.h */
| #define PACKAGE_NAME ""
| #define PACKAGE_TARNAME ""
| #define PACKAGE_VERSION ""
| #define PACKAGE_STRING ""
| #define PACKAGE_BUGREPORT ""
| #define PACKAGE_URL ""
| #define _GNU_SOURCE 1
| #define _NETBSD_SOURCE 1
| #define __BSD_VISIBLE 1
| #define _BSD_TYPES 1
| #define _DARWIN_C_SOURCE 1
| #define _XOPEN_SOURCE 600
| #define _XOPEN_SOURCE_EXTENDED 1
| #define _POSIX_C_SOURCE 200112L
| #define HAVE_DIRENT_H 1
| #define TIME_WITH_SYS_TIME 1
| #define HAVE_SYS_WAIT_H 1
| #define STDC_HEADERS 1
| #define HAVE_SYS_TYPES_H 1
| #define HAVE_SYS_STAT_H 1
| #define HAVE_STDLIB_H 1
| #define HAVE_STRING_H 1
| #define HAVE_MEMORY_H 1
| #define HAVE_STRINGS_H 1
| #define HAVE_INTTYPES_H 1
| #define HAVE_STDINT_H 1
| #define HAVE_UNISTD_H 1
| #define HAVE_LONG_LONG 1
| #define HAVE_CTYPE_H 1
| #define HAVE_PWD_H 1
| #define HAVE_STDLIB_H 1
| #define HAVE_STRING_H 1
| #define HAVE_STRINGS_H 1
| #define HAVE_SYS_TIME_H 1
| #define HAVE_SYS_MMAN_H 1
| #define HAVE_TERMIOS_H 1
| #define HAVE_GETHOSTNAME 1
| #define HAVE_GETOPT_LONG 1
| #define HAVE_GETPWUID 1
| #define HAVE_GETTIMEOFDAY 1
| #define HAVE_MKSTEMP 1
| #define HAVE_REALPATH 1
| #define HAVE_STRNDUP 1
| #define HAVE_STRTOK_R 1
| #define HAVE_UNSETENV 1
| #define HAVE_UTIMES 1
| #define HAVE_COMPAR_FN_T 1
| #define HAVE_STDARG_H 1
| /* end confdefs.h.  */
| #include <stdio.h>
| #ifdef HAVE_SYS_TYPES_H
| # include <sys/types.h>
| #endif
| #ifdef HAVE_SYS_STAT_H
| # include <sys/stat.h>
| #endif
| #ifdef STDC_HEADERS
| # include <stdlib.h>
| # include <stddef.h>
| #else
| # ifdef HAVE_STDLIB_H
| #  include <stdlib.h>
| # endif
| #endif
| #ifdef HAVE_STRING_H
| # if !defined STDC_HEADERS && defined HAVE_MEMORY_H
| #  include <memory.h>
| # endif
| # include <string.h>
| #endif
| #ifdef HAVE_STRINGS_H
| # include <strings.h>
| #endif
| #ifdef HAVE_INTTYPES_H
| # include <inttypes.h>
| #endif
| #ifdef HAVE_STDINT_H
| # include <stdint.h>
| #endif
| #ifdef HAVE_UNISTD_H
| # include <unistd.h>
| #endif
| 
| #include <varargs.h>
configure:4762: result: no
configure:4779: checking for unsigned long long int
configure:4827: result: yes
configure:4836: checking for vsnprintf
configure:4836: /usr/bin/gcc -o conftest -march=westmere -mtune=haswell -O2 -pipe -I/home/user/-f2fs/oe/build.OE-Generic.x86_64-9.0-devel/toolchain/include -Wno-format-security -Wall -W  -Wl,-rpath,/home/user/-f2fs/oe/build.OE-Generic.x86_64-9.0-devel/toolchain/lib -L/home/user/-f2fs/oe/build.OE-Generic.x86_64-9.0-devel/toolchain/lib -s conftest.c  >&5
conftest.c:75:6: warning: conflicting types for built-in function 'vsnprintf' [-Wbuiltin-declaration-mismatch]
 char vsnprintf ();
      ^~~~~~~~~
configure:4836: $? = 0
configure:4836: result: yes
configure:4844: checking whether vsnprintf is C99 compliant
configure:4879: /usr/bin/gcc -o conftest -march=westmere -mtune=haswell -O2 -pipe -I/home/user/-f2fs/oe/build.OE-Generic.x86_64-9.0-devel/toolchain/include -Wno-format-security -Wall -W  -Wl,-rpath,/home/user/-f2fs/oe/build.OE-Generic.x86_64-9.0-devel/toolchain/lib -L/home/user/-f2fs/oe/build.OE-Generic.x86_64-9.0-devel/toolchain/lib -s conftest.c  >&5
configure:4879: $? = 0
configure:4879: ./conftest
configure:4879: $? = 0
configure:4889: result: yes
configure:5255: checking for snprintf
configure:5255: /usr/bin/gcc -o conftest -march=westmere -mtune=haswell -O2 -pipe -I/home/user/-f2fs/oe/build.OE-Generic.x86_64-9.0-devel/toolchain/include -Wno-format-security -Wall -W  -Wl,-rpath,/home/user/-f2fs/oe/build.OE-Generic.x86_64-9.0-devel/toolchain/lib -L/home/user/-f2fs/oe/build.OE-Generic.x86_64-9.0-devel/toolchain/lib -s conftest.c  >&5
conftest.c:76:6: warning: conflicting types for built-in function 'snprintf' [-Wbuiltin-declaration-mismatch]
 char snprintf ();
      ^~~~~~~~
configure:5255: $? = 0
configure:5255: result: yes
configure:5263: checking whether snprintf is C99 compliant
configure:5286: /usr/bin/gcc -o conftest -march=westmere -mtune=haswell -O2 -pipe -I/home/user/-f2fs/oe/build.OE-Generic.x86_64-9.0-devel/toolchain/include -Wno-format-security -Wall -W  -Wl,-rpath,/home/user/-f2fs/oe/build.OE-Generic.x86_64-9.0-devel/toolchain/lib -L/home/user/-f2fs/oe/build.OE-Generic.x86_64-9.0-devel/toolchain/lib -s conftest.c  >&5
conftest.c: In function 'main':
conftest.c:58:15: warning: 'The answer is ' directive output truncated writing 14 bytes into a region of size 4 [-Wformat-truncation=]
           if (snprintf(buf, 4, "The answer is %27.2g.", 42.0) != 42 ||
               ^~~~~~~~~~~~~~~~~~~~~~~~~~~~~~~~~~~~~~~~~~~~~~~
conftest.c:58:15: note: 'snprintf' output 43 bytes into a destination of size 4
configure:5286: $? = 0
configure:5286: ./conftest
configure:5286: $? = 0
configure:5296: result: yes
configure:5411: checking for vasprintf
configure:5411: /usr/bin/gcc -o conftest -march=westmere -mtune=haswell -O2 -pipe -I/home/user/-f2fs/oe/build.OE-Generic.x86_64-9.0-devel/toolchain/include -Wno-format-security -Wall -W  -Wl,-rpath,/home/user/-f2fs/oe/build.OE-Generic.x86_64-9.0-devel/toolchain/lib -L/home/user/-f2fs/oe/build.OE-Generic.x86_64-9.0-devel/toolchain/lib -s conftest.c  >&5
configure:5411: $? = 0
configure:5411: result: yes
configure:5621: checking for asprintf
configure:5621: /usr/bin/gcc -o conftest -march=westmere -mtune=haswell -O2 -pipe -I/home/user/-f2fs/oe/build.OE-Generic.x86_64-9.0-devel/toolchain/include -Wno-format-security -Wall -W  -Wl,-rpath,/home/user/-f2fs/oe/build.OE-Generic.x86_64-9.0-devel/toolchain/lib -L/home/user/-f2fs/oe/build.OE-Generic.x86_64-9.0-devel/toolchain/lib -s conftest.c  >&5
configure:5621: $? = 0
configure:5621: result: yes
configure:5731: checking for library containing cos
configure:5762: /usr/bin/gcc -o conftest -march=westmere -mtune=haswell -O2 -pipe -I/home/user/-f2fs/oe/build.OE-Generic.x86_64-9.0-devel/toolchain/include -Wno-format-security -Wall -W  -Wl,-rpath,/home/user/-f2fs/oe/build.OE-Generic.x86_64-9.0-devel/toolchain/lib -L/home/user/-f2fs/oe/build.OE-Generic.x86_64-9.0-devel/toolchain/lib -s conftest.c  >&5
conftest.c:63:6: warning: conflicting types for built-in function 'cos' [-Wbuiltin-declaration-mismatch]
 char cos ();
      ^~~
/tmp/cc9a1npS.o: In function `main':
conftest.c:(.text.startup+0x7): undefined reference to `cos'
collect2: error: ld returned 1 exit status
configure:5762: $? = 1
configure: failed program was:
| /* confdefs.h */
| #define PACKAGE_NAME ""
| #define PACKAGE_TARNAME ""
| #define PACKAGE_VERSION ""
| #define PACKAGE_STRING ""
| #define PACKAGE_BUGREPORT ""
| #define PACKAGE_URL ""
| #define _GNU_SOURCE 1
| #define _NETBSD_SOURCE 1
| #define __BSD_VISIBLE 1
| #define _BSD_TYPES 1
| #define _DARWIN_C_SOURCE 1
| #define _XOPEN_SOURCE 600
| #define _XOPEN_SOURCE_EXTENDED 1
| #define _POSIX_C_SOURCE 200112L
| #define HAVE_DIRENT_H 1
| #define TIME_WITH_SYS_TIME 1
| #define HAVE_SYS_WAIT_H 1
| #define STDC_HEADERS 1
| #define HAVE_SYS_TYPES_H 1
| #define HAVE_SYS_STAT_H 1
| #define HAVE_STDLIB_H 1
| #define HAVE_STRING_H 1
| #define HAVE_MEMORY_H 1
| #define HAVE_STRINGS_H 1
| #define HAVE_INTTYPES_H 1
| #define HAVE_STDINT_H 1
| #define HAVE_UNISTD_H 1
| #define HAVE_LONG_LONG 1
| #define HAVE_CTYPE_H 1
| #define HAVE_PWD_H 1
| #define HAVE_STDLIB_H 1
| #define HAVE_STRING_H 1
| #define HAVE_STRINGS_H 1
| #define HAVE_SYS_TIME_H 1
| #define HAVE_SYS_MMAN_H 1
| #define HAVE_TERMIOS_H 1
| #define HAVE_GETHOSTNAME 1
| #define HAVE_GETOPT_LONG 1
| #define HAVE_GETPWUID 1
| #define HAVE_GETTIMEOFDAY 1
| #define HAVE_MKSTEMP 1
| #define HAVE_REALPATH 1
| #define HAVE_STRNDUP 1
| #define HAVE_STRTOK_R 1
| #define HAVE_UNSETENV 1
| #define HAVE_UTIMES 1
| #define HAVE_COMPAR_FN_T 1
| #define HAVE_STDARG_H 1
| #define HAVE_UNSIGNED_LONG_LONG_INT 1
| #define HAVE_VSNPRINTF 1
| #define HAVE_SNPRINTF 1
| #define HAVE_VASPRINTF 1
| #define HAVE_ASPRINTF 1
| /* end confdefs.h.  */
| 
| /* Override any GCC internal prototype to avoid an error.
|    Use char because int might match the return type of a GCC
|    builtin and then its argument prototype would still apply.  */
| #ifdef __cplusplus
| extern "C"
| #endif
| char cos ();
| int
| main ()
| {
| return cos ();
|   ;
|   return 0;
| }
configure:5762: /usr/bin/gcc -o conftest -march=westmere -mtune=haswell -O2 -pipe -I/home/user/-f2fs/oe/build.OE-Generic.x86_64-9.0-devel/toolchain/include -Wno-format-security -Wall -W  -Wl,-rpath,/home/user/-f2fs/oe/build.OE-Generic.x86_64-9.0-devel/toolchain/lib -L/home/user/-f2fs/oe/build.OE-Generic.x86_64-9.0-devel/toolchain/lib -s conftest.c -lm   >&5
conftest.c:63:6: warning: conflicting types for built-in function 'cos' [-Wbuiltin-declaration-mismatch]
 char cos ();
      ^~~
configure:5762: $? = 0
configure:5779: result: -lm
configure:5874: using bundled zlib as requested
configure:5904: checking whether byte ordering is bigendian
configure:5919: /usr/bin/gcc -c -march=westmere -mtune=haswell -O2 -pipe -I/home/user/-f2fs/oe/build.OE-Generic.x86_64-9.0-devel/toolchain/include -Wno-format-security -Wall -W  -I$(srcdir)/src/zlib conftest.c >&5
conftest.c:57:9: error: unknown type name 'not'
         not a universal capable compiler
         ^~~
conftest.c:57:15: error: expected '=', ',', ';', 'asm' or '__attribute__' before 'universal'
         not a universal capable compiler
               ^~~~~~~~~
conftest.c:57:15: error: unknown type name 'universal'
configure:5919: $? = 1
configure: failed program was:
| /* confdefs.h */
| #define PACKAGE_NAME ""
| #define PACKAGE_TARNAME ""
| #define PACKAGE_VERSION ""
| #define PACKAGE_STRING ""
| #define PACKAGE_BUGREPORT ""
| #define PACKAGE_URL ""
| #define _GNU_SOURCE 1
| #define _NETBSD_SOURCE 1
| #define __BSD_VISIBLE 1
| #define _BSD_TYPES 1
| #define _DARWIN_C_SOURCE 1
| #define _XOPEN_SOURCE 600
| #define _XOPEN_SOURCE_EXTENDED 1
| #define _POSIX_C_SOURCE 200112L
| #define HAVE_DIRENT_H 1
| #define TIME_WITH_SYS_TIME 1
| #define HAVE_SYS_WAIT_H 1
| #define STDC_HEADERS 1
| #define HAVE_SYS_TYPES_H 1
| #define HAVE_SYS_STAT_H 1
| #define HAVE_STDLIB_H 1
| #define HAVE_STRING_H 1
| #define HAVE_MEMORY_H 1
| #define HAVE_STRINGS_H 1
| #define HAVE_INTTYPES_H 1
| #define HAVE_STDINT_H 1
| #define HAVE_UNISTD_H 1
| #define HAVE_LONG_LONG 1
| #define HAVE_CTYPE_H 1
| #define HAVE_PWD_H 1
| #define HAVE_STDLIB_H 1
| #define HAVE_STRING_H 1
| #define HAVE_STRINGS_H 1
| #define HAVE_SYS_TIME_H 1
| #define HAVE_SYS_MMAN_H 1
| #define HAVE_TERMIOS_H 1
| #define HAVE_GETHOSTNAME 1
| #define HAVE_GETOPT_LONG 1
| #define HAVE_GETPWUID 1
| #define HAVE_GETTIMEOFDAY 1
| #define HAVE_MKSTEMP 1
| #define HAVE_REALPATH 1
| #define HAVE_STRNDUP 1
| #define HAVE_STRTOK_R 1
| #define HAVE_UNSETENV 1
| #define HAVE_UTIMES 1
| #define HAVE_COMPAR_FN_T 1
| #define HAVE_STDARG_H 1
| #define HAVE_UNSIGNED_LONG_LONG_INT 1
| #define HAVE_VSNPRINTF 1
| #define HAVE_SNPRINTF 1
| #define HAVE_VASPRINTF 1
| #define HAVE_ASPRINTF 1
| /* end confdefs.h.  */
| #ifndef __APPLE_CC__
| 	       not a universal capable compiler
| 	     #endif
| 	     typedef int dummy;
| 
configure:5964: /usr/bin/gcc -c -march=westmere -mtune=haswell -O2 -pipe -I/home/user/-f2fs/oe/build.OE-Generic.x86_64-9.0-devel/toolchain/include -Wno-format-security -Wall -W  -I$(srcdir)/src/zlib conftest.c >&5
configure:5964: $? = 0
configure:5982: /usr/bin/gcc -c -march=westmere -mtune=haswell -O2 -pipe -I/home/user/-f2fs/oe/build.OE-Generic.x86_64-9.0-devel/toolchain/include -Wno-format-security -Wall -W  -I$(srcdir)/src/zlib conftest.c >&5
conftest.c: In function 'main':
conftest.c:63:4: error: unknown type name 'not'; did you mean 'ino_t'?
    not big endian
    ^~~
    ino_t
conftest.c:63:12: error: expected '=', ',', ';', 'asm' or '__attribute__' before 'endian'
    not big endian
            ^~~~~~
configure:5982: $? = 1
configure: failed program was:
| /* confdefs.h */
| #define PACKAGE_NAME ""
| #define PACKAGE_TARNAME ""
| #define PACKAGE_VERSION ""
| #define PACKAGE_STRING ""
| #define PACKAGE_BUGREPORT ""
| #define PACKAGE_URL ""
| #define _GNU_SOURCE 1
| #define _NETBSD_SOURCE 1
| #define __BSD_VISIBLE 1
| #define _BSD_TYPES 1
| #define _DARWIN_C_SOURCE 1
| #define _XOPEN_SOURCE 600
| #define _XOPEN_SOURCE_EXTENDED 1
| #define _POSIX_C_SOURCE 200112L
| #define HAVE_DIRENT_H 1
| #define TIME_WITH_SYS_TIME 1
| #define HAVE_SYS_WAIT_H 1
| #define STDC_HEADERS 1
| #define HAVE_SYS_TYPES_H 1
| #define HAVE_SYS_STAT_H 1
| #define HAVE_STDLIB_H 1
| #define HAVE_STRING_H 1
| #define HAVE_MEMORY_H 1
| #define HAVE_STRINGS_H 1
| #define HAVE_INTTYPES_H 1
| #define HAVE_STDINT_H 1
| #define HAVE_UNISTD_H 1
| #define HAVE_LONG_LONG 1
| #define HAVE_CTYPE_H 1
| #define HAVE_PWD_H 1
| #define HAVE_STDLIB_H 1
| #define HAVE_STRING_H 1
| #define HAVE_STRINGS_H 1
| #define HAVE_SYS_TIME_H 1
| #define HAVE_SYS_MMAN_H 1
| #define HAVE_TERMIOS_H 1
| #define HAVE_GETHOSTNAME 1
| #define HAVE_GETOPT_LONG 1
| #define HAVE_GETPWUID 1
| #define HAVE_GETTIMEOFDAY 1
| #define HAVE_MKSTEMP 1
| #define HAVE_REALPATH 1
| #define HAVE_STRNDUP 1
| #define HAVE_STRTOK_R 1
| #define HAVE_UNSETENV 1
| #define HAVE_UTIMES 1
| #define HAVE_COMPAR_FN_T 1
| #define HAVE_STDARG_H 1
| #define HAVE_UNSIGNED_LONG_LONG_INT 1
| #define HAVE_VSNPRINTF 1
| #define HAVE_SNPRINTF 1
| #define HAVE_VASPRINTF 1
| #define HAVE_ASPRINTF 1
| /* end confdefs.h.  */
| #include <sys/types.h>
| 		#include <sys/param.h>
| 
| int
| main ()
| {
| #if BYTE_ORDER != BIG_ENDIAN
| 		 not big endian
| 		#endif
| 
|   ;
|   return 0;
| }
configure:6110: result: no
configure:6129: checking for inline
configure:6145: /usr/bin/gcc -c -march=westmere -mtune=haswell -O2 -pipe -I/home/user/-f2fs/oe/build.OE-Generic.x86_64-9.0-devel/toolchain/include -Wno-format-security -Wall -W  -I$(srcdir)/src/zlib conftest.c >&5
configure:6145: $? = 0
configure:6153: result: inline
configure:6172: checking for extern inline
configure:6194: /usr/bin/gcc -c -march=westmere -mtune=haswell -O2 -pipe -I/home/user/-f2fs/oe/build.OE-Generic.x86_64-9.0-devel/toolchain/include -Wno-format-security -Wall -W  -I$(srcdir)/src/zlib conftest.c >&5
conftest.c:59:16: error: redefinition of 'foo'
         double foo (double x) { return x + 1.0; };
                ^~~
conftest.c:58:30: note: previous definition of 'foo' was here
         extern inline double foo(double x) { return x+1.0; };
                              ^~~
configure:6194: $? = 1
configure: failed program was:
| /* confdefs.h */
| #define PACKAGE_NAME ""
| #define PACKAGE_TARNAME ""
| #define PACKAGE_VERSION ""
| #define PACKAGE_STRING ""
| #define PACKAGE_BUGREPORT ""
| #define PACKAGE_URL ""
| #define _GNU_SOURCE 1
| #define _NETBSD_SOURCE 1
| #define __BSD_VISIBLE 1
| #define _BSD_TYPES 1
| #define _DARWIN_C_SOURCE 1
| #define _XOPEN_SOURCE 600
| #define _XOPEN_SOURCE_EXTENDED 1
| #define _POSIX_C_SOURCE 200112L
| #define HAVE_DIRENT_H 1
| #define TIME_WITH_SYS_TIME 1
| #define HAVE_SYS_WAIT_H 1
| #define STDC_HEADERS 1
| #define HAVE_SYS_TYPES_H 1
| #define HAVE_SYS_STAT_H 1
| #define HAVE_STDLIB_H 1
| #define HAVE_STRING_H 1
| #define HAVE_MEMORY_H 1
| #define HAVE_STRINGS_H 1
| #define HAVE_INTTYPES_H 1
| #define HAVE_STDINT_H 1
| #define HAVE_UNISTD_H 1
| #define HAVE_LONG_LONG 1
| #define HAVE_CTYPE_H 1
| #define HAVE_PWD_H 1
| #define HAVE_STDLIB_H 1
| #define HAVE_STRING_H 1
| #define HAVE_STRINGS_H 1
| #define HAVE_SYS_TIME_H 1
| #define HAVE_SYS_MMAN_H 1
| #define HAVE_TERMIOS_H 1
| #define HAVE_GETHOSTNAME 1
| #define HAVE_GETOPT_LONG 1
| #define HAVE_GETPWUID 1
| #define HAVE_GETTIMEOFDAY 1
| #define HAVE_MKSTEMP 1
| #define HAVE_REALPATH 1
| #define HAVE_STRNDUP 1
| #define HAVE_STRTOK_R 1
| #define HAVE_UNSETENV 1
| #define HAVE_UTIMES 1
| #define HAVE_COMPAR_FN_T 1
| #define HAVE_STDARG_H 1
| #define HAVE_UNSIGNED_LONG_LONG_INT 1
| #define HAVE_VSNPRINTF 1
| #define HAVE_SNPRINTF 1
| #define HAVE_VASPRINTF 1
| #define HAVE_ASPRINTF 1
| /* end confdefs.h.  */
| 
|         extern inline double foo(double x);
|         extern inline double foo(double x) { return x+1.0; };
|         double foo (double x) { return x + 1.0; };
| 
| int
| main ()
| {
| foo(1.0)
|   ;
|   return 0;
| }
configure:6199: result: no
configure:6218: developer mode disabled
configure:6347: creating ./config.status

## ---------------------- ##
## Running config.status. ##
## ---------------------- ##

This file was extended by config.status, which was
generated by GNU Autoconf 2.69.  Invocation command line was

  CONFIG_FILES    = 
  CONFIG_HEADERS  = 
  CONFIG_LINKS    = 
  CONFIG_COMMANDS = 
  $ ./config.status 

on vmware

config.status:856: creating Makefile
config.status:856: creating config.h
configure:7508: WARNING: unrecognized options: --disable-static, --enable-shared
configure:7521: now build ccache by running make

## ---------------- ##
## Cache variables. ##
## ---------------- ##

ac_cv_build=x86_64-pc-linux-gnu
ac_cv_c_bigendian=no
ac_cv_c_compiler_gnu=yes
ac_cv_c_extern_inline=no
ac_cv_c_inline=inline
ac_cv_env_CC_set=set
ac_cv_env_CC_value=/usr/bin/gcc
ac_cv_env_CFLAGS_set=set
ac_cv_env_CFLAGS_value='-march=westmere -mtune=haswell -O2 -pipe -I/home/user/-f2fs/oe/build.OE-Generic.x86_64-9.0-devel/toolchain/include -Wno-format-security'
ac_cv_env_CPPFLAGS_set=set
ac_cv_env_CPPFLAGS_value=
ac_cv_env_CPP_set=set
ac_cv_env_CPP_value=cpp
ac_cv_env_LDFLAGS_set=set
ac_cv_env_LDFLAGS_value='-Wl,-rpath,/home/user/-f2fs/oe/build.OE-Generic.x86_64-9.0-devel/toolchain/lib -L/home/user/-f2fs/oe/build.OE-Generic.x86_64-9.0-devel/toolchain/lib -s'
ac_cv_env_LIBS_set=
ac_cv_env_LIBS_value=
ac_cv_env_build_alias_set=set
ac_cv_env_build_alias_value=x86_64-linux-gnu
ac_cv_env_host_alias_set=set
ac_cv_env_host_alias_value=x86_64-linux-gnu
ac_cv_env_target_alias_set=
ac_cv_env_target_alias_value=
ac_cv_func_asprintf=yes
ac_cv_func_gethostname=yes
ac_cv_func_getopt_long=yes
ac_cv_func_getpwuid=yes
ac_cv_func_gettimeofday=yes
ac_cv_func_mkstemp=yes
ac_cv_func_realpath=yes
ac_cv_func_snprintf=yes
ac_cv_func_strndup=yes
ac_cv_func_strtok_r=yes
ac_cv_func_unsetenv=yes
ac_cv_func_utimes=yes
ac_cv_func_vasprintf=yes
ac_cv_func_vsnprintf=yes
ac_cv_header_ctype_h=yes
ac_cv_header_dirent_dirent_h=yes
ac_cv_header_inttypes_h=yes
ac_cv_header_memory_h=yes
ac_cv_header_pwd_h=yes
ac_cv_header_stdarg_h=yes
ac_cv_header_stdc=yes
ac_cv_header_stdint_h=yes
ac_cv_header_stdlib_h=yes
ac_cv_header_string_h=yes
ac_cv_header_strings_h=yes
ac_cv_header_sys_mman_h=yes
ac_cv_header_sys_stat_h=yes
ac_cv_header_sys_time_h=yes
ac_cv_header_sys_types_h=yes
ac_cv_header_sys_wait_h=yes
ac_cv_header_termios_h=yes
ac_cv_header_time=yes
ac_cv_header_unistd_h=yes
ac_cv_header_varargs_h=no
ac_cv_host=x86_64-pc-linux-gnu
ac_cv_objext=o
ac_cv_path_BASH=/bin/sh
ac_cv_path_EGREP='/bin/grep -E'
ac_cv_path_GREP=/bin/grep
ac_cv_path_install='/usr/bin/install -c'
ac_cv_prog_AR=ar
ac_cv_prog_CC=/usr/bin/gcc
ac_cv_prog_CPP=cpp
ac_cv_prog_RANLIB=ranlib
ac_cv_prog_cc_c89=
ac_cv_prog_cc_c99=
ac_cv_prog_cc_g=yes
ac_cv_search_cos=-lm
ac_cv_search_opendir='none required'
ac_cv_type_long_long=yes
ac_cv_type_unsigned_long_long_int=yes
ccache_cv_COMPAR_FN_T=yes
hw_cv_func_asprintf=yes
hw_cv_func_snprintf=yes
hw_cv_func_snprintf_c99=yes
hw_cv_func_vasprintf=yes
hw_cv_func_vsnprintf=yes
hw_cv_func_vsnprintf_c99=yes

## ----------------- ##
## Output variables. ##
## ----------------- ##

AR='ar'
BASH='/bin/sh'
CC='/usr/bin/gcc'
CFLAGS='-march=westmere -mtune=haswell -O2 -pipe -I/home/user/-f2fs/oe/build.OE-Generic.x86_64-9.0-devel/toolchain/include -Wno-format-security -Wall -W'
CPP='cpp'
CPPFLAGS=' -I$(srcdir)/src/zlib'
DEFS='-DHAVE_CONFIG_H'
ECHO_C=''
ECHO_N='-n'
ECHO_T=''
EGREP='/bin/grep -E'
EXEEXT=''
GREP='/bin/grep'
INSTALL_DATA='${INSTALL} -m 644'
INSTALL_PROGRAM='${INSTALL}'
INSTALL_SCRIPT='${INSTALL}'
LDFLAGS='-Wl,-rpath,/home/user/-f2fs/oe/build.OE-Generic.x86_64-9.0-devel/toolchain/lib -L/home/user/-f2fs/oe/build.OE-Generic.x86_64-9.0-devel/toolchain/lib -s'
LIBOBJS=''
LIBS='-lm '
LTLIBOBJS=''
OBJEXT='o'
PACKAGE_BUGREPORT=''
PACKAGE_NAME=''
PACKAGE_STRING=''
PACKAGE_TARNAME=''
PACKAGE_URL=''
PACKAGE_VERSION=''
PATH_SEPARATOR=':'
RANLIB='ranlib'
SHELL='/bin/sh'
ac_ct_CC=''
bindir='/home/user/-f2fs/oe/build.OE-Generic.x86_64-9.0-devel/toolchain/bin'
build='x86_64-pc-linux-gnu'
build_alias='x86_64-linux-gnu'
build_cpu='x86_64'
build_os='linux-gnu'
build_vendor='pc'
datadir='${datarootdir}'
datarootdir='${prefix}/share'
docdir='${datarootdir}/doc/${PACKAGE}'
dvidir='${docdir}'
exec_prefix='${prefix}'
extra_libs='src/zlib/libz.a'
host='x86_64-pc-linux-gnu'
host_alias='x86_64-linux-gnu'
host_cpu='x86_64'
host_os='linux-gnu'
host_vendor='pc'
htmldir='${docdir}'
include_dev_mk=''
includedir='${prefix}/include'
infodir='${datarootdir}/info'
libdir='${exec_prefix}/lib'
libexecdir='/home/user/-f2fs/oe/build.OE-Generic.x86_64-9.0-devel/toolchain/lib'
localedir='${datarootdir}/locale'
localstatedir='/home/user/-f2fs/oe/build.OE-Generic.x86_64-9.0-devel/toolchain/var'
mandir='${datarootdir}/man'
oldincludedir='/usr/include'
pdfdir='${docdir}'
prefix='/home/user/-f2fs/oe/build.OE-Generic.x86_64-9.0-devel/toolchain'
program_transform_name='s,x,x,'
psdir='${docdir}'
runstatedir='${localstatedir}/run'
sbindir='/home/user/-f2fs/oe/build.OE-Generic.x86_64-9.0-devel/toolchain/sbin'
sharedstatedir='${prefix}/com'
sysconfdir='/home/user/-f2fs/oe/build.OE-Generic.x86_64-9.0-devel/toolchain/etc'
target_alias=''
test_suites='unittest/test_args.c unittest/test_argument_processing.c unittest/test_compopt.c unittest/test_conf.c unittest/test_counters.c unittest/test_hash.c unittest/test_hashutil.c unittest/test_lockfile.c unittest/test_stats.c unittest/test_util.c'

## ----------- ##
## confdefs.h. ##
## ----------- ##

/* confdefs.h */
#define PACKAGE_NAME ""
#define PACKAGE_TARNAME ""
#define PACKAGE_VERSION ""
#define PACKAGE_STRING ""
#define PACKAGE_BUGREPORT ""
#define PACKAGE_URL ""
#define _GNU_SOURCE 1
#define _NETBSD_SOURCE 1
#define __BSD_VISIBLE 1
#define _BSD_TYPES 1
#define _DARWIN_C_SOURCE 1
#define _XOPEN_SOURCE 600
#define _XOPEN_SOURCE_EXTENDED 1
#define _POSIX_C_SOURCE 200112L
#define HAVE_DIRENT_H 1
#define TIME_WITH_SYS_TIME 1
#define HAVE_SYS_WAIT_H 1
#define STDC_HEADERS 1
#define HAVE_SYS_TYPES_H 1
#define HAVE_SYS_STAT_H 1
#define HAVE_STDLIB_H 1
#define HAVE_STRING_H 1
#define HAVE_MEMORY_H 1
#define HAVE_STRINGS_H 1
#define HAVE_INTTYPES_H 1
#define HAVE_STDINT_H 1
#define HAVE_UNISTD_H 1
#define HAVE_LONG_LONG 1
#define HAVE_CTYPE_H 1
#define HAVE_PWD_H 1
#define HAVE_STDLIB_H 1
#define HAVE_STRING_H 1
#define HAVE_STRINGS_H 1
#define HAVE_SYS_TIME_H 1
#define HAVE_SYS_MMAN_H 1
#define HAVE_TERMIOS_H 1
#define HAVE_GETHOSTNAME 1
#define HAVE_GETOPT_LONG 1
#define HAVE_GETPWUID 1
#define HAVE_GETTIMEOFDAY 1
#define HAVE_MKSTEMP 1
#define HAVE_REALPATH 1
#define HAVE_STRNDUP 1
#define HAVE_STRTOK_R 1
#define HAVE_UNSETENV 1
#define HAVE_UTIMES 1
#define HAVE_COMPAR_FN_T 1
#define HAVE_STDARG_H 1
#define HAVE_UNSIGNED_LONG_LONG_INT 1
#define HAVE_VSNPRINTF 1
#define HAVE_SNPRINTF 1
#define HAVE_VASPRINTF 1
#define HAVE_ASPRINTF 1

configure: exit 0
