This file contains any messages produced by compilers while
running configure, to aid debugging if configure makes a mistake.

It was created by gettext-examples configure 0.19.8.1, which was
generated by GNU Autoconf 2.69.  Invocation command line was

  $ ./configure --disable-option-checking --prefix=/usr --enable-threads --disable-csharp --build=x86_64-linux-gnu --host=x86_64-linux-gnu --disable-native-java CC=x86_64-linux-gnu-gcc CFLAGS=-g -O2 -fdebug-prefix-map=/root/-f2fs/oe/gettext-0.19.8.1=. -fstack-protector-strong -Wall JAVAC=/usr/lib/jvm/default-java/bin/javac CPPFLAGS=-Wdate-time -D_FORTIFY_SOURCE=2 CXXFLAGS=-g -O2 -fdebug-prefix-map=/root/-f2fs/oe/gettext-0.19.8.1=. -fstack-protector-strong -Wall LDFLAGS=-Wl,-Bsymbolic-functions -Wl,-z,relro build_alias=x86_64-linux-gnu host_alias=x86_64-linux-gnu --cache-file=/dev/null --srcdir=.

## --------- ##
## Platform. ##
## --------- ##

hostname = ubuntu
uname -m = x86_64
uname -r = 4.8.0-28-generic
uname -s = Linux
uname -v = #30-Ubuntu SMP Fri Nov 11 14:03:52 UTC 2016

/usr/bin/uname -p = unknown
/bin/uname -X     = unknown

/bin/arch              = unknown
/usr/bin/arch -k       = unknown
/usr/convex/getsysinfo = unknown
/usr/bin/hostinfo      = unknown
/bin/machine           = unknown
/usr/bin/oslevel       = unknown
/bin/universe          = unknown

PATH: /root/go/bin
PATH: /usr/local/sbin
PATH: /usr/local/bin
PATH: /usr/sbin
PATH: /usr/bin
PATH: /sbin
PATH: /bin
PATH: /usr/games
PATH: /usr/local/games
PATH: /root/.bin
PATH: /root/.binm
PATH: /root/.go/bin
PATH: /root/.fzf/bin


## ----------- ##
## Core tests. ##
## ----------- ##

configure:1782: checking for a BSD-compatible install
configure:1850: result: /usr/bin/install -c
configure:1861: checking whether build environment is sane
configure:1916: result: yes
configure:2067: checking for a thread-safe mkdir -p
configure:2106: result: /bin/mkdir -p
configure:2113: checking for gawk
configure:2129: found /usr/bin/gawk
configure:2140: result: gawk
configure:2151: checking whether make sets $(MAKE)
configure:2173: result: yes
configure:2202: checking whether make supports nested variables
configure:2219: result: yes
configure:2348: checking for a sed that does not truncate output
configure:2412: result: /bin/sed
configure:2418: checking whether NLS is requested
configure:2427: result: yes
configure:2467: checking for msgfmt
configure: trying /usr/bin/msgfmt...
0 translated messages.
configure:2499: result: /usr/bin/msgfmt
configure:2508: checking for gmsgfmt
configure:2539: result: /usr/bin/msgfmt
configure:2589: checking for xgettext
configure: trying /usr/bin/xgettext...
/usr/bin/xgettext: warning: file '/dev/null' extension '' is unknown; will try C
configure:2621: result: /usr/bin/xgettext
configure:2666: checking for msgmerge
configure: trying /usr/bin/msgmerge...
configure:2697: result: /usr/bin/msgmerge
configure:2870: checking that generated files are newer than configure
configure:2876: result: done
configure:2884: creating ./config.status

## ---------------------- ##
## Running config.status. ##
## ---------------------- ##

This file was extended by gettext-examples config.status 0.19.8.1, which was
generated by GNU Autoconf 2.69.  Invocation command line was

  CONFIG_FILES    = 
  CONFIG_HEADERS  = 
  CONFIG_LINKS    = 
  CONFIG_COMMANDS = 
  $ ./config.status 

on ubuntu

config.status:774: creating Makefile
config.status:774: creating installpaths
config.status:774: creating po/Makefile
config.status:946: executing po-directories commands

## ---------------- ##
## Cache variables. ##
## ---------------- ##

ac_cv_env_build_alias_set=set
ac_cv_env_build_alias_value=x86_64-linux-gnu
ac_cv_env_host_alias_set=set
ac_cv_env_host_alias_value=x86_64-linux-gnu
ac_cv_env_target_alias_set=
ac_cv_env_target_alias_value=
ac_cv_path_GMSGFMT=/usr/bin/msgfmt
ac_cv_path_MSGFMT=/usr/bin/msgfmt
ac_cv_path_MSGMERGE=/usr/bin/msgmerge
ac_cv_path_SED=/bin/sed
ac_cv_path_XGETTEXT=/usr/bin/xgettext
ac_cv_path_install='/usr/bin/install -c'
ac_cv_path_mkdir=/bin/mkdir
ac_cv_prog_AWK=gawk
ac_cv_prog_make_make_set=yes
am_cv_make_support_nested_variables=yes

## ----------------- ##
## Output variables. ##
## ----------------- ##

ACLOCAL='${SHELL} /root/-f2fs/oe/gettext-0.19.8.1/build-aux/missing aclocal-1.15'
AMTAR='$${TAR-tar}'
AM_BACKSLASH='\'
AM_DEFAULT_V='$(AM_DEFAULT_VERBOSITY)'
AM_DEFAULT_VERBOSITY='1'
AM_V='$(V)'
AUTOCONF='${SHELL} /root/-f2fs/oe/gettext-0.19.8.1/build-aux/missing autoconf'
AUTOHEADER='${SHELL} /root/-f2fs/oe/gettext-0.19.8.1/build-aux/missing autoheader'
AUTOMAKE='${SHELL} /root/-f2fs/oe/gettext-0.19.8.1/build-aux/missing automake-1.15'
AWK='gawk'
CYGPATH_W='echo'
DEFS='-DPACKAGE_NAME=\"gettext-examples\" -DPACKAGE_TARNAME=\"gettext-examples\" -DPACKAGE_VERSION=\"0.19.8.1\" -DPACKAGE_STRING=\"gettext-examples\ 0.19.8.1\" -DPACKAGE_BUGREPORT=\"bug-gnu-gettext@gnu.org\" -DPACKAGE_URL=\"\" -DPACKAGE=\"gettext-examples\" -DVERSION=\"0.19.8.1\"'
ECHO_C=''
ECHO_N='-n'
ECHO_T=''
GETTEXT_MACRO_VERSION='0.19'
GMSGFMT='/usr/bin/msgfmt'
GMSGFMT_015='/usr/bin/msgfmt'
INSTALL_DATA='${INSTALL} -m 644'
INSTALL_PROGRAM='${INSTALL}'
INSTALL_SCRIPT='${INSTALL}'
INSTALL_STRIP_PROGRAM='$(install_sh) -c -s'
LIBOBJS=''
LIBS=''
LTLIBOBJS=''
MAKEINFO='${SHELL} /root/-f2fs/oe/gettext-0.19.8.1/build-aux/missing makeinfo'
MKDIR_P='/bin/mkdir -p'
MSGFMT='/usr/bin/msgfmt'
MSGFMT_015='/usr/bin/msgfmt'
MSGMERGE='/usr/bin/msgmerge'
PACKAGE='gettext-examples'
PACKAGE_BUGREPORT='bug-gnu-gettext@gnu.org'
PACKAGE_NAME='gettext-examples'
PACKAGE_STRING='gettext-examples 0.19.8.1'
PACKAGE_TARNAME='gettext-examples'
PACKAGE_URL=''
PACKAGE_VERSION='0.19.8.1'
PATH_SEPARATOR=':'
SED='/bin/sed'
SET_MAKE=''
SHELL='/bin/bash'
STRIP=''
USE_NLS='yes'
VERSION='0.19.8.1'
XGETTEXT='/usr/bin/xgettext'
XGETTEXT_015='/usr/bin/xgettext'
XGETTEXT_EXTRA_OPTIONS=''
aclocaldir='${datadir}/aclocal'
am__isrc=''
am__leading_dot='.'
am__tar='$${TAR-tar} chof - "$$tardir"'
am__untar='$${TAR-tar} xf -'
bindir='${exec_prefix}/bin'
build_alias='x86_64-linux-gnu'
datadir='${datarootdir}'
datarootdir='${prefix}/share'
docdir='${datarootdir}/doc/gettext'
dvidir='${docdir}'
exec_prefix='${prefix}'
host_alias='x86_64-linux-gnu'
htmldir='${docdir}'
includedir='${prefix}/include'
infodir='${datarootdir}/info'
install_sh='${SHELL} /root/-f2fs/oe/gettext-0.19.8.1/build-aux/install-sh'
libdir='${exec_prefix}/lib'
libexecdir='${exec_prefix}/libexec'
localedir='${datarootdir}/locale'
localstatedir='${prefix}/var'
mandir='${datarootdir}/man'
mkdir_p='$(MKDIR_P)'
oldincludedir='/usr/include'
pdfdir='${docdir}'
prefix='/usr'
program_transform_name='s,x,x,'
psdir='${docdir}'
runstatedir='${localstatedir}/run'
sbindir='${exec_prefix}/sbin'
sharedstatedir='${prefix}/com'
sysconfdir='${prefix}/etc'
target_alias=''

## ----------- ##
## confdefs.h. ##
## ----------- ##

/* confdefs.h */
#define PACKAGE_NAME "gettext-examples"
#define PACKAGE_TARNAME "gettext-examples"
#define PACKAGE_VERSION "0.19.8.1"
#define PACKAGE_STRING "gettext-examples 0.19.8.1"
#define PACKAGE_BUGREPORT "bug-gnu-gettext@gnu.org"
#define PACKAGE_URL ""
#define PACKAGE "gettext-examples"
#define VERSION "0.19.8.1"

configure: exit 0
