This file contains any messages produced by compilers while
running configure, to aid debugging if configure makes a mistake.

It was created by gettext-examples configure 0.19.8.1, which was
generated by GNU Autoconf 2.69.  Invocation command line was

  $ /home/user/-f2fs/oe/build.OE-Generic.x86_64-9.0-devel/gettext-0.19.8.1/gettext-tools/examples/configure --disable-option-checking --prefix=/home/user/-f2fs/oe/build.OE-Generic.x86_64-9.0-devel/toolchain --host=x86_64-pc-linux-gnu --build=x86_64-pc-linux-gnu --bindir=/home/user/-f2fs/oe/build.OE-Generic.x86_64-9.0-devel/toolchain/bin --sbindir=/home/user/-f2fs/oe/build.OE-Generic.x86_64-9.0-devel/toolchain/sbin --sysconfdir=/home/user/-f2fs/oe/build.OE-Generic.x86_64-9.0-devel/toolchain/etc --libexecdir=/home/user/-f2fs/oe/build.OE-Generic.x86_64-9.0-devel/toolchain/lib --localstatedir=/home/user/-f2fs/oe/build.OE-Generic.x86_64-9.0-devel/toolchain/var --disable-static --enable-shared --enable-silent-rules --enable-static --disable-shared --disable-rpath --with-gnu-ld --disable-java --disable-curses --disable-nls --with-xz --without-included-gettext --disable-native-java --disable-csharp --without-emacs build_alias=x86_64-pc-linux-gnu host_alias=x86_64-pc-linux-gnu CC=/home/user/-f2fs/oe/build.OE-Generic.x86_64-9.0-devel/toolchain/bin/host-gcc CFLAGS=-O2 -I/home/user/-f2fs/oe/build.OE-Generic.x86_64-9.0-devel/toolchain/include -fdiagnostics-color=always -Wno-format-security LDFLAGS=-Wl,-rpath,/home/user/-f2fs/oe/build.OE-Generic.x86_64-9.0-devel/toolchain/lib -L/home/user/-f2fs/oe/build.OE-Generic.x86_64-9.0-devel/toolchain/lib CPPFLAGS= CPP=cpp CXX=/home/user/-f2fs/oe/build.OE-Generic.x86_64-9.0-devel/toolchain/bin/host-g++ CXXFLAGS=-O2 -I/home/user/-f2fs/oe/build.OE-Generic.x86_64-9.0-devel/toolchain/include -fdiagnostics-color=always -Wno-format-security --cache-file=/dev/null --srcdir=/home/user/-f2fs/oe/build.OE-Generic.x86_64-9.0-devel/gettext-0.19.8.1/gettext-tools/examples

## --------- ##
## Platform. ##
## --------- ##

hostname = vmware
uname -m = x86_64
uname -r = 4.18.0-zen1-1-zen
uname -s = Linux
uname -v = #1 ZEN SMP PREEMPT Mon Aug 13 20:46:26 UTC 2018

/usr/bin/uname -p = unknown
/bin/uname -X     = unknown

/bin/arch              = unknown
/usr/bin/arch -k       = unknown
/usr/convex/getsysinfo = unknown
/usr/bin/hostinfo      = unknown
/bin/machine           = unknown
/usr/bin/oslevel       = unknown
/bin/universe          = unknown

PATH: /home/user/-f2fs/oe/build.OE-Generic.x86_64-9.0-devel/toolchain/bin
PATH: /home/user/-f2fs/oe/build.OE-Generic.x86_64-9.0-devel/toolchain/sbin
PATH: /home/user/go/bin
PATH: /home/user/.bin
PATH: /home/user/.go/bin
PATH: /bin
PATH: /sbin
PATH: /opt
PATH: /usr/local/sbin
PATH: /usr/local/bin
PATH: /usr/bin
PATH: /usr/lib/jvm/default/bin
PATH: /usr/bin/site_perl
PATH: /usr/bin/vendor_perl
PATH: /usr/bin/core_perl
PATH: /home/user/.fzf/bin


## ----------- ##
## Core tests. ##
## ----------- ##

configure:1782: checking for a BSD-compatible install
configure:1850: result: /bin/install -c
configure:1861: checking whether build environment is sane
configure:1916: result: yes
configure:2067: checking for a thread-safe mkdir -p
configure:2106: result: /bin/mkdir -p
configure:2113: checking for gawk
configure:2140: result: gawk
configure:2151: checking whether make sets $(MAKE)
configure:2173: result: yes
configure:2202: checking whether make supports nested variables
configure:2219: result: yes
configure:2348: checking for a sed that does not truncate output
configure:2412: result: /home/user/-f2fs/oe/build.OE-Generic.x86_64-9.0-devel/toolchain/bin/sed
configure:2418: checking whether NLS is requested
configure:2427: result: no
configure:2467: checking for msgfmt
configure: trying /bin/msgfmt...
0 translated messages.
configure:2499: result: /bin/msgfmt
configure:2508: checking for gmsgfmt
configure:2539: result: /bin/msgfmt
configure:2589: checking for xgettext
configure: trying /bin/xgettext...
/bin/xgettext: warning: file '/dev/null' extension '' is unknown; will try C
configure:2621: result: /bin/xgettext
configure:2666: checking for msgmerge
configure: trying /bin/msgmerge...
configure:2697: result: /bin/msgmerge
configure:2870: checking that generated files are newer than configure
configure:2876: result: done
configure:2884: creating ./config.status

## ---------------------- ##
## Running config.status. ##
## ---------------------- ##

This file was extended by gettext-examples config.status 0.19.8.1, which was
generated by GNU Autoconf 2.69.  Invocation command line was

  CONFIG_FILES    = 
  CONFIG_HEADERS  = 
  CONFIG_LINKS    = 
  CONFIG_COMMANDS = 
  $ ./config.status 

on vmware

config.status:774: creating Makefile
config.status:774: creating installpaths
config.status:774: creating po/Makefile
config.status:931: executing po-directories commands

## ---------------- ##
## Cache variables. ##
## ---------------- ##

ac_cv_env_build_alias_set=set
ac_cv_env_build_alias_value=x86_64-pc-linux-gnu
ac_cv_env_host_alias_set=set
ac_cv_env_host_alias_value=x86_64-pc-linux-gnu
ac_cv_env_target_alias_set=
ac_cv_env_target_alias_value=
ac_cv_path_GMSGFMT=/bin/msgfmt
ac_cv_path_MSGFMT=/bin/msgfmt
ac_cv_path_MSGMERGE=/bin/msgmerge
ac_cv_path_SED=/home/user/-f2fs/oe/build.OE-Generic.x86_64-9.0-devel/toolchain/bin/sed
ac_cv_path_XGETTEXT=/bin/xgettext
ac_cv_path_install='/bin/install -c'
ac_cv_path_mkdir=/bin/mkdir
ac_cv_prog_AWK=gawk
ac_cv_prog_make_make_set=yes
am_cv_make_support_nested_variables=yes

## ----------------- ##
## Output variables. ##
## ----------------- ##

ACLOCAL='${SHELL} /home/user/-f2fs/oe/build.OE-Generic.x86_64-9.0-devel/gettext-0.19.8.1/build-aux/missing aclocal-1.15'
AMTAR='$${TAR-tar}'
AM_BACKSLASH='\'
AM_DEFAULT_V='$(AM_DEFAULT_VERBOSITY)'
AM_DEFAULT_VERBOSITY='0'
AM_V='$(V)'
AUTOCONF='${SHELL} /home/user/-f2fs/oe/build.OE-Generic.x86_64-9.0-devel/gettext-0.19.8.1/build-aux/missing autoconf'
AUTOHEADER='${SHELL} /home/user/-f2fs/oe/build.OE-Generic.x86_64-9.0-devel/gettext-0.19.8.1/build-aux/missing autoheader'
AUTOMAKE='${SHELL} /home/user/-f2fs/oe/build.OE-Generic.x86_64-9.0-devel/gettext-0.19.8.1/build-aux/missing automake-1.15'
AWK='gawk'
CYGPATH_W='echo'
DEFS='-DPACKAGE_NAME=\"gettext-examples\" -DPACKAGE_TARNAME=\"gettext-examples\" -DPACKAGE_VERSION=\"0.19.8.1\" -DPACKAGE_STRING=\"gettext-examples\ 0.19.8.1\" -DPACKAGE_BUGREPORT=\"bug-gnu-gettext@gnu.org\" -DPACKAGE_URL=\"\" -DPACKAGE=\"gettext-examples\" -DVERSION=\"0.19.8.1\"'
ECHO_C=''
ECHO_N='-n'
ECHO_T=''
GETTEXT_MACRO_VERSION='0.19'
GMSGFMT='/bin/msgfmt'
GMSGFMT_015='/bin/msgfmt'
INSTALL_DATA='${INSTALL} -m 644'
INSTALL_PROGRAM='${INSTALL}'
INSTALL_SCRIPT='${INSTALL}'
INSTALL_STRIP_PROGRAM='$(install_sh) -c -s'
LIBOBJS=''
LIBS=''
LTLIBOBJS=''
MAKEINFO='${SHELL} /home/user/-f2fs/oe/build.OE-Generic.x86_64-9.0-devel/gettext-0.19.8.1/build-aux/missing makeinfo'
MKDIR_P='/bin/mkdir -p'
MSGFMT='/bin/msgfmt'
MSGFMT_015='/bin/msgfmt'
MSGMERGE='/bin/msgmerge'
PACKAGE='gettext-examples'
PACKAGE_BUGREPORT='bug-gnu-gettext@gnu.org'
PACKAGE_NAME='gettext-examples'
PACKAGE_STRING='gettext-examples 0.19.8.1'
PACKAGE_TARNAME='gettext-examples'
PACKAGE_URL=''
PACKAGE_VERSION='0.19.8.1'
PATH_SEPARATOR=':'
SED='/home/user/-f2fs/oe/build.OE-Generic.x86_64-9.0-devel/toolchain/bin/sed'
SET_MAKE=''
SHELL='/bin/sh'
STRIP='strip'
USE_NLS='no'
VERSION='0.19.8.1'
XGETTEXT='/bin/xgettext'
XGETTEXT_015='/bin/xgettext'
XGETTEXT_EXTRA_OPTIONS=''
aclocaldir='${datadir}/aclocal'
am__isrc=' -I$(srcdir)'
am__leading_dot='.'
am__tar='$${TAR-tar} chof - "$$tardir"'
am__untar='$${TAR-tar} xf -'
bindir='/home/user/-f2fs/oe/build.OE-Generic.x86_64-9.0-devel/toolchain/bin'
build_alias='x86_64-pc-linux-gnu'
datadir='${datarootdir}'
datarootdir='${prefix}/share'
docdir='${datarootdir}/doc/gettext'
dvidir='${docdir}'
exec_prefix='${prefix}'
host_alias='x86_64-pc-linux-gnu'
htmldir='${docdir}'
includedir='${prefix}/include'
infodir='${datarootdir}/info'
install_sh='${SHELL} /home/user/-f2fs/oe/build.OE-Generic.x86_64-9.0-devel/gettext-0.19.8.1/build-aux/install-sh'
libdir='${exec_prefix}/lib'
libexecdir='/home/user/-f2fs/oe/build.OE-Generic.x86_64-9.0-devel/toolchain/lib'
localedir='${datarootdir}/locale'
localstatedir='/home/user/-f2fs/oe/build.OE-Generic.x86_64-9.0-devel/toolchain/var'
mandir='${datarootdir}/man'
mkdir_p='$(MKDIR_P)'
oldincludedir='/usr/include'
pdfdir='${docdir}'
prefix='/home/user/-f2fs/oe/build.OE-Generic.x86_64-9.0-devel/toolchain'
program_transform_name='s,x,x,'
psdir='${docdir}'
runstatedir='${localstatedir}/run'
sbindir='/home/user/-f2fs/oe/build.OE-Generic.x86_64-9.0-devel/toolchain/sbin'
sharedstatedir='${prefix}/com'
sysconfdir='/home/user/-f2fs/oe/build.OE-Generic.x86_64-9.0-devel/toolchain/etc'
target_alias=''

## ----------- ##
## confdefs.h. ##
## ----------- ##

/* confdefs.h */
#define PACKAGE_NAME "gettext-examples"
#define PACKAGE_TARNAME "gettext-examples"
#define PACKAGE_VERSION "0.19.8.1"
#define PACKAGE_STRING "gettext-examples 0.19.8.1"
#define PACKAGE_BUGREPORT "bug-gnu-gettext@gnu.org"
#define PACKAGE_URL ""
#define PACKAGE "gettext-examples"
#define VERSION "0.19.8.1"

configure: exit 0
