This file contains any messages produced by compilers while
running configure, to aid debugging if configure makes a mistake.

It was created by connman configure 1.33, which was
generated by GNU Autoconf 2.69.  Invocation command line was

  $ /root/-f2fs/oe/build.OE-Generic.x86_64-8.0-devel/connman-1.33/configure --host=x86_64-openelec-linux-gnu --build=x86_64-linux-gnu --prefix=/usr --bindir=/usr/bin --sbindir=/usr/sbin --sysconfdir=/etc --libexecdir=/usr/lib --localstatedir=/var --disable-static --enable-shared --enable-silent-rules WPASUPPLICANT=/usr/bin/wpa_supplicant --disable-gtk-doc --srcdir=.. --disable-debug --disable-hh2serial-gps --disable-openconnect --disable-openvpn --disable-vpnc --disable-l2tp --disable-pptp --disable-iospm --disable-tist --disable-session-policy-local --disable-test --disable-nmcompat --disable-polkit --disable-selinux --enable-loopback --enable-ethernet --disable-gadget --enable-wifi --disable-bluetooth --disable-ofono --disable-dundee --disable-pacrunner --disable-neard --disable-wispr --disable-tools --enable-client --enable-datafiles --with-dbusconfdir=/etc --with-systemdunitdir=/usr/lib/systemd/system --disable-silent-rules

## --------- ##
## Platform. ##
## --------- ##

hostname = debian
uname -m = x86_64
uname -r = 4.9.0-1-amd64
uname -s = Linux
uname -v = #1 SMP Debian 4.9.6-3 (2017-01-28)

/usr/bin/uname -p = unknown
/bin/uname -X     = unknown

/bin/arch              = unknown
/usr/bin/arch -k       = unknown
/usr/convex/getsysinfo = unknown
/usr/bin/hostinfo      = unknown
/bin/machine           = unknown
/usr/bin/oslevel       = unknown
/bin/universe          = unknown

PATH: /root/-f2fs/oe/build.OE-Generic.x86_64-8.0-devel/toolchain/lib/ccache
PATH: /root/-f2fs/oe/build.OE-Generic.x86_64-8.0-devel/toolchain/bin
PATH: /root/-f2fs/oe/build.OE-Generic.x86_64-8.0-devel/toolchain/sbin
PATH: /root/-f2fs/oe/build.OE-Generic.x86_64-8.0-devel/toolchain/lib/ccache
PATH: /root/-f2fs/oe/build.OE-Generic.x86_64-8.0-devel/toolchain/bin
PATH: /root/-f2fs/oe/build.OE-Generic.x86_64-8.0-devel/toolchain/sbin
PATH: /root/-f2fs/oe/build.OE-Generic.x86_64-8.0-devel/toolchain/lib/ccache
PATH: /root/-f2fs/oe/build.OE-Generic.x86_64-8.0-devel/toolchain/bin
PATH: /root/-f2fs/oe/build.OE-Generic.x86_64-8.0-devel/toolchain/sbin
PATH: /root/-f2fs/oe/build.OE-Generic.x86_64-8.0-devel/toolchain/lib/ccache
PATH: /root/-f2fs/oe/build.OE-Generic.x86_64-8.0-devel/toolchain/bin
PATH: /root/-f2fs/oe/build.OE-Generic.x86_64-8.0-devel/toolchain/sbin
PATH: /root/go/bin
PATH: /usr/local/sbin
PATH: /usr/local/bin
PATH: /usr/sbin
PATH: /usr/bin
PATH: /sbin
PATH: /bin
PATH: /root/.bin
PATH: /root/.binm
PATH: /root/.go/bin
PATH: /root/.fzf/bin


## ----------- ##
## Core tests. ##
## ----------- ##

configure:2473: checking for a BSD-compatible install
configure:2541: result: /usr/bin/install -c
configure:2552: checking whether build environment is sane
configure:2607: result: yes
configure:2666: checking for x86_64-openelec-linux-gnu-strip
configure:2693: result: x86_64-openelec-linux-gnu-strip
configure:2758: checking for a thread-safe mkdir -p
configure:2797: result: /bin/mkdir -p
configure:2804: checking for gawk
configure:2820: found /usr/bin/gawk
configure:2831: result: gawk
configure:2842: checking whether make sets $(MAKE)
configure:2864: result: yes
configure:2893: checking whether make supports nested variables
configure:2910: result: yes
configure:3050: checking whether make supports nested variables
configure:3067: result: yes
configure:3080: checking whether to enable maintainer-specific portions of Makefiles
configure:3089: result: no
configure:3214: checking pkg-config is at least version 0.9.0
configure:3217: result: yes
configure:3260: checking for x86_64-openelec-linux-gnu-gcc
configure:3287: result: x86_64-openelec-linux-gnu-gcc
configure:3556: checking for C compiler version
configure:3565: x86_64-openelec-linux-gnu-gcc --version >&5
x86_64-openelec-linux-gnu-gcc (GCC) 6.3.0
Copyright (C) 2016 Free Software Foundation, Inc.
This is free software; see the source for copying conditions.  There is NO
warranty; not even for MERCHANTABILITY or FITNESS FOR A PARTICULAR PURPOSE.

configure:3576: $? = 0
configure:3565: x86_64-openelec-linux-gnu-gcc -v >&5
Using built-in specs.
COLLECT_GCC=/root/-f2fs/oe/build.OE-Generic.x86_64-8.0-devel/toolchain/bin/x86_64-openelec-linux-gnu-gcc
COLLECT_LTO_WRAPPER=/root/-f2fs/oe/build.OE-Generic.x86_64-8.0-devel/toolchain/lib/gcc/x86_64-openelec-linux-gnu/6.3.0/lto-wrapper
Target: x86_64-openelec-linux-gnu
Configured with: /root/-f2fs/oe/build.OE-Generic.x86_64-8.0-devel/gcc-6.3.0/configure --host=x86_64-linux-gnu --build=x86_64-linux-gnu --prefix=/root/-f2fs/oe/build.OE-Generic.x86_64-8.0-devel/toolchain --bindir=/root/-f2fs/oe/build.OE-Generic.x86_64-8.0-devel/toolchain/bin --sbindir=/root/-f2fs/oe/build.OE-Generic.x86_64-8.0-devel/toolchain/sbin --sysconfdir=/root/-f2fs/oe/build.OE-Generic.x86_64-8.0-devel/toolchain/etc --libexecdir=/root/-f2fs/oe/build.OE-Generic.x86_64-8.0-devel/toolchain/lib --localstatedir=/root/-f2fs/oe/build.OE-Generic.x86_64-8.0-devel/toolchain/var --disable-static --enable-shared --enable-silent-rules --target=x86_64-openelec-linux-gnu --with-sysroot=/root/-f2fs/oe/build.OE-Generic.x86_64-8.0-devel/toolchain/x86_64-openelec-linux-gnu/sysroot --with-gmp=/root/-f2fs/oe/build.OE-Generic.x86_64-8.0-devel/toolchain --with-mpfr=/root/-f2fs/oe/build.OE-Generic.x86_64-8.0-devel/toolchain --with-mpc=/root/-f2fs/oe/build.OE-Generic.x86_64-8.0-devel/toolchain --with-isl=/root/-f2fs/oe/build.OE-Generic.x86_64-8.0-devel/toolchain --with-gnu-as --with-gnu-ld --enable-plugin --enable-lto --enable-gold --enable-ld=default --disable-multilib --disable-nls --enable-checking=release --with-default-libstdcxx-abi=gcc4-compatible --without-ppl --without-cloog --disable-libada --disable-libmudflap --disable-libmpx --disable-libssp --enable-poison-system-directories --with-tune=generic --enable-languages=c,c++ --enable-__cxa_atexit --enable-decimal-float --enable-tls --enable-shared --disable-static --enable-c99 --enable-long-long --enable-libatomic --enable-libitm --enable-libquadmath --disable-libgomp --enable-threads=posix --disable-libstdcxx-pch --enable-libstdcxx-time --enable-clocale=gnu --enable-gnu-unique-object --enable-linker-build-id --enable-install-libiberty --with-linker-hash-style=gnu --enable-gnu-indirect-function
Thread model: posix
gcc version 6.3.0 (GCC) 
configure:3576: $? = 0
configure:3565: x86_64-openelec-linux-gnu-gcc -V >&5
x86_64-openelec-linux-gnu-gcc: error: unrecognized command line option '-V'
x86_64-openelec-linux-gnu-gcc: fatal error: no input files
compilation terminated.
configure:3576: $? = 1
configure:3565: x86_64-openelec-linux-gnu-gcc -qversion >&5
x86_64-openelec-linux-gnu-gcc: error: unrecognized command line option '-qversion'; did you mean '--version'?
x86_64-openelec-linux-gnu-gcc: fatal error: no input files
compilation terminated.
configure:3576: $? = 1
configure:3596: checking whether the C compiler works
configure:3618: x86_64-openelec-linux-gnu-gcc -march=ivybridge -m64 -fomit-frame-pointer -O2 -pipe -flto=7 -ffat-lto-objects -mmmx -msse -msse2 -msse3 -mssse3 -maes -mavx -msse4.2 -msse4.1 -mtune=ivybridge -mfpmath=sse  -march=ivybridge -m64 -s -Wl,--as-needed -fuse-ld=gold -fuse-linker-plugin -flto=7 conftest.c  >&5
configure:3622: $? = 0
configure:3670: result: yes
configure:3673: checking for C compiler default output file name
configure:3675: result: a.out
configure:3681: checking for suffix of executables
configure:3688: x86_64-openelec-linux-gnu-gcc -o conftest -march=ivybridge -m64 -fomit-frame-pointer -O2 -pipe -flto=7 -ffat-lto-objects -mmmx -msse -msse2 -msse3 -mssse3 -maes -mavx -msse4.2 -msse4.1 -mtune=ivybridge -mfpmath=sse  -march=ivybridge -m64 -s -Wl,--as-needed -fuse-ld=gold -fuse-linker-plugin -flto=7 conftest.c  >&5
configure:3692: $? = 0
configure:3714: result: 
configure:3736: checking whether we are cross compiling
configure:3774: result: yes
configure:3779: checking for suffix of object files
configure:3801: x86_64-openelec-linux-gnu-gcc -c -march=ivybridge -m64 -fomit-frame-pointer -O2 -pipe -flto=7 -ffat-lto-objects -mmmx -msse -msse2 -msse3 -mssse3 -maes -mavx -msse4.2 -msse4.1 -mtune=ivybridge -mfpmath=sse  conftest.c >&5
configure:3805: $? = 0
configure:3826: result: o
configure:3830: checking whether we are using the GNU C compiler
configure:3849: x86_64-openelec-linux-gnu-gcc -c -march=ivybridge -m64 -fomit-frame-pointer -O2 -pipe -flto=7 -ffat-lto-objects -mmmx -msse -msse2 -msse3 -mssse3 -maes -mavx -msse4.2 -msse4.1 -mtune=ivybridge -mfpmath=sse  conftest.c >&5
configure:3849: $? = 0
configure:3858: result: yes
configure:3867: checking whether x86_64-openelec-linux-gnu-gcc accepts -g
configure:3887: x86_64-openelec-linux-gnu-gcc -c -g  conftest.c >&5
configure:3887: $? = 0
configure:3928: result: yes
configure:3945: checking for x86_64-openelec-linux-gnu-gcc option to accept ISO C89
configure:4008: x86_64-openelec-linux-gnu-gcc  -c -march=ivybridge -m64 -fomit-frame-pointer -O2 -pipe -flto=7 -ffat-lto-objects -mmmx -msse -msse2 -msse3 -mssse3 -maes -mavx -msse4.2 -msse4.1 -mtune=ivybridge -mfpmath=sse  conftest.c >&5
configure:4008: $? = 0
configure:4021: result: none needed
configure:4046: checking whether x86_64-openelec-linux-gnu-gcc understands -c and -o together
configure:4068: x86_64-openelec-linux-gnu-gcc -c conftest.c -o conftest2.o
configure:4071: $? = 0
configure:4068: x86_64-openelec-linux-gnu-gcc -c conftest.c -o conftest2.o
configure:4071: $? = 0
configure:4083: result: yes
configure:4111: checking for style of include used by make
configure:4139: result: GNU
configure:4165: checking dependency style of x86_64-openelec-linux-gnu-gcc
configure:4276: result: gcc3
configure:4293: checking whether x86_64-openelec-linux-gnu-gcc accepts -fPIE
configure:4308: result: yes
configure:4377: checking build system type
configure:4391: result: x86_64-pc-linux-gnu
configure:4411: checking host system type
configure:4424: result: x86_64-openelec-linux-gnu
configure:4465: checking how to print strings
configure:4492: result: printf
configure:4513: checking for a sed that does not truncate output
configure:4577: result: /root/-f2fs/oe/build.OE-Generic.x86_64-8.0-devel/toolchain/bin/sed
configure:4595: checking for grep that handles long lines and -e
configure:4653: result: /bin/grep
configure:4658: checking for egrep
configure:4720: result: /bin/grep -E
configure:4725: checking for fgrep
configure:4787: result: /bin/grep -F
configure:4822: checking for ld used by x86_64-openelec-linux-gnu-gcc
configure:4889: result: x86_64-openelec-linux-gnu-ld
configure:4896: checking if the linker (x86_64-openelec-linux-gnu-ld) is GNU ld
configure:4911: result: yes
configure:4923: checking for BSD- or MS-compatible name lister (nm)
configure:4977: result: x86_64-openelec-linux-gnu-nm
configure:5107: checking the name lister (x86_64-openelec-linux-gnu-nm) interface
configure:5114: x86_64-openelec-linux-gnu-gcc -c -march=ivybridge -m64 -fomit-frame-pointer -O2 -pipe -flto=7 -ffat-lto-objects -mmmx -msse -msse2 -msse3 -mssse3 -maes -mavx -msse4.2 -msse4.1 -mtune=ivybridge -mfpmath=sse  conftest.c >&5
configure:5117: x86_64-openelec-linux-gnu-nm "conftest.o"
configure:5120: output
0000000000000001 C __gnu_lto_v1
0000000000000000 B some_variable
configure:5127: result: BSD nm
configure:5130: checking whether ln -s works
configure:5134: result: yes
configure:5142: checking the maximum length of command line arguments
configure:5273: result: 1572864
configure:5321: checking how to convert x86_64-pc-linux-gnu file names to x86_64-openelec-linux-gnu format
configure:5361: result: func_convert_file_noop
configure:5368: checking how to convert x86_64-pc-linux-gnu file names to toolchain format
configure:5388: result: func_convert_file_noop
configure:5395: checking for x86_64-openelec-linux-gnu-ld option to reload object files
configure:5402: result: -r
configure:5436: checking for x86_64-openelec-linux-gnu-objdump
configure:5463: result: x86_64-openelec-linux-gnu-objdump
configure:5535: checking how to recognize dependent libraries
configure:5735: result: pass_all
configure:5780: checking for x86_64-openelec-linux-gnu-dlltool
configure:5810: result: no
configure:5820: checking for dlltool
configure:5850: result: no
configure:5880: checking how to associate runtime and link libraries
configure:5907: result: printf %s\n
configure:5924: checking for x86_64-openelec-linux-gnu-ar
configure:5951: result: x86_64-openelec-linux-gnu-ar
configure:6032: checking for archiver @FILE support
configure:6049: x86_64-openelec-linux-gnu-gcc -c -march=ivybridge -m64 -fomit-frame-pointer -O2 -pipe -flto=7 -ffat-lto-objects -mmmx -msse -msse2 -msse3 -mssse3 -maes -mavx -msse4.2 -msse4.1 -mtune=ivybridge -mfpmath=sse  conftest.c >&5
configure:6049: $? = 0
configure:6052: x86_64-openelec-linux-gnu-ar cru libconftest.a @conftest.lst >&5
configure:6055: $? = 0
configure:6060: x86_64-openelec-linux-gnu-ar cru libconftest.a @conftest.lst >&5
x86_64-openelec-linux-gnu-ar: conftest.o: No such file or directory
configure:6063: $? = 1
configure:6075: result: @
configure:6093: checking for x86_64-openelec-linux-gnu-strip
configure:6120: result: x86_64-openelec-linux-gnu-strip
configure:6192: checking for x86_64-openelec-linux-gnu-ranlib
configure:6219: result: x86_64-openelec-linux-gnu-ranlib
configure:6361: checking command to parse x86_64-openelec-linux-gnu-nm output from x86_64-openelec-linux-gnu-gcc object
configure:6514: x86_64-openelec-linux-gnu-gcc -c -march=ivybridge -m64 -fomit-frame-pointer -O2 -pipe -flto=7 -ffat-lto-objects -mmmx -msse -msse2 -msse3 -mssse3 -maes -mavx -msse4.2 -msse4.1 -mtune=ivybridge -mfpmath=sse  conftest.c >&5
configure:6517: $? = 0
configure:6521: x86_64-openelec-linux-gnu-nm conftest.o \| sed -n -e 's/^.*[ ]\([ABCDGIRSTW][ABCDGIRSTW]*\)[ ][ ]*\([_A-Za-z][_A-Za-z0-9]*\)$/\1 \2 \2/p' | sed '/ __gnu_lto/d' \> conftest.nm
configure:6524: $? = 0
configure:6590: x86_64-openelec-linux-gnu-gcc -o conftest -march=ivybridge -m64 -fomit-frame-pointer -O2 -pipe -flto=7 -ffat-lto-objects -mmmx -msse -msse2 -msse3 -mssse3 -maes -mavx -msse4.2 -msse4.1 -mtune=ivybridge -mfpmath=sse  -march=ivybridge -m64 -s -Wl,--as-needed -fuse-ld=gold -fuse-linker-plugin -flto=7 conftest.c conftstm.o >&5
configure:6593: $? = 0
configure:6631: result: ok
configure:6678: checking for sysroot
configure:6708: result: no
configure:6715: checking for a working dd
configure:6753: result: /bin/dd
configure:6757: checking how to truncate binary pipes
configure:6772: result: /bin/dd bs=4096 count=1
configure:6908: x86_64-openelec-linux-gnu-gcc -c -march=ivybridge -m64 -fomit-frame-pointer -O2 -pipe -flto=7 -ffat-lto-objects -mmmx -msse -msse2 -msse3 -mssse3 -maes -mavx -msse4.2 -msse4.1 -mtune=ivybridge -mfpmath=sse  conftest.c >&5
configure:6911: $? = 0
configure:7061: checking for x86_64-openelec-linux-gnu-mt
configure:7091: result: no
configure:7101: checking for mt
configure:7117: found /bin/mt
configure:7128: result: mt
configure:7140: WARNING: using cross tools not prefixed with host triplet
configure:7151: checking if mt is a manifest tool
configure:7157: mt '-?'
configure:7165: result: no
configure:7842: checking how to run the C preprocessor
configure:7912: result: x86_64-openelec-linux-gnu-cpp
configure:7932: x86_64-openelec-linux-gnu-cpp  conftest.c
configure:7932: $? = 0
configure:7946: x86_64-openelec-linux-gnu-cpp  conftest.c
conftest.c:11:28: fatal error: ac_nonexistent.h: No such file or directory
 #include <ac_nonexistent.h>
                            ^
compilation terminated.
configure:7946: $? = 1
configure: failed program was:
| /* confdefs.h */
| #define PACKAGE_NAME "connman"
| #define PACKAGE_TARNAME "connman"
| #define PACKAGE_VERSION "1.33"
| #define PACKAGE_STRING "connman 1.33"
| #define PACKAGE_BUGREPORT ""
| #define PACKAGE_URL ""
| #define PACKAGE "connman"
| #define VERSION "1.33"
| /* end confdefs.h.  */
| #include <ac_nonexistent.h>
configure:7975: checking for ANSI C header files
configure:7995: x86_64-openelec-linux-gnu-gcc -c -march=ivybridge -m64 -fomit-frame-pointer -O2 -pipe -flto=7 -ffat-lto-objects -mmmx -msse -msse2 -msse3 -mssse3 -maes -mavx -msse4.2 -msse4.1 -mtune=ivybridge -mfpmath=sse  conftest.c >&5
configure:7995: $? = 0
configure:8079: result: yes
configure:8092: checking for sys/types.h
configure:8092: x86_64-openelec-linux-gnu-gcc -c -march=ivybridge -m64 -fomit-frame-pointer -O2 -pipe -flto=7 -ffat-lto-objects -mmmx -msse -msse2 -msse3 -mssse3 -maes -mavx -msse4.2 -msse4.1 -mtune=ivybridge -mfpmath=sse  conftest.c >&5
configure:8092: $? = 0
configure:8092: result: yes
configure:8092: checking for sys/stat.h
configure:8092: x86_64-openelec-linux-gnu-gcc -c -march=ivybridge -m64 -fomit-frame-pointer -O2 -pipe -flto=7 -ffat-lto-objects -mmmx -msse -msse2 -msse3 -mssse3 -maes -mavx -msse4.2 -msse4.1 -mtune=ivybridge -mfpmath=sse  conftest.c >&5
configure:8092: $? = 0
configure:8092: result: yes
configure:8092: checking for stdlib.h
configure:8092: x86_64-openelec-linux-gnu-gcc -c -march=ivybridge -m64 -fomit-frame-pointer -O2 -pipe -flto=7 -ffat-lto-objects -mmmx -msse -msse2 -msse3 -mssse3 -maes -mavx -msse4.2 -msse4.1 -mtune=ivybridge -mfpmath=sse  conftest.c >&5
configure:8092: $? = 0
configure:8092: result: yes
configure:8092: checking for string.h
configure:8092: x86_64-openelec-linux-gnu-gcc -c -march=ivybridge -m64 -fomit-frame-pointer -O2 -pipe -flto=7 -ffat-lto-objects -mmmx -msse -msse2 -msse3 -mssse3 -maes -mavx -msse4.2 -msse4.1 -mtune=ivybridge -mfpmath=sse  conftest.c >&5
configure:8092: $? = 0
configure:8092: result: yes
configure:8092: checking for memory.h
configure:8092: x86_64-openelec-linux-gnu-gcc -c -march=ivybridge -m64 -fomit-frame-pointer -O2 -pipe -flto=7 -ffat-lto-objects -mmmx -msse -msse2 -msse3 -mssse3 -maes -mavx -msse4.2 -msse4.1 -mtune=ivybridge -mfpmath=sse  conftest.c >&5
configure:8092: $? = 0
configure:8092: result: yes
configure:8092: checking for strings.h
configure:8092: x86_64-openelec-linux-gnu-gcc -c -march=ivybridge -m64 -fomit-frame-pointer -O2 -pipe -flto=7 -ffat-lto-objects -mmmx -msse -msse2 -msse3 -mssse3 -maes -mavx -msse4.2 -msse4.1 -mtune=ivybridge -mfpmath=sse  conftest.c >&5
configure:8092: $? = 0
configure:8092: result: yes
configure:8092: checking for inttypes.h
configure:8092: x86_64-openelec-linux-gnu-gcc -c -march=ivybridge -m64 -fomit-frame-pointer -O2 -pipe -flto=7 -ffat-lto-objects -mmmx -msse -msse2 -msse3 -mssse3 -maes -mavx -msse4.2 -msse4.1 -mtune=ivybridge -mfpmath=sse  conftest.c >&5
configure:8092: $? = 0
configure:8092: result: yes
configure:8092: checking for stdint.h
configure:8092: x86_64-openelec-linux-gnu-gcc -c -march=ivybridge -m64 -fomit-frame-pointer -O2 -pipe -flto=7 -ffat-lto-objects -mmmx -msse -msse2 -msse3 -mssse3 -maes -mavx -msse4.2 -msse4.1 -mtune=ivybridge -mfpmath=sse  conftest.c >&5
configure:8092: $? = 0
configure:8092: result: yes
configure:8092: checking for unistd.h
configure:8092: x86_64-openelec-linux-gnu-gcc -c -march=ivybridge -m64 -fomit-frame-pointer -O2 -pipe -flto=7 -ffat-lto-objects -mmmx -msse -msse2 -msse3 -mssse3 -maes -mavx -msse4.2 -msse4.1 -mtune=ivybridge -mfpmath=sse  conftest.c >&5
configure:8092: $? = 0
configure:8092: result: yes
configure:8106: checking for dlfcn.h
configure:8106: x86_64-openelec-linux-gnu-gcc -c -march=ivybridge -m64 -fomit-frame-pointer -O2 -pipe -flto=7 -ffat-lto-objects -mmmx -msse -msse2 -msse3 -mssse3 -maes -mavx -msse4.2 -msse4.1 -mtune=ivybridge -mfpmath=sse  conftest.c >&5
configure:8106: $? = 0
configure:8106: result: yes
configure:8332: checking for objdir
configure:8347: result: .libs
configure:8611: checking if x86_64-openelec-linux-gnu-gcc supports -fno-rtti -fno-exceptions
configure:8629: x86_64-openelec-linux-gnu-gcc -c -march=ivybridge -m64 -fomit-frame-pointer -O2 -pipe -flto=7 -ffat-lto-objects -mmmx -msse -msse2 -msse3 -mssse3 -maes -mavx -msse4.2 -msse4.1 -mtune=ivybridge -mfpmath=sse  -fno-rtti -fno-exceptions conftest.c >&5
cc1: warning: command line option '-fno-rtti' is valid for C++/ObjC++ but not for C
configure:8633: $? = 0
configure:8646: result: no
configure:9004: checking for x86_64-openelec-linux-gnu-gcc option to produce PIC
configure:9011: result: -fPIC -DPIC
configure:9019: checking if x86_64-openelec-linux-gnu-gcc PIC flag -fPIC -DPIC works
configure:9037: x86_64-openelec-linux-gnu-gcc -c -march=ivybridge -m64 -fomit-frame-pointer -O2 -pipe -flto=7 -ffat-lto-objects -mmmx -msse -msse2 -msse3 -mssse3 -maes -mavx -msse4.2 -msse4.1 -mtune=ivybridge -mfpmath=sse  -fPIC -DPIC -DPIC conftest.c >&5
configure:9041: $? = 0
configure:9054: result: yes
configure:9083: checking if x86_64-openelec-linux-gnu-gcc static flag -static works
configure:9111: result: yes
configure:9126: checking if x86_64-openelec-linux-gnu-gcc supports -c -o file.o
configure:9147: x86_64-openelec-linux-gnu-gcc -c -march=ivybridge -m64 -fomit-frame-pointer -O2 -pipe -flto=7 -ffat-lto-objects -mmmx -msse -msse2 -msse3 -mssse3 -maes -mavx -msse4.2 -msse4.1 -mtune=ivybridge -mfpmath=sse  -o out/conftest2.o conftest.c >&5
configure:9151: $? = 0
configure:9173: result: yes
configure:9181: checking if x86_64-openelec-linux-gnu-gcc supports -c -o file.o
configure:9228: result: yes
configure:9261: checking whether the x86_64-openelec-linux-gnu-gcc linker (x86_64-openelec-linux-gnu-ld -m elf_x86_64) supports shared libraries
configure:10524: result: yes
configure:10561: checking whether -lc should be explicitly linked in
configure:10569: x86_64-openelec-linux-gnu-gcc -c -march=ivybridge -m64 -fomit-frame-pointer -O2 -pipe -flto=7 -ffat-lto-objects -mmmx -msse -msse2 -msse3 -mssse3 -maes -mavx -msse4.2 -msse4.1 -mtune=ivybridge -mfpmath=sse  conftest.c >&5
configure:10572: $? = 0
configure:10587: x86_64-openelec-linux-gnu-gcc -shared  -fPIC -DPIC conftest.o  -v -Wl,-soname -Wl,conftest -o conftest 2\>\&1 \| /bin/grep  -lc  \>/dev/null 2\>\&1
configure:10590: $? = 0
configure:10604: result: no
configure:10764: checking dynamic linker characteristics
configure:11345: x86_64-openelec-linux-gnu-gcc -o conftest -march=ivybridge -m64 -fomit-frame-pointer -O2 -pipe -flto=7 -ffat-lto-objects -mmmx -msse -msse2 -msse3 -mssse3 -maes -mavx -msse4.2 -msse4.1 -mtune=ivybridge -mfpmath=sse  -march=ivybridge -m64 -s -Wl,--as-needed -fuse-ld=gold -fuse-linker-plugin -flto=7 -Wl,-rpath -Wl,/foo conftest.c  >&5
configure:11345: $? = 0
configure:11582: result: GNU/Linux ld.so
configure:11704: checking how to hardcode library paths into programs
configure:11729: result: immediate
configure:12277: checking whether stripping libraries is possible
configure:12282: result: yes
configure:12317: checking if libtool supports shared libraries
configure:12319: result: yes
configure:12322: checking whether to build shared libraries
configure:12347: result: yes
configure:12350: checking whether to build static libraries
configure:12354: result: no
configure:12986: checking resolv.h usability
configure:12986: x86_64-openelec-linux-gnu-gcc -c -march=ivybridge -m64 -fomit-frame-pointer -O2 -pipe -flto=7 -ffat-lto-objects -mmmx -msse -msse2 -msse3 -mssse3 -maes -mavx -msse4.2 -msse4.1 -mtune=ivybridge -mfpmath=sse  conftest.c >&5
configure:12986: $? = 0
configure:12986: result: yes
configure:12986: checking resolv.h presence
configure:12986: x86_64-openelec-linux-gnu-cpp  conftest.c
configure:12986: $? = 0
configure:12986: result: yes
configure:12986: checking for resolv.h
configure:12986: result: yes
configure:12998: checking for ns_initparse in -lresolv
configure:13023: x86_64-openelec-linux-gnu-gcc -o conftest -march=ivybridge -m64 -fomit-frame-pointer -O2 -pipe -flto=7 -ffat-lto-objects -mmmx -msse -msse2 -msse3 -mssse3 -maes -mavx -msse4.2 -msse4.1 -mtune=ivybridge -mfpmath=sse  -march=ivybridge -m64 -s -Wl,--as-needed -fuse-ld=gold -fuse-linker-plugin -flto=7 conftest.c -lresolv   >&5
configure:13023: $? = 0
configure:13032: result: yes
configure:13086: checking execinfo.h usability
configure:13086: x86_64-openelec-linux-gnu-gcc -c -march=ivybridge -m64 -fomit-frame-pointer -O2 -pipe -flto=7 -ffat-lto-objects -mmmx -msse -msse2 -msse3 -mssse3 -maes -mavx -msse4.2 -msse4.1 -mtune=ivybridge -mfpmath=sse  conftest.c >&5
configure:13086: $? = 0
configure:13086: result: yes
configure:13086: checking execinfo.h presence
configure:13086: x86_64-openelec-linux-gnu-cpp  conftest.c
configure:13086: $? = 0
configure:13086: result: yes
configure:13086: checking for execinfo.h
configure:13086: result: yes
configure:13105: checking for signalfd
configure:13105: x86_64-openelec-linux-gnu-gcc -o conftest -march=ivybridge -m64 -fomit-frame-pointer -O2 -pipe -flto=7 -ffat-lto-objects -mmmx -msse -msse2 -msse3 -mssse3 -maes -mavx -msse4.2 -msse4.1 -mtune=ivybridge -mfpmath=sse  -march=ivybridge -m64 -s -Wl,--as-needed -fuse-ld=gold -fuse-linker-plugin -flto=7 conftest.c  >&5
configure:13105: $? = 0
configure:13105: result: yes
configure:13113: checking for dlopen in -ldl
configure:13138: x86_64-openelec-linux-gnu-gcc -o conftest -march=ivybridge -m64 -fomit-frame-pointer -O2 -pipe -flto=7 -ffat-lto-objects -mmmx -msse -msse2 -msse3 -mssse3 -maes -mavx -msse4.2 -msse4.1 -mtune=ivybridge -mfpmath=sse  -march=ivybridge -m64 -s -Wl,--as-needed -fuse-ld=gold -fuse-linker-plugin -flto=7 conftest.c -ldl   >&5
configure:13138: $? = 0
configure:13147: result: yes
configure:13238: checking for GLIB
configure:13245: $PKG_CONFIG --exists --print-errors "glib-2.0 >= 2.28"
configure:13248: $? = 0
configure:13262: $PKG_CONFIG --exists --print-errors "glib-2.0 >= 2.28"
configure:13265: $? = 0
configure:13303: result: yes
configure:13312: checking for DBUS
configure:13319: $PKG_CONFIG --exists --print-errors "dbus-1 >= 1.4"
configure:13322: $? = 0
configure:13336: $PKG_CONFIG --exists --print-errors "dbus-1 >= 1.4"
configure:13339: $? = 0
configure:13377: result: yes
configure:13450: checking for XTABLES
configure:13457: $PKG_CONFIG --exists --print-errors "xtables >= 1.4.11"
configure:13460: $? = 0
configure:13474: $PKG_CONFIG --exists --print-errors "xtables >= 1.4.11"
configure:13477: $? = 0
configure:13515: result: yes
configure:13898: checking sys/inotify.h usability
configure:13898: x86_64-openelec-linux-gnu-gcc -c -march=ivybridge -m64 -fomit-frame-pointer -O2 -pipe -flto=7 -ffat-lto-objects -mmmx -msse -msse2 -msse3 -mssse3 -maes -mavx -msse4.2 -msse4.1 -mtune=ivybridge -mfpmath=sse  conftest.c >&5
configure:13898: $? = 0
configure:13898: result: yes
configure:13898: checking sys/inotify.h presence
configure:13898: x86_64-openelec-linux-gnu-cpp  conftest.c
configure:13898: $? = 0
configure:13898: result: yes
configure:13898: checking for sys/inotify.h
configure:13898: result: yes
configure:13911: checking for inotify_init in -lc
configure:13936: x86_64-openelec-linux-gnu-gcc -o conftest -march=ivybridge -m64 -fomit-frame-pointer -O2 -pipe -flto=7 -ffat-lto-objects -mmmx -msse -msse2 -msse3 -mssse3 -maes -mavx -msse4.2 -msse4.1 -mtune=ivybridge -mfpmath=sse  -march=ivybridge -m64 -s -Wl,--as-needed -fuse-ld=gold -fuse-linker-plugin -flto=7 conftest.c -lc   >&5
configure:13936: $? = 0
configure:13945: result: yes
configure:13958: checking for wpa_supplicant
configure:13989: result: /usr/bin/wpa_supplicant
configure:14016: checking readline/readline.h usability
configure:14016: x86_64-openelec-linux-gnu-gcc -c -march=ivybridge -m64 -fomit-frame-pointer -O2 -pipe -flto=7 -ffat-lto-objects -mmmx -msse -msse2 -msse3 -mssse3 -maes -mavx -msse4.2 -msse4.1 -mtune=ivybridge -mfpmath=sse  conftest.c >&5
configure:14016: $? = 0
configure:14016: result: yes
configure:14016: checking readline/readline.h presence
configure:14016: x86_64-openelec-linux-gnu-cpp  conftest.c
configure:14016: $? = 0
configure:14016: result: yes
configure:14016: checking for readline/readline.h
configure:14016: result: yes
configure:14154: checking that generated files are newer than configure
configure:14160: result: done
configure:14335: creating ./config.status

## ---------------------- ##
## Running config.status. ##
## ---------------------- ##

This file was extended by connman config.status 1.33, which was
generated by GNU Autoconf 2.69.  Invocation command line was

  CONFIG_FILES    = 
  CONFIG_HEADERS  = 
  CONFIG_LINKS    = 
  CONFIG_COMMANDS = 
  $ ./config.status 

on debian

config.status:1200: creating Makefile
config.status:1200: creating include/version.h
config.status:1200: creating connman.pc
config.status:1200: creating config.h
config.status:1414: executing depfiles commands
config.status:1414: executing libtool commands
configure:16476: WARNING: unrecognized options: --disable-gtk-doc

## ---------------- ##
## Cache variables. ##
## ---------------- ##

ac_cv_build=x86_64-pc-linux-gnu
ac_cv_c_compiler_gnu=yes
ac_cv_env_CC_set=set
ac_cv_env_CC_value=x86_64-openelec-linux-gnu-gcc
ac_cv_env_CFLAGS_set=set
ac_cv_env_CFLAGS_value='-march=ivybridge -m64 -fomit-frame-pointer -O2 -pipe -flto=7 -ffat-lto-objects -mmmx -msse -msse2 -msse3 -mssse3 -maes -mavx -msse4.2 -msse4.1 -mtune=ivybridge -mfpmath=sse'
ac_cv_env_CPPFLAGS_set=set
ac_cv_env_CPPFLAGS_value=
ac_cv_env_CPP_set=set
ac_cv_env_CPP_value=x86_64-openelec-linux-gnu-cpp
ac_cv_env_DBUS_CFLAGS_set=
ac_cv_env_DBUS_CFLAGS_value=
ac_cv_env_DBUS_LIBS_set=
ac_cv_env_DBUS_LIBS_value=
ac_cv_env_GLIB_CFLAGS_set=
ac_cv_env_GLIB_CFLAGS_value=
ac_cv_env_GLIB_LIBS_set=
ac_cv_env_GLIB_LIBS_value=
ac_cv_env_GNUTLS_CFLAGS_set=
ac_cv_env_GNUTLS_CFLAGS_value=
ac_cv_env_GNUTLS_LIBS_set=
ac_cv_env_GNUTLS_LIBS_value=
ac_cv_env_LDFLAGS_set=set
ac_cv_env_LDFLAGS_value='-march=ivybridge -m64 -s -Wl,--as-needed -fuse-ld=gold -fuse-linker-plugin -flto=7'
ac_cv_env_LIBS_set=
ac_cv_env_LIBS_value=
ac_cv_env_LT_SYS_LIBRARY_PATH_set=
ac_cv_env_LT_SYS_LIBRARY_PATH_value=
ac_cv_env_PKG_CONFIG_LIBDIR_set=set
ac_cv_env_PKG_CONFIG_LIBDIR_value=/root/-f2fs/oe/build.OE-Generic.x86_64-8.0-devel/toolchain/x86_64-openelec-linux-gnu/sysroot/usr/lib/pkgconfig:/root/-f2fs/oe/build.OE-Generic.x86_64-8.0-devel/toolchain/x86_64-openelec-linux-gnu/sysroot/usr/share/pkgconfig
ac_cv_env_PKG_CONFIG_PATH_set=set
ac_cv_env_PKG_CONFIG_PATH_value=
ac_cv_env_PKG_CONFIG_set=set
ac_cv_env_PKG_CONFIG_value=/root/-f2fs/oe/build.OE-Generic.x86_64-8.0-devel/toolchain/bin/pkgconf
ac_cv_env_XTABLES_CFLAGS_set=
ac_cv_env_XTABLES_CFLAGS_value=
ac_cv_env_XTABLES_LIBS_set=
ac_cv_env_XTABLES_LIBS_value=
ac_cv_env_build_alias_set=set
ac_cv_env_build_alias_value=x86_64-linux-gnu
ac_cv_env_host_alias_set=set
ac_cv_env_host_alias_value=x86_64-openelec-linux-gnu
ac_cv_env_target_alias_set=
ac_cv_env_target_alias_value=
ac_cv_func_signalfd=yes
ac_cv_header_dlfcn_h=yes
ac_cv_header_execinfo_h=yes
ac_cv_header_inttypes_h=yes
ac_cv_header_memory_h=yes
ac_cv_header_readline_readline_h=yes
ac_cv_header_resolv_h=yes
ac_cv_header_stdc=yes
ac_cv_header_stdint_h=yes
ac_cv_header_stdlib_h=yes
ac_cv_header_string_h=yes
ac_cv_header_strings_h=yes
ac_cv_header_sys_inotify_h=yes
ac_cv_header_sys_stat_h=yes
ac_cv_header_sys_types_h=yes
ac_cv_header_unistd_h=yes
ac_cv_host=x86_64-openelec-linux-gnu
ac_cv_lib_c_inotify_init=yes
ac_cv_lib_dl_dlopen=yes
ac_cv_lib_resolv_ns_initparse=yes
ac_cv_objext=o
ac_cv_path_EGREP='/bin/grep -E'
ac_cv_path_FGREP='/bin/grep -F'
ac_cv_path_GREP=/bin/grep
ac_cv_path_SED=/root/-f2fs/oe/build.OE-Generic.x86_64-8.0-devel/toolchain/bin/sed
ac_cv_path_WPASUPPLICANT=/usr/bin/wpa_supplicant
ac_cv_path_install='/usr/bin/install -c'
ac_cv_path_lt_DD=/bin/dd
ac_cv_path_mkdir=/bin/mkdir
ac_cv_prog_AR=x86_64-openelec-linux-gnu-ar
ac_cv_prog_AWK=gawk
ac_cv_prog_CC=x86_64-openelec-linux-gnu-gcc
ac_cv_prog_CPP=x86_64-openelec-linux-gnu-cpp
ac_cv_prog_OBJDUMP=x86_64-openelec-linux-gnu-objdump
ac_cv_prog_RANLIB=x86_64-openelec-linux-gnu-ranlib
ac_cv_prog_STRIP=x86_64-openelec-linux-gnu-strip
ac_cv_prog_ac_ct_MANIFEST_TOOL=mt
ac_cv_prog_cc_c89=
ac_cv_prog_cc_g=yes
ac_cv_prog_cc_pie=yes
ac_cv_prog_make_make_set=yes
am_cv_CC_dependencies_compiler_type=gcc3
am_cv_make_support_nested_variables=yes
am_cv_prog_cc_c_o=yes
lt_cv_ar_at_file=@
lt_cv_archive_cmds_need_lc=no
lt_cv_deplibs_check_method=pass_all
lt_cv_file_magic_cmd='$MAGIC_CMD'
lt_cv_file_magic_test_file=
lt_cv_ld_reload_flag=-r
lt_cv_nm_interface='BSD nm'
lt_cv_objdir=.libs
lt_cv_path_LD=x86_64-openelec-linux-gnu-ld
lt_cv_path_NM=x86_64-openelec-linux-gnu-nm
lt_cv_path_mainfest_tool=no
lt_cv_prog_compiler_c_o=yes
lt_cv_prog_compiler_pic='-fPIC -DPIC'
lt_cv_prog_compiler_pic_works=yes
lt_cv_prog_compiler_rtti_exceptions=no
lt_cv_prog_compiler_static_works=yes
lt_cv_prog_gnu_ld=yes
lt_cv_sharedlib_from_linklib_cmd='printf %s\n'
lt_cv_shlibpath_overrides_runpath=yes
lt_cv_sys_global_symbol_pipe='sed -n -e '\''s/^.*[	 ]\([ABCDGIRSTW][ABCDGIRSTW]*\)[	 ][	 ]*\([_A-Za-z][_A-Za-z0-9]*\)$/\1 \2 \2/p'\'' | sed '\''/ __gnu_lto/d'\'''
lt_cv_sys_global_symbol_to_c_name_address='sed -n -e '\''s/^: \(.*\) .*$/  {"\1", (void *) 0},/p'\'' -e '\''s/^[ABCDGIRSTW][ABCDGIRSTW]* .* \(.*\)$/  {"\1", (void *) \&\1},/p'\'''
lt_cv_sys_global_symbol_to_c_name_address_lib_prefix='sed -n -e '\''s/^: \(.*\) .*$/  {"\1", (void *) 0},/p'\'' -e '\''s/^[ABCDGIRSTW][ABCDGIRSTW]* .* \(lib.*\)$/  {"\1", (void *) \&\1},/p'\'' -e '\''s/^[ABCDGIRSTW][ABCDGIRSTW]* .* \(.*\)$/  {"lib\1", (void *) \&\1},/p'\'''
lt_cv_sys_global_symbol_to_cdecl='sed -n -e '\''s/^T .* \(.*\)$/extern int \1();/p'\'' -e '\''s/^[ABCDGIRSTW][ABCDGIRSTW]* .* \(.*\)$/extern char \1;/p'\'''
lt_cv_sys_global_symbol_to_import=
lt_cv_sys_max_cmd_len=1572864
lt_cv_to_host_file_cmd=func_convert_file_noop
lt_cv_to_tool_file_cmd=func_convert_file_noop
lt_cv_truncate_bin='/bin/dd bs=4096 count=1'
pkg_cv_DBUS_CFLAGS='-I/root/-f2fs/oe/build.OE-Generic.x86_64-8.0-devel/toolchain/x86_64-openelec-linux-gnu/sysroot/usr/include/dbus-1.0 -I/root/-f2fs/oe/build.OE-Generic.x86_64-8.0-devel/toolchain/x86_64-openelec-linux-gnu/sysroot/usr/lib/dbus-1.0/include '
pkg_cv_DBUS_LIBS='-L/root/-f2fs/oe/build.OE-Generic.x86_64-8.0-devel/toolchain/x86_64-openelec-linux-gnu/sysroot/usr/lib -ldbus-1 '
pkg_cv_GLIB_CFLAGS='-I/root/-f2fs/oe/build.OE-Generic.x86_64-8.0-devel/toolchain/x86_64-openelec-linux-gnu/sysroot/usr/include/glib-2.0 -I/root/-f2fs/oe/build.OE-Generic.x86_64-8.0-devel/toolchain/x86_64-openelec-linux-gnu/sysroot/usr/lib/glib-2.0/include '
pkg_cv_GLIB_LIBS='-L/root/-f2fs/oe/build.OE-Generic.x86_64-8.0-devel/toolchain/x86_64-openelec-linux-gnu/sysroot/usr/lib -lglib-2.0 '
pkg_cv_XTABLES_CFLAGS='-I/root/-f2fs/oe/build.OE-Generic.x86_64-8.0-devel/toolchain/x86_64-openelec-linux-gnu/sysroot/usr/include '
pkg_cv_XTABLES_LIBS='-L/root/-f2fs/oe/build.OE-Generic.x86_64-8.0-devel/toolchain/x86_64-openelec-linux-gnu/sysroot/usr/lib -lxtables '

## ----------------- ##
## Output variables. ##
## ----------------- ##

ACLOCAL='/root/-f2fs/oe/build.OE-Generic.x86_64-8.0-devel/toolchain/bin/aclocal -I /root/-f2fs/oe/build.OE-Generic.x86_64-8.0-devel/toolchain/x86_64-openelec-linux-gnu/sysroot/usr/share/aclocal'
AMDEPBACKSLASH='\'
AMDEP_FALSE='#'
AMDEP_TRUE=''
AMTAR='$${TAR-tar}'
AM_BACKSLASH='\'
AM_DEFAULT_V='$(AM_DEFAULT_VERBOSITY)'
AM_DEFAULT_VERBOSITY='1'
AM_V='$(V)'
AR='x86_64-openelec-linux-gnu-ar'
AUTOCONF='/root/-f2fs/oe/build.OE-Generic.x86_64-8.0-devel/toolchain/bin/autoconf'
AUTOHEADER='/root/-f2fs/oe/build.OE-Generic.x86_64-8.0-devel/toolchain/bin/autoheader'
AUTOMAKE='/root/-f2fs/oe/build.OE-Generic.x86_64-8.0-devel/toolchain/bin/automake'
AWK='gawk'
BACKTRACE_FALSE='#'
BACKTRACE_TRUE=''
BLUETOOTH_FALSE=''
BLUETOOTH_TRUE='#'
CC='x86_64-openelec-linux-gnu-gcc'
CCDEPMODE='depmode=gcc3'
CFLAGS='-march=ivybridge -m64 -fomit-frame-pointer -O2 -pipe -flto=7 -ffat-lto-objects -mmmx -msse -msse2 -msse3 -mssse3 -maes -mavx -msse4.2 -msse4.1 -mtune=ivybridge -mfpmath=sse'
CLIENT_FALSE='#'
CLIENT_TRUE=''
CPP='x86_64-openelec-linux-gnu-cpp'
CPPFLAGS=''
CYGPATH_W='echo'
DATAFILES_FALSE='#'
DATAFILES_TRUE=''
DBUS_CFLAGS='-I/root/-f2fs/oe/build.OE-Generic.x86_64-8.0-devel/toolchain/x86_64-openelec-linux-gnu/sysroot/usr/include/dbus-1.0 -I/root/-f2fs/oe/build.OE-Generic.x86_64-8.0-devel/toolchain/x86_64-openelec-linux-gnu/sysroot/usr/lib/dbus-1.0/include '
DBUS_CONFDIR='/etc/dbus-1/system.d'
DBUS_DATADIR='/root/-f2fs/oe/build.OE-Generic.x86_64-8.0-devel/toolchain/x86_64-openelec-linux-gnu/sysroot/usr/share/dbus-1/system-services'
DBUS_LIBS='-L/root/-f2fs/oe/build.OE-Generic.x86_64-8.0-devel/toolchain/x86_64-openelec-linux-gnu/sysroot/usr/lib -ldbus-1 '
DEFS='-DHAVE_CONFIG_H'
DEPDIR='.deps'
DLLTOOL='false'
DSYMUTIL=''
DUMPBIN=''
DUNDEE_FALSE=''
DUNDEE_TRUE='#'
ECHO_C=''
ECHO_N='-n'
ECHO_T=''
EGREP='/bin/grep -E'
ETHERNET_FALSE='#'
ETHERNET_TRUE=''
EXEEXT=''
FGREP='/bin/grep -F'
GADGET_FALSE=''
GADGET_TRUE='#'
GLIB_CFLAGS='-I/root/-f2fs/oe/build.OE-Generic.x86_64-8.0-devel/toolchain/x86_64-openelec-linux-gnu/sysroot/usr/include/glib-2.0 -I/root/-f2fs/oe/build.OE-Generic.x86_64-8.0-devel/toolchain/x86_64-openelec-linux-gnu/sysroot/usr/lib/glib-2.0/include '
GLIB_LIBS='-L/root/-f2fs/oe/build.OE-Generic.x86_64-8.0-devel/toolchain/x86_64-openelec-linux-gnu/sysroot/usr/lib -lglib-2.0 '
GNUTLS_CFLAGS=''
GNUTLS_LIBS=''
GREP='/bin/grep'
HH2SERIAL_GPS_BUILTIN_FALSE=''
HH2SERIAL_GPS_BUILTIN_TRUE='#'
HH2SERIAL_GPS_FALSE=''
HH2SERIAL_GPS_TRUE='#'
INSTALL_DATA='${INSTALL} -m 644'
INSTALL_PROGRAM='${INSTALL}'
INSTALL_SCRIPT='${INSTALL}'
INSTALL_STRIP_PROGRAM='$(install_sh) -c -s'
IOSPM_FALSE=''
IOSPM_TRUE='#'
IPTABLES_SAVE=''
L2TP=''
L2TP_BUILTIN_FALSE=''
L2TP_BUILTIN_TRUE='#'
L2TP_FALSE=''
L2TP_TRUE='#'
LD='x86_64-openelec-linux-gnu-ld -m elf_x86_64'
LDFLAGS='-march=ivybridge -m64 -s -Wl,--as-needed -fuse-ld=gold -fuse-linker-plugin -flto=7'
LIBOBJS=''
LIBS=''
LIBTOOL='$(SHELL) $(top_builddir)/libtool'
LIPO=''
LN_S='ln -s'
LOOPBACK_FALSE='#'
LOOPBACK_TRUE=''
LTLIBOBJS=''
LT_SYS_LIBRARY_PATH=''
MAINT='#'
MAINTAINER_MODE_FALSE=''
MAINTAINER_MODE_TRUE='#'
MAKEINFO='${SHELL} /root/-f2fs/oe/build.OE-Generic.x86_64-8.0-devel/connman-1.33/missing makeinfo'
MANIFEST_TOOL=':'
MKDIR_P='/bin/mkdir -p'
NEARD_FALSE=''
NEARD_TRUE='#'
NM='x86_64-openelec-linux-gnu-nm'
NMCOMPAT_FALSE=''
NMCOMPAT_TRUE='#'
NMEDIT=''
OBJDUMP='x86_64-openelec-linux-gnu-objdump'
OBJEXT='o'
OFONO_FALSE=''
OFONO_TRUE='#'
OPENCONNECT=''
OPENCONNECT_BUILTIN_FALSE=''
OPENCONNECT_BUILTIN_TRUE='#'
OPENCONNECT_FALSE=''
OPENCONNECT_TRUE='#'
OPENVPN=''
OPENVPN_BUILTIN_FALSE=''
OPENVPN_BUILTIN_TRUE='#'
OPENVPN_FALSE=''
OPENVPN_TRUE='#'
OTOOL64=''
OTOOL=''
PACKAGE='connman'
PACKAGE_BUGREPORT=''
PACKAGE_NAME='connman'
PACKAGE_STRING='connman 1.33'
PACKAGE_TARNAME='connman'
PACKAGE_URL=''
PACKAGE_VERSION='1.33'
PACRUNNER_FALSE=''
PACRUNNER_TRUE='#'
PATH_SEPARATOR=':'
PKG_CONFIG='/root/-f2fs/oe/build.OE-Generic.x86_64-8.0-devel/toolchain/bin/pkgconf'
PKG_CONFIG_LIBDIR='/root/-f2fs/oe/build.OE-Generic.x86_64-8.0-devel/toolchain/x86_64-openelec-linux-gnu/sysroot/usr/lib/pkgconfig:/root/-f2fs/oe/build.OE-Generic.x86_64-8.0-devel/toolchain/x86_64-openelec-linux-gnu/sysroot/usr/share/pkgconfig'
PKG_CONFIG_PATH=''
POLKIT_DATADIR=''
POLKIT_FALSE=''
POLKIT_TRUE='#'
PPPD=''
PPTP=''
PPTP_BUILTIN_FALSE=''
PPTP_BUILTIN_TRUE='#'
PPTP_FALSE=''
PPTP_TRUE='#'
RANLIB='x86_64-openelec-linux-gnu-ranlib'
SED='/root/-f2fs/oe/build.OE-Generic.x86_64-8.0-devel/toolchain/bin/sed'
SELINUX_FALSE=''
SELINUX_TRUE='#'
SESSION_POLICY_LOCAL_BUILTIN_FALSE=''
SESSION_POLICY_LOCAL_BUILTIN_TRUE='#'
SESSION_POLICY_LOCAL_FALSE=''
SESSION_POLICY_LOCAL_TRUE='#'
SET_MAKE=''
SHELL='/bin/sh'
STRIP='x86_64-openelec-linux-gnu-strip'
SYSTEMD_FALSE='#'
SYSTEMD_TMPFILESDIR='/root/-f2fs/oe/build.OE-Generic.x86_64-8.0-devel/toolchain/x86_64-openelec-linux-gnu/sysroot/usr/lib/tmpfiles.d'
SYSTEMD_TRUE=''
SYSTEMD_UNITDIR='/usr/lib/systemd/system'
TEST_FALSE=''
TEST_TRUE='#'
TIST_BUILTIN_FALSE=''
TIST_BUILTIN_TRUE='#'
TIST_FALSE=''
TIST_TRUE='#'
TOOLS_FALSE=''
TOOLS_TRUE='#'
VERSION='1.33'
VPNC=''
VPNC_BUILTIN_FALSE=''
VPNC_BUILTIN_TRUE='#'
VPNC_FALSE=''
VPNC_TRUE='#'
VPN_FALSE=''
VPN_TRUE='#'
WIFI_FALSE='#'
WIFI_TRUE=''
WISPR_CFLAGS=''
WISPR_FALSE=''
WISPR_TRUE='#'
WPASUPPLICANT='/usr/bin/wpa_supplicant'
XTABLES_CFLAGS='-I/root/-f2fs/oe/build.OE-Generic.x86_64-8.0-devel/toolchain/x86_64-openelec-linux-gnu/sysroot/usr/include '
XTABLES_LIBS='-L/root/-f2fs/oe/build.OE-Generic.x86_64-8.0-devel/toolchain/x86_64-openelec-linux-gnu/sysroot/usr/lib -lxtables '
abs_top_builddir=''
abs_top_srcdir=''
ac_ct_AR=''
ac_ct_CC=''
ac_ct_DUMPBIN=''
am__EXEEXT_FALSE=''
am__EXEEXT_TRUE='#'
am__fastdepCC_FALSE='#'
am__fastdepCC_TRUE=''
am__include='include'
am__isrc=' -I$(srcdir)'
am__leading_dot='.'
am__nodep='_no'
am__quote=''
am__tar='$${TAR-tar} chof - "$$tardir"'
am__untar='$${TAR-tar} xf -'
bindir='/usr/bin'
build='x86_64-pc-linux-gnu'
build_alias='x86_64-linux-gnu'
build_cpu='x86_64'
build_os='linux-gnu'
build_vendor='pc'
datadir='${datarootdir}'
datarootdir='${prefix}/share'
docdir='${datarootdir}/doc/${PACKAGE_TARNAME}'
dvidir='${docdir}'
exec_prefix='${prefix}'
host='x86_64-openelec-linux-gnu'
host_alias='x86_64-openelec-linux-gnu'
host_cpu='x86_64'
host_os='linux-gnu'
host_vendor='openelec'
htmldir='${docdir}'
includedir='${prefix}/include'
infodir='${datarootdir}/info'
install_sh='${SHELL} /root/-f2fs/oe/build.OE-Generic.x86_64-8.0-devel/connman-1.33/install-sh'
libdir='${exec_prefix}/lib'
libexecdir='/usr/lib'
localedir='${datarootdir}/locale'
localstatedir='/var'
mandir='${datarootdir}/man'
mkdir_p='$(MKDIR_P)'
oldincludedir='/usr/include'
pdfdir='${docdir}'
prefix='/usr'
program_transform_name='s,x,x,'
psdir='${docdir}'
runstatedir='${localstatedir}/run'
sbindir='/usr/sbin'
sharedstatedir='${prefix}/com'
sysconfdir='/etc'
target_alias=''

## ----------- ##
## confdefs.h. ##
## ----------- ##

/* confdefs.h */
#define PACKAGE_NAME "connman"
#define PACKAGE_TARNAME "connman"
#define PACKAGE_VERSION "1.33"
#define PACKAGE_STRING "connman 1.33"
#define PACKAGE_BUGREPORT ""
#define PACKAGE_URL ""
#define PACKAGE "connman"
#define VERSION "1.33"
#define STDC_HEADERS 1
#define HAVE_SYS_TYPES_H 1
#define HAVE_SYS_STAT_H 1
#define HAVE_STDLIB_H 1
#define HAVE_STRING_H 1
#define HAVE_MEMORY_H 1
#define HAVE_STRINGS_H 1
#define HAVE_INTTYPES_H 1
#define HAVE_STDINT_H 1
#define HAVE_UNISTD_H 1
#define HAVE_DLFCN_H 1
#define LT_OBJDIR ".libs/"
#define HAVE_RESOLV_H 1
#define HAVE_EXECINFO_H 1
#define STATS_MAX_FILE_SIZE (16 * 8 * 128)
#define HAVE_SYS_INOTIFY_H 1
#define HAVE_READLINE_READLINE_H 1

configure: exit 0
