This file contains any messages produced by compilers while
running configure, to aid debugging if configure makes a mistake.

It was created by re2c configure 1.0.3, which was
generated by GNU Autoconf 2.69.  Invocation command line was

  $ /home/user/-f2fs/oe/build.OE-Generic.x86_64-9.0-devel/re2c-1.0.3/configure --host=x86_64-pc-linux-gnu --build=x86_64-pc-linux-gnu --prefix=/home/user/-f2fs/oe/build.OE-Generic.x86_64-9.0-devel/toolchain --bindir=/home/user/-f2fs/oe/build.OE-Generic.x86_64-9.0-devel/toolchain/bin --sbindir=/home/user/-f2fs/oe/build.OE-Generic.x86_64-9.0-devel/toolchain/sbin --sysconfdir=/home/user/-f2fs/oe/build.OE-Generic.x86_64-9.0-devel/toolchain/etc --libexecdir=/home/user/-f2fs/oe/build.OE-Generic.x86_64-9.0-devel/toolchain/lib --localstatedir=/home/user/-f2fs/oe/build.OE-Generic.x86_64-9.0-devel/toolchain/var --disable-static --enable-shared --enable-silent-rules --disable-docs

## --------- ##
## Platform. ##
## --------- ##

hostname = vmware
uname -m = x86_64
uname -r = 4.18.0-zen1-1-zen
uname -s = Linux
uname -v = #1 ZEN SMP PREEMPT Mon Aug 13 20:46:26 UTC 2018

/usr/bin/uname -p = unknown
/bin/uname -X     = unknown

/bin/arch              = unknown
/usr/bin/arch -k       = unknown
/usr/convex/getsysinfo = unknown
/usr/bin/hostinfo      = unknown
/bin/machine           = unknown
/usr/bin/oslevel       = unknown
/bin/universe          = unknown

PATH: /home/user/-f2fs/oe/build.OE-Generic.x86_64-9.0-devel/toolchain/bin
PATH: /home/user/-f2fs/oe/build.OE-Generic.x86_64-9.0-devel/toolchain/sbin
PATH: /home/user/go/bin
PATH: /home/user/.bin
PATH: /home/user/.go/bin
PATH: /bin
PATH: /sbin
PATH: /opt
PATH: /usr/local/sbin
PATH: /usr/local/bin
PATH: /usr/bin
PATH: /usr/lib/jvm/default/bin
PATH: /usr/bin/site_perl
PATH: /usr/bin/vendor_perl
PATH: /usr/bin/core_perl
PATH: /home/user/.fzf/bin


## ----------- ##
## Core tests. ##
## ----------- ##

configure:2159: checking for a BSD-compatible install
configure:2227: result: /bin/install -c
configure:2238: checking whether build environment is sane
configure:2293: result: yes
configure:2444: checking for a thread-safe mkdir -p
configure:2483: result: /bin/mkdir -p
configure:2490: checking for gawk
configure:2517: result: gawk
configure:2528: checking whether make sets $(MAKE)
configure:2550: result: yes
configure:2579: checking whether make supports nested variables
configure:2596: result: yes
configure:2733: checking whether make supports nested variables
configure:2750: result: yes
configure:2848: checking for bison
configure:2866: found /home/user/-f2fs/oe/build.OE-Generic.x86_64-9.0-devel/toolchain/bin/bison
configure:2879: result: /home/user/-f2fs/oe/build.OE-Generic.x86_64-9.0-devel/toolchain/bin/bison
configure:2895: checking for x86_64-pc-linux-gnu-gcc
configure:2922: result: /home/user/-f2fs/oe/build.OE-Generic.x86_64-9.0-devel/toolchain/bin/host-gcc
configure:3191: checking for C compiler version
configure:3200: /home/user/-f2fs/oe/build.OE-Generic.x86_64-9.0-devel/toolchain/bin/host-gcc --version >&5
gcc (GCC) 8.2.0
Copyright (C) 2018 Free Software Foundation, Inc.
This is free software; see the source for copying conditions.  There is NO
warranty; not even for MERCHANTABILITY or FITNESS FOR A PARTICULAR PURPOSE.

configure:3211: $? = 0
configure:3200: /home/user/-f2fs/oe/build.OE-Generic.x86_64-9.0-devel/toolchain/bin/host-gcc -v >&5
Using built-in specs.
COLLECT_GCC=/bin/gcc
COLLECT_LTO_WRAPPER=/usr/lib/gcc/x86_64-pc-linux-gnu/8.2.0/lto-wrapper
Target: x86_64-pc-linux-gnu
Configured with: /build/gcc/src/gcc/configure --prefix=/usr --libdir=/usr/lib --libexecdir=/usr/lib --mandir=/usr/share/man --infodir=/usr/share/info --with-bugurl=https://bugs.archlinux.org/ --enable-languages=c,c++,ada,fortran,go,lto,objc,obj-c++ --enable-shared --enable-threads=posix --enable-libmpx --with-system-zlib --with-isl --enable-__cxa_atexit --disable-libunwind-exceptions --enable-clocale=gnu --disable-libstdcxx-pch --disable-libssp --enable-gnu-unique-object --enable-linker-build-id --enable-lto --enable-plugin --enable-install-libiberty --with-linker-hash-style=gnu --enable-gnu-indirect-function --enable-multilib --disable-werror --enable-checking=release --enable-default-pie --enable-default-ssp --enable-cet=auto
Thread model: posix
gcc version 8.2.0 (GCC) 
configure:3211: $? = 0
configure:3200: /home/user/-f2fs/oe/build.OE-Generic.x86_64-9.0-devel/toolchain/bin/host-gcc -V >&5
gcc: error: unrecognized command line option '-V'
gcc: fatal error: no input files
compilation terminated.
configure:3211: $? = 1
configure:3200: /home/user/-f2fs/oe/build.OE-Generic.x86_64-9.0-devel/toolchain/bin/host-gcc -qversion >&5
gcc: error: unrecognized command line option '-qversion'; did you mean '--version'?
gcc: fatal error: no input files
compilation terminated.
configure:3211: $? = 1
configure:3231: checking whether the C compiler works
configure:3253: /home/user/-f2fs/oe/build.OE-Generic.x86_64-9.0-devel/toolchain/bin/host-gcc -O2 -I/home/user/-f2fs/oe/build.OE-Generic.x86_64-9.0-devel/toolchain/include -fdiagnostics-color=always -Wno-format-security  -Wl,-rpath,/home/user/-f2fs/oe/build.OE-Generic.x86_64-9.0-devel/toolchain/lib -L/home/user/-f2fs/oe/build.OE-Generic.x86_64-9.0-devel/toolchain/lib conftest.c  >&5
configure:3257: $? = 0
configure:3305: result: yes
configure:3308: checking for C compiler default output file name
configure:3310: result: a.out
configure:3316: checking for suffix of executables
configure:3323: /home/user/-f2fs/oe/build.OE-Generic.x86_64-9.0-devel/toolchain/bin/host-gcc -o conftest -O2 -I/home/user/-f2fs/oe/build.OE-Generic.x86_64-9.0-devel/toolchain/include -fdiagnostics-color=always -Wno-format-security  -Wl,-rpath,/home/user/-f2fs/oe/build.OE-Generic.x86_64-9.0-devel/toolchain/lib -L/home/user/-f2fs/oe/build.OE-Generic.x86_64-9.0-devel/toolchain/lib conftest.c  >&5
configure:3327: $? = 0
configure:3349: result: 
configure:3371: checking whether we are cross compiling
configure:3379: /home/user/-f2fs/oe/build.OE-Generic.x86_64-9.0-devel/toolchain/bin/host-gcc -o conftest -O2 -I/home/user/-f2fs/oe/build.OE-Generic.x86_64-9.0-devel/toolchain/include -fdiagnostics-color=always -Wno-format-security  -Wl,-rpath,/home/user/-f2fs/oe/build.OE-Generic.x86_64-9.0-devel/toolchain/lib -L/home/user/-f2fs/oe/build.OE-Generic.x86_64-9.0-devel/toolchain/lib conftest.c  >&5
configure:3383: $? = 0
configure:3390: ./conftest
configure:3394: $? = 0
configure:3409: result: no
configure:3414: checking for suffix of object files
configure:3436: /home/user/-f2fs/oe/build.OE-Generic.x86_64-9.0-devel/toolchain/bin/host-gcc -c -O2 -I/home/user/-f2fs/oe/build.OE-Generic.x86_64-9.0-devel/toolchain/include -fdiagnostics-color=always -Wno-format-security  conftest.c >&5
configure:3440: $? = 0
configure:3461: result: o
configure:3465: checking whether we are using the GNU C compiler
configure:3484: /home/user/-f2fs/oe/build.OE-Generic.x86_64-9.0-devel/toolchain/bin/host-gcc -c -O2 -I/home/user/-f2fs/oe/build.OE-Generic.x86_64-9.0-devel/toolchain/include -fdiagnostics-color=always -Wno-format-security  conftest.c >&5
configure:3484: $? = 0
configure:3493: result: yes
configure:3502: checking whether /home/user/-f2fs/oe/build.OE-Generic.x86_64-9.0-devel/toolchain/bin/host-gcc accepts -g
configure:3522: /home/user/-f2fs/oe/build.OE-Generic.x86_64-9.0-devel/toolchain/bin/host-gcc -c -g  conftest.c >&5
configure:3522: $? = 0
configure:3563: result: yes
configure:3580: checking for /home/user/-f2fs/oe/build.OE-Generic.x86_64-9.0-devel/toolchain/bin/host-gcc option to accept ISO C89
configure:3643: /home/user/-f2fs/oe/build.OE-Generic.x86_64-9.0-devel/toolchain/bin/host-gcc  -c -O2 -I/home/user/-f2fs/oe/build.OE-Generic.x86_64-9.0-devel/toolchain/include -fdiagnostics-color=always -Wno-format-security  conftest.c >&5
configure:3643: $? = 0
configure:3656: result: none needed
configure:3681: checking whether /home/user/-f2fs/oe/build.OE-Generic.x86_64-9.0-devel/toolchain/bin/host-gcc understands -c and -o together
configure:3703: /home/user/-f2fs/oe/build.OE-Generic.x86_64-9.0-devel/toolchain/bin/host-gcc -c conftest.c -o conftest2.o
configure:3706: $? = 0
configure:3703: /home/user/-f2fs/oe/build.OE-Generic.x86_64-9.0-devel/toolchain/bin/host-gcc -c conftest.c -o conftest2.o
configure:3706: $? = 0
configure:3718: result: yes
configure:3738: checking whether make supports the include directive
configure:3753: make -f confmf.GNU && cat confinc.out
this is the am__doit target
configure:3756: $? = 0
configure:3775: result: yes (GNU style)
configure:3800: checking dependency style of /home/user/-f2fs/oe/build.OE-Generic.x86_64-9.0-devel/toolchain/bin/host-gcc
configure:3911: result: gcc3
configure:4038: checking for C++ compiler version
configure:4047: /home/user/-f2fs/oe/build.OE-Generic.x86_64-9.0-devel/toolchain/bin/host-g++ --version >&5
g++ (GCC) 8.2.0
Copyright (C) 2018 Free Software Foundation, Inc.
This is free software; see the source for copying conditions.  There is NO
warranty; not even for MERCHANTABILITY or FITNESS FOR A PARTICULAR PURPOSE.

configure:4058: $? = 0
configure:4047: /home/user/-f2fs/oe/build.OE-Generic.x86_64-9.0-devel/toolchain/bin/host-g++ -v >&5
Using built-in specs.
COLLECT_GCC=/bin/g++
COLLECT_LTO_WRAPPER=/usr/lib/gcc/x86_64-pc-linux-gnu/8.2.0/lto-wrapper
Target: x86_64-pc-linux-gnu
Configured with: /build/gcc/src/gcc/configure --prefix=/usr --libdir=/usr/lib --libexecdir=/usr/lib --mandir=/usr/share/man --infodir=/usr/share/info --with-bugurl=https://bugs.archlinux.org/ --enable-languages=c,c++,ada,fortran,go,lto,objc,obj-c++ --enable-shared --enable-threads=posix --enable-libmpx --with-system-zlib --with-isl --enable-__cxa_atexit --disable-libunwind-exceptions --enable-clocale=gnu --disable-libstdcxx-pch --disable-libssp --enable-gnu-unique-object --enable-linker-build-id --enable-lto --enable-plugin --enable-install-libiberty --with-linker-hash-style=gnu --enable-gnu-indirect-function --enable-multilib --disable-werror --enable-checking=release --enable-default-pie --enable-default-ssp --enable-cet=auto
Thread model: posix
gcc version 8.2.0 (GCC) 
configure:4058: $? = 0
configure:4047: /home/user/-f2fs/oe/build.OE-Generic.x86_64-9.0-devel/toolchain/bin/host-g++ -V >&5
g++: error: unrecognized command line option '-V'
g++: fatal error: no input files
compilation terminated.
configure:4058: $? = 1
configure:4047: /home/user/-f2fs/oe/build.OE-Generic.x86_64-9.0-devel/toolchain/bin/host-g++ -qversion >&5
g++: error: unrecognized command line option '-qversion'; did you mean '--version'?
g++: fatal error: no input files
compilation terminated.
configure:4058: $? = 1
configure:4062: checking whether we are using the GNU C++ compiler
configure:4081: /home/user/-f2fs/oe/build.OE-Generic.x86_64-9.0-devel/toolchain/bin/host-g++ -c -O2 -I/home/user/-f2fs/oe/build.OE-Generic.x86_64-9.0-devel/toolchain/include -fdiagnostics-color=always -Wno-format-security  conftest.cpp >&5
configure:4081: $? = 0
configure:4090: result: yes
configure:4099: checking whether /home/user/-f2fs/oe/build.OE-Generic.x86_64-9.0-devel/toolchain/bin/host-g++ accepts -g
configure:4119: /home/user/-f2fs/oe/build.OE-Generic.x86_64-9.0-devel/toolchain/bin/host-g++ -c -g  conftest.cpp >&5
configure:4119: $? = 0
configure:4160: result: yes
configure:4185: checking dependency style of /home/user/-f2fs/oe/build.OE-Generic.x86_64-9.0-devel/toolchain/bin/host-g++
configure:4296: result: gcc3
configure:4324: checking C++ compiler flag -std=c++98
configure:4345: /home/user/-f2fs/oe/build.OE-Generic.x86_64-9.0-devel/toolchain/bin/host-g++ -c -O2 -I/home/user/-f2fs/oe/build.OE-Generic.x86_64-9.0-devel/toolchain/include -fdiagnostics-color=always -Wno-format-security -std=c++98  conftest.cpp >&5
configure:4345: $? = 0
configure:4362: result: yes
configure:4366: checking C++ compiler flag -W
configure:4387: /home/user/-f2fs/oe/build.OE-Generic.x86_64-9.0-devel/toolchain/bin/host-g++ -c -O2 -I/home/user/-f2fs/oe/build.OE-Generic.x86_64-9.0-devel/toolchain/include -fdiagnostics-color=always -Wno-format-security -W  conftest.cpp >&5
configure:4387: $? = 0
configure:4404: result: yes
configure:4408: checking C++ compiler flag -Wall
configure:4429: /home/user/-f2fs/oe/build.OE-Generic.x86_64-9.0-devel/toolchain/bin/host-g++ -c -O2 -I/home/user/-f2fs/oe/build.OE-Generic.x86_64-9.0-devel/toolchain/include -fdiagnostics-color=always -Wno-format-security -Wall  conftest.cpp >&5
configure:4429: $? = 0
configure:4446: result: yes
configure:4450: checking C++ compiler flag -Wextra
configure:4471: /home/user/-f2fs/oe/build.OE-Generic.x86_64-9.0-devel/toolchain/bin/host-g++ -c -O2 -I/home/user/-f2fs/oe/build.OE-Generic.x86_64-9.0-devel/toolchain/include -fdiagnostics-color=always -Wno-format-security -Wextra  conftest.cpp >&5
configure:4471: $? = 0
configure:4488: result: yes
configure:4492: checking C++ compiler flag -Weffc++
configure:4513: /home/user/-f2fs/oe/build.OE-Generic.x86_64-9.0-devel/toolchain/bin/host-g++ -c -O2 -I/home/user/-f2fs/oe/build.OE-Generic.x86_64-9.0-devel/toolchain/include -fdiagnostics-color=always -Wno-format-security -Weffc++  conftest.cpp >&5
configure:4513: $? = 0
configure:4530: result: yes
configure:4534: checking C++ compiler flag -pedantic
configure:4555: /home/user/-f2fs/oe/build.OE-Generic.x86_64-9.0-devel/toolchain/bin/host-g++ -c -O2 -I/home/user/-f2fs/oe/build.OE-Generic.x86_64-9.0-devel/toolchain/include -fdiagnostics-color=always -Wno-format-security -pedantic  conftest.cpp >&5
configure:4555: $? = 0
configure:4572: result: yes
configure:4576: checking C++ compiler flag -Wformat=2
configure:4597: /home/user/-f2fs/oe/build.OE-Generic.x86_64-9.0-devel/toolchain/bin/host-g++ -c -O2 -I/home/user/-f2fs/oe/build.OE-Generic.x86_64-9.0-devel/toolchain/include -fdiagnostics-color=always -Wno-format-security -Wformat=2  conftest.cpp >&5
configure:4597: $? = 0
configure:4614: result: yes
configure:4618: checking C++ compiler flag -Wredundant-decls
configure:4639: /home/user/-f2fs/oe/build.OE-Generic.x86_64-9.0-devel/toolchain/bin/host-g++ -c -O2 -I/home/user/-f2fs/oe/build.OE-Generic.x86_64-9.0-devel/toolchain/include -fdiagnostics-color=always -Wno-format-security -Wredundant-decls  conftest.cpp >&5
configure:4639: $? = 0
configure:4656: result: yes
configure:4660: checking C++ compiler flag -Wsuggest-attribute=format
configure:4681: /home/user/-f2fs/oe/build.OE-Generic.x86_64-9.0-devel/toolchain/bin/host-g++ -c -O2 -I/home/user/-f2fs/oe/build.OE-Generic.x86_64-9.0-devel/toolchain/include -fdiagnostics-color=always -Wno-format-security -Wsuggest-attribute=format  conftest.cpp >&5
configure:4681: $? = 0
configure:4698: result: yes
configure:4702: checking C++ compiler flag -Wconversion
configure:4723: /home/user/-f2fs/oe/build.OE-Generic.x86_64-9.0-devel/toolchain/bin/host-g++ -c -O2 -I/home/user/-f2fs/oe/build.OE-Generic.x86_64-9.0-devel/toolchain/include -fdiagnostics-color=always -Wno-format-security -Wconversion  conftest.cpp >&5
configure:4723: $? = 0
configure:4740: result: yes
configure:4744: checking C++ compiler flag -Wsign-conversion
configure:4765: /home/user/-f2fs/oe/build.OE-Generic.x86_64-9.0-devel/toolchain/bin/host-g++ -c -O2 -I/home/user/-f2fs/oe/build.OE-Generic.x86_64-9.0-devel/toolchain/include -fdiagnostics-color=always -Wno-format-security -Wsign-conversion  conftest.cpp >&5
configure:4765: $? = 0
configure:4782: result: yes
configure:4786: checking C++ compiler flag -O2
configure:4807: /home/user/-f2fs/oe/build.OE-Generic.x86_64-9.0-devel/toolchain/bin/host-g++ -c -O2 -I/home/user/-f2fs/oe/build.OE-Generic.x86_64-9.0-devel/toolchain/include -fdiagnostics-color=always -Wno-format-security -O2  conftest.cpp >&5
configure:4807: $? = 0
configure:4824: result: yes
configure:4828: checking C++ compiler flag -Weverything
configure:4849: /home/user/-f2fs/oe/build.OE-Generic.x86_64-9.0-devel/toolchain/bin/host-g++ -c -O2 -I/home/user/-f2fs/oe/build.OE-Generic.x86_64-9.0-devel/toolchain/include -fdiagnostics-color=always -Wno-format-security -Weverything  conftest.cpp >&5
[01m[Kg++:[m[K [01;31m[Kerror: [m[Kunrecognized command line option '[01m[K-Weverything[m[K'
configure:4849: $? = 1
configure: failed program was:
| /* confdefs.h */
| #define PACKAGE_NAME "re2c"
| #define PACKAGE_TARNAME "re2c"
| #define PACKAGE_VERSION "1.0.3"
| #define PACKAGE_STRING "re2c 1.0.3"
| #define PACKAGE_BUGREPORT "re2c-general@lists.sourceforge.net"
| #define PACKAGE_URL ""
| #define PACKAGE "re2c"
| #define VERSION "1.0.3"
| /* end confdefs.h.  */
| 
| int
| main ()
| {
| 
|   ;
|   return 0;
| }
configure:4866: result: no
configure:4875: checking for stdint.h
configure:4875: /home/user/-f2fs/oe/build.OE-Generic.x86_64-9.0-devel/toolchain/bin/host-gcc -c -O2 -I/home/user/-f2fs/oe/build.OE-Generic.x86_64-9.0-devel/toolchain/include -fdiagnostics-color=always -Wno-format-security  conftest.c >&5
configure:4875: $? = 0
configure:4875: result: yes
configure:4891: checking size of char
configure:4896: /home/user/-f2fs/oe/build.OE-Generic.x86_64-9.0-devel/toolchain/bin/host-gcc -o conftest -O2 -I/home/user/-f2fs/oe/build.OE-Generic.x86_64-9.0-devel/toolchain/include -fdiagnostics-color=always -Wno-format-security  -Wl,-rpath,/home/user/-f2fs/oe/build.OE-Generic.x86_64-9.0-devel/toolchain/lib -L/home/user/-f2fs/oe/build.OE-Generic.x86_64-9.0-devel/toolchain/lib conftest.c  >&5
configure:4896: $? = 0
configure:4896: ./conftest
configure:4896: $? = 0
configure:4911: result: 1
configure:4925: checking size of short
configure:4930: /home/user/-f2fs/oe/build.OE-Generic.x86_64-9.0-devel/toolchain/bin/host-gcc -o conftest -O2 -I/home/user/-f2fs/oe/build.OE-Generic.x86_64-9.0-devel/toolchain/include -fdiagnostics-color=always -Wno-format-security  -Wl,-rpath,/home/user/-f2fs/oe/build.OE-Generic.x86_64-9.0-devel/toolchain/lib -L/home/user/-f2fs/oe/build.OE-Generic.x86_64-9.0-devel/toolchain/lib conftest.c  >&5
configure:4930: $? = 0
configure:4930: ./conftest
configure:4930: $? = 0
configure:4945: result: 2
configure:4959: checking size of int
configure:4964: /home/user/-f2fs/oe/build.OE-Generic.x86_64-9.0-devel/toolchain/bin/host-gcc -o conftest -O2 -I/home/user/-f2fs/oe/build.OE-Generic.x86_64-9.0-devel/toolchain/include -fdiagnostics-color=always -Wno-format-security  -Wl,-rpath,/home/user/-f2fs/oe/build.OE-Generic.x86_64-9.0-devel/toolchain/lib -L/home/user/-f2fs/oe/build.OE-Generic.x86_64-9.0-devel/toolchain/lib conftest.c  >&5
configure:4964: $? = 0
configure:4964: ./conftest
configure:4964: $? = 0
configure:4979: result: 4
configure:4993: checking size of long
configure:4998: /home/user/-f2fs/oe/build.OE-Generic.x86_64-9.0-devel/toolchain/bin/host-gcc -o conftest -O2 -I/home/user/-f2fs/oe/build.OE-Generic.x86_64-9.0-devel/toolchain/include -fdiagnostics-color=always -Wno-format-security  -Wl,-rpath,/home/user/-f2fs/oe/build.OE-Generic.x86_64-9.0-devel/toolchain/lib -L/home/user/-f2fs/oe/build.OE-Generic.x86_64-9.0-devel/toolchain/lib conftest.c  >&5
configure:4998: $? = 0
configure:4998: ./conftest
configure:4998: $? = 0
configure:5013: result: 8
configure:5027: checking size of long long
configure:5032: /home/user/-f2fs/oe/build.OE-Generic.x86_64-9.0-devel/toolchain/bin/host-gcc -o conftest -O2 -I/home/user/-f2fs/oe/build.OE-Generic.x86_64-9.0-devel/toolchain/include -fdiagnostics-color=always -Wno-format-security  -Wl,-rpath,/home/user/-f2fs/oe/build.OE-Generic.x86_64-9.0-devel/toolchain/lib -L/home/user/-f2fs/oe/build.OE-Generic.x86_64-9.0-devel/toolchain/lib conftest.c  >&5
configure:5032: $? = 0
configure:5032: ./conftest
configure:5032: $? = 0
configure:5047: result: 8
configure:5061: checking size of __int64
configure:5066: /home/user/-f2fs/oe/build.OE-Generic.x86_64-9.0-devel/toolchain/bin/host-gcc -o conftest -O2 -I/home/user/-f2fs/oe/build.OE-Generic.x86_64-9.0-devel/toolchain/include -fdiagnostics-color=always -Wno-format-security  -Wl,-rpath,/home/user/-f2fs/oe/build.OE-Generic.x86_64-9.0-devel/toolchain/lib -L/home/user/-f2fs/oe/build.OE-Generic.x86_64-9.0-devel/toolchain/lib conftest.c  >&5
[01m[Kconftest.c:[m[K In function '[01m[Klongval[m[K':
[01m[Kconftest.c:19:57:[m[K [01;31m[Kerror: [m[K'[01m[K__int64[m[K' undeclared (first use in this function); did you mean '[01m[K__int128[m[K'?
 static long int longval () { return (long int) (sizeof ([01;31m[K__int64[m[K)); }
                                                         [01;31m[K^~~~~~~[m[K
                                                         [32m[K__int128[m[K
[01m[Kconftest.c:19:57:[m[K [01;36m[Knote: [m[Keach undeclared identifier is reported only once for each function it appears in
[01m[Kconftest.c:[m[K In function '[01m[Kulongval[m[K':
[01m[Kconftest.c:20:67:[m[K [01;31m[Kerror: [m[K'[01m[K__int64[m[K' undeclared (first use in this function); did you mean '[01m[K__int128[m[K'?
 static unsigned long int ulongval () { return (long int) (sizeof ([01;31m[K__int64[m[K)); }
                                                                   [01;31m[K^~~~~~~[m[K
                                                                   [32m[K__int128[m[K
[01m[Kconftest.c:[m[K In function '[01m[Kmain[m[K':
[01m[Kconftest.c:30:28:[m[K [01;31m[Kerror: [m[K'[01m[K__int64[m[K' undeclared (first use in this function); did you mean '[01m[K__int64_t[m[K'?
   if (((long int) (sizeof ([01;31m[K__int64[m[K))) < 0)
                            [01;31m[K^~~~~~~[m[K
                            [32m[K__int64_t[m[K
configure:5066: $? = 1
configure: program exited with status 1
configure: failed program was:
| /* confdefs.h */
| #define PACKAGE_NAME "re2c"
| #define PACKAGE_TARNAME "re2c"
| #define PACKAGE_VERSION "1.0.3"
| #define PACKAGE_STRING "re2c 1.0.3"
| #define PACKAGE_BUGREPORT "re2c-general@lists.sourceforge.net"
| #define PACKAGE_URL ""
| #define PACKAGE "re2c"
| #define VERSION "1.0.3"
| #define HAVE_STDINT_H 1
| #define SIZEOF_CHAR 1
| #define SIZEOF_SHORT 2
| #define SIZEOF_INT 4
| #define SIZEOF_LONG 8
| #define SIZEOF_LONG_LONG 8
| /* end confdefs.h.  */
| 
| 
| static long int longval () { return (long int) (sizeof (__int64)); }
| static unsigned long int ulongval () { return (long int) (sizeof (__int64)); }
| #include <stdio.h>
| #include <stdlib.h>
| int
| main ()
| {
| 
|   FILE *f = fopen ("conftest.val", "w");
|   if (! f)
|     return 1;
|   if (((long int) (sizeof (__int64))) < 0)
|     {
|       long int i = longval ();
|       if (i != ((long int) (sizeof (__int64))))
| 	return 1;
|       fprintf (f, "%ld", i);
|     }
|   else
|     {
|       unsigned long int i = ulongval ();
|       if (i != ((long int) (sizeof (__int64))))
| 	return 1;
|       fprintf (f, "%lu", i);
|     }
|   /* Do not output a trailing newline, as this causes \r\n confusion
|      on some platforms.  */
|   return ferror (f) || fclose (f) != 0;
| 
|   ;
|   return 0;
| }
configure:5081: result: 0
configure:5096: checking size of void *
configure:5101: /home/user/-f2fs/oe/build.OE-Generic.x86_64-9.0-devel/toolchain/bin/host-gcc -o conftest -O2 -I/home/user/-f2fs/oe/build.OE-Generic.x86_64-9.0-devel/toolchain/include -fdiagnostics-color=always -Wno-format-security  -Wl,-rpath,/home/user/-f2fs/oe/build.OE-Generic.x86_64-9.0-devel/toolchain/lib -L/home/user/-f2fs/oe/build.OE-Generic.x86_64-9.0-devel/toolchain/lib conftest.c  >&5
configure:5101: $? = 0
configure:5101: ./conftest
configure:5101: $? = 0
configure:5116: result: 8
configure:5131: checking size of 0l
configure:5136: /home/user/-f2fs/oe/build.OE-Generic.x86_64-9.0-devel/toolchain/bin/host-gcc -o conftest -O2 -I/home/user/-f2fs/oe/build.OE-Generic.x86_64-9.0-devel/toolchain/include -fdiagnostics-color=always -Wno-format-security  -Wl,-rpath,/home/user/-f2fs/oe/build.OE-Generic.x86_64-9.0-devel/toolchain/lib -L/home/user/-f2fs/oe/build.OE-Generic.x86_64-9.0-devel/toolchain/lib conftest.c  >&5
configure:5136: $? = 0
configure:5136: ./conftest
configure:5136: $? = 0
configure:5151: result: 8
configure:5165: checking size of 0ll
configure:5170: /home/user/-f2fs/oe/build.OE-Generic.x86_64-9.0-devel/toolchain/bin/host-gcc -o conftest -O2 -I/home/user/-f2fs/oe/build.OE-Generic.x86_64-9.0-devel/toolchain/include -fdiagnostics-color=always -Wno-format-security  -Wl,-rpath,/home/user/-f2fs/oe/build.OE-Generic.x86_64-9.0-devel/toolchain/lib -L/home/user/-f2fs/oe/build.OE-Generic.x86_64-9.0-devel/toolchain/lib conftest.c  >&5
configure:5170: $? = 0
configure:5170: ./conftest
configure:5170: $? = 0
configure:5185: result: 8
configure:5199: checking size of 0i8
configure:5204: /home/user/-f2fs/oe/build.OE-Generic.x86_64-9.0-devel/toolchain/bin/host-gcc -o conftest -O2 -I/home/user/-f2fs/oe/build.OE-Generic.x86_64-9.0-devel/toolchain/include -fdiagnostics-color=always -Wno-format-security  -Wl,-rpath,/home/user/-f2fs/oe/build.OE-Generic.x86_64-9.0-devel/toolchain/lib -L/home/user/-f2fs/oe/build.OE-Generic.x86_64-9.0-devel/toolchain/lib conftest.c  >&5
[01m[Kconftest.c:[m[K In function '[01m[Klongval[m[K':
[01m[Kconftest.c:23:57:[m[K [01;31m[Kerror: [m[Kinvalid suffix "i8" on integer constant
 static long int longval () { return (long int) (sizeof ([01;31m[K0i8[m[K)); }
                                                         [01;31m[K^~~[m[K
[01m[Kconftest.c:[m[K In function '[01m[Kulongval[m[K':
[01m[Kconftest.c:24:67:[m[K [01;31m[Kerror: [m[Kinvalid suffix "i8" on integer constant
 static unsigned long int ulongval () { return (long int) (sizeof ([01;31m[K0i8[m[K)); }
                                                                   [01;31m[K^~~[m[K
[01m[Kconftest.c:[m[K In function '[01m[Kmain[m[K':
[01m[Kconftest.c:34:28:[m[K [01;31m[Kerror: [m[Kinvalid suffix "i8" on integer constant
   if (((long int) (sizeof ([01;31m[K0i8[m[K))) < 0)
                            [01;31m[K^~~[m[K
[01m[Kconftest.c:37:37:[m[K [01;31m[Kerror: [m[Kinvalid suffix "i8" on integer constant
       if (i != ((long int) (sizeof ([01;31m[K0i8[m[K))))
                                     [01;31m[K^~~[m[K
[01m[Kconftest.c:44:37:[m[K [01;31m[Kerror: [m[Kinvalid suffix "i8" on integer constant
       if (i != ((long int) (sizeof ([01;31m[K0i8[m[K))))
                                     [01;31m[K^~~[m[K
configure:5204: $? = 1
configure: program exited with status 1
configure: failed program was:
| /* confdefs.h */
| #define PACKAGE_NAME "re2c"
| #define PACKAGE_TARNAME "re2c"
| #define PACKAGE_VERSION "1.0.3"
| #define PACKAGE_STRING "re2c 1.0.3"
| #define PACKAGE_BUGREPORT "re2c-general@lists.sourceforge.net"
| #define PACKAGE_URL ""
| #define PACKAGE "re2c"
| #define VERSION "1.0.3"
| #define HAVE_STDINT_H 1
| #define SIZEOF_CHAR 1
| #define SIZEOF_SHORT 2
| #define SIZEOF_INT 4
| #define SIZEOF_LONG 8
| #define SIZEOF_LONG_LONG 8
| #define SIZEOF___INT64 0
| #define SIZEOF_VOID_P 8
| #define SIZEOF_0L 8
| #define SIZEOF_0LL 8
| /* end confdefs.h.  */
| 
| 
| static long int longval () { return (long int) (sizeof (0i8)); }
| static unsigned long int ulongval () { return (long int) (sizeof (0i8)); }
| #include <stdio.h>
| #include <stdlib.h>
| int
| main ()
| {
| 
|   FILE *f = fopen ("conftest.val", "w");
|   if (! f)
|     return 1;
|   if (((long int) (sizeof (0i8))) < 0)
|     {
|       long int i = longval ();
|       if (i != ((long int) (sizeof (0i8))))
| 	return 1;
|       fprintf (f, "%ld", i);
|     }
|   else
|     {
|       unsigned long int i = ulongval ();
|       if (i != ((long int) (sizeof (0i8))))
| 	return 1;
|       fprintf (f, "%lu", i);
|     }
|   /* Do not output a trailing newline, as this causes \r\n confusion
|      on some platforms.  */
|   return ferror (f) || fclose (f) != 0;
| 
|   ;
|   return 0;
| }
configure:5219: result: 0
configure:5346: checking that generated files are newer than configure
configure:5352: result: done
configure:5383: creating ./config.status

## ---------------------- ##
## Running config.status. ##
## ---------------------- ##

This file was extended by re2c config.status 1.0.3, which was
generated by GNU Autoconf 2.69.  Invocation command line was

  CONFIG_FILES    = 
  CONFIG_HEADERS  = 
  CONFIG_LINKS    = 
  CONFIG_COMMANDS = 
  $ ./config.status 

on vmware

config.status:868: creating Makefile
config.status:868: creating doc/manpage.rst
config.status:868: creating doc/help.rst
config.status:868: creating run_tests.sh
config.status:868: creating config.h
config.status:1082: executing depfiles commands
config.status:1159: cd .       && sed -e '/# am--include-marker/d' Makefile         | make -f - am--depfiles
config.status:1164: $? = 0
configure:6700: WARNING: unrecognized options: --disable-static, --enable-shared

## ---------------- ##
## Cache variables. ##
## ---------------- ##

ac_cv_c_compiler_gnu=yes
ac_cv_cxx_compiler_gnu=yes
ac_cv_env_CCC_set=
ac_cv_env_CCC_value=
ac_cv_env_CC_set=set
ac_cv_env_CC_value=/home/user/-f2fs/oe/build.OE-Generic.x86_64-9.0-devel/toolchain/bin/host-gcc
ac_cv_env_CFLAGS_set=set
ac_cv_env_CFLAGS_value='-O2 -I/home/user/-f2fs/oe/build.OE-Generic.x86_64-9.0-devel/toolchain/include -fdiagnostics-color=always -Wno-format-security'
ac_cv_env_CPPFLAGS_set=set
ac_cv_env_CPPFLAGS_value=
ac_cv_env_CXXFLAGS_set=set
ac_cv_env_CXXFLAGS_value='-O2 -I/home/user/-f2fs/oe/build.OE-Generic.x86_64-9.0-devel/toolchain/include -fdiagnostics-color=always -Wno-format-security'
ac_cv_env_CXX_set=set
ac_cv_env_CXX_value=/home/user/-f2fs/oe/build.OE-Generic.x86_64-9.0-devel/toolchain/bin/host-g++
ac_cv_env_LDFLAGS_set=set
ac_cv_env_LDFLAGS_value='-Wl,-rpath,/home/user/-f2fs/oe/build.OE-Generic.x86_64-9.0-devel/toolchain/lib -L/home/user/-f2fs/oe/build.OE-Generic.x86_64-9.0-devel/toolchain/lib'
ac_cv_env_LIBS_set=
ac_cv_env_LIBS_value=
ac_cv_env_build_alias_set=set
ac_cv_env_build_alias_value=x86_64-pc-linux-gnu
ac_cv_env_host_alias_set=set
ac_cv_env_host_alias_value=x86_64-pc-linux-gnu
ac_cv_env_target_alias_set=
ac_cv_env_target_alias_value=
ac_cv_header_stdint_h=yes
ac_cv_objext=o
ac_cv_path_BISON=/home/user/-f2fs/oe/build.OE-Generic.x86_64-9.0-devel/toolchain/bin/bison
ac_cv_path_install='/bin/install -c'
ac_cv_path_mkdir=/bin/mkdir
ac_cv_prog_AWK=gawk
ac_cv_prog_CC=/home/user/-f2fs/oe/build.OE-Generic.x86_64-9.0-devel/toolchain/bin/host-gcc
ac_cv_prog_cc_c89=
ac_cv_prog_cc_g=yes
ac_cv_prog_cxx_g=yes
ac_cv_prog_make_make_set=yes
ac_cv_sizeof_0i8=0
ac_cv_sizeof_0l=8
ac_cv_sizeof_0ll=8
ac_cv_sizeof___int64=0
ac_cv_sizeof_char=1
ac_cv_sizeof_int=4
ac_cv_sizeof_long=8
ac_cv_sizeof_long_long=8
ac_cv_sizeof_short=2
ac_cv_sizeof_void_p=8
am_cv_CC_dependencies_compiler_type=gcc3
am_cv_CXX_dependencies_compiler_type=gcc3
am_cv_make_support_nested_variables=yes
am_cv_prog_cc_c_o=yes

## ----------------- ##
## Output variables. ##
## ----------------- ##

ACLOCAL='${SHELL} /home/user/-f2fs/oe/build.OE-Generic.x86_64-9.0-devel/re2c-1.0.3/missing aclocal-1.16'
AMDEPBACKSLASH='\'
AMDEP_FALSE='#'
AMDEP_TRUE=''
AMTAR='$${TAR-tar}'
AM_BACKSLASH='\'
AM_DEFAULT_V='$(AM_DEFAULT_VERBOSITY)'
AM_DEFAULT_VERBOSITY='0'
AM_V='$(V)'
AUTOCONF='${SHELL} /home/user/-f2fs/oe/build.OE-Generic.x86_64-9.0-devel/re2c-1.0.3/missing autoconf'
AUTOHEADER='${SHELL} /home/user/-f2fs/oe/build.OE-Generic.x86_64-9.0-devel/re2c-1.0.3/missing autoheader'
AUTOMAKE='${SHELL} /home/user/-f2fs/oe/build.OE-Generic.x86_64-9.0-devel/re2c-1.0.3/missing automake-1.16'
AWK='gawk'
BISON='/home/user/-f2fs/oe/build.OE-Generic.x86_64-9.0-devel/toolchain/bin/bison'
CC='/home/user/-f2fs/oe/build.OE-Generic.x86_64-9.0-devel/toolchain/bin/host-gcc'
CCDEPMODE='depmode=gcc3'
CFLAGS='-O2 -I/home/user/-f2fs/oe/build.OE-Generic.x86_64-9.0-devel/toolchain/include -fdiagnostics-color=always -Wno-format-security'
CPPFLAGS=''
CXX='/home/user/-f2fs/oe/build.OE-Generic.x86_64-9.0-devel/toolchain/bin/host-g++'
CXXDEPMODE='depmode=gcc3'
CXXFLAGS='-O2 -I/home/user/-f2fs/oe/build.OE-Generic.x86_64-9.0-devel/toolchain/include -fdiagnostics-color=always -Wno-format-security'
CXXFLAGSDEFAULT=' -std=c++98  -W  -Wall  -Wextra  -Weffc++  -pedantic  -Wformat=2  -Wredundant-decls  -Wsuggest-attribute=format  -Wconversion  -Wsign-conversion  -O2 '
CYGPATH_W='echo'
DEFS='-DHAVE_CONFIG_H'
DEPDIR='.deps'
ECHO_C=''
ECHO_N='-n'
ECHO_T=''
EXEEXT=''
INSTALL_DATA='${INSTALL} -m 644'
INSTALL_PROGRAM='${INSTALL}'
INSTALL_SCRIPT='${INSTALL}'
INSTALL_STRIP_PROGRAM='$(install_sh) -c -s'
LDFLAGS='-Wl,-rpath,/home/user/-f2fs/oe/build.OE-Generic.x86_64-9.0-devel/toolchain/lib -L/home/user/-f2fs/oe/build.OE-Generic.x86_64-9.0-devel/toolchain/lib'
LIBOBJS=''
LIBS=''
LTLIBOBJS=''
MAKEINFO='${SHELL} /home/user/-f2fs/oe/build.OE-Generic.x86_64-9.0-devel/re2c-1.0.3/missing makeinfo'
MKDIR_P='/bin/mkdir -p'
OBJEXT='o'
PACKAGE='re2c'
PACKAGE_BUGREPORT='re2c-general@lists.sourceforge.net'
PACKAGE_DATE='16 Aug 2018'
PACKAGE_NAME='re2c'
PACKAGE_RELEASE='1'
PACKAGE_STRING='re2c 1.0.3'
PACKAGE_TARNAME='re2c'
PACKAGE_URL=''
PACKAGE_VERSION='1.0.3'
PATH_SEPARATOR=':'
REBUILD_DOCS_FALSE=''
REBUILD_DOCS_TRUE='#'
RST2MAN=''
SET_MAKE=''
SHELL='/bin/sh'
STRIP='strip'
VERSION='1.0.3'
ac_ct_CC=''
ac_ct_CXX=''
am__EXEEXT_FALSE=''
am__EXEEXT_TRUE='#'
am__fastdepCC_FALSE='#'
am__fastdepCC_TRUE=''
am__fastdepCXX_FALSE='#'
am__fastdepCXX_TRUE=''
am__include='include'
am__isrc=' -I$(srcdir)'
am__leading_dot='.'
am__nodep='_no'
am__quote=''
am__tar='$${TAR-tar} chof - "$$tardir"'
am__untar='$${TAR-tar} xf -'
bindir='/home/user/-f2fs/oe/build.OE-Generic.x86_64-9.0-devel/toolchain/bin'
build_alias='x86_64-pc-linux-gnu'
datadir='${datarootdir}'
datarootdir='${prefix}/share'
docdir='${datarootdir}/doc/${PACKAGE_TARNAME}'
dvidir='${docdir}'
exec_prefix='${prefix}'
host_alias='x86_64-pc-linux-gnu'
htmldir='${docdir}'
includedir='${prefix}/include'
infodir='${datarootdir}/info'
install_sh='${SHELL} /home/user/-f2fs/oe/build.OE-Generic.x86_64-9.0-devel/re2c-1.0.3/install-sh'
libdir='${exec_prefix}/lib'
libexecdir='/home/user/-f2fs/oe/build.OE-Generic.x86_64-9.0-devel/toolchain/lib'
localedir='${datarootdir}/locale'
localstatedir='/home/user/-f2fs/oe/build.OE-Generic.x86_64-9.0-devel/toolchain/var'
mandir='${datarootdir}/man'
mkdir_p='$(MKDIR_P)'
oldincludedir='/usr/include'
pdfdir='${docdir}'
prefix='/home/user/-f2fs/oe/build.OE-Generic.x86_64-9.0-devel/toolchain'
program_transform_name='s,x,x,'
psdir='${docdir}'
runstatedir='${localstatedir}/run'
sbindir='/home/user/-f2fs/oe/build.OE-Generic.x86_64-9.0-devel/toolchain/sbin'
sharedstatedir='${prefix}/com'
sysconfdir='/home/user/-f2fs/oe/build.OE-Generic.x86_64-9.0-devel/toolchain/etc'
target_alias=''

## ----------- ##
## confdefs.h. ##
## ----------- ##

/* confdefs.h */
#define PACKAGE_NAME "re2c"
#define PACKAGE_TARNAME "re2c"
#define PACKAGE_VERSION "1.0.3"
#define PACKAGE_STRING "re2c 1.0.3"
#define PACKAGE_BUGREPORT "re2c-general@lists.sourceforge.net"
#define PACKAGE_URL ""
#define PACKAGE "re2c"
#define VERSION "1.0.3"
#define HAVE_STDINT_H 1
#define SIZEOF_CHAR 1
#define SIZEOF_SHORT 2
#define SIZEOF_INT 4
#define SIZEOF_LONG 8
#define SIZEOF_LONG_LONG 8
#define SIZEOF___INT64 0
#define SIZEOF_VOID_P 8
#define SIZEOF_0L 8
#define SIZEOF_0LL 8
#define SIZEOF_0I8 0

configure: exit 0
