The target system is: Linux - 1 - 
The host system is: Linux - 4.18.0-zen1-1-zen - x86_64
Compiling the C compiler identification source file "CMakeCCompilerId.c" succeeded.
Compiler: /home/user/-f2fs/oe/build.OE-Generic.x86_64-9.0-devel/toolchain/bin/host-gcc 
Build flags: -O2;-I/home/user/-f2fs/oe/build.OE-Generic.x86_64-9.0-devel/toolchain/include;-fdiagnostics-color=always;-Wno-format-security;-fPIC;-DPIC
Id flags:  

The output was:
0


Compilation of the C compiler identification source "CMakeCCompilerId.c" produced "a.out"

The C compiler identification is GNU, found in "/home/user/-f2fs/oe/build.OE-Generic.x86_64-9.0-devel/zlib-1.2.11/.x86_64-pc-linux-gnu/CMakeFiles/3.12.1/CompilerIdC/a.out"

Determining if the C compiler works passed with the following output:
Change Dir: /home/user/-f2fs/oe/build.OE-Generic.x86_64-9.0-devel/zlib-1.2.11/.x86_64-pc-linux-gnu/CMakeFiles/CMakeTmp

Run Build Command:"/home/user/-f2fs/oe/build.OE-Generic.x86_64-9.0-devel/toolchain/bin/gmake" "cmTC_f6bef/fast"
/home/user/-f2fs/oe/build.OE-Generic.x86_64-9.0-devel/toolchain/bin/gmake -f CMakeFiles/cmTC_f6bef.dir/build.make CMakeFiles/cmTC_f6bef.dir/build
gmake[1]: Entering directory '/home/user/-f2fs/oe/build.OE-Generic.x86_64-9.0-devel/zlib-1.2.11/.x86_64-pc-linux-gnu/CMakeFiles/CMakeTmp'
Building C object CMakeFiles/cmTC_f6bef.dir/testCCompiler.c.o
/home/user/-f2fs/oe/build.OE-Generic.x86_64-9.0-devel/toolchain/bin/host-gcc   -O2 -I/home/user/-f2fs/oe/build.OE-Generic.x86_64-9.0-devel/toolchain/include -fdiagnostics-color=always -Wno-format-security -fPIC -DPIC    -o CMakeFiles/cmTC_f6bef.dir/testCCompiler.c.o   -c /home/user/-f2fs/oe/build.OE-Generic.x86_64-9.0-devel/zlib-1.2.11/.x86_64-pc-linux-gnu/CMakeFiles/CMakeTmp/testCCompiler.c
Linking C executable cmTC_f6bef
/usr/bin/cmake -E cmake_link_script CMakeFiles/cmTC_f6bef.dir/link.txt --verbose=1
/home/user/-f2fs/oe/build.OE-Generic.x86_64-9.0-devel/toolchain/bin/host-gcc -O2 -I/home/user/-f2fs/oe/build.OE-Generic.x86_64-9.0-devel/toolchain/include -fdiagnostics-color=always -Wno-format-security -fPIC -DPIC   -Wl,-rpath,/home/user/-f2fs/oe/build.OE-Generic.x86_64-9.0-devel/toolchain/lib -L/home/user/-f2fs/oe/build.OE-Generic.x86_64-9.0-devel/toolchain/lib -fPIC  -rdynamic CMakeFiles/cmTC_f6bef.dir/testCCompiler.c.o  -o cmTC_f6bef 
gmake[1]: Leaving directory '/home/user/-f2fs/oe/build.OE-Generic.x86_64-9.0-devel/zlib-1.2.11/.x86_64-pc-linux-gnu/CMakeFiles/CMakeTmp'


Detecting C compiler ABI info compiled with the following output:
Change Dir: /home/user/-f2fs/oe/build.OE-Generic.x86_64-9.0-devel/zlib-1.2.11/.x86_64-pc-linux-gnu/CMakeFiles/CMakeTmp

Run Build Command:"/home/user/-f2fs/oe/build.OE-Generic.x86_64-9.0-devel/toolchain/bin/gmake" "cmTC_4be9d/fast"
/home/user/-f2fs/oe/build.OE-Generic.x86_64-9.0-devel/toolchain/bin/gmake -f CMakeFiles/cmTC_4be9d.dir/build.make CMakeFiles/cmTC_4be9d.dir/build
gmake[1]: Entering directory '/home/user/-f2fs/oe/build.OE-Generic.x86_64-9.0-devel/zlib-1.2.11/.x86_64-pc-linux-gnu/CMakeFiles/CMakeTmp'
Building C object CMakeFiles/cmTC_4be9d.dir/CMakeCCompilerABI.c.o
/home/user/-f2fs/oe/build.OE-Generic.x86_64-9.0-devel/toolchain/bin/host-gcc   -O2 -I/home/user/-f2fs/oe/build.OE-Generic.x86_64-9.0-devel/toolchain/include -fdiagnostics-color=always -Wno-format-security -fPIC -DPIC    -o CMakeFiles/cmTC_4be9d.dir/CMakeCCompilerABI.c.o   -c /usr/share/cmake-3.12/Modules/CMakeCCompilerABI.c
Linking C executable cmTC_4be9d
/usr/bin/cmake -E cmake_link_script CMakeFiles/cmTC_4be9d.dir/link.txt --verbose=1
/home/user/-f2fs/oe/build.OE-Generic.x86_64-9.0-devel/toolchain/bin/host-gcc -O2 -I/home/user/-f2fs/oe/build.OE-Generic.x86_64-9.0-devel/toolchain/include -fdiagnostics-color=always -Wno-format-security -fPIC -DPIC   -Wl,-rpath,/home/user/-f2fs/oe/build.OE-Generic.x86_64-9.0-devel/toolchain/lib -L/home/user/-f2fs/oe/build.OE-Generic.x86_64-9.0-devel/toolchain/lib -fPIC -v -rdynamic CMakeFiles/cmTC_4be9d.dir/CMakeCCompilerABI.c.o  -o cmTC_4be9d 
Using built-in specs.
COLLECT_GCC=/bin/gcc
COLLECT_LTO_WRAPPER=/usr/lib/gcc/x86_64-pc-linux-gnu/8.2.0/lto-wrapper
Target: x86_64-pc-linux-gnu
Configured with: /build/gcc/src/gcc/configure --prefix=/usr --libdir=/usr/lib --libexecdir=/usr/lib --mandir=/usr/share/man --infodir=/usr/share/info --with-bugurl=https://bugs.archlinux.org/ --enable-languages=c,c++,ada,fortran,go,lto,objc,obj-c++ --enable-shared --enable-threads=posix --enable-libmpx --with-system-zlib --with-isl --enable-__cxa_atexit --disable-libunwind-exceptions --enable-clocale=gnu --disable-libstdcxx-pch --disable-libssp --enable-gnu-unique-object --enable-linker-build-id --enable-lto --enable-plugin --enable-install-libiberty --with-linker-hash-style=gnu --enable-gnu-indirect-function --enable-multilib --disable-werror --enable-checking=release --enable-default-pie --enable-default-ssp --enable-cet=auto
Thread model: posix
gcc version 8.2.0 (GCC) 
COMPILER_PATH=/usr/lib/gcc/x86_64-pc-linux-gnu/8.2.0/:/usr/lib/gcc/x86_64-pc-linux-gnu/8.2.0/:/usr/lib/gcc/x86_64-pc-linux-gnu/:/usr/lib/gcc/x86_64-pc-linux-gnu/8.2.0/:/usr/lib/gcc/x86_64-pc-linux-gnu/
LIBRARY_PATH=/usr/lib/gcc/x86_64-pc-linux-gnu/8.2.0/:/usr/lib/gcc/x86_64-pc-linux-gnu/8.2.0/../../../../lib/:/lib/../lib/:/usr/lib/../lib/:/usr/lib/gcc/x86_64-pc-linux-gnu/8.2.0/../../../:/lib/:/usr/lib/
COLLECT_GCC_OPTIONS='-fdiagnostics-color=always' '-O2' '-I' '/home/user/-f2fs/oe/build.OE-Generic.x86_64-9.0-devel/toolchain/include' '-Wno-format-security' '-D' 'PIC' '-L/home/user/-f2fs/oe/build.OE-Generic.x86_64-9.0-devel/toolchain/lib' '-fPIC' '-v' '-rdynamic' '-o' 'cmTC_4be9d' '-mtune=generic' '-march=x86-64'
 /usr/lib/gcc/x86_64-pc-linux-gnu/8.2.0/collect2 -plugin /usr/lib/gcc/x86_64-pc-linux-gnu/8.2.0/liblto_plugin.so -plugin-opt=/usr/lib/gcc/x86_64-pc-linux-gnu/8.2.0/lto-wrapper -plugin-opt=-fresolution=/tmp/ccfhFn5n.res -plugin-opt=-pass-through=-lgcc -plugin-opt=-pass-through=-lgcc_s -plugin-opt=-pass-through=-lc -plugin-opt=-pass-through=-lgcc -plugin-opt=-pass-through=-lgcc_s --build-id --eh-frame-hdr --hash-style=gnu -m elf_x86_64 -export-dynamic -dynamic-linker /lib64/ld-linux-x86-64.so.2 -pie -o cmTC_4be9d /usr/lib/gcc/x86_64-pc-linux-gnu/8.2.0/../../../../lib/Scrt1.o /usr/lib/gcc/x86_64-pc-linux-gnu/8.2.0/../../../../lib/crti.o /usr/lib/gcc/x86_64-pc-linux-gnu/8.2.0/crtbeginS.o -L/home/user/-f2fs/oe/build.OE-Generic.x86_64-9.0-devel/toolchain/lib -L/usr/lib/gcc/x86_64-pc-linux-gnu/8.2.0 -L/usr/lib/gcc/x86_64-pc-linux-gnu/8.2.0/../../../../lib -L/lib/../lib -L/usr/lib/../lib -L/usr/lib/gcc/x86_64-pc-linux-gnu/8.2.0/../../.. -rpath /home/user/-f2fs/oe/build.OE-Generic.x86_64-9.0-devel/toolchain/lib CMakeFiles/cmTC_4be9d.dir/CMakeCCompilerABI.c.o -lgcc --as-needed -lgcc_s --no-as-needed -lc -lgcc --as-needed -lgcc_s --no-as-needed /usr/lib/gcc/x86_64-pc-linux-gnu/8.2.0/crtendS.o /usr/lib/gcc/x86_64-pc-linux-gnu/8.2.0/../../../../lib/crtn.o
COLLECT_GCC_OPTIONS='-fdiagnostics-color=always' '-O2' '-I' '/home/user/-f2fs/oe/build.OE-Generic.x86_64-9.0-devel/toolchain/include' '-Wno-format-security' '-D' 'PIC' '-L/home/user/-f2fs/oe/build.OE-Generic.x86_64-9.0-devel/toolchain/lib' '-fPIC' '-v' '-rdynamic' '-o' 'cmTC_4be9d' '-mtune=generic' '-march=x86-64'
gmake[1]: Leaving directory '/home/user/-f2fs/oe/build.OE-Generic.x86_64-9.0-devel/zlib-1.2.11/.x86_64-pc-linux-gnu/CMakeFiles/CMakeTmp'


Parsed C implicit link information from above output:
  link line regex: [^( *|.*[/\])(CMAKE_LINKER-NOTFOUND|CMAKE_LINK_STARTFILE-NOTFOUND|([^/\]+-)?ld|collect2)[^/\]*( |$)]
  ignore line: [Change Dir: /home/user/-f2fs/oe/build.OE-Generic.x86_64-9.0-devel/zlib-1.2.11/.x86_64-pc-linux-gnu/CMakeFiles/CMakeTmp]
  ignore line: []
  ignore line: [Run Build Command:"/home/user/-f2fs/oe/build.OE-Generic.x86_64-9.0-devel/toolchain/bin/gmake" "cmTC_4be9d/fast"]
  ignore line: [/home/user/-f2fs/oe/build.OE-Generic.x86_64-9.0-devel/toolchain/bin/gmake -f CMakeFiles/cmTC_4be9d.dir/build.make CMakeFiles/cmTC_4be9d.dir/build]
  ignore line: [gmake[1]: Entering directory '/home/user/-f2fs/oe/build.OE-Generic.x86_64-9.0-devel/zlib-1.2.11/.x86_64-pc-linux-gnu/CMakeFiles/CMakeTmp']
  ignore line: [Building C object CMakeFiles/cmTC_4be9d.dir/CMakeCCompilerABI.c.o]
  ignore line: [/home/user/-f2fs/oe/build.OE-Generic.x86_64-9.0-devel/toolchain/bin/host-gcc   -O2 -I/home/user/-f2fs/oe/build.OE-Generic.x86_64-9.0-devel/toolchain/include -fdiagnostics-color=always -Wno-format-security -fPIC -DPIC    -o CMakeFiles/cmTC_4be9d.dir/CMakeCCompilerABI.c.o   -c /usr/share/cmake-3.12/Modules/CMakeCCompilerABI.c]
  ignore line: [Linking C executable cmTC_4be9d]
  ignore line: [/usr/bin/cmake -E cmake_link_script CMakeFiles/cmTC_4be9d.dir/link.txt --verbose=1]
  ignore line: [/home/user/-f2fs/oe/build.OE-Generic.x86_64-9.0-devel/toolchain/bin/host-gcc -O2 -I/home/user/-f2fs/oe/build.OE-Generic.x86_64-9.0-devel/toolchain/include -fdiagnostics-color=always -Wno-format-security -fPIC -DPIC   -Wl,-rpath,/home/user/-f2fs/oe/build.OE-Generic.x86_64-9.0-devel/toolchain/lib -L/home/user/-f2fs/oe/build.OE-Generic.x86_64-9.0-devel/toolchain/lib -fPIC -v -rdynamic CMakeFiles/cmTC_4be9d.dir/CMakeCCompilerABI.c.o  -o cmTC_4be9d ]
  ignore line: [Using built-in specs.]
  ignore line: [COLLECT_GCC=/bin/gcc]
  ignore line: [COLLECT_LTO_WRAPPER=/usr/lib/gcc/x86_64-pc-linux-gnu/8.2.0/lto-wrapper]
  ignore line: [Target: x86_64-pc-linux-gnu]
  ignore line: [Configured with: /build/gcc/src/gcc/configure --prefix=/usr --libdir=/usr/lib --libexecdir=/usr/lib --mandir=/usr/share/man --infodir=/usr/share/info --with-bugurl=https://bugs.archlinux.org/ --enable-languages=c,c++,ada,fortran,go,lto,objc,obj-c++ --enable-shared --enable-threads=posix --enable-libmpx --with-system-zlib --with-isl --enable-__cxa_atexit --disable-libunwind-exceptions --enable-clocale=gnu --disable-libstdcxx-pch --disable-libssp --enable-gnu-unique-object --enable-linker-build-id --enable-lto --enable-plugin --enable-install-libiberty --with-linker-hash-style=gnu --enable-gnu-indirect-function --enable-multilib --disable-werror --enable-checking=release --enable-default-pie --enable-default-ssp --enable-cet=auto]
  ignore line: [Thread model: posix]
  ignore line: [gcc version 8.2.0 (GCC) ]
  ignore line: [COMPILER_PATH=/usr/lib/gcc/x86_64-pc-linux-gnu/8.2.0/:/usr/lib/gcc/x86_64-pc-linux-gnu/8.2.0/:/usr/lib/gcc/x86_64-pc-linux-gnu/:/usr/lib/gcc/x86_64-pc-linux-gnu/8.2.0/:/usr/lib/gcc/x86_64-pc-linux-gnu/]
  ignore line: [LIBRARY_PATH=/usr/lib/gcc/x86_64-pc-linux-gnu/8.2.0/:/usr/lib/gcc/x86_64-pc-linux-gnu/8.2.0/../../../../lib/:/lib/../lib/:/usr/lib/../lib/:/usr/lib/gcc/x86_64-pc-linux-gnu/8.2.0/../../../:/lib/:/usr/lib/]
  ignore line: [COLLECT_GCC_OPTIONS='-fdiagnostics-color=always' '-O2' '-I' '/home/user/-f2fs/oe/build.OE-Generic.x86_64-9.0-devel/toolchain/include' '-Wno-format-security' '-D' 'PIC' '-L/home/user/-f2fs/oe/build.OE-Generic.x86_64-9.0-devel/toolchain/lib' '-fPIC' '-v' '-rdynamic' '-o' 'cmTC_4be9d' '-mtune=generic' '-march=x86-64']
  link line: [ /usr/lib/gcc/x86_64-pc-linux-gnu/8.2.0/collect2 -plugin /usr/lib/gcc/x86_64-pc-linux-gnu/8.2.0/liblto_plugin.so -plugin-opt=/usr/lib/gcc/x86_64-pc-linux-gnu/8.2.0/lto-wrapper -plugin-opt=-fresolution=/tmp/ccfhFn5n.res -plugin-opt=-pass-through=-lgcc -plugin-opt=-pass-through=-lgcc_s -plugin-opt=-pass-through=-lc -plugin-opt=-pass-through=-lgcc -plugin-opt=-pass-through=-lgcc_s --build-id --eh-frame-hdr --hash-style=gnu -m elf_x86_64 -export-dynamic -dynamic-linker /lib64/ld-linux-x86-64.so.2 -pie -o cmTC_4be9d /usr/lib/gcc/x86_64-pc-linux-gnu/8.2.0/../../../../lib/Scrt1.o /usr/lib/gcc/x86_64-pc-linux-gnu/8.2.0/../../../../lib/crti.o /usr/lib/gcc/x86_64-pc-linux-gnu/8.2.0/crtbeginS.o -L/home/user/-f2fs/oe/build.OE-Generic.x86_64-9.0-devel/toolchain/lib -L/usr/lib/gcc/x86_64-pc-linux-gnu/8.2.0 -L/usr/lib/gcc/x86_64-pc-linux-gnu/8.2.0/../../../../lib -L/lib/../lib -L/usr/lib/../lib -L/usr/lib/gcc/x86_64-pc-linux-gnu/8.2.0/../../.. -rpath /home/user/-f2fs/oe/build.OE-Generic.x86_64-9.0-devel/toolchain/lib CMakeFiles/cmTC_4be9d.dir/CMakeCCompilerABI.c.o -lgcc --as-needed -lgcc_s --no-as-needed -lc -lgcc --as-needed -lgcc_s --no-as-needed /usr/lib/gcc/x86_64-pc-linux-gnu/8.2.0/crtendS.o /usr/lib/gcc/x86_64-pc-linux-gnu/8.2.0/../../../../lib/crtn.o]
    arg [/usr/lib/gcc/x86_64-pc-linux-gnu/8.2.0/collect2] ==> ignore
    arg [-plugin] ==> ignore
    arg [/usr/lib/gcc/x86_64-pc-linux-gnu/8.2.0/liblto_plugin.so] ==> ignore
    arg [-plugin-opt=/usr/lib/gcc/x86_64-pc-linux-gnu/8.2.0/lto-wrapper] ==> ignore
    arg [-plugin-opt=-fresolution=/tmp/ccfhFn5n.res] ==> ignore
    arg [-plugin-opt=-pass-through=-lgcc] ==> ignore
    arg [-plugin-opt=-pass-through=-lgcc_s] ==> ignore
    arg [-plugin-opt=-pass-through=-lc] ==> ignore
    arg [-plugin-opt=-pass-through=-lgcc] ==> ignore
    arg [-plugin-opt=-pass-through=-lgcc_s] ==> ignore
    arg [--build-id] ==> ignore
    arg [--eh-frame-hdr] ==> ignore
    arg [--hash-style=gnu] ==> ignore
    arg [-m] ==> ignore
    arg [elf_x86_64] ==> ignore
    arg [-export-dynamic] ==> ignore
    arg [-dynamic-linker] ==> ignore
    arg [/lib64/ld-linux-x86-64.so.2] ==> ignore
    arg [-pie] ==> ignore
    arg [-o] ==> ignore
    arg [cmTC_4be9d] ==> ignore
    arg [/usr/lib/gcc/x86_64-pc-linux-gnu/8.2.0/../../../../lib/Scrt1.o] ==> ignore
    arg [/usr/lib/gcc/x86_64-pc-linux-gnu/8.2.0/../../../../lib/crti.o] ==> ignore
    arg [/usr/lib/gcc/x86_64-pc-linux-gnu/8.2.0/crtbeginS.o] ==> ignore
    arg [-L/home/user/-f2fs/oe/build.OE-Generic.x86_64-9.0-devel/toolchain/lib] ==> dir [/home/user/-f2fs/oe/build.OE-Generic.x86_64-9.0-devel/toolchain/lib]
    arg [-L/usr/lib/gcc/x86_64-pc-linux-gnu/8.2.0] ==> dir [/usr/lib/gcc/x86_64-pc-linux-gnu/8.2.0]
    arg [-L/usr/lib/gcc/x86_64-pc-linux-gnu/8.2.0/../../../../lib] ==> dir [/usr/lib/gcc/x86_64-pc-linux-gnu/8.2.0/../../../../lib]
    arg [-L/lib/../lib] ==> dir [/lib/../lib]
    arg [-L/usr/lib/../lib] ==> dir [/usr/lib/../lib]
    arg [-L/usr/lib/gcc/x86_64-pc-linux-gnu/8.2.0/../../..] ==> dir [/usr/lib/gcc/x86_64-pc-linux-gnu/8.2.0/../../..]
    arg [-rpath] ==> ignore
    arg [/home/user/-f2fs/oe/build.OE-Generic.x86_64-9.0-devel/toolchain/lib] ==> ignore
    arg [CMakeFiles/cmTC_4be9d.dir/CMakeCCompilerABI.c.o] ==> ignore
    arg [-lgcc] ==> lib [gcc]
    arg [--as-needed] ==> ignore
    arg [-lgcc_s] ==> lib [gcc_s]
    arg [--no-as-needed] ==> ignore
    arg [-lc] ==> lib [c]
    arg [-lgcc] ==> lib [gcc]
    arg [--as-needed] ==> ignore
    arg [-lgcc_s] ==> lib [gcc_s]
    arg [--no-as-needed] ==> ignore
    arg [/usr/lib/gcc/x86_64-pc-linux-gnu/8.2.0/crtendS.o] ==> ignore
    arg [/usr/lib/gcc/x86_64-pc-linux-gnu/8.2.0/../../../../lib/crtn.o] ==> ignore
  collapse library dir [/home/user/-f2fs/oe/build.OE-Generic.x86_64-9.0-devel/toolchain/lib] ==> [/home/user/-f2fs/oe/build.OE-Generic.x86_64-9.0-devel/toolchain/lib]
  collapse library dir [/usr/lib/gcc/x86_64-pc-linux-gnu/8.2.0] ==> [/usr/lib/gcc/x86_64-pc-linux-gnu/8.2.0]
  collapse library dir [/usr/lib/gcc/x86_64-pc-linux-gnu/8.2.0/../../../../lib] ==> [/usr/lib]
  collapse library dir [/lib/../lib] ==> [/lib]
  collapse library dir [/usr/lib/../lib] ==> [/usr/lib]
  collapse library dir [/usr/lib/gcc/x86_64-pc-linux-gnu/8.2.0/../../..] ==> [/usr/lib]
  implicit libs: [gcc;gcc_s;c;gcc;gcc_s]
  implicit dirs: [/home/user/-f2fs/oe/build.OE-Generic.x86_64-9.0-devel/toolchain/lib;/usr/lib/gcc/x86_64-pc-linux-gnu/8.2.0;/usr/lib;/lib]
  implicit fwks: []




Detecting C [-std=c11] compiler features compiled with the following output:
Change Dir: /home/user/-f2fs/oe/build.OE-Generic.x86_64-9.0-devel/zlib-1.2.11/.x86_64-pc-linux-gnu/CMakeFiles/CMakeTmp

Run Build Command:"/home/user/-f2fs/oe/build.OE-Generic.x86_64-9.0-devel/toolchain/bin/gmake" "cmTC_4e7e4/fast"
/home/user/-f2fs/oe/build.OE-Generic.x86_64-9.0-devel/toolchain/bin/gmake -f CMakeFiles/cmTC_4e7e4.dir/build.make CMakeFiles/cmTC_4e7e4.dir/build
gmake[1]: Entering directory '/home/user/-f2fs/oe/build.OE-Generic.x86_64-9.0-devel/zlib-1.2.11/.x86_64-pc-linux-gnu/CMakeFiles/CMakeTmp'
Building C object CMakeFiles/cmTC_4e7e4.dir/feature_tests.c.o
/home/user/-f2fs/oe/build.OE-Generic.x86_64-9.0-devel/toolchain/bin/host-gcc   -O2 -I/home/user/-f2fs/oe/build.OE-Generic.x86_64-9.0-devel/toolchain/include -fdiagnostics-color=always -Wno-format-security -fPIC -DPIC    -std=c11 -o CMakeFiles/cmTC_4e7e4.dir/feature_tests.c.o   -c /home/user/-f2fs/oe/build.OE-Generic.x86_64-9.0-devel/zlib-1.2.11/.x86_64-pc-linux-gnu/CMakeFiles/feature_tests.c
Linking C executable cmTC_4e7e4
/usr/bin/cmake -E cmake_link_script CMakeFiles/cmTC_4e7e4.dir/link.txt --verbose=1
/home/user/-f2fs/oe/build.OE-Generic.x86_64-9.0-devel/toolchain/bin/host-gcc -O2 -I/home/user/-f2fs/oe/build.OE-Generic.x86_64-9.0-devel/toolchain/include -fdiagnostics-color=always -Wno-format-security -fPIC -DPIC   -Wl,-rpath,/home/user/-f2fs/oe/build.OE-Generic.x86_64-9.0-devel/toolchain/lib -L/home/user/-f2fs/oe/build.OE-Generic.x86_64-9.0-devel/toolchain/lib -fPIC  -rdynamic CMakeFiles/cmTC_4e7e4.dir/feature_tests.c.o  -o cmTC_4e7e4 
gmake[1]: Leaving directory '/home/user/-f2fs/oe/build.OE-Generic.x86_64-9.0-devel/zlib-1.2.11/.x86_64-pc-linux-gnu/CMakeFiles/CMakeTmp'


    Feature record: C_FEATURE:1c_function_prototypes
    Feature record: C_FEATURE:1c_restrict
    Feature record: C_FEATURE:1c_static_assert
    Feature record: C_FEATURE:1c_variadic_macros


Detecting C [-std=c99] compiler features compiled with the following output:
Change Dir: /home/user/-f2fs/oe/build.OE-Generic.x86_64-9.0-devel/zlib-1.2.11/.x86_64-pc-linux-gnu/CMakeFiles/CMakeTmp

Run Build Command:"/home/user/-f2fs/oe/build.OE-Generic.x86_64-9.0-devel/toolchain/bin/gmake" "cmTC_788b0/fast"
/home/user/-f2fs/oe/build.OE-Generic.x86_64-9.0-devel/toolchain/bin/gmake -f CMakeFiles/cmTC_788b0.dir/build.make CMakeFiles/cmTC_788b0.dir/build
gmake[1]: Entering directory '/home/user/-f2fs/oe/build.OE-Generic.x86_64-9.0-devel/zlib-1.2.11/.x86_64-pc-linux-gnu/CMakeFiles/CMakeTmp'
Building C object CMakeFiles/cmTC_788b0.dir/feature_tests.c.o
/home/user/-f2fs/oe/build.OE-Generic.x86_64-9.0-devel/toolchain/bin/host-gcc   -O2 -I/home/user/-f2fs/oe/build.OE-Generic.x86_64-9.0-devel/toolchain/include -fdiagnostics-color=always -Wno-format-security -fPIC -DPIC    -std=c99 -o CMakeFiles/cmTC_788b0.dir/feature_tests.c.o   -c /home/user/-f2fs/oe/build.OE-Generic.x86_64-9.0-devel/zlib-1.2.11/.x86_64-pc-linux-gnu/CMakeFiles/feature_tests.c
Linking C executable cmTC_788b0
/usr/bin/cmake -E cmake_link_script CMakeFiles/cmTC_788b0.dir/link.txt --verbose=1
/home/user/-f2fs/oe/build.OE-Generic.x86_64-9.0-devel/toolchain/bin/host-gcc -O2 -I/home/user/-f2fs/oe/build.OE-Generic.x86_64-9.0-devel/toolchain/include -fdiagnostics-color=always -Wno-format-security -fPIC -DPIC   -Wl,-rpath,/home/user/-f2fs/oe/build.OE-Generic.x86_64-9.0-devel/toolchain/lib -L/home/user/-f2fs/oe/build.OE-Generic.x86_64-9.0-devel/toolchain/lib -fPIC  -rdynamic CMakeFiles/cmTC_788b0.dir/feature_tests.c.o  -o cmTC_788b0 
gmake[1]: Leaving directory '/home/user/-f2fs/oe/build.OE-Generic.x86_64-9.0-devel/zlib-1.2.11/.x86_64-pc-linux-gnu/CMakeFiles/CMakeTmp'


    Feature record: C_FEATURE:1c_function_prototypes
    Feature record: C_FEATURE:1c_restrict
    Feature record: C_FEATURE:0c_static_assert
    Feature record: C_FEATURE:1c_variadic_macros


Detecting C [-std=c90] compiler features compiled with the following output:
Change Dir: /home/user/-f2fs/oe/build.OE-Generic.x86_64-9.0-devel/zlib-1.2.11/.x86_64-pc-linux-gnu/CMakeFiles/CMakeTmp

Run Build Command:"/home/user/-f2fs/oe/build.OE-Generic.x86_64-9.0-devel/toolchain/bin/gmake" "cmTC_cc537/fast"
/home/user/-f2fs/oe/build.OE-Generic.x86_64-9.0-devel/toolchain/bin/gmake -f CMakeFiles/cmTC_cc537.dir/build.make CMakeFiles/cmTC_cc537.dir/build
gmake[1]: Entering directory '/home/user/-f2fs/oe/build.OE-Generic.x86_64-9.0-devel/zlib-1.2.11/.x86_64-pc-linux-gnu/CMakeFiles/CMakeTmp'
Building C object CMakeFiles/cmTC_cc537.dir/feature_tests.c.o
/home/user/-f2fs/oe/build.OE-Generic.x86_64-9.0-devel/toolchain/bin/host-gcc   -O2 -I/home/user/-f2fs/oe/build.OE-Generic.x86_64-9.0-devel/toolchain/include -fdiagnostics-color=always -Wno-format-security -fPIC -DPIC    -std=c90 -o CMakeFiles/cmTC_cc537.dir/feature_tests.c.o   -c /home/user/-f2fs/oe/build.OE-Generic.x86_64-9.0-devel/zlib-1.2.11/.x86_64-pc-linux-gnu/CMakeFiles/feature_tests.c
Linking C executable cmTC_cc537
/usr/bin/cmake -E cmake_link_script CMakeFiles/cmTC_cc537.dir/link.txt --verbose=1
/home/user/-f2fs/oe/build.OE-Generic.x86_64-9.0-devel/toolchain/bin/host-gcc -O2 -I/home/user/-f2fs/oe/build.OE-Generic.x86_64-9.0-devel/toolchain/include -fdiagnostics-color=always -Wno-format-security -fPIC -DPIC   -Wl,-rpath,/home/user/-f2fs/oe/build.OE-Generic.x86_64-9.0-devel/toolchain/lib -L/home/user/-f2fs/oe/build.OE-Generic.x86_64-9.0-devel/toolchain/lib -fPIC  -rdynamic CMakeFiles/cmTC_cc537.dir/feature_tests.c.o  -o cmTC_cc537 
gmake[1]: Leaving directory '/home/user/-f2fs/oe/build.OE-Generic.x86_64-9.0-devel/zlib-1.2.11/.x86_64-pc-linux-gnu/CMakeFiles/CMakeTmp'


    Feature record: C_FEATURE:1c_function_prototypes
    Feature record: C_FEATURE:0c_restrict
    Feature record: C_FEATURE:0c_static_assert
    Feature record: C_FEATURE:0c_variadic_macros
Determining if the include file sys/types.h exists passed with the following output:
Change Dir: /home/user/-f2fs/oe/build.OE-Generic.x86_64-9.0-devel/zlib-1.2.11/.x86_64-pc-linux-gnu/CMakeFiles/CMakeTmp

Run Build Command:"/home/user/-f2fs/oe/build.OE-Generic.x86_64-9.0-devel/toolchain/bin/gmake" "cmTC_a6798/fast"
/home/user/-f2fs/oe/build.OE-Generic.x86_64-9.0-devel/toolchain/bin/gmake -f CMakeFiles/cmTC_a6798.dir/build.make CMakeFiles/cmTC_a6798.dir/build
gmake[1]: Entering directory '/home/user/-f2fs/oe/build.OE-Generic.x86_64-9.0-devel/zlib-1.2.11/.x86_64-pc-linux-gnu/CMakeFiles/CMakeTmp'
Building C object CMakeFiles/cmTC_a6798.dir/CheckIncludeFile.c.o
/home/user/-f2fs/oe/build.OE-Generic.x86_64-9.0-devel/toolchain/bin/host-gcc   -O2 -I/home/user/-f2fs/oe/build.OE-Generic.x86_64-9.0-devel/toolchain/include -fdiagnostics-color=always -Wno-format-security -fPIC -DPIC    -o CMakeFiles/cmTC_a6798.dir/CheckIncludeFile.c.o   -c /home/user/-f2fs/oe/build.OE-Generic.x86_64-9.0-devel/zlib-1.2.11/.x86_64-pc-linux-gnu/CMakeFiles/CMakeTmp/CheckIncludeFile.c
Linking C executable cmTC_a6798
/usr/bin/cmake -E cmake_link_script CMakeFiles/cmTC_a6798.dir/link.txt --verbose=1
/home/user/-f2fs/oe/build.OE-Generic.x86_64-9.0-devel/toolchain/bin/host-gcc -O2 -I/home/user/-f2fs/oe/build.OE-Generic.x86_64-9.0-devel/toolchain/include -fdiagnostics-color=always -Wno-format-security -fPIC -DPIC   -Wl,-rpath,/home/user/-f2fs/oe/build.OE-Generic.x86_64-9.0-devel/toolchain/lib -L/home/user/-f2fs/oe/build.OE-Generic.x86_64-9.0-devel/toolchain/lib -fPIC  -rdynamic CMakeFiles/cmTC_a6798.dir/CheckIncludeFile.c.o  -o cmTC_a6798 
gmake[1]: Leaving directory '/home/user/-f2fs/oe/build.OE-Generic.x86_64-9.0-devel/zlib-1.2.11/.x86_64-pc-linux-gnu/CMakeFiles/CMakeTmp'


Determining if the include file stdint.h exists passed with the following output:
Change Dir: /home/user/-f2fs/oe/build.OE-Generic.x86_64-9.0-devel/zlib-1.2.11/.x86_64-pc-linux-gnu/CMakeFiles/CMakeTmp

Run Build Command:"/home/user/-f2fs/oe/build.OE-Generic.x86_64-9.0-devel/toolchain/bin/gmake" "cmTC_d61cd/fast"
/home/user/-f2fs/oe/build.OE-Generic.x86_64-9.0-devel/toolchain/bin/gmake -f CMakeFiles/cmTC_d61cd.dir/build.make CMakeFiles/cmTC_d61cd.dir/build
gmake[1]: Entering directory '/home/user/-f2fs/oe/build.OE-Generic.x86_64-9.0-devel/zlib-1.2.11/.x86_64-pc-linux-gnu/CMakeFiles/CMakeTmp'
Building C object CMakeFiles/cmTC_d61cd.dir/CheckIncludeFile.c.o
/home/user/-f2fs/oe/build.OE-Generic.x86_64-9.0-devel/toolchain/bin/host-gcc   -O2 -I/home/user/-f2fs/oe/build.OE-Generic.x86_64-9.0-devel/toolchain/include -fdiagnostics-color=always -Wno-format-security -fPIC -DPIC    -o CMakeFiles/cmTC_d61cd.dir/CheckIncludeFile.c.o   -c /home/user/-f2fs/oe/build.OE-Generic.x86_64-9.0-devel/zlib-1.2.11/.x86_64-pc-linux-gnu/CMakeFiles/CMakeTmp/CheckIncludeFile.c
Linking C executable cmTC_d61cd
/usr/bin/cmake -E cmake_link_script CMakeFiles/cmTC_d61cd.dir/link.txt --verbose=1
/home/user/-f2fs/oe/build.OE-Generic.x86_64-9.0-devel/toolchain/bin/host-gcc -O2 -I/home/user/-f2fs/oe/build.OE-Generic.x86_64-9.0-devel/toolchain/include -fdiagnostics-color=always -Wno-format-security -fPIC -DPIC   -Wl,-rpath,/home/user/-f2fs/oe/build.OE-Generic.x86_64-9.0-devel/toolchain/lib -L/home/user/-f2fs/oe/build.OE-Generic.x86_64-9.0-devel/toolchain/lib -fPIC  -rdynamic CMakeFiles/cmTC_d61cd.dir/CheckIncludeFile.c.o  -o cmTC_d61cd 
gmake[1]: Leaving directory '/home/user/-f2fs/oe/build.OE-Generic.x86_64-9.0-devel/zlib-1.2.11/.x86_64-pc-linux-gnu/CMakeFiles/CMakeTmp'


Determining if the include file stddef.h exists passed with the following output:
Change Dir: /home/user/-f2fs/oe/build.OE-Generic.x86_64-9.0-devel/zlib-1.2.11/.x86_64-pc-linux-gnu/CMakeFiles/CMakeTmp

Run Build Command:"/home/user/-f2fs/oe/build.OE-Generic.x86_64-9.0-devel/toolchain/bin/gmake" "cmTC_ba6d6/fast"
/home/user/-f2fs/oe/build.OE-Generic.x86_64-9.0-devel/toolchain/bin/gmake -f CMakeFiles/cmTC_ba6d6.dir/build.make CMakeFiles/cmTC_ba6d6.dir/build
gmake[1]: Entering directory '/home/user/-f2fs/oe/build.OE-Generic.x86_64-9.0-devel/zlib-1.2.11/.x86_64-pc-linux-gnu/CMakeFiles/CMakeTmp'
Building C object CMakeFiles/cmTC_ba6d6.dir/CheckIncludeFile.c.o
/home/user/-f2fs/oe/build.OE-Generic.x86_64-9.0-devel/toolchain/bin/host-gcc   -O2 -I/home/user/-f2fs/oe/build.OE-Generic.x86_64-9.0-devel/toolchain/include -fdiagnostics-color=always -Wno-format-security -fPIC -DPIC    -o CMakeFiles/cmTC_ba6d6.dir/CheckIncludeFile.c.o   -c /home/user/-f2fs/oe/build.OE-Generic.x86_64-9.0-devel/zlib-1.2.11/.x86_64-pc-linux-gnu/CMakeFiles/CMakeTmp/CheckIncludeFile.c
Linking C executable cmTC_ba6d6
/usr/bin/cmake -E cmake_link_script CMakeFiles/cmTC_ba6d6.dir/link.txt --verbose=1
/home/user/-f2fs/oe/build.OE-Generic.x86_64-9.0-devel/toolchain/bin/host-gcc -O2 -I/home/user/-f2fs/oe/build.OE-Generic.x86_64-9.0-devel/toolchain/include -fdiagnostics-color=always -Wno-format-security -fPIC -DPIC   -Wl,-rpath,/home/user/-f2fs/oe/build.OE-Generic.x86_64-9.0-devel/toolchain/lib -L/home/user/-f2fs/oe/build.OE-Generic.x86_64-9.0-devel/toolchain/lib -fPIC  -rdynamic CMakeFiles/cmTC_ba6d6.dir/CheckIncludeFile.c.o  -o cmTC_ba6d6 
gmake[1]: Leaving directory '/home/user/-f2fs/oe/build.OE-Generic.x86_64-9.0-devel/zlib-1.2.11/.x86_64-pc-linux-gnu/CMakeFiles/CMakeTmp'


Determining size of off64_t passed with the following output:
Change Dir: /home/user/-f2fs/oe/build.OE-Generic.x86_64-9.0-devel/zlib-1.2.11/.x86_64-pc-linux-gnu/CMakeFiles/CMakeTmp

Run Build Command:"/home/user/-f2fs/oe/build.OE-Generic.x86_64-9.0-devel/toolchain/bin/gmake" "cmTC_569af/fast"
/home/user/-f2fs/oe/build.OE-Generic.x86_64-9.0-devel/toolchain/bin/gmake -f CMakeFiles/cmTC_569af.dir/build.make CMakeFiles/cmTC_569af.dir/build
gmake[1]: Entering directory '/home/user/-f2fs/oe/build.OE-Generic.x86_64-9.0-devel/zlib-1.2.11/.x86_64-pc-linux-gnu/CMakeFiles/CMakeTmp'
Building C object CMakeFiles/cmTC_569af.dir/OFF64_T.c.o
/home/user/-f2fs/oe/build.OE-Generic.x86_64-9.0-devel/toolchain/bin/host-gcc -DHAVE_STDDEF_H -DHAVE_STDINT_H -DHAVE_SYS_TYPES_H -D_LARGEFILE64_SOURCE=1  -O2 -I/home/user/-f2fs/oe/build.OE-Generic.x86_64-9.0-devel/toolchain/include -fdiagnostics-color=always -Wno-format-security -fPIC -DPIC    -o CMakeFiles/cmTC_569af.dir/OFF64_T.c.o   -c /home/user/-f2fs/oe/build.OE-Generic.x86_64-9.0-devel/zlib-1.2.11/.x86_64-pc-linux-gnu/CMakeFiles/CheckTypeSize/OFF64_T.c
Linking C executable cmTC_569af
/usr/bin/cmake -E cmake_link_script CMakeFiles/cmTC_569af.dir/link.txt --verbose=1
/home/user/-f2fs/oe/build.OE-Generic.x86_64-9.0-devel/toolchain/bin/host-gcc -O2 -I/home/user/-f2fs/oe/build.OE-Generic.x86_64-9.0-devel/toolchain/include -fdiagnostics-color=always -Wno-format-security -fPIC -DPIC   -Wl,-rpath,/home/user/-f2fs/oe/build.OE-Generic.x86_64-9.0-devel/toolchain/lib -L/home/user/-f2fs/oe/build.OE-Generic.x86_64-9.0-devel/toolchain/lib -fPIC  -rdynamic CMakeFiles/cmTC_569af.dir/OFF64_T.c.o  -o cmTC_569af 
gmake[1]: Leaving directory '/home/user/-f2fs/oe/build.OE-Generic.x86_64-9.0-devel/zlib-1.2.11/.x86_64-pc-linux-gnu/CMakeFiles/CMakeTmp'


Determining if the function fseeko exists passed with the following output:
Change Dir: /home/user/-f2fs/oe/build.OE-Generic.x86_64-9.0-devel/zlib-1.2.11/.x86_64-pc-linux-gnu/CMakeFiles/CMakeTmp

Run Build Command:"/home/user/-f2fs/oe/build.OE-Generic.x86_64-9.0-devel/toolchain/bin/gmake" "cmTC_b75d3/fast"
/home/user/-f2fs/oe/build.OE-Generic.x86_64-9.0-devel/toolchain/bin/gmake -f CMakeFiles/cmTC_b75d3.dir/build.make CMakeFiles/cmTC_b75d3.dir/build
gmake[1]: Entering directory '/home/user/-f2fs/oe/build.OE-Generic.x86_64-9.0-devel/zlib-1.2.11/.x86_64-pc-linux-gnu/CMakeFiles/CMakeTmp'
Building C object CMakeFiles/cmTC_b75d3.dir/CheckFunctionExists.c.o
/home/user/-f2fs/oe/build.OE-Generic.x86_64-9.0-devel/toolchain/bin/host-gcc   -O2 -I/home/user/-f2fs/oe/build.OE-Generic.x86_64-9.0-devel/toolchain/include -fdiagnostics-color=always -Wno-format-security -fPIC -DPIC -DCHECK_FUNCTION_EXISTS=fseeko   -o CMakeFiles/cmTC_b75d3.dir/CheckFunctionExists.c.o   -c /usr/share/cmake-3.12/Modules/CheckFunctionExists.c
Linking C executable cmTC_b75d3
/usr/bin/cmake -E cmake_link_script CMakeFiles/cmTC_b75d3.dir/link.txt --verbose=1
/home/user/-f2fs/oe/build.OE-Generic.x86_64-9.0-devel/toolchain/bin/host-gcc -O2 -I/home/user/-f2fs/oe/build.OE-Generic.x86_64-9.0-devel/toolchain/include -fdiagnostics-color=always -Wno-format-security -fPIC -DPIC -DCHECK_FUNCTION_EXISTS=fseeko  -Wl,-rpath,/home/user/-f2fs/oe/build.OE-Generic.x86_64-9.0-devel/toolchain/lib -L/home/user/-f2fs/oe/build.OE-Generic.x86_64-9.0-devel/toolchain/lib -fPIC  -rdynamic CMakeFiles/cmTC_b75d3.dir/CheckFunctionExists.c.o  -o cmTC_b75d3 
gmake[1]: Leaving directory '/home/user/-f2fs/oe/build.OE-Generic.x86_64-9.0-devel/zlib-1.2.11/.x86_64-pc-linux-gnu/CMakeFiles/CMakeTmp'


Determining if the include file unistd.h exists passed with the following output:
Change Dir: /home/user/-f2fs/oe/build.OE-Generic.x86_64-9.0-devel/zlib-1.2.11/.x86_64-pc-linux-gnu/CMakeFiles/CMakeTmp

Run Build Command:"/home/user/-f2fs/oe/build.OE-Generic.x86_64-9.0-devel/toolchain/bin/gmake" "cmTC_861a7/fast"
/home/user/-f2fs/oe/build.OE-Generic.x86_64-9.0-devel/toolchain/bin/gmake -f CMakeFiles/cmTC_861a7.dir/build.make CMakeFiles/cmTC_861a7.dir/build
gmake[1]: Entering directory '/home/user/-f2fs/oe/build.OE-Generic.x86_64-9.0-devel/zlib-1.2.11/.x86_64-pc-linux-gnu/CMakeFiles/CMakeTmp'
Building C object CMakeFiles/cmTC_861a7.dir/CheckIncludeFile.c.o
/home/user/-f2fs/oe/build.OE-Generic.x86_64-9.0-devel/toolchain/bin/host-gcc   -O2 -I/home/user/-f2fs/oe/build.OE-Generic.x86_64-9.0-devel/toolchain/include -fdiagnostics-color=always -Wno-format-security -fPIC -DPIC    -o CMakeFiles/cmTC_861a7.dir/CheckIncludeFile.c.o   -c /home/user/-f2fs/oe/build.OE-Generic.x86_64-9.0-devel/zlib-1.2.11/.x86_64-pc-linux-gnu/CMakeFiles/CMakeTmp/CheckIncludeFile.c
Linking C executable cmTC_861a7
/usr/bin/cmake -E cmake_link_script CMakeFiles/cmTC_861a7.dir/link.txt --verbose=1
/home/user/-f2fs/oe/build.OE-Generic.x86_64-9.0-devel/toolchain/bin/host-gcc -O2 -I/home/user/-f2fs/oe/build.OE-Generic.x86_64-9.0-devel/toolchain/include -fdiagnostics-color=always -Wno-format-security -fPIC -DPIC   -Wl,-rpath,/home/user/-f2fs/oe/build.OE-Generic.x86_64-9.0-devel/toolchain/lib -L/home/user/-f2fs/oe/build.OE-Generic.x86_64-9.0-devel/toolchain/lib -fPIC  -rdynamic CMakeFiles/cmTC_861a7.dir/CheckIncludeFile.c.o  -o cmTC_861a7 
gmake[1]: Leaving directory '/home/user/-f2fs/oe/build.OE-Generic.x86_64-9.0-devel/zlib-1.2.11/.x86_64-pc-linux-gnu/CMakeFiles/CMakeTmp'


